05/11/18 06:53:37 Call: GetAllInstrumentList(Category: 10)
05/11/18 06:53:37 Call: GetAllInstrumentList(Category: 11)
05/11/18 06:53:37 Call: GetAllInstrumentList(Category: 12)
05/11/18 06:53:37 Call: GetAllInstrumentList(Category: 13)
05/11/18 06:53:37 Call: GetAllInstrumentList(Category: 14)
05/11/18 06:53:37 Call: GetAllInstrumentList(Category: 15)
05/11/18 06:53:38 Call: GetAllInstrumentList(Category: 7)
05/11/18 06:53:38 HCT/esquire series	MS1	MS	LAN
05/11/18 06:53:38 Call: GetPluginSettings: Dionex System	SYSTEM1	PUMP	PLUGIN
05/11/18 07:09:47 GetLCColumnPort: 
05/11/18 07:09:47 Call: GetAllInstrumentList(Category: 0)
05/11/18 07:09:47 Dionex System	SYSTEM1	PUMP	PLUGIN
05/11/18 07:09:47 Call: GetAllInstrumentList(Category: 1)
05/11/18 07:09:47 Dionex System	SYSTEM1	ALS	PLUGIN
05/11/18 07:09:47 Call: GetAllInstrumentList(Category: 2)
05/11/18 07:09:47 Call: GetAllInstrumentList(Category: 3)
05/11/18 07:09:47 Dionex System	SYSTEM1	DET	PLUGIN
05/11/18 07:09:47 Call: GetAllInstrumentList(Category: 4)
05/11/18 07:09:47 Dionex System	SYSTEM1	SYS	PLUGIN
05/11/18 07:09:47 Call: GetAllInstrumentList(Category: 5)
05/11/18 07:09:47 Call: GetAllInstrumentList(Category: 6)
05/11/18 07:09:47 Call: GetAllInstrumentList(Category: 7)
05/11/18 07:09:47 HCT/esquire series	MS1	MS	LAN
05/11/18 07:09:47 Call: GetAllInstrumentList(Category: 8)
05/11/18 07:09:47 Call: GetAllInstrumentList(Category: 9)
05/11/18 07:09:47 Call: GetAllInstrumentList(Category: 10)
05/11/18 07:09:47 Call: GetAllInstrumentList(Category: 11)
05/11/18 07:09:47 Call: GetAllInstrumentList(Category: 12)
05/11/18 07:09:47 Call: GetAllInstrumentList(Category: 13)
05/11/18 07:09:47 Call: GetAllInstrumentList(Category: 14)
05/11/18 07:09:47 Call: GetAllInstrumentList(Category: 15)
05/11/18 07:09:47 GetLCColumnPort: 
05/11/18 07:09:47 Call: GetAllInstrumentList(Category: 0)
05/11/18 07:09:47 Dionex System	SYSTEM1	PUMP	PLUGIN
05/11/18 07:09:47 Call: GetAllInstrumentList(Category: 1)
05/11/18 07:09:47 Dionex System	SYSTEM1	ALS	PLUGIN
05/11/18 07:09:47 Call: GetAllInstrumentList(Category: 2)
05/11/18 07:09:47 Call: GetAllInstrumentList(Category: 3)
05/11/18 07:09:47 Dionex System	SYSTEM1	DET	PLUGIN
05/11/18 07:09:47 Call: GetAllInstrumentList(Category: 4)
05/11/18 07:09:47 Dionex System	SYSTEM1	SYS	PLUGIN
05/11/18 07:09:47 Call: GetAllInstrumentList(Category: 5)
05/11/18 07:09:47 Call: GetAllInstrumentList(Category: 6)
05/11/18 07:09:47 Call: GetAllInstrumentList(Category: 7)
05/11/18 07:09:47 HCT/esquire series	MS1	MS	LAN
05/11/18 07:09:47 Call: GetAllInstrumentList(Category: 8)
05/11/18 07:09:47 Call: GetAllInstrumentList(Category: 9)
05/11/18 07:09:47 Call: GetAllInstrumentList(Category: 10)
05/11/18 07:09:47 Call: GetAllInstrumentList(Category: 11)
05/11/18 07:09:47 Call: GetAllInstrumentList(Category: 12)
05/11/18 07:09:47 Call: GetAllInstrumentList(Category: 13)
05/11/18 07:09:47 Call: GetAllInstrumentList(Category: 14)
05/11/18 07:09:47 Call: GetAllInstrumentList(Category: 15)
05/11/18 07:09:48 Call: GetAllInstrumentList(Category: 7)
05/11/18 07:09:48 HCT/esquire series	MS1	MS	LAN
05/11/18 07:09:48 Call: GetPluginSettings: Dionex System	SYSTEM1	PUMP	PLUGIN
05/11/18 07:25:57 GetLCColumnPort: 
05/11/18 07:25:57 Call: GetAllInstrumentList(Category: 0)
05/11/18 07:25:57 Dionex System	SYSTEM1	PUMP	PLUGIN
05/11/18 07:25:57 Call: GetAllInstrumentList(Category: 1)
05/11/18 07:25:57 Dionex System	SYSTEM1	ALS	PLUGIN
05/11/18 07:25:57 Call: GetAllInstrumentList(Category: 2)
05/11/18 07:25:57 Call: GetAllInstrumentList(Category: 3)
05/11/18 07:25:57 Dionex System	SYSTEM1	DET	PLUGIN
05/11/18 07:25:57 Call: GetAllInstrumentList(Category: 4)
05/11/18 07:25:57 Dionex System	SYSTEM1	SYS	PLUGIN
05/11/18 07:25:57 Call: GetAllInstrumentList(Category: 5)
05/11/18 07:25:57 Call: GetAllInstrumentList(Category: 6)
05/11/18 07:25:57 Call: GetAllInstrumentList(Category: 7)
05/11/18 07:25:57 HCT/esquire series	MS1	MS	LAN
05/11/18 07:25:57 Call: GetAllInstrumentList(Category: 8)
05/11/18 07:25:57 Call: GetAllInstrumentList(Category: 9)
05/11/18 07:25:57 Call: GetAllInstrumentList(Category: 10)
05/11/18 07:25:57 Call: GetAllInstrumentList(Category: 11)
05/11/18 07:25:57 Call: GetAllInstrumentList(Category: 12)
05/11/18 07:25:57 Call: GetAllInstrumentList(Category: 13)
05/11/18 07:25:57 Call: GetAllInstrumentList(Category: 14)
05/11/18 07:25:57 Call: GetAllInstrumentList(Category: 15)
05/11/18 07:25:57 GetLCColumnPort: 
05/11/18 07:25:57 Call: GetAllInstrumentList(Category: 0)
05/11/18 07:25:57 Dionex System	SYSTEM1	PUMP	PLUGIN
05/11/18 07:25:57 Call: GetAllInstrumentList(Category: 1)
05/11/18 07:25:57 Dionex System	SYSTEM1	ALS	PLUGIN
05/11/18 07:25:57 Call: GetAllInstrumentList(Category: 2)
05/11/18 07:25:57 Call: GetAllInstrumentList(Category: 3)
05/11/18 07:25:57 Dionex System	SYSTEM1	DET	PLUGIN
05/11/18 07:25:57 Call: GetAllInstrumentList(Category: 4)
05/11/18 07:25:57 Dionex System	SYSTEM1	SYS	PLUGIN
05/11/18 07:25:57 Call: GetAllInstrumentList(Category: 5)
05/11/18 07:25:57 Call: GetAllInstrumentList(Category: 6)
05/11/18 07:25:57 Call: GetAllInstrumentList(Category: 7)
05/11/18 07:25:57 HCT/esquire series	MS1	MS	LAN
05/11/18 07:25:57 Call: GetAllInstrumentList(Category: 8)
05/11/18 07:25:57 Call: GetAllInstrumentList(Category: 9)
05/11/18 07:25:57 Call: GetAllInstrumentList(Category: 10)
05/11/18 07:25:57 Call: GetAllInstrumentList(Category: 11)
05/11/18 07:25:57 Call: GetAllInstrumentList(Category: 12)
05/11/18 07:25:57 Call: GetAllInstrumentList(Category: 13)
05/11/18 07:25:57 Call: GetAllInstrumentList(Category: 14)
05/11/18 07:25:57 Call: GetAllInstrumentList(Category: 15)
05/11/18 07:25:58 Call: GetAllInstrumentList(Category: 7)
05/11/18 07:25:58 HCT/esquire series	MS1	MS	LAN
05/11/18 07:25:58 Call: GetPluginSettings: Dionex System	SYSTEM1	PUMP	PLUGIN
05/11/18 07:42:08 GetLCColumnPort: 
05/11/18 07:42:08 Call: GetAllInstrumentList(Category: 0)
05/11/18 07:42:08 Dionex System	SYSTEM1	PUMP	PLUGIN
05/11/18 07:42:08 Call: GetAllInstrumentList(Category: 1)
05/11/18 07:42:08 Dionex System	SYSTEM1	ALS	PLUGIN
05/11/18 07:42:08 Call: GetAllInstrumentList(Category: 2)
05/11/18 07:42:08 Call: GetAllInstrumentList(Category: 3)
05/11/18 07:42:08 Dionex System	SYSTEM1	DET	PLUGIN
05/11/18 07:42:08 Call: GetAllInstrumentList(Category: 4)
05/11/18 07:42:08 Dionex System	SYSTEM1	SYS	PLUGIN
05/11/18 07:42:08 Call: GetAllInstrumentList(Category: 5)
05/11/18 07:42:08 Call: GetAllInstrumentList(Category: 6)
05/11/18 07:42:08 Call: GetAllInstrumentList(Category: 7)
05/11/18 07:42:08 HCT/esquire series	MS1	MS	LAN
05/11/18 07:42:08 Call: GetAllInstrumentList(Category: 8)
05/11/18 07:42:08 Call: GetAllInstrumentList(Category: 9)
05/11/18 07:42:08 Call: GetAllInstrumentList(Category: 10)
05/11/18 07:42:08 Call: GetAllInstrumentList(Category: 11)
05/11/18 07:42:08 Call: GetAllInstrumentList(Category: 12)
05/11/18 07:42:08 Call: GetAllInstrumentList(Category: 13)
05/11/18 07:42:08 Call: GetAllInstrumentList(Category: 14)
05/11/18 07:42:08 Call: GetAllInstrumentList(Category: 15)
05/11/18 07:42:08 GetLCColumnPort: 
05/11/18 07:42:08 Call: GetAllInstrumentList(Category: 0)
05/11/18 07:42:08 Dionex System	SYSTEM1	PUMP	PLUGIN
05/11/18 07:42:08 Call: GetAllInstrumentList(Category: 1)
05/11/18 07:42:08 Dionex System	SYSTEM1	ALS	PLUGIN
05/11/18 07:42:08 Call: GetAllInstrumentList(Category: 2)
05/11/18 07:42:08 Call: GetAllInstrumentList(Category: 3)
05/11/18 07:42:08 Dionex System	SYSTEM1	DET	PLUGIN
05/11/18 07:42:08 Call: GetAllInstrumentList(Category: 4)
05/11/18 07:42:08 Dionex System	SYSTEM1	SYS	PLUGIN
05/11/18 07:42:08 Call: GetAllInstrumentList(Category: 5)
05/11/18 07:42:08 Call: GetAllInstrumentList(Category: 6)
05/11/18 07:42:08 Call: GetAllInstrumentList(Category: 7)
05/11/18 07:42:08 HCT/esquire series	MS1	MS	LAN
05/11/18 07:42:08 Call: GetAllInstrumentList(Category: 8)
05/11/18 07:42:08 Call: GetAllInstrumentList(Category: 9)
05/11/18 07:42:08 Call: GetAllInstrumentList(Category: 10)
05/11/18 07:42:08 Call: GetAllInstrumentList(Category: 11)
05/11/18 07:42:08 Call: GetAllInstrumentList(Category: 12)
05/11/18 07:42:08 Call: GetAllInstrumentList(Category: 13)
05/11/18 07:42:08 Call: GetAllInstrumentList(Category: 14)
05/11/18 07:42:08 Call: GetAllInstrumentList(Category: 15)
05/11/18 07:42:09 Call: GetAllInstrumentList(Category: 7)
05/11/18 07:42:09 HCT/esquire series	MS1	MS	LAN
05/11/18 07:42:09 Call: GetPluginSettings: Dionex System	SYSTEM1	PUMP	PLUGIN
05/11/18 07:58:17 GetLCColumnPort: 
05/11/18 07:58:17 Call: GetAllInstrumentList(Category: 0)
05/11/18 07:58:17 Dionex System	SYSTEM1	PUMP	PLUGIN
05/11/18 07:58:17 Call: GetAllInstrumentList(Category: 1)
05/11/18 07:58:17 Dionex System	SYSTEM1	ALS	PLUGIN
05/11/18 07:58:17 Call: GetAllInstrumentList(Category: 2)
05/11/18 07:58:17 Call: GetAllInstrumentList(Category: 3)
05/11/18 07:58:17 Dionex System	SYSTEM1	DET	PLUGIN
05/11/18 07:58:17 Call: GetAllInstrumentList(Category: 4)
05/11/18 07:58:17 Dionex System	SYSTEM1	SYS	PLUGIN
05/11/18 07:58:17 Call: GetAllInstrumentList(Category: 5)
05/11/18 07:58:17 Call: GetAllInstrumentList(Category: 6)
05/11/18 07:58:17 Call: GetAllInstrumentList(Category: 7)
05/11/18 07:58:17 HCT/esquire series	MS1	MS	LAN
05/11/18 07:58:17 Call: GetAllInstrumentList(Category: 8)
05/11/18 07:58:17 Call: GetAllInstrumentList(Category: 9)
05/11/18 07:58:17 Call: GetAllInstrumentList(Category: 10)
05/11/18 07:58:17 Call: GetAllInstrumentList(Category: 11)
05/11/18 07:58:17 Call: GetAllInstrumentList(Category: 12)
05/11/18 07:58:17 Call: GetAllInstrumentList(Category: 13)
05/11/18 07:58:17 Call: GetAllInstrumentList(Category: 14)
05/11/18 07:58:17 Call: GetAllInstrumentList(Category: 15)
05/11/18 07:58:17 GetLCColumnPort: 
05/11/18 07:58:17 Call: GetAllInstrumentList(Category: 0)
05/11/18 07:58:17 Dionex System	SYSTEM1	PUMP	PLUGIN
05/11/18 07:58:17 Call: GetAllInstrumentList(Category: 1)
05/11/18 07:58:17 Dionex System	SYSTEM1	ALS	PLUGIN
05/11/18 07:58:17 Call: GetAllInstrumentList(Category: 2)
05/11/18 07:58:17 Call: GetAllInstrumentList(Category: 3)
05/11/18 07:58:17 Dionex System	SYSTEM1	DET	PLUGIN
05/11/18 07:58:17 Call: GetAllInstrumentList(Category: 4)
05/11/18 07:58:17 Dionex System	SYSTEM1	SYS	PLUGIN
05/11/18 07:58:17 Call: GetAllInstrumentList(Category: 5)
05/11/18 07:58:17 Call: GetAllInstrumentList(Category: 6)
05/11/18 07:58:17 Call: GetAllInstrumentList(Category: 7)
05/11/18 07:58:17 HCT/esquire series	MS1	MS	LAN
05/11/18 07:58:17 Call: GetAllInstrumentList(Category: 8)
05/11/18 07:58:17 Call: GetAllInstrumentList(Category: 9)
05/11/18 07:58:17 Call: GetAllInstrumentList(Category: 10)
05/11/18 07:58:17 Call: GetAllInstrumentList(Category: 11)
05/11/18 07:58:17 Call: GetAllInstrumentList(Category: 12)
05/11/18 07:58:17 Call: GetAllInstrumentList(Category: 13)
05/11/18 07:58:17 Call: GetAllInstrumentList(Category: 14)
05/11/18 07:58:17 Call: GetAllInstrumentList(Category: 15)
05/11/18 07:58:18 Call: GetAllInstrumentList(Category: 7)
05/11/18 07:58:18 HCT/esquire series	MS1	MS	LAN
05/11/18 07:58:18 Call: GetPluginSettings: Dionex System	SYSTEM1	PUMP	PLUGIN
05/11/18 08:14:27 GetLCColumnPort: 
05/11/18 08:14:27 Call: GetAllInstrumentList(Category: 0)
05/11/18 08:14:27 Dionex System	SYSTEM1	PUMP	PLUGIN
05/11/18 08:14:27 Call: GetAllInstrumentList(Category: 1)
05/11/18 08:14:27 Dionex System	SYSTEM1	ALS	PLUGIN
05/11/18 08:14:27 Call: GetAllInstrumentList(Category: 2)
05/11/18 08:14:27 Call: GetAllInstrumentList(Category: 3)
05/11/18 08:14:27 Dionex System	SYSTEM1	DET	PLUGIN
05/11/18 08:14:27 Call: GetAllInstrumentList(Category: 4)
05/11/18 08:14:27 Dionex System	SYSTEM1	SYS	PLUGIN
05/11/18 08:14:27 Call: GetAllInstrumentList(Category: 5)
05/11/18 08:14:27 Call: GetAllInstrumentList(Category: 6)
05/11/18 08:14:27 Call: GetAllInstrumentList(Category: 7)
05/11/18 08:14:27 HCT/esquire series	MS1	MS	LAN
05/11/18 08:14:27 Call: GetAllInstrumentList(Category: 8)
05/11/18 08:14:27 Call: GetAllInstrumentList(Category: 9)
05/11/18 08:14:27 Call: GetAllInstrumentList(Category: 10)
05/11/18 08:14:27 Call: GetAllInstrumentList(Category: 11)
05/11/18 08:14:27 Call: GetAllInstrumentList(Category: 12)
05/11/18 08:14:27 Call: GetAllInstrumentList(Category: 13)
05/11/18 08:14:27 Call: GetAllInstrumentList(Category: 14)
05/11/18 08:14:27 Call: GetAllInstrumentList(Category: 15)
05/11/18 08:14:27 GetLCColumnPort: 
05/11/18 08:14:27 Call: GetAllInstrumentList(Category: 0)
05/11/18 08:14:27 Dionex System	SYSTEM1	PUMP	PLUGIN
05/11/18 08:14:27 Call: GetAllInstrumentList(Category: 1)
05/11/18 08:14:27 Dionex System	SYSTEM1	ALS	PLUGIN
05/11/18 08:14:27 Call: GetAllInstrumentList(Category: 2)
05/11/18 08:14:27 Call: GetAllInstrumentList(Category: 3)
05/11/18 08:14:27 Dionex System	SYSTEM1	DET	PLUGIN
05/11/18 08:14:27 Call: GetAllInstrumentList(Category: 4)
05/11/18 08:14:27 Dionex System	SYSTEM1	SYS	PLUGIN
05/11/18 08:14:27 Call: GetAllInstrumentList(Category: 5)
05/11/18 08:14:27 Call: GetAllInstrumentList(Category: 6)
05/11/18 08:14:27 Call: GetAllInstrumentList(Category: 7)
05/11/18 08:14:27 HCT/esquire series	MS1	MS	LAN
05/11/18 08:14:27 Call: GetAllInstrumentList(Category: 8)
05/11/18 08:14:27 Call: GetAllInstrumentList(Category: 9)
05/11/18 08:14:27 Call: GetAllInstrumentList(Category: 10)
05/11/18 08:14:27 Call: GetAllInstrumentList(Category: 11)
05/11/18 08:14:27 Call: GetAllInstrumentList(Category: 12)
05/11/18 08:14:27 Call: GetAllInstrumentList(Category: 13)
05/11/18 08:14:27 Call: GetAllInstrumentList(Category: 14)
05/11/18 08:14:27 Call: GetAllInstrumentList(Category: 15)
05/11/18 08:14:29 Call: GetAllInstrumentList(Category: 7)
05/11/18 08:14:29 HCT/esquire series	MS1	MS	LAN
05/11/18 08:14:29 Call: GetPluginSettings: Dionex System	SYSTEM1	PUMP	PLUGIN
05/11/18 08:30:37 GetLCColumnPort: 
05/11/18 08:30:37 Call: GetAllInstrumentList(Category: 0)
05/11/18 08:30:37 Dionex System	SYSTEM1	PUMP	PLUGIN
05/11/18 08:30:37 Call: GetAllInstrumentList(Category: 1)
05/11/18 08:30:37 Dionex System	SYSTEM1	ALS	PLUGIN
05/11/18 08:30:37 Call: GetAllInstrumentList(Category: 2)
05/11/18 08:30:37 Call: GetAllInstrumentList(Category: 3)
05/11/18 08:30:37 Dionex System	SYSTEM1	DET	PLUGIN
05/11/18 08:30:37 Call: GetAllInstrumentList(Category: 4)
05/11/18 08:30:37 Dionex System	SYSTEM1	SYS	PLUGIN
05/11/18 08:30:37 Call: GetAllInstrumentList(Category: 5)
05/11/18 08:30:37 Call: GetAllInstrumentList(Category: 6)
05/11/18 08:30:37 Call: GetAllInstrumentList(Category: 7)
05/11/18 08:30:37 HCT/esquire series	MS1	MS	LAN
05/11/18 08:30:37 Call: GetAllInstrumentList(Category: 8)
05/11/18 08:30:37 Call: GetAllInstrumentList(Category: 9)
05/11/18 08:30:37 Call: GetAllInstrumentList(Category: 10)
05/11/18 08:30:37 Call: GetAllInstrumentList(Category: 11)
05/11/18 08:30:37 Call: GetAllInstrumentList(Category: 12)
05/11/18 08:30:37 Call: GetAllInstrumentList(Category: 13)
05/11/18 08:30:37 Call: GetAllInstrumentList(Category: 14)
05/11/18 08:30:37 Call: GetAllInstrumentList(Category: 15)
05/11/18 08:30:37 GetLCColumnPort: 
05/11/18 08:30:37 Call: GetAllInstrumentList(Category: 0)
05/11/18 08:30:37 Dionex System	SYSTEM1	PUMP	PLUGIN
05/11/18 08:30:37 Call: GetAllInstrumentList(Category: 1)
05/11/18 08:30:37 Dionex System	SYSTEM1	ALS	PLUGIN
05/11/18 08:30:37 Call: GetAllInstrumentList(Category: 2)
05/11/18 08:30:37 Call: GetAllInstrumentList(Category: 3)
05/11/18 08:30:37 Dionex System	SYSTEM1	DET	PLUGIN
05/11/18 08:30:37 Call: GetAllInstrumentList(Category: 4)
05/11/18 08:30:37 Dionex System	SYSTEM1	SYS	PLUGIN
05/11/18 08:30:37 Call: GetAllInstrumentList(Category: 5)
05/11/18 08:30:37 Call: GetAllInstrumentList(Category: 6)
05/11/18 08:30:37 Call: GetAllInstrumentList(Category: 7)
05/11/18 08:30:37 HCT/esquire series	MS1	MS	LAN
05/11/18 08:30:37 Call: GetAllInstrumentList(Category: 8)
05/11/18 08:30:37 Call: GetAllInstrumentList(Category: 9)
05/11/18 08:30:37 Call: GetAllInstrumentList(Category: 10)
05/11/18 08:30:37 Call: GetAllInstrumentList(Category: 11)
05/11/18 08:30:37 Call: GetAllInstrumentList(Category: 12)
05/11/18 08:30:37 Call: GetAllInstrumentList(Category: 13)
05/11/18 08:30:37 Call: GetAllInstrumentList(Category: 14)
05/11/18 08:30:37 Call: GetAllInstrumentList(Category: 15)
05/11/18 08:30:38 Call: GetAllInstrumentList(Category: 7)
05/11/18 08:30:38 HCT/esquire series	MS1	MS	LAN
05/11/18 08:30:38 Call: GetPluginSettings: Dionex System	SYSTEM1	PUMP	PLUGIN
05/11/18 08:46:47 GetLCColumnPort: 
05/11/18 08:46:47 Call: GetAllInstrumentList(Category: 0)
05/11/18 08:46:47 Dionex System	SYSTEM1	PUMP	PLUGIN
05/11/18 08:46:47 Call: GetAllInstrumentList(Category: 1)
05/11/18 08:46:47 Dionex System	SYSTEM1	ALS	PLUGIN
05/11/18 08:46:47 Call: GetAllInstrumentList(Category: 2)
05/11/18 08:46:47 Call: GetAllInstrumentList(Category: 3)
05/11/18 08:46:47 Dionex System	SYSTEM1	DET	PLUGIN
05/11/18 08:46:47 Call: GetAllInstrumentList(Category: 4)
05/11/18 08:46:47 Dionex System	SYSTEM1	SYS	PLUGIN
05/11/18 08:46:47 Call: GetAllInstrumentList(Category: 5)
05/11/18 08:46:47 Call: GetAllInstrumentList(Category: 6)
05/11/18 08:46:47 Call: GetAllInstrumentList(Category: 7)
05/11/18 08:46:47 HCT/esquire series	MS1	MS	LAN
05/11/18 08:46:47 Call: GetAllInstrumentList(Category: 8)
05/11/18 08:46:47 Call: GetAllInstrumentList(Category: 9)
05/11/18 08:46:47 Call: GetAllInstrumentList(Category: 10)
05/11/18 08:46:47 Call: GetAllInstrumentList(Category: 11)
05/11/18 08:46:47 Call: GetAllInstrumentList(Category: 12)
05/11/18 08:46:47 Call: GetAllInstrumentList(Category: 13)
05/11/18 08:46:47 Call: GetAllInstrumentList(Category: 14)
05/11/18 08:46:47 Call: GetAllInstrumentList(Category: 15)
05/11/18 08:46:47 GetLCColumnPort: 
05/11/18 08:46:47 Call: GetAllInstrumentList(Category: 0)
05/11/18 08:46:47 Dionex System	SYSTEM1	PUMP	PLUGIN
05/11/18 08:46:47 Call: GetAllInstrumentList(Category: 1)
05/11/18 08:46:47 Dionex System	SYSTEM1	ALS	PLUGIN
05/11/18 08:46:47 Call: GetAllInstrumentList(Category: 2)
05/11/18 08:46:47 Call: GetAllInstrumentList(Category: 3)
05/11/18 08:46:47 Dionex System	SYSTEM1	DET	PLUGIN
05/11/18 08:46:47 Call: GetAllInstrumentList(Category: 4)
05/11/18 08:46:47 Dionex System	SYSTEM1	SYS	PLUGIN
05/11/18 08:46:47 Call: GetAllInstrumentList(Category: 5)
05/11/18 08:46:47 Call: GetAllInstrumentList(Category: 6)
05/11/18 08:46:47 Call: GetAllInstrumentList(Category: 7)
05/11/18 08:46:47 HCT/esquire series	MS1	MS	LAN
05/11/18 08:46:47 Call: GetAllInstrumentList(Category: 8)
05/11/18 08:46:47 Call: GetAllInstrumentList(Category: 9)
05/11/18 08:46:47 Call: GetAllInstrumentList(Category: 10)
05/11/18 08:46:47 Call: GetAllInstrumentList(Category: 11)
05/11/18 08:46:47 Call: GetAllInstrumentList(Category: 12)
05/11/18 08:46:47 Call: GetAllInstrumentList(Category: 13)
05/11/18 08:46:47 Call: GetAllInstrumentList(Category: 14)
05/11/18 08:46:47 Call: GetAllInstrumentList(Category: 15)
05/11/18 08:46:48 Call: GetAllInstrumentList(Category: 7)
05/11/18 08:46:48 HCT/esquire series	MS1	MS	LAN
05/11/18 08:46:48 Call: GetPluginSettings: Dionex System	SYSTEM1	PUMP	PLUGIN
05/11/18 09:02:57 GetLCColumnPort: 
05/11/18 09:02:57 Call: GetAllInstrumentList(Category: 0)
05/11/18 09:02:57 Dionex System	SYSTEM1	PUMP	PLUGIN
05/11/18 09:02:57 Call: GetAllInstrumentList(Category: 1)
05/11/18 09:02:57 Dionex System	SYSTEM1	ALS	PLUGIN
05/11/18 09:02:57 Call: GetAllInstrumentList(Category: 2)
05/11/18 09:02:57 Call: GetAllInstrumentList(Category: 3)
05/11/18 09:02:57 Dionex System	SYSTEM1	DET	PLUGIN
05/11/18 09:02:57 Call: GetAllInstrumentList(Category: 4)
05/11/18 09:02:57 Dionex System	SYSTEM1	SYS	PLUGIN
05/11/18 09:02:57 Call: GetAllInstrumentList(Category: 5)
05/11/18 09:02:57 Call: GetAllInstrumentList(Category: 6)
05/11/18 09:02:57 Call: GetAllInstrumentList(Category: 7)
05/11/18 09:02:57 HCT/esquire series	MS1	MS	LAN
05/11/18 09:02:57 Call: GetAllInstrumentList(Category: 8)
05/11/18 09:02:57 Call: GetAllInstrumentList(Category: 9)
05/11/18 09:02:57 Call: GetAllInstrumentList(Category: 10)
05/11/18 09:02:57 Call: GetAllInstrumentList(Category: 11)
05/11/18 09:02:57 Call: GetAllInstrumentList(Category: 12)
05/11/18 09:02:57 Call: GetAllInstrumentList(Category: 13)
05/11/18 09:02:57 Call: GetAllInstrumentList(Category: 14)
05/11/18 09:02:57 Call: GetAllInstrumentList(Category: 15)
05/11/18 09:02:57 GetLCColumnPort: 
05/11/18 09:02:57 Call: GetAllInstrumentList(Category: 0)
05/11/18 09:02:57 Dionex System	SYSTEM1	PUMP	PLUGIN
05/11/18 09:02:57 Call: GetAllInstrumentList(Category: 1)
05/11/18 09:02:57 Dionex System	SYSTEM1	ALS	PLUGIN
05/11/18 09:02:57 Call: GetAllInstrumentList(Category: 2)
05/11/18 09:02:57 Call: GetAllInstrumentList(Category: 3)
05/11/18 09:02:57 Dionex System	SYSTEM1	DET	PLUGIN
05/11/18 09:02:57 Call: GetAllInstrumentList(Category: 4)
05/11/18 09:02:57 Dionex System	SYSTEM1	SYS	PLUGIN
05/11/18 09:02:57 Call: GetAllInstrumentList(Category: 5)
05/11/18 09:02:57 Call: GetAllInstrumentList(Category: 6)
05/11/18 09:02:57 Call: GetAllInstrumentList(Category: 7)
05/11/18 09:02:57 HCT/esquire series	MS1	MS	LAN
05/11/18 09:02:57 Call: GetAllInstrumentList(Category: 8)
05/11/18 09:02:57 Call: GetAllInstrumentList(Category: 9)
05/11/18 09:02:57 Call: GetAllInstrumentList(Category: 10)
05/11/18 09:02:57 Call: GetAllInstrumentList(Category: 11)
05/11/18 09:02:57 Call: GetAllInstrumentList(Category: 12)
05/11/18 09:02:57 Call: GetAllInstrumentList(Category: 13)
05/11/18 09:02:57 Call: GetAllInstrumentList(Category: 14)
05/11/18 09:02:57 Call: GetAllInstrumentList(Category: 15)
05/11/18 09:02:58 Call: GetAllInstrumentList(Category: 7)
05/11/18 09:02:58 HCT/esquire series	MS1	MS	LAN
05/11/18 09:02:58 Call: GetPluginSettings: Dionex System	SYSTEM1	PUMP	PLUGIN
05/11/18 09:19:06 GetLCColumnPort: 
05/11/18 09:19:06 Call: GetAllInstrumentList(Category: 0)
05/11/18 09:19:06 Dionex System	SYSTEM1	PUMP	PLUGIN
05/11/18 09:19:06 Call: GetAllInstrumentList(Category: 1)
05/11/18 09:19:06 Dionex System	SYSTEM1	ALS	PLUGIN
05/11/18 09:19:06 Call: GetAllInstrumentList(Category: 2)
05/11/18 09:19:06 Call: GetAllInstrumentList(Category: 3)
05/11/18 09:19:06 Dionex System	SYSTEM1	DET	PLUGIN
05/11/18 09:19:06 Call: GetAllInstrumentList(Category: 4)
05/11/18 09:19:06 Dionex System	SYSTEM1	SYS	PLUGIN
05/11/18 09:19:06 Call: GetAllInstrumentList(Category: 5)
05/11/18 09:19:06 Call: GetAllInstrumentList(Category: 6)
05/11/18 09:19:06 Call: GetAllInstrumentList(Category: 7)
05/11/18 09:19:06 HCT/esquire series	MS1	MS	LAN
05/11/18 09:19:06 Call: GetAllInstrumentList(Category: 8)
05/11/18 09:19:06 Call: GetAllInstrumentList(Category: 9)
05/11/18 09:19:06 Call: GetAllInstrumentList(Category: 10)
05/11/18 09:19:06 Call: GetAllInstrumentList(Category: 11)
05/11/18 09:19:06 Call: GetAllInstrumentList(Category: 12)
05/11/18 09:19:06 Call: GetAllInstrumentList(Category: 13)
05/11/18 09:19:06 Call: GetAllInstrumentList(Category: 14)
05/11/18 09:19:06 Call: GetAllInstrumentList(Category: 15)
05/11/18 09:19:06 GetLCColumnPort: 
05/11/18 09:19:06 Call: GetAllInstrumentList(Category: 0)
05/11/18 09:19:06 Dionex System	SYSTEM1	PUMP	PLUGIN
05/11/18 09:19:06 Call: GetAllInstrumentList(Category: 1)
05/11/18 09:19:06 Dionex System	SYSTEM1	ALS	PLUGIN
05/11/18 09:19:06 Call: GetAllInstrumentList(Category: 2)
05/11/18 09:19:06 Call: GetAllInstrumentList(Category: 3)
05/11/18 09:19:06 Dionex System	SYSTEM1	DET	PLUGIN
05/11/18 09:19:06 Call: GetAllInstrumentList(Category: 4)
05/11/18 09:19:06 Dionex System	SYSTEM1	SYS	PLUGIN
05/11/18 09:19:06 Call: GetAllInstrumentList(Category: 5)
05/11/18 09:19:06 Call: GetAllInstrumentList(Category: 6)
05/11/18 09:19:06 Call: GetAllInstrumentList(Category: 7)
05/11/18 09:19:06 HCT/esquire series	MS1	MS	LAN
05/11/18 09:19:06 Call: GetAllInstrumentList(Category: 8)
05/11/18 09:19:06 Call: GetAllInstrumentList(Category: 9)
05/11/18 09:19:06 Call: GetAllInstrumentList(Category: 10)
05/11/18 09:19:06 Call: GetAllInstrumentList(Category: 11)
05/11/18 09:19:06 Call: GetAllInstrumentList(Category: 12)
05/11/18 09:19:06 Call: GetAllInstrumentList(Category: 13)
05/11/18 09:19:06 Call: GetAllInstrumentList(Category: 14)
05/11/18 09:19:06 Call: GetAllInstrumentList(Category: 15)
05/11/18 09:19:07 Call: GetAllInstrumentList(Category: 7)
05/11/18 09:19:07 HCT/esquire series	MS1	MS	LAN
05/11/18 09:19:07 Call: GetPluginSettings: Dionex System	SYSTEM1	PUMP	PLUGIN
05/11/18 09:35:16 GetLCColumnPort: 
05/11/18 09:35:16 Call: GetAllInstrumentList(Category: 0)
05/11/18 09:35:16 Dionex System	SYSTEM1	PUMP	PLUGIN
05/11/18 09:35:16 Call: GetAllInstrumentList(Category: 1)
05/11/18 09:35:16 Dionex System	SYSTEM1	ALS	PLUGIN
05/11/18 09:35:16 Call: GetAllInstrumentList(Category: 2)
05/11/18 09:35:16 Call: GetAllInstrumentList(Category: 3)
05/11/18 09:35:16 Dionex System	SYSTEM1	DET	PLUGIN
05/11/18 09:35:16 Call: GetAllInstrumentList(Category: 4)
05/11/18 09:35:16 Dionex System	SYSTEM1	SYS	PLUGIN
05/11/18 09:35:16 Call: GetAllInstrumentList(Category: 5)
05/11/18 09:35:16 Call: GetAllInstrumentList(Category: 6)
05/11/18 09:35:16 Call: GetAllInstrumentList(Category: 7)
05/11/18 09:35:16 HCT/esquire series	MS1	MS	LAN
05/11/18 09:35:16 Call: GetAllInstrumentList(Category: 8)
05/11/18 09:35:16 Call: GetAllInstrumentList(Category: 9)
05/11/18 09:35:16 Call: GetAllInstrumentList(Category: 10)
05/11/18 09:35:16 Call: GetAllInstrumentList(Category: 11)
05/11/18 09:35:16 Call: GetAllInstrumentList(Category: 12)
05/11/18 09:35:16 Call: GetAllInstrumentList(Category: 13)
05/11/18 09:35:16 Call: GetAllInstrumentList(Category: 14)
05/11/18 09:35:16 Call: GetAllInstrumentList(Category: 15)
05/11/18 09:35:16 GetLCColumnPort: 
05/11/18 09:35:16 Call: GetAllInstrumentList(Category: 0)
05/11/18 09:35:16 Dionex System	SYSTEM1	PUMP	PLUGIN
05/11/18 09:35:16 Call: GetAllInstrumentList(Category: 1)
05/11/18 09:35:16 Dionex System	SYSTEM1	ALS	PLUGIN
05/11/18 09:35:16 Call: GetAllInstrumentList(Category: 2)
05/11/18 09:35:16 Call: GetAllInstrumentList(Category: 3)
05/11/18 09:35:16 Dionex System	SYSTEM1	DET	PLUGIN
05/11/18 09:35:16 Call: GetAllInstrumentList(Category: 4)
05/11/18 09:35:16 Dionex System	SYSTEM1	SYS	PLUGIN
05/11/18 09:35:16 Call: GetAllInstrumentList(Category: 5)
05/11/18 09:35:16 Call: GetAllInstrumentList(Category: 6)
05/11/18 09:35:16 Call: GetAllInstrumentList(Category: 7)
05/11/18 09:35:16 HCT/esquire series	MS1	MS	LAN
05/11/18 09:35:16 Call: GetAllInstrumentList(Category: 8)
05/11/18 09:35:16 Call: GetAllInstrumentList(Category: 9)
05/11/18 09:35:16 Call: GetAllInstrumentList(Category: 10)
05/11/18 09:35:16 Call: GetAllInstrumentList(Category: 11)
05/11/18 09:35:16 Call: GetAllInstrumentList(Category: 12)
05/11/18 09:35:16 Call: GetAllInstrumentList(Category: 13)
05/11/18 09:35:16 Call: GetAllInstrumentList(Category: 14)
05/11/18 09:35:16 Call: GetAllInstrumentList(Category: 15)
05/11/18 09:35:18 Call: GetAllInstrumentList(Category: 7)
05/11/18 09:35:18 HCT/esquire series	MS1	MS	LAN
05/11/18 09:35:18 Call: GetPluginSettings: Dionex System	SYSTEM1	PUMP	PLUGIN
05/11/18 09:51:26 GetLCColumnPort: 
05/11/18 09:51:26 Call: GetAllInstrumentList(Category: 0)
05/11/18 09:51:26 Dionex System	SYSTEM1	PUMP	PLUGIN
05/11/18 09:51:26 Call: GetAllInstrumentList(Category: 1)
05/11/18 09:51:26 Dionex System	SYSTEM1	ALS	PLUGIN
05/11/18 09:51:26 Call: GetAllInstrumentList(Category: 2)
05/11/18 09:51:26 Call: GetAllInstrumentList(Category: 3)
05/11/18 09:51:26 Dionex System	SYSTEM1	DET	PLUGIN
05/11/18 09:51:26 Call: GetAllInstrumentList(Category: 4)
05/11/18 09:51:26 Dionex System	SYSTEM1	SYS	PLUGIN
05/11/18 09:51:26 Call: GetAllInstrumentList(Category: 5)
05/11/18 09:51:26 Call: GetAllInstrumentList(Category: 6)
05/11/18 09:51:26 Call: GetAllInstrumentList(Category: 7)
05/11/18 09:51:26 HCT/esquire series	MS1	MS	LAN
05/11/18 09:51:26 Call: GetAllInstrumentList(Category: 8)
05/11/18 09:51:26 Call: GetAllInstrumentList(Category: 9)
05/11/18 09:51:26 Call: GetAllInstrumentList(Category: 10)
05/11/18 09:51:26 Call: GetAllInstrumentList(Category: 11)
05/11/18 09:51:26 Call: GetAllInstrumentList(Category: 12)
05/11/18 09:51:26 Call: GetAllInstrumentList(Category: 13)
05/11/18 09:51:26 Call: GetAllInstrumentList(Category: 14)
05/11/18 09:51:26 Call: GetAllInstrumentList(Category: 15)
05/11/18 09:51:26 GetLCColumnPort: 
05/11/18 09:51:26 Call: GetAllInstrumentList(Category: 0)
05/11/18 09:51:26 Dionex System	SYSTEM1	PUMP	PLUGIN
05/11/18 09:51:26 Call: GetAllInstrumentList(Category: 1)
05/11/18 09:51:26 Dionex System	SYSTEM1	ALS	PLUGIN
05/11/18 09:51:26 Call: GetAllInstrumentList(Category: 2)
05/11/18 09:51:26 Call: GetAllInstrumentList(Category: 3)
05/11/18 09:51:26 Dionex System	SYSTEM1	DET	PLUGIN
05/11/18 09:51:26 Call: GetAllInstrumentList(Category: 4)
05/11/18 09:51:26 Dionex System	SYSTEM1	SYS	PLUGIN
05/11/18 09:51:26 Call: GetAllInstrumentList(Category: 5)
05/11/18 09:51:26 Call: GetAllInstrumentList(Category: 6)
05/11/18 09:51:26 Call: GetAllInstrumentList(Category: 7)
05/11/18 09:51:26 HCT/esquire series	MS1	MS	LAN
05/11/18 09:51:26 Call: GetAllInstrumentList(Category: 8)
05/11/18 09:51:26 Call: GetAllInstrumentList(Category: 9)
05/11/18 09:51:26 Call: GetAllInstrumentList(Category: 10)
05/11/18 09:51:26 Call: GetAllInstrumentList(Category: 11)
05/11/18 09:51:26 Call: GetAllInstrumentList(Category: 12)
05/11/18 09:51:26 Call: GetAllInstrumentList(Category: 13)
05/11/18 09:51:26 Call: GetAllInstrumentList(Category: 14)
05/11/18 09:51:26 Call: GetAllInstrumentList(Category: 15)
05/11/18 09:51:27 Call: GetAllInstrumentList(Category: 7)
05/11/18 09:51:27 HCT/esquire series	MS1	MS	LAN
05/11/18 09:51:27 Call: GetPluginSettings: Dionex System	SYSTEM1	PUMP	PLUGIN
05/11/18 10:07:36 GetLCColumnPort: 
05/11/18 10:07:36 Call: GetAllInstrumentList(Category: 0)
05/11/18 10:07:36 Dionex System	SYSTEM1	PUMP	PLUGIN
05/11/18 10:07:36 Call: GetAllInstrumentList(Category: 1)
05/11/18 10:07:36 Dionex System	SYSTEM1	ALS	PLUGIN
05/11/18 10:07:36 Call: GetAllInstrumentList(Category: 2)
05/11/18 10:07:36 Call: GetAllInstrumentList(Category: 3)
05/11/18 10:07:36 Dionex System	SYSTEM1	DET	PLUGIN
05/11/18 10:07:36 Call: GetAllInstrumentList(Category: 4)
05/11/18 10:07:36 Dionex System	SYSTEM1	SYS	PLUGIN
05/11/18 10:07:36 Call: GetAllInstrumentList(Category: 5)
05/11/18 10:07:36 Call: GetAllInstrumentList(Category: 6)
05/11/18 10:07:36 Call: GetAllInstrumentList(Category: 7)
05/11/18 10:07:36 HCT/esquire series	MS1	MS	LAN
05/11/18 10:07:36 Call: GetAllInstrumentList(Category: 8)
05/11/18 10:07:36 Call: GetAllInstrumentList(Category: 9)
05/11/18 10:07:36 Call: GetAllInstrumentList(Category: 10)
05/11/18 10:07:36 Call: GetAllInstrumentList(Category: 11)
05/11/18 10:07:36 Call: GetAllInstrumentList(Category: 12)
05/11/18 10:07:36 Call: GetAllInstrumentList(Category: 13)
05/11/18 10:07:36 Call: GetAllInstrumentList(Category: 14)
05/11/18 10:07:36 Call: GetAllInstrumentList(Category: 15)
05/11/18 10:07:36 GetLCColumnPort: 
05/11/18 10:07:36 Call: GetAllInstrumentList(Category: 0)
05/11/18 10:07:36 Dionex System	SYSTEM1	PUMP	PLUGIN
05/11/18 10:07:36 Call: GetAllInstrumentList(Category: 1)
05/11/18 10:07:36 Dionex System	SYSTEM1	ALS	PLUGIN
05/11/18 10:07:36 Call: GetAllInstrumentList(Category: 2)
05/11/18 10:07:36 Call: GetAllInstrumentList(Category: 3)
05/11/18 10:07:36 Dionex System	SYSTEM1	DET	PLUGIN
05/11/18 10:07:36 Call: GetAllInstrumentList(Category: 4)
05/11/18 10:07:36 Dionex System	SYSTEM1	SYS	PLUGIN
05/11/18 10:07:36 Call: GetAllInstrumentList(Category: 5)
05/11/18 10:07:36 Call: GetAllInstrumentList(Category: 6)
05/11/18 10:07:36 Call: GetAllInstrumentList(Category: 7)
05/11/18 10:07:36 HCT/esquire series	MS1	MS	LAN
05/11/18 10:07:36 Call: GetAllInstrumentList(Category: 8)
05/11/18 10:07:36 Call: GetAllInstrumentList(Category: 9)
05/11/18 10:07:36 Call: GetAllInstrumentList(Category: 10)
05/11/18 10:07:36 Call: GetAllInstrumentList(Category: 11)
05/11/18 10:07:36 Call: GetAllInstrumentList(Category: 12)
05/11/18 10:07:36 Call: GetAllInstrumentList(Category: 13)
05/11/18 10:07:36 Call: GetAllInstrumentList(Category: 14)
05/11/18 10:07:36 Call: GetAllInstrumentList(Category: 15)
05/11/18 10:07:37 Call: GetAllInstrumentList(Category: 7)
05/11/18 10:07:37 HCT/esquire series	MS1	MS	LAN
05/11/18 10:07:37 Call: GetPluginSettings: Dionex System	SYSTEM1	PUMP	PLUGIN
05/11/18 10:23:47 GetLCColumnPort: 
05/11/18 10:23:47 Call: GetAllInstrumentList(Category: 0)
05/11/18 10:23:47 Dionex System	SYSTEM1	PUMP	PLUGIN
05/11/18 10:23:47 Call: GetAllInstrumentList(Category: 1)
05/11/18 10:23:47 Dionex System	SYSTEM1	ALS	PLUGIN
05/11/18 10:23:47 Call: GetAllInstrumentList(Category: 2)
05/11/18 10:23:47 Call: GetAllInstrumentList(Category: 3)
05/11/18 10:23:47 Dionex System	SYSTEM1	DET	PLUGIN
05/11/18 10:23:47 Call: GetAllInstrumentList(Category: 4)
05/11/18 10:23:47 Dionex System	SYSTEM1	SYS	PLUGIN
05/11/18 10:23:47 Call: GetAllInstrumentList(Category: 5)
05/11/18 10:23:47 Call: GetAllInstrumentList(Category: 6)
05/11/18 10:23:47 Call: GetAllInstrumentList(Category: 7)
05/11/18 10:23:47 HCT/esquire series	MS1	MS	LAN
05/11/18 10:23:47 Call: GetAllInstrumentList(Category: 8)
05/11/18 10:23:47 Call: GetAllInstrumentList(Category: 9)
05/11/18 10:23:47 Call: GetAllInstrumentList(Category: 10)
05/11/18 10:23:47 Call: GetAllInstrumentList(Category: 11)
05/11/18 10:23:47 Call: GetAllInstrumentList(Category: 12)
05/11/18 10:23:47 Call: GetAllInstrumentList(Category: 13)
05/11/18 10:23:47 Call: GetAllInstrumentList(Category: 14)
05/11/18 10:23:47 Call: GetAllInstrumentList(Category: 15)
05/11/18 10:23:47 GetLCColumnPort: 
05/11/18 10:23:47 Call: GetAllInstrumentList(Category: 0)
05/11/18 10:23:47 Dionex System	SYSTEM1	PUMP	PLUGIN
05/11/18 10:23:47 Call: GetAllInstrumentList(Category: 1)
05/11/18 10:23:47 Dionex System	SYSTEM1	ALS	PLUGIN
05/11/18 10:23:47 Call: GetAllInstrumentList(Category: 2)
05/11/18 10:23:47 Call: GetAllInstrumentList(Category: 3)
05/11/18 10:23:47 Dionex System	SYSTEM1	DET	PLUGIN
05/11/18 10:23:47 Call: GetAllInstrumentList(Category: 4)
05/11/18 10:23:47 Dionex System	SYSTEM1	SYS	PLUGIN
05/11/18 10:23:47 Call: GetAllInstrumentList(Category: 5)
05/11/18 10:23:47 Call: GetAllInstrumentList(Category: 6)
05/11/18 10:23:47 Call: GetAllInstrumentList(Category: 7)
05/11/18 10:23:47 HCT/esquire series	MS1	MS	LAN
05/11/18 10:23:47 Call: GetAllInstrumentList(Category: 8)
05/11/18 10:23:47 Call: GetAllInstrumentList(Category: 9)
05/11/18 10:23:47 Call: GetAllInstrumentList(Category: 10)
05/11/18 10:23:47 Call: GetAllInstrumentList(Category: 11)
05/11/18 10:23:47 Call: GetAllInstrumentList(Category: 12)
05/11/18 10:23:47 Call: GetAllInstrumentList(Category: 13)
05/11/18 10:23:47 Call: GetAllInstrumentList(Category: 14)
05/11/18 10:23:47 Call: GetAllInstrumentList(Category: 15)
05/11/18 10:23:48 Call: GetAllInstrumentList(Category: 7)
05/11/18 10:23:48 HCT/esquire series	MS1	MS	LAN
05/11/18 10:23:48 Call: GetPluginSettings: Dionex System	SYSTEM1	PUMP	PLUGIN
05/11/18 10:39:56 GetLCColumnPort: 
05/11/18 10:39:56 Call: GetAllInstrumentList(Category: 0)
05/11/18 10:39:56 Dionex System	SYSTEM1	PUMP	PLUGIN
05/11/18 10:39:56 Call: GetAllInstrumentList(Category: 1)
05/11/18 10:39:56 Dionex System	SYSTEM1	ALS	PLUGIN
05/11/18 10:39:56 Call: GetAllInstrumentList(Category: 2)
05/11/18 10:39:56 Call: GetAllInstrumentList(Category: 3)
05/11/18 10:39:56 Dionex System	SYSTEM1	DET	PLUGIN
05/11/18 10:39:56 Call: GetAllInstrumentList(Category: 4)
05/11/18 10:39:56 Dionex System	SYSTEM1	SYS	PLUGIN
05/11/18 10:39:56 Call: GetAllInstrumentList(Category: 5)
05/11/18 10:39:56 Call: GetAllInstrumentList(Category: 6)
05/11/18 10:39:56 Call: GetAllInstrumentList(Category: 7)
05/11/18 10:39:56 HCT/esquire series	MS1	MS	LAN
05/11/18 10:39:56 Call: GetAllInstrumentList(Category: 8)
05/11/18 10:39:56 Call: GetAllInstrumentList(Category: 9)
05/11/18 10:39:56 Call: GetAllInstrumentList(Category: 10)
05/11/18 10:39:56 Call: GetAllInstrumentList(Category: 11)
05/11/18 10:39:56 Call: GetAllInstrumentList(Category: 12)
05/11/18 10:39:56 Call: GetAllInstrumentList(Category: 13)
05/11/18 10:39:56 Call: GetAllInstrumentList(Category: 14)
05/11/18 10:39:56 Call: GetAllInstrumentList(Category: 15)
05/11/18 10:39:56 GetLCColumnPort: 
05/11/18 10:39:56 Call: GetAllInstrumentList(Category: 0)
05/11/18 10:39:56 Dionex System	SYSTEM1	PUMP	PLUGIN
05/11/18 10:39:56 Call: GetAllInstrumentList(Category: 1)
05/11/18 10:39:56 Dionex System	SYSTEM1	ALS	PLUGIN
05/11/18 10:39:56 Call: GetAllInstrumentList(Category: 2)
05/11/18 10:39:56 Call: GetAllInstrumentList(Category: 3)
05/11/18 10:39:56 Dionex System	SYSTEM1	DET	PLUGIN
05/11/18 10:39:56 Call: GetAllInstrumentList(Category: 4)
05/11/18 10:39:56 Dionex System	SYSTEM1	SYS	PLUGIN
05/11/18 10:39:56 Call: GetAllInstrumentList(Category: 5)
05/11/18 10:39:56 Call: GetAllInstrumentList(Category: 6)
05/11/18 10:39:56 Call: GetAllInstrumentList(Category: 7)
05/11/18 10:39:56 HCT/esquire series	MS1	MS	LAN
05/11/18 10:39:56 Call: GetAllInstrumentList(Category: 8)
05/11/18 10:39:56 Call: GetAllInstrumentList(Category: 9)
05/11/18 10:39:56 Call: GetAllInstrumentList(Category: 10)
05/11/18 10:39:56 Call: GetAllInstrumentList(Category: 11)
05/11/18 10:39:56 Call: GetAllInstrumentList(Category: 12)
05/11/18 10:39:56 Call: GetAllInstrumentList(Category: 13)
05/11/18 10:39:56 Call: GetAllInstrumentList(Category: 14)
05/11/18 10:39:56 Call: GetAllInstrumentList(Category: 15)
05/11/18 10:39:57 Call: GetAllInstrumentList(Category: 7)
05/11/18 10:39:57 HCT/esquire series	MS1	MS	LAN
05/11/18 10:39:57 Call: GetPluginSettings: Dionex System	SYSTEM1	PUMP	PLUGIN
05/11/18 10:56:06 GetLCColumnPort: 
05/11/18 10:56:06 Call: GetAllInstrumentList(Category: 0)
05/11/18 10:56:06 Dionex System	SYSTEM1	PUMP	PLUGIN
05/11/18 10:56:06 Call: GetAllInstrumentList(Category: 1)
05/11/18 10:56:06 Dionex System	SYSTEM1	ALS	PLUGIN
05/11/18 10:56:06 Call: GetAllInstrumentList(Category: 2)
05/11/18 10:56:06 Call: GetAllInstrumentList(Category: 3)
05/11/18 10:56:06 Dionex System	SYSTEM1	DET	PLUGIN
05/11/18 10:56:06 Call: GetAllInstrumentList(Category: 4)
05/11/18 10:56:06 Dionex System	SYSTEM1	SYS	PLUGIN
05/11/18 10:56:06 Call: GetAllInstrumentList(Category: 5)
05/11/18 10:56:06 Call: GetAllInstrumentList(Category: 6)
05/11/18 10:56:06 Call: GetAllInstrumentList(Category: 7)
05/11/18 10:56:06 HCT/esquire series	MS1	MS	LAN
05/11/18 10:56:06 Call: GetAllInstrumentList(Category: 8)
05/11/18 10:56:06 Call: GetAllInstrumentList(Category: 9)
05/11/18 10:56:06 Call: GetAllInstrumentList(Category: 10)
05/11/18 10:56:06 Call: GetAllInstrumentList(Category: 11)
05/11/18 10:56:06 Call: GetAllInstrumentList(Category: 12)
05/11/18 10:56:06 Call: GetAllInstrumentList(Category: 13)
05/11/18 10:56:06 Call: GetAllInstrumentList(Category: 14)
05/11/18 10:56:06 Call: GetAllInstrumentList(Category: 15)
05/11/18 10:56:06 GetLCColumnPort: 
05/11/18 10:56:06 Call: GetAllInstrumentList(Category: 0)
05/11/18 10:56:06 Dionex System	SYSTEM1	PUMP	PLUGIN
05/11/18 10:56:06 Call: GetAllInstrumentList(Category: 1)
05/11/18 10:56:06 Dionex System	SYSTEM1	ALS	PLUGIN
05/11/18 10:56:06 Call: GetAllInstrumentList(Category: 2)
05/11/18 10:56:06 Call: GetAllInstrumentList(Category: 3)
05/11/18 10:56:06 Dionex System	SYSTEM1	DET	PLUGIN
05/11/18 10:56:06 Call: GetAllInstrumentList(Category: 4)
05/11/18 10:56:06 Dionex System	SYSTEM1	SYS	PLUGIN
05/11/18 10:56:06 Call: GetAllInstrumentList(Category: 5)
05/11/18 10:56:06 Call: GetAllInstrumentList(Category: 6)
05/11/18 10:56:06 Call: GetAllInstrumentList(Category: 7)
05/11/18 10:56:06 HCT/esquire series	MS1	MS	LAN
05/11/18 10:56:06 Call: GetAllInstrumentList(Category: 8)
05/11/18 10:56:06 Call: GetAllInstrumentList(Category: 9)
05/11/18 10:56:06 Call: GetAllInstrumentList(Category: 10)
05/11/18 10:56:06 Call: GetAllInstrumentList(Category: 11)
05/11/18 10:56:06 Call: GetAllInstrumentList(Category: 12)
05/11/18 10:56:06 Call: GetAllInstrumentList(Category: 13)
05/11/18 10:56:06 Call: GetAllInstrumentList(Category: 14)
05/11/18 10:56:06 Call: GetAllInstrumentList(Category: 15)
05/11/18 10:56:08 Call: GetAllInstrumentList(Category: 7)
05/11/18 10:56:08 HCT/esquire series	MS1	MS	LAN
05/11/18 10:56:08 Call: GetPluginSettings: Dionex System	SYSTEM1	PUMP	PLUGIN
05/11/18 11:12:17 GetLCColumnPort: 
05/11/18 11:12:17 Call: GetAllInstrumentList(Category: 0)
05/11/18 11:12:17 Dionex System	SYSTEM1	PUMP	PLUGIN
05/11/18 11:12:17 Call: GetAllInstrumentList(Category: 1)
05/11/18 11:12:17 Dionex System	SYSTEM1	ALS	PLUGIN
05/11/18 11:12:17 Call: GetAllInstrumentList(Category: 2)
05/11/18 11:12:17 Call: GetAllInstrumentList(Category: 3)
05/11/18 11:12:17 Dionex System	SYSTEM1	DET	PLUGIN
05/11/18 11:12:17 Call: GetAllInstrumentList(Category: 4)
05/11/18 11:12:17 Dionex System	SYSTEM1	SYS	PLUGIN
05/11/18 11:12:17 Call: GetAllInstrumentList(Category: 5)
05/11/18 11:12:17 Call: GetAllInstrumentList(Category: 6)
05/11/18 11:12:17 Call: GetAllInstrumentList(Category: 7)
05/11/18 11:12:17 HCT/esquire series	MS1	MS	LAN
05/11/18 11:12:17 Call: GetAllInstrumentList(Category: 8)
05/11/18 11:12:17 Call: GetAllInstrumentList(Category: 9)
05/11/18 11:12:17 Call: GetAllInstrumentList(Category: 10)
05/11/18 11:12:17 Call: GetAllInstrumentList(Category: 11)
05/11/18 11:12:17 Call: GetAllInstrumentList(Category: 12)
05/11/18 11:12:17 Call: GetAllInstrumentList(Category: 13)
05/11/18 11:12:17 Call: GetAllInstrumentList(Category: 14)
05/11/18 11:12:17 Call: GetAllInstrumentList(Category: 15)
05/11/18 11:12:17 GetLCColumnPort: 
05/11/18 11:12:17 Call: GetAllInstrumentList(Category: 0)
05/11/18 11:12:17 Dionex System	SYSTEM1	PUMP	PLUGIN
05/11/18 11:12:17 Call: GetAllInstrumentList(Category: 1)
05/11/18 11:12:17 Dionex System	SYSTEM1	ALS	PLUGIN
05/11/18 11:12:17 Call: GetAllInstrumentList(Category: 2)
05/11/18 11:12:17 Call: GetAllInstrumentList(Category: 3)
05/11/18 11:12:17 Dionex System	SYSTEM1	DET	PLUGIN
05/11/18 11:12:17 Call: GetAllInstrumentList(Category: 4)
05/11/18 11:12:17 Dionex System	SYSTEM1	SYS	PLUGIN
05/11/18 11:12:17 Call: GetAllInstrumentList(Category: 5)
05/11/18 11:12:17 Call: GetAllInstrumentList(Category: 6)
05/11/18 11:12:17 Call: GetAllInstrumentList(Category: 7)
05/11/18 11:12:17 HCT/esquire series	MS1	MS	LAN
05/11/18 11:12:17 Call: GetAllInstrumentList(Category: 8)
05/11/18 11:12:17 Call: GetAllInstrumentList(Category: 9)
05/11/18 11:12:17 Call: GetAllInstrumentList(Category: 10)
05/11/18 11:12:17 Call: GetAllInstrumentList(Category: 11)
05/11/18 11:12:17 Call: GetAllInstrumentList(Category: 12)
05/11/18 11:12:17 Call: GetAllInstrumentList(Category: 13)
05/11/18 11:12:17 Call: GetAllInstrumentList(Category: 14)
05/11/18 11:12:17 Call: GetAllInstrumentList(Category: 15)
05/11/18 11:12:18 Call: GetAllInstrumentList(Category: 7)
05/11/18 11:12:18 HCT/esquire series	MS1	MS	LAN
05/11/18 11:12:18 Call: GetPluginSettings: Dionex System	SYSTEM1	PUMP	PLUGIN
05/11/18 11:28:27 GetLCColumnPort: 
05/11/18 11:28:27 Call: GetAllInstrumentList(Category: 0)
05/11/18 11:28:27 Dionex System	SYSTEM1	PUMP	PLUGIN
05/11/18 11:28:27 Call: GetAllInstrumentList(Category: 1)
05/11/18 11:28:27 Dionex System	SYSTEM1	ALS	PLUGIN
05/11/18 11:28:27 Call: GetAllInstrumentList(Category: 2)
05/11/18 11:28:27 Call: GetAllInstrumentList(Category: 3)
05/11/18 11:28:27 Dionex System	SYSTEM1	DET	PLUGIN
05/11/18 11:28:27 Call: GetAllInstrumentList(Category: 4)
05/11/18 11:28:27 Dionex System	SYSTEM1	SYS	PLUGIN
05/11/18 11:28:27 Call: GetAllInstrumentList(Category: 5)
05/11/18 11:28:27 Call: GetAllInstrumentList(Category: 6)
05/11/18 11:28:27 Call: GetAllInstrumentList(Category: 7)
05/11/18 11:28:27 HCT/esquire series	MS1	MS	LAN
05/11/18 11:28:27 Call: GetAllInstrumentList(Category: 8)
05/11/18 11:28:27 Call: GetAllInstrumentList(Category: 9)
05/11/18 11:28:27 Call: GetAllInstrumentList(Category: 10)
05/11/18 11:28:27 Call: GetAllInstrumentList(Category: 11)
05/11/18 11:28:27 Call: GetAllInstrumentList(Category: 12)
05/11/18 11:28:27 Call: GetAllInstrumentList(Category: 13)
05/11/18 11:28:27 Call: GetAllInstrumentList(Category: 14)
05/11/18 11:28:27 Call: GetAllInstrumentList(Category: 15)
05/11/18 11:28:27 GetLCColumnPort: 
05/11/18 11:28:27 Call: GetAllInstrumentList(Category: 0)
05/11/18 11:28:27 Dionex System	SYSTEM1	PUMP	PLUGIN
05/11/18 11:28:27 Call: GetAllInstrumentList(Category: 1)
05/11/18 11:28:27 Dionex System	SYSTEM1	ALS	PLUGIN
05/11/18 11:28:27 Call: GetAllInstrumentList(Category: 2)
05/11/18 11:28:27 Call: GetAllInstrumentList(Category: 3)
05/11/18 11:28:27 Dionex System	SYSTEM1	DET	PLUGIN
05/11/18 11:28:27 Call: GetAllInstrumentList(Category: 4)
05/11/18 11:28:27 Dionex System	SYSTEM1	SYS	PLUGIN
05/11/18 11:28:27 Call: GetAllInstrumentList(Category: 5)
05/11/18 11:28:27 Call: GetAllInstrumentList(Category: 6)
05/11/18 11:28:27 Call: GetAllInstrumentList(Category: 7)
05/11/18 11:28:27 HCT/esquire series	MS1	MS	LAN
05/11/18 11:28:27 Call: GetAllInstrumentList(Category: 8)
05/11/18 11:28:27 Call: GetAllInstrumentList(Category: 9)
05/11/18 11:28:27 Call: GetAllInstrumentList(Category: 10)
05/11/18 11:28:27 Call: GetAllInstrumentList(Category: 11)
05/11/18 11:28:27 Call: GetAllInstrumentList(Category: 12)
05/11/18 11:28:27 Call: GetAllInstrumentList(Category: 13)
05/11/18 11:28:27 Call: GetAllInstrumentList(Category: 14)
05/11/18 11:28:27 Call: GetAllInstrumentList(Category: 15)
05/11/18 11:28:28 Call: GetAllInstrumentList(Category: 7)
05/11/18 11:28:28 HCT/esquire series	MS1	MS	LAN
05/11/18 11:28:28 Call: GetPluginSettings: Dionex System	SYSTEM1	PUMP	PLUGIN
05/11/18 11:44:37 GetLCColumnPort: 
05/11/18 11:44:37 Call: GetAllInstrumentList(Category: 0)
05/11/18 11:44:37 Dionex System	SYSTEM1	PUMP	PLUGIN
05/11/18 11:44:37 Call: GetAllInstrumentList(Category: 1)
05/11/18 11:44:37 Dionex System	SYSTEM1	ALS	PLUGIN
05/11/18 11:44:37 Call: GetAllInstrumentList(Category: 2)
05/11/18 11:44:37 Call: GetAllInstrumentList(Category: 3)
05/11/18 11:44:37 Dionex System	SYSTEM1	DET	PLUGIN
05/11/18 11:44:37 Call: GetAllInstrumentList(Category: 4)
05/11/18 11:44:37 Dionex System	SYSTEM1	SYS	PLUGIN
05/11/18 11:44:37 Call: GetAllInstrumentList(Category: 5)
05/11/18 11:44:37 Call: GetAllInstrumentList(Category: 6)
05/11/18 11:44:37 Call: GetAllInstrumentList(Category: 7)
05/11/18 11:44:37 HCT/esquire series	MS1	MS	LAN
05/11/18 11:44:37 Call: GetAllInstrumentList(Category: 8)
05/11/18 11:44:37 Call: GetAllInstrumentList(Category: 9)
05/11/18 11:44:37 Call: GetAllInstrumentList(Category: 10)
05/11/18 11:44:37 Call: GetAllInstrumentList(Category: 11)
05/11/18 11:44:37 Call: GetAllInstrumentList(Category: 12)
05/11/18 11:44:37 Call: GetAllInstrumentList(Category: 13)
05/11/18 11:44:37 Call: GetAllInstrumentList(Category: 14)
05/11/18 11:44:37 Call: GetAllInstrumentList(Category: 15)
05/11/18 11:44:37 GetLCColumnPort: 
05/11/18 11:44:37 Call: GetAllInstrumentList(Category: 0)
05/11/18 11:44:37 Dionex System	SYSTEM1	PUMP	PLUGIN
05/11/18 11:44:37 Call: GetAllInstrumentList(Category: 1)
05/11/18 11:44:37 Dionex System	SYSTEM1	ALS	PLUGIN
05/11/18 11:44:37 Call: GetAllInstrumentList(Category: 2)
05/11/18 11:44:37 Call: GetAllInstrumentList(Category: 3)
05/11/18 11:44:37 Dionex System	SYSTEM1	DET	PLUGIN
05/11/18 11:44:37 Call: GetAllInstrumentList(Category: 4)
05/11/18 11:44:37 Dionex System	SYSTEM1	SYS	PLUGIN
05/11/18 11:44:37 Call: GetAllInstrumentList(Category: 5)
05/11/18 11:44:37 Call: GetAllInstrumentList(Category: 6)
05/11/18 11:44:37 Call: GetAllInstrumentList(Category: 7)
05/11/18 11:44:37 HCT/esquire series	MS1	MS	LAN
05/11/18 11:44:37 Call: GetAllInstrumentList(Category: 8)
05/11/18 11:44:37 Call: GetAllInstrumentList(Category: 9)
05/11/18 11:44:37 Call: GetAllInstrumentList(Category: 10)
05/11/18 11:44:37 Call: GetAllInstrumentList(Category: 11)
05/11/18 11:44:37 Call: GetAllInstrumentList(Category: 12)
05/11/18 11:44:37 Call: GetAllInstrumentList(Category: 13)
05/11/18 11:44:37 Call: GetAllInstrumentList(Category: 14)
05/11/18 11:44:37 Call: GetAllInstrumentList(Category: 15)
05/11/18 11:44:38 Call: GetAllInstrumentList(Category: 7)
05/11/18 11:44:38 HCT/esquire series	MS1	MS	LAN
05/11/18 11:44:38 Call: GetPluginSettings: Dionex System	SYSTEM1	PUMP	PLUGIN
05/11/18 12:00:46 GetLCColumnPort: 
05/11/18 12:00:46 Call: GetAllInstrumentList(Category: 0)
05/11/18 12:00:46 Dionex System	SYSTEM1	PUMP	PLUGIN
05/11/18 12:00:46 Call: GetAllInstrumentList(Category: 1)
05/11/18 12:00:46 Dionex System	SYSTEM1	ALS	PLUGIN
05/11/18 12:00:46 Call: GetAllInstrumentList(Category: 2)
05/11/18 12:00:46 Call: GetAllInstrumentList(Category: 3)
05/11/18 12:00:46 Dionex System	SYSTEM1	DET	PLUGIN
05/11/18 12:00:46 Call: GetAllInstrumentList(Category: 4)
05/11/18 12:00:46 Dionex System	SYSTEM1	SYS	PLUGIN
05/11/18 12:00:46 Call: GetAllInstrumentList(Category: 5)
05/11/18 12:00:46 Call: GetAllInstrumentList(Category: 6)
05/11/18 12:00:46 Call: GetAllInstrumentList(Category: 7)
05/11/18 12:00:46 HCT/esquire series	MS1	MS	LAN
05/11/18 12:00:46 Call: GetAllInstrumentList(Category: 8)
05/11/18 12:00:46 Call: GetAllInstrumentList(Category: 9)
05/11/18 12:00:46 Call: GetAllInstrumentList(Category: 10)
05/11/18 12:00:46 Call: GetAllInstrumentList(Category: 11)
05/11/18 12:00:46 Call: GetAllInstrumentList(Category: 12)
05/11/18 12:00:46 Call: GetAllInstrumentList(Category: 13)
05/11/18 12:00:46 Call: GetAllInstrumentList(Category: 14)
05/11/18 12:00:46 Call: GetAllInstrumentList(Category: 15)
05/11/18 12:00:46 GetLCColumnPort: 
05/11/18 12:00:46 Call: GetAllInstrumentList(Category: 0)
05/11/18 12:00:46 Dionex System	SYSTEM1	PUMP	PLUGIN
05/11/18 12:00:46 Call: GetAllInstrumentList(Category: 1)
05/11/18 12:00:46 Dionex System	SYSTEM1	ALS	PLUGIN
05/11/18 12:00:46 Call: GetAllInstrumentList(Category: 2)
05/11/18 12:00:46 Call: GetAllInstrumentList(Category: 3)
05/11/18 12:00:46 Dionex System	SYSTEM1	DET	PLUGIN
05/11/18 12:00:46 Call: GetAllInstrumentList(Category: 4)
05/11/18 12:00:46 Dionex System	SYSTEM1	SYS	PLUGIN
05/11/18 12:00:46 Call: GetAllInstrumentList(Category: 5)
05/11/18 12:00:46 Call: GetAllInstrumentList(Category: 6)
05/11/18 12:00:46 Call: GetAllInstrumentList(Category: 7)
05/11/18 12:00:46 HCT/esquire series	MS1	MS	LAN
05/11/18 12:00:46 Call: GetAllInstrumentList(Category: 8)
05/11/18 12:00:46 Call: GetAllInstrumentList(Category: 9)
05/11/18 12:00:46 Call: GetAllInstrumentList(Category: 10)
05/11/18 12:00:46 Call: GetAllInstrumentList(Category: 11)
05/11/18 12:00:46 Call: GetAllInstrumentList(Category: 12)
05/11/18 12:00:46 Call: GetAllInstrumentList(Category: 13)
05/11/18 12:00:46 Call: GetAllInstrumentList(Category: 14)
05/11/18 12:00:46 Call: GetAllInstrumentList(Category: 15)
05/11/18 12:00:47 Call: GetAllInstrumentList(Category: 7)
05/11/18 12:00:47 HCT/esquire series	MS1	MS	LAN
05/11/18 12:00:47 Call: GetPluginSettings: Dionex System	SYSTEM1	PUMP	PLUGIN
05/11/18 12:16:55 GetLCColumnPort: 
05/11/18 12:16:55 Call: GetAllInstrumentList(Category: 0)
05/11/18 12:16:55 Dionex System	SYSTEM1	PUMP	PLUGIN
05/11/18 12:16:55 Call: GetAllInstrumentList(Category: 1)
05/11/18 12:16:55 Dionex System	SYSTEM1	ALS	PLUGIN
05/11/18 12:16:55 Call: GetAllInstrumentList(Category: 2)
05/11/18 12:16:55 Call: GetAllInstrumentList(Category: 3)
05/11/18 12:16:55 Dionex System	SYSTEM1	DET	PLUGIN
05/11/18 12:16:55 Call: GetAllInstrumentList(Category: 4)
05/11/18 12:16:55 Dionex System	SYSTEM1	SYS	PLUGIN
05/11/18 12:16:55 Call: GetAllInstrumentList(Category: 5)
05/11/18 12:16:55 Call: GetAllInstrumentList(Category: 6)
05/11/18 12:16:55 Call: GetAllInstrumentList(Category: 7)
05/11/18 12:16:55 HCT/esquire series	MS1	MS	LAN
05/11/18 12:16:55 Call: GetAllInstrumentList(Category: 8)
05/11/18 12:16:55 Call: GetAllInstrumentList(Category: 9)
05/11/18 12:16:55 Call: GetAllInstrumentList(Category: 10)
05/11/18 12:16:55 Call: GetAllInstrumentList(Category: 11)
05/11/18 12:16:55 Call: GetAllInstrumentList(Category: 12)
05/11/18 12:16:55 Call: GetAllInstrumentList(Category: 13)
05/11/18 12:16:55 Call: GetAllInstrumentList(Category: 14)
05/11/18 12:16:55 Call: GetAllInstrumentList(Category: 15)
05/11/18 12:16:55 GetLCColumnPort: 
05/11/18 12:16:55 Call: GetAllInstrumentList(Category: 0)
05/11/18 12:16:55 Dionex System	SYSTEM1	PUMP	PLUGIN
05/11/18 12:16:55 Call: GetAllInstrumentList(Category: 1)
05/11/18 12:16:55 Dionex System	SYSTEM1	ALS	PLUGIN
05/11/18 12:16:55 Call: GetAllInstrumentList(Category: 2)
05/11/18 12:16:55 Call: GetAllInstrumentList(Category: 3)
05/11/18 12:16:55 Dionex System	SYSTEM1	DET	PLUGIN
05/11/18 12:16:55 Call: GetAllInstrumentList(Category: 4)
05/11/18 12:16:55 Dionex System	SYSTEM1	SYS	PLUGIN
05/11/18 12:16:55 Call: GetAllInstrumentList(Category: 5)
05/11/18 12:16:55 Call: GetAllInstrumentList(Category: 6)
05/11/18 12:16:55 Call: GetAllInstrumentList(Category: 7)
05/11/18 12:16:55 HCT/esquire series	MS1	MS	LAN
05/11/18 12:16:55 Call: GetAllInstrumentList(Category: 8)
05/11/18 12:16:55 Call: GetAllInstrumentList(Category: 9)
05/11/18 12:16:55 Call: GetAllInstrumentList(Category: 10)
05/11/18 12:16:55 Call: GetAllInstrumentList(Category: 11)
05/11/18 12:16:55 Call: GetAllInstrumentList(Category: 12)
05/11/18 12:16:55 Call: GetAllInstrumentList(Category: 13)
05/11/18 12:16:55 Call: GetAllInstrumentList(Category: 14)
05/11/18 12:16:55 Call: GetAllInstrumentList(Category: 15)
05/11/18 12:16:55 Call: GetPluginSettings: Dionex System	SYSTEM1	PUMP	PLUGIN
05/11/18 12:38:45 Call: GetAllInstrumentList(Category: 0)
05/11/18 12:38:45 Dionex System	SYSTEM1	PUMP	PLUGIN
05/11/18 12:38:45 Call: GetAllInstrumentList(Category: 1)
05/11/18 12:38:45 Dionex System	SYSTEM1	ALS	PLUGIN
05/11/18 12:38:45 Call: GetAllInstrumentList(Category: 11)
05/11/18 12:38:45 Call: GetAllInstrumentList(Category: 3)
05/11/18 12:38:45 Dionex System	SYSTEM1	DET	PLUGIN
05/11/18 12:38:45 Call: GetAllInstrumentList(Category: 3)
05/11/18 12:38:45 Dionex System	SYSTEM1	DET	PLUGIN
05/11/18 12:38:45 Call: GetAllInstrumentList(Category: 3)
05/11/18 12:38:45 Dionex System	SYSTEM1	DET	PLUGIN
05/11/18 12:38:45 Call: GetAllInstrumentList(Category: 5)
05/11/18 12:38:45 Call: GetAllInstrumentList(Category: 5)
05/11/18 12:38:45 Call: GetAllInstrumentList(Category: 6)
05/11/18 12:38:45 Call: GetAllInstrumentList(Category: 7)
05/11/18 12:38:45 HCT/esquire series	MS1	MS	LAN
05/11/18 12:38:45 Call: GetAllInstrumentList(Category: 8)
05/11/18 12:54:06 Call: GetAllInstrumentList(Category: 11)
05/11/18 12:54:06 Call: GetAllInstrumentList(Category: 5)
05/11/18 12:54:09 Call: GetAllInstrumentList(Category: 5)
############# Bruker Hardwaresetup #############
05/15/18 14:50:18 The software was started
05/15/18 14:50:18 $Revision: 1.29 $ 11:00:34 on Mar 19 2007
05/15/18 14:50:18 Start InitInstance
05/15/18 14:50:18 CInstrSetupCtrl::CInstrSetupCtrl()
05/15/18 14:50:18 CInstrSetupCtrl::CInstrSetupCtrl()
05/15/18 14:50:18 CInstrSetupCtrl::CInstrSetupCtrl()
05/15/18 14:50:18 CInstrSetupCtrl::CInstrSetupCtrl()
05/15/18 14:50:18 CheckIfHardwareSetupIsValid: C:\Program Files\Bruker Daltonik\HyStar\Hardware\ultimate 3000.hss return OK
05/15/18 14:50:19 Call: GetAllInstrumentList(Category: 9)
05/15/18 14:50:19 Call: GetAllInstrumentList(Category: 9)
05/15/18 14:50:21 Call: GetAllInstrumentList(Category: 0)
05/15/18 14:50:21 Dionex System	SYSTEM1	PUMP	PLUGIN
05/15/18 14:50:21 Call: GetAllInstrumentList(Category: 0)
05/15/18 14:50:21 Dionex System	SYSTEM1	PUMP	PLUGIN
05/15/18 14:50:21 Call: GetAllInstrumentList(Category: 3)
05/15/18 14:50:21 Dionex System	SYSTEM1	DET	PLUGIN
05/15/18 14:50:21 Call: GetAllInstrumentList(Category: 3)
05/15/18 14:50:21 Dionex System	SYSTEM1	DET	PLUGIN
05/15/18 14:50:21 Call: GetAllInstrumentList(Category: 3)
05/15/18 14:50:21 Dionex System	SYSTEM1	DET	PLUGIN
05/15/18 14:50:21 Call: GetAllInstrumentList(Category: 1)
05/15/18 14:50:21 Dionex System	SYSTEM1	ALS	PLUGIN
05/15/18 14:50:21 Call: GetAllInstrumentList(Category: 4)
05/15/18 14:50:21 Dionex System	SYSTEM1	SYS	PLUGIN
05/15/18 14:50:21 Call: GetAllInstrumentList(Category: 5)
05/15/18 14:50:21 Call: GetAllInstrumentList(Category: 5)
05/15/18 14:50:21 Call: GetAllInstrumentList(Category: 8)
05/15/18 14:50:21 Call: GetAllInstrumentList(Category: 6)
05/15/18 14:50:21 Call: GetAllInstrumentList(Category: 7)
05/15/18 14:50:21 HCT/esquire series	MS1	MS	LAN
05/15/18 14:50:21 Call: GetAllInstrumentList(Category: 11)
05/15/18 14:50:21 Call: GetAllInstrumentList(Category: 10)
05/15/18 14:50:21 Call: GetAllInstrumentList(Category: 10)
05/15/18 14:50:21 Call: GetAllInstrumentList(Category: 10)
05/15/18 14:50:21 Call: GetAllInstrumentList(Category: 10)
05/15/18 14:50:21 Call: GetAllInstrumentList(Category: 10)
05/15/18 14:50:21 Call: GetAllInstrumentList(Category: 9)
05/15/18 14:50:21 CInstrSetupCtrl::CInstrSetupCtrl()
05/15/18 14:50:21 CInstrSetupCtrl::CInstrSetupCtrl()
05/15/18 14:50:23 CInstrSetupCtrl::CInstrSetupCtrl()
05/15/18 14:50:23 Call: GetAllInstrumentList(Category: 1)
05/15/18 14:50:23 Dionex System	SYSTEM1	ALS	PLUGIN
05/15/18 14:50:24 CInstrSetupCtrl::CInstrSetupCtrl()
05/15/18 14:50:24 Call: GetAllInstrumentList(Category: 0)
05/15/18 14:50:24 Dionex System	SYSTEM1	PUMP	PLUGIN
05/15/18 14:50:24 Call: GetPluginSettings: Dionex System	SYSTEM1	PUMP	PLUGIN
05/15/18 14:50:24 Call: GetAllInstrumentList(Category: 1)
05/15/18 14:50:24 Dionex System	SYSTEM1	ALS	PLUGIN
05/15/18 14:50:24 Call: GetPluginSettings: Dionex System	SYSTEM1	ALS	PLUGIN
05/15/18 14:50:24 Call: GetAllInstrumentList(Category: 2)
05/15/18 14:50:24 Call: GetAllInstrumentList(Category: 3)
05/15/18 14:50:24 Dionex System	SYSTEM1	DET	PLUGIN
05/15/18 14:50:24 Call: GetPluginSettings: Dionex System	SYSTEM1	DET	PLUGIN
05/15/18 14:50:24 Call: GetAllInstrumentList(Category: 4)
05/15/18 14:50:24 Dionex System	SYSTEM1	SYS	PLUGIN
05/15/18 14:50:24 Call: GetPluginSettings: Dionex System	SYSTEM1	SYS	PLUGIN
05/15/18 14:50:24 Call: GetAllInstrumentList(Category: 5)
05/15/18 14:50:24 Call: GetAllInstrumentList(Category: 6)
05/15/18 14:50:24 Call: GetAllInstrumentList(Category: 7)
05/15/18 14:50:24 HCT/esquire series	MS1	MS	LAN
05/15/18 14:50:24 Call: GetPluginSettings: HCT/esquire series	MS1	MS	LAN
05/15/18 14:50:24 Call: GetAllInstrumentList(Category: 8)
05/15/18 14:50:24 Call: GetAllInstrumentList(Category: 9)
05/15/18 14:50:24 Call: GetAllInstrumentList(Category: 10)
05/15/18 14:50:24 Call: GetAllInstrumentList(Category: 11)
05/15/18 14:50:24 Call: GetAllInstrumentList(Category: 12)
05/15/18 14:50:24 Call: GetAllInstrumentList(Category: 13)
05/15/18 14:50:24 Call: GetAllInstrumentList(Category: 14)
05/15/18 14:50:24 Call: GetAllInstrumentList(Category: 15)
05/15/18 14:50:24 Call: GetAllInstrumentList(Category: 1)
05/15/18 14:50:24 Dionex System	SYSTEM1	ALS	PLUGIN
05/15/18 14:50:27 CInstrSetupCtrl::~CInstrSetupCtrl()
05/15/18 14:50:27 CInstrSetupCtrl::~CInstrSetupCtrl()
05/15/18 14:50:27 CInstrSetupCtrl::~CInstrSetupCtrl()
05/15/18 14:50:27 CInstrSetupCtrl::~CInstrSetupCtrl()
05/15/18 14:50:28 Call: GetAllInstrumentList(Category: 9)
05/15/18 14:50:28 Call: GetAllInstrumentList(Category: 9)
05/15/18 14:50:29 CInstrSetupCtrl::CInstrSetupCtrl()
05/15/18 14:50:31 CInstrSetupCtrl::CInstrSetupCtrl()
05/15/18 14:50:31 Call: GetAllInstrumentList(Category: 1)
05/15/18 14:50:31 Dionex System	SYSTEM1	ALS	PLUGIN
05/15/18 14:50:31 Call: GetAllInstrumentList(Category: 8)
05/15/18 14:50:31 CInstrSetupCtrl::CInstrSetupCtrl()
05/15/18 14:50:31 Call: GetAllInstrumentList(Category: 1)
05/15/18 14:50:31 Dionex System	SYSTEM1	ALS	PLUGIN
05/15/18 14:50:31 CInstrSetupCtrl::CInstrSetupCtrl()
05/15/18 14:50:31 Call: GetAllInstrumentList(Category: 1)
05/15/18 14:50:31 Dionex System	SYSTEM1	ALS	PLUGIN
05/15/18 14:50:31 CInstrSetupCtrl::CInstrSetupCtrl()
05/15/18 14:50:31 Call: GetAllInstrumentList(Category: 0)
05/15/18 14:50:31 Dionex System	SYSTEM1	PUMP	PLUGIN
05/15/18 14:50:31 Call: GetPluginSettings: Dionex System	SYSTEM1	PUMP	PLUGIN
05/15/18 14:50:31 Call: GetAllInstrumentList(Category: 1)
05/15/18 14:50:31 Dionex System	SYSTEM1	ALS	PLUGIN
05/15/18 14:50:31 Call: GetPluginSettings: Dionex System	SYSTEM1	ALS	PLUGIN
05/15/18 14:50:31 Call: GetAllInstrumentList(Category: 2)
05/15/18 14:50:31 Call: GetAllInstrumentList(Category: 3)
05/15/18 14:50:31 Dionex System	SYSTEM1	DET	PLUGIN
05/15/18 14:50:31 Call: GetPluginSettings: Dionex System	SYSTEM1	DET	PLUGIN
05/15/18 14:50:31 Call: GetAllInstrumentList(Category: 4)
05/15/18 14:50:31 Dionex System	SYSTEM1	SYS	PLUGIN
05/15/18 14:50:31 Call: GetPluginSettings: Dionex System	SYSTEM1	SYS	PLUGIN
05/15/18 14:50:31 Call: GetAllInstrumentList(Category: 5)
05/15/18 14:50:31 Call: GetAllInstrumentList(Category: 6)
05/15/18 14:50:31 Call: GetAllInstrumentList(Category: 7)
05/15/18 14:50:31 HCT/esquire series	MS1	MS	LAN
05/15/18 14:50:31 Call: GetPluginSettings: HCT/esquire series	MS1	MS	LAN
05/15/18 14:50:31 Call: GetAllInstrumentList(Category: 8)
05/15/18 14:50:31 Call: GetAllInstrumentList(Category: 9)
05/15/18 14:50:31 Call: GetAllInstrumentList(Category: 10)
05/15/18 14:50:31 Call: GetAllInstrumentList(Category: 11)
05/15/18 14:50:31 Call: GetAllInstrumentList(Category: 12)
05/15/18 14:50:31 Call: GetAllInstrumentList(Category: 13)
05/15/18 14:50:31 Call: GetAllInstrumentList(Category: 14)
05/15/18 14:50:31 Call: GetAllInstrumentList(Category: 15)
05/15/18 14:50:31 CInstrSetupCtrl::~CInstrSetupCtrl()
05/15/18 14:50:31 CInstrSetupCtrl::~CInstrSetupCtrl()
05/15/18 14:50:31 CInstrSetupCtrl::CInstrSetupCtrl()
05/15/18 14:50:31 Call: GetAllInstrumentList(Category: 1)
05/15/18 14:50:31 Dionex System	SYSTEM1	ALS	PLUGIN
05/15/18 14:50:31 CInstrSetupCtrl::CInstrSetupCtrl()
05/15/18 14:50:31 Call: GetAllInstrumentList(Category: 0)
05/15/18 14:50:31 Dionex System	SYSTEM1	PUMP	PLUGIN
05/15/18 14:50:31 Call: GetPluginSettings: Dionex System	SYSTEM1	PUMP	PLUGIN
05/15/18 14:50:31 Call: GetAllInstrumentList(Category: 1)
05/15/18 14:50:31 Dionex System	SYSTEM1	ALS	PLUGIN
05/15/18 14:50:31 Call: GetPluginSettings: Dionex System	SYSTEM1	ALS	PLUGIN
05/15/18 14:50:31 Call: GetAllInstrumentList(Category: 2)
05/15/18 14:50:31 Call: GetAllInstrumentList(Category: 3)
05/15/18 14:50:31 Dionex System	SYSTEM1	DET	PLUGIN
05/15/18 14:50:31 Call: GetPluginSettings: Dionex System	SYSTEM1	DET	PLUGIN
05/15/18 14:50:31 Call: GetAllInstrumentList(Category: 4)
05/15/18 14:50:31 Dionex System	SYSTEM1	SYS	PLUGIN
05/15/18 14:50:31 Call: GetPluginSettings: Dionex System	SYSTEM1	SYS	PLUGIN
05/15/18 14:50:31 Call: GetAllInstrumentList(Category: 5)
05/15/18 14:50:31 Call: GetAllInstrumentList(Category: 6)
05/15/18 14:50:31 Call: GetAllInstrumentList(Category: 7)
05/15/18 14:50:31 HCT/esquire series	MS1	MS	LAN
05/15/18 14:50:31 Call: GetPluginSettings: HCT/esquire series	MS1	MS	LAN
05/15/18 14:50:31 Call: GetAllInstrumentList(Category: 8)
05/15/18 14:50:31 Call: GetAllInstrumentList(Category: 9)
05/15/18 14:50:31 Call: GetAllInstrumentList(Category: 10)
05/15/18 14:50:31 Call: GetAllInstrumentList(Category: 11)
05/15/18 14:50:31 Call: GetAllInstrumentList(Category: 12)
05/15/18 14:50:31 Call: GetAllInstrumentList(Category: 13)
05/15/18 14:50:31 Call: GetAllInstrumentList(Category: 14)
05/15/18 14:50:31 Call: GetAllInstrumentList(Category: 15)
05/15/18 14:50:31 CInstrSetupCtrl::~CInstrSetupCtrl()
05/15/18 14:50:31 CInstrSetupCtrl::~CInstrSetupCtrl()
05/15/18 14:50:31 Call: GetAllInstrumentList(Category: 7)
05/15/18 14:50:31 HCT/esquire series	MS1	MS	LAN
05/15/18 14:50:31 Call: GetAllInstrumentList(Category: 7)
05/15/18 14:50:31 HCT/esquire series	MS1	MS	LAN
05/15/18 14:50:31 Call: GetAllInstrumentList(Category: 7)
05/15/18 14:50:31 HCT/esquire series	MS1	MS	LAN
05/15/18 14:50:31 CInstrSetupCtrl::CInstrSetupCtrl()
05/15/18 14:50:31 Call: GetAllInstrumentList(Category: 1)
05/15/18 14:50:31 Dionex System	SYSTEM1	ALS	PLUGIN
05/15/18 14:50:31 CInstrSetupCtrl::~CInstrSetupCtrl()
05/15/18 14:50:31 Call: GetAllInstrumentList(Category: 9)
05/15/18 14:50:37 Call: GetAllInstrumentList(Category: 7)
05/15/18 14:50:37 HCT/esquire series	MS1	MS	LAN
05/15/18 14:50:37 CInstrSetupCtrl::CInstrSetupCtrl()
05/15/18 14:50:37 Call: GetAllInstrumentList(Category: 1)
05/15/18 14:50:37 Dionex System	SYSTEM1	ALS	PLUGIN
05/15/18 14:50:37 CInstrSetupCtrl::~CInstrSetupCtrl()
05/15/18 14:50:40 CInstrSetupCtrl::CInstrSetupCtrl()
05/15/18 14:50:40 Call: GetAllInstrumentList(Category: 1)
05/15/18 14:50:40 Dionex System	SYSTEM1	ALS	PLUGIN
05/15/18 14:50:40 CInstrSetupCtrl::~CInstrSetupCtrl()
05/15/18 14:50:40 CInstrSetupCtrl::CInstrSetupCtrl()
05/15/18 14:50:40 Call: GetAllInstrumentList(Category: 1)
05/15/18 14:50:40 Dionex System	SYSTEM1	ALS	PLUGIN
05/15/18 14:50:40 CInstrSetupCtrl::~CInstrSetupCtrl()
05/15/18 14:50:52 Call: GetAllInstrumentList(Category: 7)
05/15/18 14:50:52 HCT/esquire series	MS1	MS	LAN
05/15/18 14:50:52 CInstrSetupCtrl::CInstrSetupCtrl()
05/15/18 14:50:52 Call: GetAllInstrumentList(Category: 1)
05/15/18 14:50:52 Dionex System	SYSTEM1	ALS	PLUGIN
05/15/18 14:50:52 CInstrSetupCtrl::~CInstrSetupCtrl()
05/15/18 14:50:52 CInstrSetupCtrl::CInstrSetupCtrl()
05/15/18 14:50:52 Call: GetAllInstrumentList(Category: 1)
05/15/18 14:50:52 Dionex System	SYSTEM1	ALS	PLUGIN
05/15/18 14:50:52 CInstrSetupCtrl::~CInstrSetupCtrl()
05/15/18 14:50:52 CInstrSetupCtrl::CInstrSetupCtrl()
05/15/18 14:50:52 Call: GetAllInstrumentList(Category: 1)
05/15/18 14:50:52 Dionex System	SYSTEM1	ALS	PLUGIN
05/15/18 14:50:52 CInstrSetupCtrl::~CInstrSetupCtrl()
05/15/18 14:50:52 CInstrSetupCtrl::CInstrSetupCtrl()
05/15/18 14:50:52 Call: GetAllInstrumentList(Category: 1)
05/15/18 14:50:52 Dionex System	SYSTEM1	ALS	PLUGIN
05/15/18 14:50:52 CInstrSetupCtrl::~CInstrSetupCtrl()
05/15/18 14:50:59 CInstrSetupCtrl::~CInstrSetupCtrl()
