05/09/18 13:12:41 $Revision: 1.29 $ 11:00:34 on Mar 19 2007
05/09/18 13:12:41 Start InitInstance
05/09/18 13:12:41 CInstrSetupCtrl::CInstrSetupCtrl()
05/09/18 13:12:41 CInstrSetupCtrl::CInstrSetupCtrl()
05/09/18 13:12:41 CInstrSetupCtrl::CInstrSetupCtrl()
############# Bruker Hardwaresetup #############
05/09/18 13:13:40 The software was started
05/09/18 13:13:40 $Revision: 1.29 $ 11:00:34 on Mar 19 2007
05/09/18 13:13:40 Start InitInstance
05/09/18 13:13:40 CInstrSetupCtrl::CInstrSetupCtrl()
05/09/18 13:13:40 CInstrSetupCtrl::CInstrSetupCtrl()
05/09/18 13:13:41 CInstrSetupCtrl::CInstrSetupCtrl()
############# Bruker Hardwaresetup #############
05/09/18 13:22:58 The software was started
05/09/18 13:22:58 $Revision: 1.29 $ 11:00:34 on Mar 19 2007
05/09/18 13:22:58 Start InitInstance
05/09/18 13:22:58 CInstrSetupCtrl::CInstrSetupCtrl()
05/09/18 13:22:59 CInstrSetupCtrl::CInstrSetupCtrl()
05/09/18 13:22:59 CInstrSetupCtrl::CInstrSetupCtrl()
05/09/18 13:22:59 CInstrSetupCtrl::~CInstrSetupCtrl()
05/09/18 13:39:09 CInstrSetupCtrl::CInstrSetupCtrl()
05/09/18 13:39:09 CInstrSetupCtrl::~CInstrSetupCtrl()
05/09/18 13:55:18 CInstrSetupCtrl::CInstrSetupCtrl()
05/09/18 13:55:18 CInstrSetupCtrl::~CInstrSetupCtrl()
05/09/18 14:17:10 CInstrSetupCtrl::CInstrSetupCtrl()
05/09/18 14:17:10 CInstrSetupCtrl::~CInstrSetupCtrl()
############# Bruker Hardwaresetup #############
05/09/18 14:29:04 The software was started
05/09/18 14:29:04 $Revision: 1.29 $ 11:00:34 on Mar 19 2007
05/09/18 14:29:04 Start InitInstance
05/09/18 14:29:04 CInstrSetupCtrl::CInstrSetupCtrl()
05/09/18 14:29:04 CInstrSetupCtrl::CInstrSetupCtrl()
05/09/18 14:29:05 CInstrSetupCtrl::CInstrSetupCtrl()
############# Bruker Hardwaresetup #############
05/09/18 14:47:04 The software was started
05/09/18 14:47:04 $Revision: 1.29 $ 11:00:34 on Mar 19 2007
05/09/18 14:47:04 Start InitInstance
05/09/18 14:47:04 CInstrSetupCtrl::CInstrSetupCtrl()
05/09/18 14:47:04 CInstrSetupCtrl::CInstrSetupCtrl()
05/09/18 14:47:05 CInstrSetupCtrl::CInstrSetupCtrl()
05/09/18 14:47:05 CInstrSetupCtrl::~CInstrSetupCtrl()
05/09/18 15:03:14 CInstrSetupCtrl::CInstrSetupCtrl()
05/09/18 15:03:14 CInstrSetupCtrl::~CInstrSetupCtrl()
05/09/18 15:19:25 CInstrSetupCtrl::CInstrSetupCtrl()
05/09/18 15:19:25 CInstrSetupCtrl::~CInstrSetupCtrl()
05/09/18 15:35:34 CInstrSetupCtrl::CInstrSetupCtrl()
05/09/18 15:35:34 CInstrSetupCtrl::~CInstrSetupCtrl()
05/09/18 15:51:44 CInstrSetupCtrl::CInstrSetupCtrl()
05/09/18 15:51:44 CInstrSetupCtrl::~CInstrSetupCtrl()
05/09/18 16:07:54 CInstrSetupCtrl::CInstrSetupCtrl()
05/09/18 16:07:54 CInstrSetupCtrl::~CInstrSetupCtrl()
05/09/18 16:24:03 CInstrSetupCtrl::CInstrSetupCtrl()
05/09/18 16:24:03 CInstrSetupCtrl::~CInstrSetupCtrl()
05/09/18 16:40:14 CInstrSetupCtrl::CInstrSetupCtrl()
05/09/18 16:40:14 CInstrSetupCtrl::~CInstrSetupCtrl()
05/09/18 16:56:24 CInstrSetupCtrl::CInstrSetupCtrl()
05/09/18 16:56:24 CInstrSetupCtrl::~CInstrSetupCtrl()
05/09/18 17:12:34 CInstrSetupCtrl::CInstrSetupCtrl()
05/09/18 17:12:34 CInstrSetupCtrl::~CInstrSetupCtrl()
05/09/18 17:28:44 CInstrSetupCtrl::CInstrSetupCtrl()
05/09/18 17:28:44 CInstrSetupCtrl::~CInstrSetupCtrl()
05/09/18 17:44:53 CInstrSetupCtrl::CInstrSetupCtrl()
05/09/18 17:44:53 CInstrSetupCtrl::~CInstrSetupCtrl()
05/09/18 18:01:04 CInstrSetupCtrl::CInstrSetupCtrl()
05/09/18 18:01:04 CInstrSetupCtrl::~CInstrSetupCtrl()
05/09/18 18:17:13 CInstrSetupCtrl::CInstrSetupCtrl()
05/09/18 18:17:13 CInstrSetupCtrl::~CInstrSetupCtrl()
05/09/18 18:33:23 CInstrSetupCtrl::CInstrSetupCtrl()
05/09/18 18:33:23 CInstrSetupCtrl::~CInstrSetupCtrl()
05/09/18 18:49:33 CInstrSetupCtrl::CInstrSetupCtrl()
05/09/18 18:49:33 CInstrSetupCtrl::~CInstrSetupCtrl()
05/09/18 19:05:42 CInstrSetupCtrl::CInstrSetupCtrl()
05/09/18 19:05:42 CInstrSetupCtrl::~CInstrSetupCtrl()
05/09/18 19:21:53 CInstrSetupCtrl::CInstrSetupCtrl()
05/09/18 19:21:53 CInstrSetupCtrl::~CInstrSetupCtrl()
05/09/18 19:38:02 CInstrSetupCtrl::CInstrSetupCtrl()
05/09/18 19:38:02 CInstrSetupCtrl::~CInstrSetupCtrl()
05/09/18 19:54:12 CInstrSetupCtrl::CInstrSetupCtrl()
05/09/18 19:54:12 CInstrSetupCtrl::~CInstrSetupCtrl()
05/09/18 20:10:22 CInstrSetupCtrl::CInstrSetupCtrl()
05/09/18 20:10:22 CInstrSetupCtrl::~CInstrSetupCtrl()
05/09/18 20:26:30 CInstrSetupCtrl::CInstrSetupCtrl()
05/09/18 20:26:30 CInstrSetupCtrl::~CInstrSetupCtrl()
05/09/18 20:42:40 CInstrSetupCtrl::CInstrSetupCtrl()
05/09/18 20:42:41 CInstrSetupCtrl::~CInstrSetupCtrl()
05/09/18 20:58:50 CInstrSetupCtrl::CInstrSetupCtrl()
05/09/18 20:58:50 CInstrSetupCtrl::~CInstrSetupCtrl()
05/09/18 21:15:00 CInstrSetupCtrl::CInstrSetupCtrl()
05/09/18 21:15:00 CInstrSetupCtrl::~CInstrSetupCtrl()
05/09/18 21:31:11 CInstrSetupCtrl::CInstrSetupCtrl()
05/09/18 21:31:11 CInstrSetupCtrl::~CInstrSetupCtrl()
05/09/18 21:47:20 CInstrSetupCtrl::CInstrSetupCtrl()
05/09/18 21:47:20 CInstrSetupCtrl::~CInstrSetupCtrl()
05/09/18 22:03:30 CInstrSetupCtrl::CInstrSetupCtrl()
05/09/18 22:03:31 CInstrSetupCtrl::~CInstrSetupCtrl()
05/09/18 22:19:40 CInstrSetupCtrl::CInstrSetupCtrl()
05/09/18 22:19:40 CInstrSetupCtrl::~CInstrSetupCtrl()
05/09/18 22:35:49 CInstrSetupCtrl::CInstrSetupCtrl()
05/09/18 22:35:49 CInstrSetupCtrl::~CInstrSetupCtrl()
05/09/18 22:52:00 CInstrSetupCtrl::CInstrSetupCtrl()
05/09/18 22:52:00 CInstrSetupCtrl::~CInstrSetupCtrl()
05/09/18 23:08:09 CInstrSetupCtrl::CInstrSetupCtrl()
05/09/18 23:08:09 CInstrSetupCtrl::~CInstrSetupCtrl()
05/09/18 23:24:18 CInstrSetupCtrl::CInstrSetupCtrl()
05/09/18 23:24:18 CInstrSetupCtrl::~CInstrSetupCtrl()
05/09/18 23:40:29 CInstrSetupCtrl::CInstrSetupCtrl()
05/09/18 23:40:29 CInstrSetupCtrl::~CInstrSetupCtrl()
05/09/18 23:56:38 CInstrSetupCtrl::CInstrSetupCtrl()
05/09/18 23:56:38 CInstrSetupCtrl::~CInstrSetupCtrl()
05/10/18 00:12:48 CInstrSetupCtrl::CInstrSetupCtrl()
05/10/18 00:12:48 CInstrSetupCtrl::~CInstrSetupCtrl()
05/10/18 00:28:57 CInstrSetupCtrl::CInstrSetupCtrl()
05/10/18 00:28:57 CInstrSetupCtrl::~CInstrSetupCtrl()
05/10/18 00:45:06 CInstrSetupCtrl::CInstrSetupCtrl()
05/10/18 00:45:06 CInstrSetupCtrl::~CInstrSetupCtrl()
05/10/18 01:01:17 CInstrSetupCtrl::CInstrSetupCtrl()
05/10/18 01:01:17 CInstrSetupCtrl::~CInstrSetupCtrl()
05/10/18 01:17:27 CInstrSetupCtrl::CInstrSetupCtrl()
05/10/18 01:17:27 CInstrSetupCtrl::~CInstrSetupCtrl()
05/10/18 01:33:38 CInstrSetupCtrl::CInstrSetupCtrl()
05/10/18 01:33:38 CInstrSetupCtrl::~CInstrSetupCtrl()
05/10/18 01:49:48 CInstrSetupCtrl::CInstrSetupCtrl()
05/10/18 01:49:48 CInstrSetupCtrl::~CInstrSetupCtrl()
05/10/18 02:05:57 CInstrSetupCtrl::CInstrSetupCtrl()
05/10/18 02:05:57 CInstrSetupCtrl::~CInstrSetupCtrl()
05/10/18 02:22:08 CInstrSetupCtrl::CInstrSetupCtrl()
05/10/18 02:22:08 CInstrSetupCtrl::~CInstrSetupCtrl()
05/10/18 02:38:18 CInstrSetupCtrl::CInstrSetupCtrl()
05/10/18 02:38:18 CInstrSetupCtrl::~CInstrSetupCtrl()
05/10/18 02:54:28 CInstrSetupCtrl::CInstrSetupCtrl()
05/10/18 02:54:28 CInstrSetupCtrl::~CInstrSetupCtrl()
05/10/18 03:10:37 CInstrSetupCtrl::CInstrSetupCtrl()
05/10/18 03:10:37 CInstrSetupCtrl::~CInstrSetupCtrl()
05/10/18 03:26:46 CInstrSetupCtrl::CInstrSetupCtrl()
05/10/18 03:26:46 CInstrSetupCtrl::~CInstrSetupCtrl()
05/10/18 03:42:57 CInstrSetupCtrl::CInstrSetupCtrl()
05/10/18 03:42:57 CInstrSetupCtrl::~CInstrSetupCtrl()
05/10/18 03:59:07 CInstrSetupCtrl::CInstrSetupCtrl()
05/10/18 03:59:07 CInstrSetupCtrl::~CInstrSetupCtrl()
05/10/18 04:15:17 CInstrSetupCtrl::CInstrSetupCtrl()
05/10/18 04:15:17 CInstrSetupCtrl::~CInstrSetupCtrl()
05/10/18 04:31:27 CInstrSetupCtrl::CInstrSetupCtrl()
05/10/18 04:31:27 CInstrSetupCtrl::~CInstrSetupCtrl()
05/10/18 04:47:36 CInstrSetupCtrl::CInstrSetupCtrl()
05/10/18 04:47:36 CInstrSetupCtrl::~CInstrSetupCtrl()
05/10/18 05:03:47 CInstrSetupCtrl::CInstrSetupCtrl()
05/10/18 05:03:47 CInstrSetupCtrl::~CInstrSetupCtrl()
05/10/18 05:19:57 CInstrSetupCtrl::CInstrSetupCtrl()
05/10/18 05:19:57 CInstrSetupCtrl::~CInstrSetupCtrl()
05/10/18 05:36:06 CInstrSetupCtrl::CInstrSetupCtrl()
05/10/18 05:36:07 CInstrSetupCtrl::~CInstrSetupCtrl()
05/10/18 05:52:17 CInstrSetupCtrl::CInstrSetupCtrl()
05/10/18 05:52:17 CInstrSetupCtrl::~CInstrSetupCtrl()
05/10/18 06:08:26 CInstrSetupCtrl::CInstrSetupCtrl()
05/10/18 06:08:26 CInstrSetupCtrl::~CInstrSetupCtrl()
05/10/18 06:24:37 CInstrSetupCtrl::CInstrSetupCtrl()
05/10/18 06:24:37 CInstrSetupCtrl::~CInstrSetupCtrl()
05/10/18 06:40:46 CInstrSetupCtrl::CInstrSetupCtrl()
05/10/18 06:40:46 CInstrSetupCtrl::~CInstrSetupCtrl()
05/10/18 06:56:55 CInstrSetupCtrl::CInstrSetupCtrl()
05/10/18 06:56:55 CInstrSetupCtrl::~CInstrSetupCtrl()
05/10/18 07:13:06 CInstrSetupCtrl::CInstrSetupCtrl()
05/10/18 07:13:06 CInstrSetupCtrl::~CInstrSetupCtrl()
05/10/18 07:29:15 CInstrSetupCtrl::CInstrSetupCtrl()
05/10/18 07:29:15 CInstrSetupCtrl::~CInstrSetupCtrl()
05/10/18 07:45:26 CInstrSetupCtrl::CInstrSetupCtrl()
05/10/18 07:45:26 CInstrSetupCtrl::~CInstrSetupCtrl()
05/10/18 08:01:36 CInstrSetupCtrl::CInstrSetupCtrl()
05/10/18 08:01:36 CInstrSetupCtrl::~CInstrSetupCtrl()
05/10/18 08:17:45 CInstrSetupCtrl::CInstrSetupCtrl()
05/10/18 08:17:45 CInstrSetupCtrl::~CInstrSetupCtrl()
05/10/18 08:33:56 CInstrSetupCtrl::CInstrSetupCtrl()
05/10/18 08:33:56 CInstrSetupCtrl::~CInstrSetupCtrl()
05/10/18 08:50:05 CInstrSetupCtrl::CInstrSetupCtrl()
05/10/18 08:50:05 CInstrSetupCtrl::~CInstrSetupCtrl()
05/10/18 09:06:16 CInstrSetupCtrl::CInstrSetupCtrl()
05/10/18 09:06:16 CInstrSetupCtrl::~CInstrSetupCtrl()
05/10/18 09:22:26 CInstrSetupCtrl::CInstrSetupCtrl()
05/10/18 09:22:26 CInstrSetupCtrl::~CInstrSetupCtrl()
05/10/18 09:38:36 CInstrSetupCtrl::CInstrSetupCtrl()
05/10/18 09:38:36 CInstrSetupCtrl::~CInstrSetupCtrl()
05/10/18 09:54:47 CInstrSetupCtrl::CInstrSetupCtrl()
05/10/18 09:54:47 CInstrSetupCtrl::~CInstrSetupCtrl()
05/10/18 10:10:56 CInstrSetupCtrl::CInstrSetupCtrl()
05/10/18 10:10:56 CInstrSetupCtrl::~CInstrSetupCtrl()
05/10/18 10:27:07 CInstrSetupCtrl::CInstrSetupCtrl()
05/10/18 10:27:07 CInstrSetupCtrl::~CInstrSetupCtrl()
05/10/18 10:39:27 CInstrSetupCtrl::CInstrSetupCtrl()
############# Bruker Hardwaresetup #############
05/10/18 10:43:16 The software was started
05/10/18 10:43:16 $Revision: 1.29 $ 11:00:34 on Mar 19 2007
05/10/18 10:43:16 Start InitInstance
05/10/18 10:43:16 CInstrSetupCtrl::CInstrSetupCtrl()
05/10/18 10:43:16 CInstrSetupCtrl::CInstrSetupCtrl()
05/10/18 10:43:17 CInstrSetupCtrl::CInstrSetupCtrl()
05/10/18 10:43:17 CInstrSetupCtrl::~CInstrSetupCtrl()
05/10/18 10:59:26 CInstrSetupCtrl::CInstrSetupCtrl()
05/10/18 10:59:26 CInstrSetupCtrl::~CInstrSetupCtrl()
05/10/18 11:15:37 CInstrSetupCtrl::CInstrSetupCtrl()
05/10/18 11:15:37 CInstrSetupCtrl::~CInstrSetupCtrl()
05/10/18 11:31:47 CInstrSetupCtrl::CInstrSetupCtrl()
05/10/18 11:31:47 CInstrSetupCtrl::~CInstrSetupCtrl()
05/10/18 11:48:02 CInstrSetupCtrl::CInstrSetupCtrl()
05/10/18 11:48:02 CInstrSetupCtrl::~CInstrSetupCtrl()
05/10/18 11:52:21 CInstrSetupCtrl::CInstrSetupCtrl()
############# Bruker Hardwaresetup #############
05/10/18 11:54:13 The software was started
05/10/18 11:54:13 $Revision: 1.29 $ 11:00:34 on Mar 19 2007
05/10/18 11:54:13 Start InitInstance
05/10/18 11:54:13 CInstrSetupCtrl::CInstrSetupCtrl()
05/10/18 11:54:13 CInstrSetupCtrl::CInstrSetupCtrl()
05/10/18 11:54:14 CInstrSetupCtrl::CInstrSetupCtrl()
05/10/18 12:04:11 CInstrSetupCtrl::CInstrSetupCtrl()
05/10/18 12:04:11 CInstrSetupCtrl::~CInstrSetupCtrl()
05/10/18 12:20:20 CInstrSetupCtrl::CInstrSetupCtrl()
05/10/18 12:20:20 CInstrSetupCtrl::~CInstrSetupCtrl()
05/10/18 12:36:31 CInstrSetupCtrl::CInstrSetupCtrl()
05/10/18 12:36:31 CInstrSetupCtrl::~CInstrSetupCtrl()
05/10/18 12:52:40 CInstrSetupCtrl::CInstrSetupCtrl()
05/10/18 12:52:40 CInstrSetupCtrl::~CInstrSetupCtrl()
05/10/18 13:08:49 CInstrSetupCtrl::CInstrSetupCtrl()
05/10/18 13:08:49 CInstrSetupCtrl::~CInstrSetupCtrl()
05/10/18 13:30:41 CInstrSetupCtrl::CInstrSetupCtrl()
05/10/18 13:30:41 CInstrSetupCtrl::~CInstrSetupCtrl()
05/10/18 13:55:11 CInstrSetupCtrl::CInstrSetupCtrl()
05/10/18 13:55:11 CInstrSetupCtrl::~CInstrSetupCtrl()
05/10/18 14:11:21 CInstrSetupCtrl::CInstrSetupCtrl()
05/10/18 14:11:21 CInstrSetupCtrl::~CInstrSetupCtrl()
05/10/18 14:27:31 CInstrSetupCtrl::CInstrSetupCtrl()
05/10/18 14:27:31 CInstrSetupCtrl::~CInstrSetupCtrl()
05/10/18 14:43:40 CInstrSetupCtrl::CInstrSetupCtrl()
05/10/18 14:43:40 CInstrSetupCtrl::~CInstrSetupCtrl()
05/10/18 14:59:49 CInstrSetupCtrl::CInstrSetupCtrl()
05/10/18 14:59:49 CInstrSetupCtrl::~CInstrSetupCtrl()
05/10/18 15:15:59 CInstrSetupCtrl::CInstrSetupCtrl()
05/10/18 15:15:59 CInstrSetupCtrl::~CInstrSetupCtrl()
05/10/18 15:32:09 CInstrSetupCtrl::CInstrSetupCtrl()
05/10/18 15:32:09 CInstrSetupCtrl::~CInstrSetupCtrl()
05/10/18 15:48:20 CInstrSetupCtrl::CInstrSetupCtrl()
05/10/18 15:48:20 CInstrSetupCtrl::~CInstrSetupCtrl()
05/10/18 16:04:29 CInstrSetupCtrl::CInstrSetupCtrl()
05/10/18 16:04:29 CInstrSetupCtrl::~CInstrSetupCtrl()
05/10/18 16:20:39 CInstrSetupCtrl::CInstrSetupCtrl()
05/10/18 16:20:39 CInstrSetupCtrl::~CInstrSetupCtrl()
05/10/18 16:36:50 CInstrSetupCtrl::CInstrSetupCtrl()
05/10/18 16:36:50 CInstrSetupCtrl::~CInstrSetupCtrl()
05/10/18 16:52:59 CInstrSetupCtrl::CInstrSetupCtrl()
05/10/18 16:52:59 CInstrSetupCtrl::~CInstrSetupCtrl()
05/10/18 17:09:09 CInstrSetupCtrl::CInstrSetupCtrl()
05/10/18 17:09:10 CInstrSetupCtrl::~CInstrSetupCtrl()
05/10/18 17:25:19 CInstrSetupCtrl::CInstrSetupCtrl()
05/10/18 17:25:19 CInstrSetupCtrl::~CInstrSetupCtrl()
05/10/18 17:41:29 CInstrSetupCtrl::CInstrSetupCtrl()
05/10/18 17:41:29 CInstrSetupCtrl::~CInstrSetupCtrl()
05/10/18 17:57:39 CInstrSetupCtrl::CInstrSetupCtrl()
05/10/18 17:57:39 CInstrSetupCtrl::~CInstrSetupCtrl()
05/10/18 18:13:48 CInstrSetupCtrl::CInstrSetupCtrl()
05/10/18 18:13:48 CInstrSetupCtrl::~CInstrSetupCtrl()
05/10/18 18:29:58 CInstrSetupCtrl::CInstrSetupCtrl()
05/10/18 18:29:58 CInstrSetupCtrl::~CInstrSetupCtrl()
05/10/18 18:46:09 CInstrSetupCtrl::CInstrSetupCtrl()
05/10/18 18:46:09 CInstrSetupCtrl::~CInstrSetupCtrl()
05/10/18 19:02:19 CInstrSetupCtrl::CInstrSetupCtrl()
05/10/18 19:02:19 CInstrSetupCtrl::~CInstrSetupCtrl()
05/10/18 19:18:29 CInstrSetupCtrl::CInstrSetupCtrl()
05/10/18 19:18:29 CInstrSetupCtrl::~CInstrSetupCtrl()
05/10/18 19:34:38 CInstrSetupCtrl::CInstrSetupCtrl()
05/10/18 19:34:38 CInstrSetupCtrl::~CInstrSetupCtrl()
05/10/18 19:50:48 CInstrSetupCtrl::CInstrSetupCtrl()
05/10/18 19:50:48 CInstrSetupCtrl::~CInstrSetupCtrl()
05/10/18 20:06:59 CInstrSetupCtrl::CInstrSetupCtrl()
05/10/18 20:06:59 CInstrSetupCtrl::~CInstrSetupCtrl()
05/10/18 20:23:08 CInstrSetupCtrl::CInstrSetupCtrl()
05/10/18 20:23:08 CInstrSetupCtrl::~CInstrSetupCtrl()
05/10/18 20:39:19 CInstrSetupCtrl::CInstrSetupCtrl()
05/10/18 20:39:19 CInstrSetupCtrl::~CInstrSetupCtrl()
05/10/18 20:55:28 CInstrSetupCtrl::CInstrSetupCtrl()
05/10/18 20:55:28 CInstrSetupCtrl::~CInstrSetupCtrl()
05/10/18 21:11:38 CInstrSetupCtrl::CInstrSetupCtrl()
05/10/18 21:11:38 CInstrSetupCtrl::~CInstrSetupCtrl()
05/10/18 21:27:48 CInstrSetupCtrl::CInstrSetupCtrl()
05/10/18 21:27:48 CInstrSetupCtrl::~CInstrSetupCtrl()
05/10/18 21:43:57 CInstrSetupCtrl::CInstrSetupCtrl()
05/10/18 21:43:57 CInstrSetupCtrl::~CInstrSetupCtrl()
05/10/18 22:00:08 CInstrSetupCtrl::CInstrSetupCtrl()
05/10/18 22:00:08 CInstrSetupCtrl::~CInstrSetupCtrl()
05/10/18 22:16:17 CInstrSetupCtrl::CInstrSetupCtrl()
05/10/18 22:16:17 CInstrSetupCtrl::~CInstrSetupCtrl()
05/10/18 22:32:27 CInstrSetupCtrl::CInstrSetupCtrl()
05/10/18 22:32:27 CInstrSetupCtrl::~CInstrSetupCtrl()
05/10/18 22:48:38 CInstrSetupCtrl::CInstrSetupCtrl()
05/10/18 22:48:38 CInstrSetupCtrl::~CInstrSetupCtrl()
05/10/18 23:04:48 CInstrSetupCtrl::CInstrSetupCtrl()
05/10/18 23:04:48 CInstrSetupCtrl::~CInstrSetupCtrl()
05/10/18 23:20:59 CInstrSetupCtrl::CInstrSetupCtrl()
05/10/18 23:20:59 CInstrSetupCtrl::~CInstrSetupCtrl()
05/10/18 23:37:08 CInstrSetupCtrl::CInstrSetupCtrl()
05/10/18 23:37:08 CInstrSetupCtrl::~CInstrSetupCtrl()
05/10/18 23:53:17 CInstrSetupCtrl::CInstrSetupCtrl()
05/10/18 23:53:17 CInstrSetupCtrl::~CInstrSetupCtrl()
05/11/18 00:09:28 CInstrSetupCtrl::CInstrSetupCtrl()
05/11/18 00:09:28 CInstrSetupCtrl::~CInstrSetupCtrl()
05/11/18 00:25:37 CInstrSetupCtrl::CInstrSetupCtrl()
05/11/18 00:25:37 CInstrSetupCtrl::~CInstrSetupCtrl()
05/11/18 00:41:48 CInstrSetupCtrl::CInstrSetupCtrl()
05/11/18 00:41:48 CInstrSetupCtrl::~CInstrSetupCtrl()
05/11/18 00:57:57 CInstrSetupCtrl::CInstrSetupCtrl()
05/11/18 00:57:57 CInstrSetupCtrl::~CInstrSetupCtrl()
05/11/18 01:14:07 CInstrSetupCtrl::CInstrSetupCtrl()
05/11/18 01:14:07 CInstrSetupCtrl::~CInstrSetupCtrl()
05/11/18 01:30:18 CInstrSetupCtrl::CInstrSetupCtrl()
05/11/18 01:30:18 CInstrSetupCtrl::~CInstrSetupCtrl()
05/11/18 01:46:27 CInstrSetupCtrl::CInstrSetupCtrl()
05/11/18 01:46:27 CInstrSetupCtrl::~CInstrSetupCtrl()
05/11/18 02:02:36 CInstrSetupCtrl::CInstrSetupCtrl()
05/11/18 02:02:36 CInstrSetupCtrl::~CInstrSetupCtrl()
05/11/18 02:18:47 CInstrSetupCtrl::CInstrSetupCtrl()
05/11/18 02:18:47 CInstrSetupCtrl::~CInstrSetupCtrl()
05/11/18 02:34:57 CInstrSetupCtrl::CInstrSetupCtrl()
05/11/18 02:34:57 CInstrSetupCtrl::~CInstrSetupCtrl()
05/11/18 02:51:08 CInstrSetupCtrl::CInstrSetupCtrl()
05/11/18 02:51:08 CInstrSetupCtrl::~CInstrSetupCtrl()
05/11/18 03:07:17 CInstrSetupCtrl::CInstrSetupCtrl()
05/11/18 03:07:17 CInstrSetupCtrl::~CInstrSetupCtrl()
05/11/18 03:23:26 CInstrSetupCtrl::CInstrSetupCtrl()
05/11/18 03:23:26 CInstrSetupCtrl::~CInstrSetupCtrl()
05/11/18 03:39:36 CInstrSetupCtrl::CInstrSetupCtrl()
05/11/18 03:39:36 CInstrSetupCtrl::~CInstrSetupCtrl()
05/11/18 03:55:45 CInstrSetupCtrl::CInstrSetupCtrl()
05/11/18 03:55:45 CInstrSetupCtrl::~CInstrSetupCtrl()
05/11/18 04:11:56 CInstrSetupCtrl::CInstrSetupCtrl()
05/11/18 04:11:56 CInstrSetupCtrl::~CInstrSetupCtrl()
05/11/18 04:28:06 CInstrSetupCtrl::CInstrSetupCtrl()
05/11/18 04:28:06 CInstrSetupCtrl::~CInstrSetupCtrl()
05/11/18 04:44:16 CInstrSetupCtrl::CInstrSetupCtrl()
05/11/18 04:44:16 CInstrSetupCtrl::~CInstrSetupCtrl()
05/11/18 05:00:26 CInstrSetupCtrl::CInstrSetupCtrl()
05/11/18 05:00:26 CInstrSetupCtrl::~CInstrSetupCtrl()
05/11/18 05:16:35 CInstrSetupCtrl::CInstrSetupCtrl()
05/11/18 05:16:35 CInstrSetupCtrl::~CInstrSetupCtrl()
05/11/18 05:32:46 CInstrSetupCtrl::CInstrSetupCtrl()
05/11/18 05:32:46 CInstrSetupCtrl::~CInstrSetupCtrl()
05/11/18 05:48:56 CInstrSetupCtrl::CInstrSetupCtrl()
05/11/18 05:48:56 CInstrSetupCtrl::~CInstrSetupCtrl()
05/11/18 06:05:05 CInstrSetupCtrl::CInstrSetupCtrl()
05/11/18 06:05:05 CInstrSetupCtrl::~CInstrSetupCtrl()
05/11/18 06:21:15 CInstrSetupCtrl::CInstrSetupCtrl()
05/11/18 06:21:15 CInstrSetupCtrl::~CInstrSetupCtrl()
05/11/18 06:37:25 CInstrSetupCtrl::CInstrSetupCtrl()
05/11/18 06:37:25 CInstrSetupCtrl::~CInstrSetupCtrl()
05/11/18 06:53:35 CInstrSetupCtrl::CInstrSetupCtrl()
05/11/18 06:53:35 CInstrSetupCtrl::~CInstrSetupCtrl()
05/11/18 07:09:45 CInstrSetupCtrl::CInstrSetupCtrl()
05/11/18 07:09:45 CInstrSetupCtrl::~CInstrSetupCtrl()
05/11/18 07:25:55 CInstrSetupCtrl::CInstrSetupCtrl()
05/11/18 07:25:55 CInstrSetupCtrl::~CInstrSetupCtrl()
05/11/18 07:42:06 CInstrSetupCtrl::CInstrSetupCtrl()
05/11/18 07:42:06 CInstrSetupCtrl::~CInstrSetupCtrl()
05/11/18 07:58:15 CInstrSetupCtrl::CInstrSetupCtrl()
05/11/18 07:58:15 CInstrSetupCtrl::~CInstrSetupCtrl()
05/11/18 08:14:25 CInstrSetupCtrl::CInstrSetupCtrl()
05/11/18 08:14:25 CInstrSetupCtrl::~CInstrSetupCtrl()
05/11/18 08:30:35 CInstrSetupCtrl::CInstrSetupCtrl()
05/11/18 08:30:35 CInstrSetupCtrl::~CInstrSetupCtrl()
05/11/18 08:46:45 CInstrSetupCtrl::CInstrSetupCtrl()
05/11/18 08:46:45 CInstrSetupCtrl::~CInstrSetupCtrl()
05/11/18 09:02:55 CInstrSetupCtrl::CInstrSetupCtrl()
05/11/18 09:02:55 CInstrSetupCtrl::~CInstrSetupCtrl()
05/11/18 09:19:04 CInstrSetupCtrl::CInstrSetupCtrl()
05/11/18 09:19:04 CInstrSetupCtrl::~CInstrSetupCtrl()
05/11/18 09:35:14 CInstrSetupCtrl::CInstrSetupCtrl()
05/11/18 09:35:14 CInstrSetupCtrl::~CInstrSetupCtrl()
05/11/18 09:51:24 CInstrSetupCtrl::CInstrSetupCtrl()
05/11/18 09:51:24 CInstrSetupCtrl::~CInstrSetupCtrl()
05/11/18 10:07:34 CInstrSetupCtrl::CInstrSetupCtrl()
05/11/18 10:07:34 CInstrSetupCtrl::~CInstrSetupCtrl()
05/11/18 10:23:45 CInstrSetupCtrl::CInstrSetupCtrl()
05/11/18 10:23:45 CInstrSetupCtrl::~CInstrSetupCtrl()
05/11/18 10:39:54 CInstrSetupCtrl::CInstrSetupCtrl()
05/11/18 10:39:54 CInstrSetupCtrl::~CInstrSetupCtrl()
05/11/18 10:56:04 CInstrSetupCtrl::CInstrSetupCtrl()
05/11/18 10:56:04 CInstrSetupCtrl::~CInstrSetupCtrl()
05/11/18 11:12:15 CInstrSetupCtrl::CInstrSetupCtrl()
05/11/18 11:12:15 CInstrSetupCtrl::~CInstrSetupCtrl()
05/11/18 11:28:25 CInstrSetupCtrl::CInstrSetupCtrl()
05/11/18 11:28:25 CInstrSetupCtrl::~CInstrSetupCtrl()
05/11/18 11:44:35 CInstrSetupCtrl::CInstrSetupCtrl()
05/11/18 11:44:35 CInstrSetupCtrl::~CInstrSetupCtrl()
05/11/18 12:00:44 CInstrSetupCtrl::CInstrSetupCtrl()
05/11/18 12:00:44 CInstrSetupCtrl::~CInstrSetupCtrl()
05/11/18 12:16:53 CInstrSetupCtrl::CInstrSetupCtrl()
05/11/18 12:16:53 CInstrSetupCtrl::~CInstrSetupCtrl()
05/11/18 12:38:45 CInstrSetupCtrl::CInstrSetupCtrl()
05/11/18 12:38:45 CInstrSetupCtrl::~CInstrSetupCtrl()
05/11/18 12:56:58 CInstrSetupCtrl::CInstrSetupCtrl()
