[Time=2018-10-21 15:08:33.609-05:00][Acc=25P7XG2\ExactiveUser][User=ExactiveUser][Comp=25P7XG2][App=ExactiveService][PID=1976][Inst=Q Exactive][Type=logging]core server thread 20 started
[Time=2018-10-21 15:08:33.662-05:00][Acc=25P7XG2\ExactiveUser][User=ExactiveUser][Comp=25P7XG2][App=ExactiveService][PID=1976][Inst=Q Exactive][Type=logging]using {ExactiveService, Version=2.9.0.2926, Culture=neutral, PublicKeyToken=afdcd0a06562c881, "C:\Xcalibur\system\Exactive\bin\ExactiveService.exe"", Release"}; {ExactiveManager, Version=2.9.0.2926, Culture=neutral, PublicKeyToken=afdcd0a06562c881, "C:\Windows\assembly\GAC_MSIL\ExactiveManager\2.9.0.2926__afdcd0a06562c881\ExactiveManager.dll"", Release"}; {ThermoFisher.CommonCore.Data, Version=4.0.19.0, Culture=neutral, PublicKeyToken=1aef06afb5abd953, "C:\Program Files (x86)\Thermo\Foundation\ThermoFisher.CommonCore.Data.dll"", "}; {Exactive, Version=2.9.0.2926, Culture=neutral, PublicKeyToken=afdcd0a06562c881, "C:\Windows\assembly\GAC_MSIL\Exactive\2.9.0.2926__afdcd0a06562c881\Exactive.dll"", Release"}; {mscorlib, Version=4.0.0.0, Culture=neutral, PublicKeyToken=b77a5c561934e089, "C:\Windows\Microsoft.NET\Framework\v4.0.30319\mscorlib.dll"", "}
[Time=2018-10-21 15:08:33.215-05:00][Acc=25P7XG2\ExactiveUser][User=ExactiveUser][Comp=25P7XG2][App=ExactiveService][PID=1976][Inst=Q Exactive][Type=logging]IoNode for Q Exactive created
[Time=2018-10-21 15:08:33.573-05:00][Acc=25P7XG2\ExactiveUser][User=ExactiveUser][Comp=25P7XG2][App=ExactiveService][PID=1976][Inst=Q Exactive][Type=logging]communication thread 16 started
[Time=2018-10-21 15:08:33.676-05:00][Acc=25P7XG2\ExactiveUser][User=ExactiveUser][Comp=25P7XG2][App=ExactiveService][PID=1976][Type=info]Boot service: using address range: 172.16.0.201
[Time=2018-10-21 15:08:33.680-05:00][Acc=25P7XG2\ExactiveUser][User=ExactiveUser][Comp=25P7XG2][App=ExactiveService][PID=1976][Inst=Q Exactive][Type=logging]instrument request server thread 23 started
[Time=2018-10-21 15:08:33.681-05:00][Acc=25P7XG2\ExactiveUser][User=ExactiveUser][Comp=25P7XG2][App=ExactiveService][PID=1976][Type=logging]Client programs may access using ipc://Exactive_Service_1976/T2S
[Time=2018-10-21 15:08:33.684-05:00][Acc=25P7XG2\ExactiveUser][User=ExactiveUser][Comp=25P7XG2][App=ExactiveService][PID=1976][Inst=Q Exactive][Type=logging]instrument control server thread 24 started
[Time=2018-10-21 15:08:33.688-05:00][Acc=25P7XG2\ExactiveUser][User=ExactiveUser][Comp=25P7XG2][App=ExactiveService][PID=1976][Inst=Q Exactive][Type=logging]instrument data server thread 25 started
[Time=2018-10-21 15:08:33.695-05:00][Acc=25P7XG2\ExactiveUser][User=ExactiveUser][Comp=25P7XG2][App=ExactiveService][PID=1976][Inst=Q Exactive][Type=logging]new Urgent client connection[0.0.0.0:6018->255.255.255.255:0]
[Time=2018-10-21 15:08:33.698-05:00][Acc=25P7XG2\ExactiveUser][User=ExactiveUser][Comp=25P7XG2][App=ExactiveService][PID=1976][Inst=Q Exactive][Type=logging]new IRS1 server connection[0.0.0.0:6019->255.255.255.255:0]
[Time=2018-10-21 15:08:33.699-05:00][Acc=25P7XG2\ExactiveUser][User=ExactiveUser][Comp=25P7XG2][App=ExactiveService][PID=1976][Inst=Q Exactive][Type=logging]new ICS1 server connection[0.0.0.0:6020->255.255.255.255:0]
[Time=2018-10-21 15:08:33.702-05:00][Acc=25P7XG2\ExactiveUser][User=ExactiveUser][Comp=25P7XG2][App=ExactiveService][PID=1976][Inst=Q Exactive][Type=logging]new IDS1 server connection[0.0.0.0:6021->255.255.255.255:0]
[Time=2018-10-21 15:08:35.596-05:00][Acc=25P7XG2\ExactiveUser][User=ExactiveUser][Comp=25P7XG2][App=ExactiveService][PID=1976][Inst=Q Exactive][Type=logging]new ICS1 client connection[172.16.0.101:6020->172.16.0.201:50606]
[Time=2018-10-21 15:08:35.603-05:00][Acc=25P7XG2\ExactiveUser][User=ExactiveUser][Comp=25P7XG2][App=ExactiveService][PID=1976][Inst=Q Exactive][Conn=TCP(ICS1:6020->Q Exactive:50606)][Type=logging]new control connection
[Time=2018-10-21 15:08:35.610-05:00][Acc=(none)][User=(none)][Comp=(none)][App=(none)][PID=-1][Inst=Q Exactive][Type=error] [Inspect/Script 1] Could not write required file ..\log\InstrumentTemperature--2018-10-21.log, data system network failure
[Time=2018-10-21 15:08:35.620-05:00][Acc=(none)][User=(none)][Comp=(none)][App=(none)][PID=-1][Inst=Q Exactive][Type=warning] [Inspect/OpSys Items/OS-Sockets/TCP client Data handler]  OsTcpClient Send - Connection timed out
[Time=2018-10-21 15:08:37.620-05:00][Acc=25P7XG2\ExactiveUser][User=ExactiveUser][Comp=25P7XG2][App=ExactiveService][PID=1976][Inst=Q Exactive][Type=logging]new IDS1 client connection[172.16.0.101:6021->172.16.0.201:51729]
[Time=2018-10-21 15:08:37.631-05:00][Acc=(none)][User=(none)][Comp=(none)][App=(none)][PID=-1][Inst=Q Exactive][Type=warning] [Inspect/OpSys Items/OS-Sockets/TCP client Data handler]  OsTcpClient Send - Connection timed out
[Time=2018-10-21 15:08:52.614-05:00][Acc=25P7XG2\Xcalibur_System][User=Xcalibur_System][Comp=25P7XG2][App=ThermoFisher.Foundation.AcquisitionService][PID=1120][Type=info]New application as 7a2234ee-9710-455b-8412-599891bc4600 assigned id 1: 25P7XG2\Xcalibur_System(Xcalibur_System) from 25P7XG2.ThermoFisher.Foundation.AcquisitionService(1120)
[Time=2018-10-21 15:08:52.622-05:00][Acc=25P7XG2\Xcalibur_System][User=Xcalibur_System][Comp=25P7XG2][App=ThermoFisher.Foundation.AcquisitionService][PID=1120][Inst=Q Exactive][Type=logging]Executing service command for Q Exactive: Thermo.Prometheus.Manager.Remoting.GetInstrumentProperties
[Time=2018-10-21 15:08:52.623-05:00][Acc=25P7XG2\Xcalibur_System][User=Xcalibur_System][Comp=25P7XG2][App=ThermoFisher.Foundation.AcquisitionService][PID=1120][Inst=Q Exactive][Type=logging]Executing service command for Q Exactive: Thermo.Prometheus.Manager.Remoting.GetInstrumentProperties
[Time=2018-10-21 15:08:57.368-05:00][Acc=25P7XG2\Xcalibur_System][User=Xcalibur_System][Comp=25P7XG2][App=ThermoFisher.Foundation.AcquisitionService][PID=1120][Inst=Q Exactive][Conn=TCP(ICS1:6020->Q Exactive:50606)][Type=info]Initializing instrument
[Time=2018-10-21 15:11:03.763-05:00][Acc=25P7XG2\ExactiveUser][User=ExactiveUser][Comp=25P7XG2][App=ExactiveService][PID=1976][Type=info]Application connection lost to 7a2234ee-9710-455b-8412-599891bc4600 assigned id 1: 25P7XG2\Xcalibur_System(Xcalibur_System) from 25P7XG2.ThermoFisher.Foundation.AcquisitionService(1120)
[Time=2018-10-21 15:11:06.123-05:00][Acc=25P7XG2\Thermo Scientific][User=][Comp=25P7XG2][App=InstConfig][PID=3096][Type=info]New application as b9056886-264f-4075-b9ae-a5f5bf8f401f assigned id 2: 25P7XG2\Thermo Scientific() from 25P7XG2.InstConfig(3096)
[Time=2018-10-21 15:11:06.127-05:00][Acc=25P7XG2\Thermo Scientific][User=][Comp=25P7XG2][App=InstConfig][PID=3096][Inst=Q Exactive][Type=logging]Executing service command for Q Exactive: Thermo.Prometheus.Manager.Remoting.GetInstrumentProperties
[Time=2018-10-21 15:11:06.128-05:00][Acc=25P7XG2\Thermo Scientific][User=][Comp=25P7XG2][App=InstConfig][PID=3096][Inst=Q Exactive][Type=logging]Executing service command for Q Exactive: Thermo.Prometheus.Manager.Remoting.GetInstrumentProperties
[Time=2018-10-21 15:12:18.791-05:00][Acc=25P7XG2\ExactiveUser][User=ExactiveUser][Comp=25P7XG2][App=ExactiveService][PID=1976][Type=info]Application connection lost to b9056886-264f-4075-b9ae-a5f5bf8f401f assigned id 2: 25P7XG2\Thermo Scientific() from 25P7XG2.InstConfig(3096)
[Time=2018-10-21 15:12:20.587-05:00][Acc=25P7XG2\Xcalibur_System][User=Xcalibur_System][Comp=25P7XG2][App=ThermoFisher.Foundation.AcquisitionService][PID=5996][Type=info]New application as d6fff759-76cb-44c9-a47d-1c547b00dd5c assigned id 3: 25P7XG2\Xcalibur_System(Xcalibur_System) from 25P7XG2.ThermoFisher.Foundation.AcquisitionService(5996)
[Time=2018-10-21 15:12:20.590-05:00][Acc=25P7XG2\Xcalibur_System][User=Xcalibur_System][Comp=25P7XG2][App=ThermoFisher.Foundation.AcquisitionService][PID=5996][Inst=Q Exactive][Type=logging]Executing service command for Q Exactive: Thermo.Prometheus.Manager.Remoting.GetInstrumentProperties
[Time=2018-10-21 15:12:20.591-05:00][Acc=25P7XG2\Xcalibur_System][User=Xcalibur_System][Comp=25P7XG2][App=ThermoFisher.Foundation.AcquisitionService][PID=5996][Inst=Q Exactive][Type=logging]Executing service command for Q Exactive: Thermo.Prometheus.Manager.Remoting.GetInstrumentProperties
[Time=2018-10-21 15:12:24.531-05:00][Acc=25P7XG2\Xcalibur_System][User=Xcalibur_System][Comp=25P7XG2][App=ThermoFisher.Foundation.AcquisitionService][PID=5996][Inst=Q Exactive][Conn=TCP(ICS1:6020->Q Exactive:50606)][Type=info]Initializing instrument
[Time=2018-10-21 15:12:44.569-05:00][Acc=25P7XG2\Thermo Scientific][User=][Comp=25P7XG2][App=ExactiveTune][PID=3700][Type=info]New application as 01f5b471-fa86-4960-9cbf-365e19c00ee4 assigned id 4: 25P7XG2\Thermo Scientific() from 25P7XG2.ExactiveTune(3700)
[Time=2018-10-21 15:12:57.450-05:00][Acc=25P7XG2\Thermo Scientific][User=][Comp=25P7XG2][App=ExactiveTune][PID=3700][Inst=Q Exactive][Conn=TCP(ICS1:6020->Q Exactive:50606)][Type=info]Loading tunefile C:\Xcalibur\methods\Qian\QT_auxin_400uLflow_101618.mstune
[Time=2018-10-21 15:12:57.451-05:00][Acc=25P7XG2\ExactiveUser][User=ExactiveUser][Comp=25P7XG2][App=ExactiveService][PID=1976][Inst=Q Exactive][Type=logging]new IRS1 client connection[172.16.0.101:6019->172.16.0.201:34332]
[Time=2018-10-21 15:12:57.468-05:00][Acc=25P7XG2\Thermo Scientific][User=][Comp=25P7XG2][App=ExactiveTune][PID=3700][Inst=Q Exactive][Conn=TCP(ICS1:6020->Q Exactive:50606)][Type=logging]Calling function of TuneSelectionHead: SetSelected(-1)
[Time=2018-10-21 15:12:57.468-05:00][Acc=25P7XG2\Thermo Scientific][User=][Comp=25P7XG2][App=ExactiveTune][PID=3700][Inst=Q Exactive][Conn=TCP(ICS1:6020->Q Exactive:50606)][Type=logging]Calling function of CalibrateSelectionHead: SetSelected(-1)
[Time=2018-10-21 15:12:57.469-05:00][Acc=25P7XG2\Thermo Scientific][User=][Comp=25P7XG2][App=ExactiveTune][PID=3700][Inst=Q Exactive][Conn=TCP(ICS1:6020->Q Exactive:50606)][Type=logging]Calling function of EvaluateSelectionHead: SetSelected(-1)
[Time=2018-10-21 15:12:57.654-05:00][Acc=25P7XG2\ExactiveUser][User=ExactiveUser][Comp=25P7XG2][App=ExactiveService][PID=1976][Inst=Q Exactive][Conn=TCP(IRS1:6019->Q Exactive:34332)][Type=logging]Reading C:\Xcalibur\methods\Qian\QT_auxin_400uLflow_101618.mstune: done
[Time=2018-10-21 15:12:57.777-05:00][Acc=25P7XG2\Thermo Scientific][User=][Comp=25P7XG2][App=ExactiveTune][PID=3700][Inst=Q Exactive][Conn=TCP(ICS1:6020->Q Exactive:50606)][Type=logging]Calling function of TuneSelectionHead: SetSelected(-1)
[Time=2018-10-21 15:12:57.777-05:00][Acc=25P7XG2\Thermo Scientific][User=][Comp=25P7XG2][App=ExactiveTune][PID=3700][Inst=Q Exactive][Conn=TCP(ICS1:6020->Q Exactive:50606)][Type=logging]Calling function of CalibrateSelectionHead: SetSelected(-1)
[Time=2018-10-21 15:12:57.778-05:00][Acc=25P7XG2\Thermo Scientific][User=][Comp=25P7XG2][App=ExactiveTune][PID=3700][Inst=Q Exactive][Conn=TCP(ICS1:6020->Q Exactive:50606)][Type=logging]Calling function of EvaluateSelectionHead: SetSelected(-1)
[Time=2018-10-21 15:14:20.337-05:00][Acc=25P7XG2\ExactiveUser][User=ExactiveUser][Comp=25P7XG2][App=ExactiveService][PID=1976][Inst=Q Exactive][Conn=TCP(IRS1:6019->Q Exactive:34332)][Type=logging]Reading C:\Xcalibur\methods\Qian\QT_auxin_400uLflow_101618.mstune: done
[Time=2018-10-21 15:14:20.448-05:00][Acc=25P7XG2\ExactiveUser][User=ExactiveUser][Comp=25P7XG2][App=ExactiveService][PID=1976][Inst=Q Exactive][Conn=TCP(IRS1:6019->Q Exactive:34332)][Type=logging]Reading C:\Xcalibur\methods\Qian\QT_auxin_400uLflow_101618.mstune: done
[Time=2018-10-21 15:14:20.558-05:00][Acc=25P7XG2\ExactiveUser][User=ExactiveUser][Comp=25P7XG2][App=ExactiveService][PID=1976][Inst=Q Exactive][Conn=TCP(IRS1:6019->Q Exactive:34332)][Type=logging]Reading C:\Xcalibur\methods\Qian\QT_auxin_400uLflow_101618.mstune: done
[Time=2018-10-21 15:14:20.669-05:00][Acc=25P7XG2\ExactiveUser][User=ExactiveUser][Comp=25P7XG2][App=ExactiveService][PID=1976][Inst=Q Exactive][Conn=TCP(IRS1:6019->Q Exactive:34332)][Type=logging]Reading C:\Xcalibur\methods\Qian\QT_auxin_400uLflow_101618.mstune: done
[Time=2018-10-21 15:14:20.777-05:00][Acc=25P7XG2\ExactiveUser][User=ExactiveUser][Comp=25P7XG2][App=ExactiveService][PID=1976][Inst=Q Exactive][Conn=TCP(IRS1:6019->Q Exactive:34332)][Type=logging]Reading C:\Xcalibur\methods\Qian\QT_auxin_400uLflow_101618.mstune: done
[Time=2018-10-21 15:14:20.888-05:00][Acc=25P7XG2\ExactiveUser][User=ExactiveUser][Comp=25P7XG2][App=ExactiveService][PID=1976][Inst=Q Exactive][Conn=TCP(IRS1:6019->Q Exactive:34332)][Type=logging]Reading C:\Xcalibur\methods\Qian\QT_auxin_400uLflow_101618.mstune: done
[Time=2018-10-21 15:14:21.001-05:00][Acc=25P7XG2\ExactiveUser][User=ExactiveUser][Comp=25P7XG2][App=ExactiveService][PID=1976][Inst=Q Exactive][Conn=TCP(IRS1:6019->Q Exactive:34332)][Type=logging]Reading C:\Xcalibur\methods\Qian\QT_auxin_400uLflow_101618.mstune: done
[Time=2018-10-21 15:14:21.120-05:00][Acc=25P7XG2\ExactiveUser][User=ExactiveUser][Comp=25P7XG2][App=ExactiveService][PID=1976][Inst=Q Exactive][Conn=TCP(IRS1:6019->Q Exactive:34332)][Type=logging]Reading C:\Xcalibur\methods\Qian\QT_auxin_400uLflow_101618.mstune: done
[Time=2018-10-21 15:14:21.243-05:00][Acc=25P7XG2\ExactiveUser][User=ExactiveUser][Comp=25P7XG2][App=ExactiveService][PID=1976][Inst=Q Exactive][Conn=TCP(IRS1:6019->Q Exactive:34332)][Type=logging]Reading C:\Xcalibur\methods\Qian\QT_auxin_400uLflow_101618.mstune: done
[Time=2018-10-21 15:14:21.359-05:00][Acc=25P7XG2\ExactiveUser][User=ExactiveUser][Comp=25P7XG2][App=ExactiveService][PID=1976][Inst=Q Exactive][Conn=TCP(IRS1:6019->Q Exactive:34332)][Type=logging]Reading C:\Xcalibur\methods\Qian\QT_auxin_400uLflow_101618.mstune: done
[Time=2018-10-21 15:14:21.469-05:00][Acc=25P7XG2\ExactiveUser][User=ExactiveUser][Comp=25P7XG2][App=ExactiveService][PID=1976][Inst=Q Exactive][Conn=TCP(IRS1:6019->Q Exactive:34332)][Type=logging]Reading C:\Xcalibur\methods\Qian\QT_auxin_400uLflow_101618.mstune: done
[Time=2018-10-21 15:14:21.582-05:00][Acc=25P7XG2\ExactiveUser][User=ExactiveUser][Comp=25P7XG2][App=ExactiveService][PID=1976][Inst=Q Exactive][Conn=TCP(IRS1:6019->Q Exactive:34332)][Type=logging]Reading C:\Xcalibur\methods\Qian\QT_auxin_400uLflow_101618.mstune: done
[Time=2018-10-21 15:14:21.781-05:00][Acc=25P7XG2\ExactiveUser][User=ExactiveUser][Comp=25P7XG2][App=ExactiveService][PID=1976][Inst=Q Exactive][Conn=TCP(IRS1:6019->Q Exactive:34332)][Type=logging]Reading C:\Xcalibur\methods\Shared\POSNEGtune_11212017_3.mstune: done
[Time=2018-10-21 15:14:22.163-05:00][Acc=25P7XG2\ExactiveUser][User=ExactiveUser][Comp=25P7XG2][App=ExactiveService][PID=1976][Inst=Q Exactive][Conn=TCP(IRS1:6019->Q Exactive:34332)][Type=logging]Reading C:\Xcalibur\methods\Qian\110116_spruce.mstune: done
[Time=2018-10-21 15:14:23.620-05:00][Acc=25P7XG2\Xcalibur_System][User=Xcalibur_System][Comp=25P7XG2][App=ThermoFisher.Foundation.AcquisitionService][PID=5996][Inst=Q Exactive][Conn=TCP(ICS1:6020->Q Exactive:50606)][Type=info]Preparing next acquisition with: <?xml version="1.0" encoding="iso-8859-15" standalone="yes"?> <InstrumentD ... 151423.raw</RawFileName>     <MethodFileName>D:\Qian\method\Restek_forcecolumn_methods\08772532-a5d0-49ee-a843-74c33c6a2140.meth</MethodFileName>     <SequenceFileName>D:\Qian\102018\98e9ae85-e9a0-4a54-accf-34803958ade2.sld</SequenceFileName>     <SequenceRow>0</SequenceRow>     <StartMode>1</StartMode>     <Vial>GB1</Vial>     <InjVolume>10</InjVolume>     <Flags>0</Flags>   </RunSettings> </InstrumentData>
[Time=2018-10-21 15:14:24.229-05:00][Acc=25P7XG2\ExactiveUser][User=ExactiveUser][Comp=25P7XG2][App=ExactiveService][PID=1976][Inst=Q Exactive][Conn=TCP(IRS1:6019->Q Exactive:34332)][Type=logging]Reading C:\Xcalibur\methods\Qian\QT_auxin_400uLflow_101618.mstune: done
[Time=2018-10-21 15:14:32.731-05:00][Acc=25P7XG2\Xcalibur_System][User=Xcalibur_System][Comp=25P7XG2][App=ThermoFisher.Foundation.AcquisitionService][PID=5996][Inst=Q Exactive][Conn=TCP(ICS1:6020->Q Exactive:50606)][Type=info]Starting acquisition
[Time=2018-10-21 15:14:33.809-05:00][Acc=25P7XG2\Xcalibur_System][User=Xcalibur_System][Comp=25P7XG2][App=ThermoFisher.Foundation.AcquisitionService][PID=5996][Inst=Q Exactive][Conn=TCP(ICS1:6020->Q Exactive:50606)][Type=warning]Stopping acquisition
[Time=2018-10-21 15:14:38.892-05:00][Acc=25P7XG2\Xcalibur_System][User=Xcalibur_System][Comp=25P7XG2][App=ThermoFisher.Foundation.AcquisitionService][PID=5996][Inst=Q Exactive][Conn=TCP(ICS1:6020->Q Exactive:50606)][Type=info]Informing instrument about a stopped device of type 3
[Time=2018-10-21 15:14:38.903-05:00][Acc=25P7XG2\Xcalibur_System][User=Xcalibur_System][Comp=25P7XG2][App=ThermoFisher.Foundation.AcquisitionService][PID=5996][Inst=Q Exactive][Conn=TCP(ICS1:6020->Q Exactive:50606)][Type=info]Informing instrument about a stopped device of type 0
[Time=2018-10-21 15:16:35.815-05:00][Acc=25P7XG2\Thermo Scientific][User=][Comp=25P7XG2][App=ExactiveTune][PID=3700][Inst=Q Exactive][Conn=TCP(ICS1:6020->Q Exactive:50606)][Type=info]Assuming mode Standby
[Time=2018-10-21 15:22:57.395-05:00][Acc=25P7XG2\ExactiveUser][User=ExactiveUser][Comp=25P7XG2][App=ExactiveService][PID=1976][Inst=Q Exactive][Conn=TCP(IRS1:6019->Q Exactive:34332)][Type=logging]Writing ..\log\InstrumentTemperature--2018-10-21.log: done
[Time=2018-10-21 15:37:57.387-05:00][Acc=25P7XG2\ExactiveUser][User=ExactiveUser][Comp=25P7XG2][App=ExactiveService][PID=1976][Inst=Q Exactive][Conn=TCP(IRS1:6019->Q Exactive:34332)][Type=logging]Writing ..\log\InstrumentTemperature--2018-10-21.log: done
[Time=2018-10-21 15:52:57.383-05:00][Acc=25P7XG2\ExactiveUser][User=ExactiveUser][Comp=25P7XG2][App=ExactiveService][PID=1976][Inst=Q Exactive][Conn=TCP(IRS1:6019->Q Exactive:34332)][Type=logging]Writing ..\log\InstrumentTemperature--2018-10-21.log: done
[Time=2018-10-21 16:07:57.379-05:00][Acc=25P7XG2\ExactiveUser][User=ExactiveUser][Comp=25P7XG2][App=ExactiveService][PID=1976][Inst=Q Exactive][Conn=TCP(IRS1:6019->Q Exactive:34332)][Type=logging]Writing ..\log\InstrumentTemperature--2018-10-21.log: done
[Time=2018-10-21 16:22:57.376-05:00][Acc=25P7XG2\ExactiveUser][User=ExactiveUser][Comp=25P7XG2][App=ExactiveService][PID=1976][Inst=Q Exactive][Conn=TCP(IRS1:6019->Q Exactive:34332)][Type=logging]Writing ..\log\InstrumentTemperature--2018-10-21.log: done
[Time=2018-10-21 16:37:57.372-05:00][Acc=25P7XG2\ExactiveUser][User=ExactiveUser][Comp=25P7XG2][App=ExactiveService][PID=1976][Inst=Q Exactive][Conn=TCP(IRS1:6019->Q Exactive:34332)][Type=logging]Writing ..\log\InstrumentTemperature--2018-10-21.log: done
[Time=2018-10-21 16:52:57.368-05:00][Acc=25P7XG2\ExactiveUser][User=ExactiveUser][Comp=25P7XG2][App=ExactiveService][PID=1976][Inst=Q Exactive][Conn=TCP(IRS1:6019->Q Exactive:34332)][Type=logging]Writing ..\log\InstrumentTemperature--2018-10-21.log: done
[Time=2018-10-21 17:07:57.364-05:00][Acc=25P7XG2\ExactiveUser][User=ExactiveUser][Comp=25P7XG2][App=ExactiveService][PID=1976][Inst=Q Exactive][Conn=TCP(IRS1:6019->Q Exactive:34332)][Type=logging]Writing ..\log\InstrumentTemperature--2018-10-21.log: done
[Time=2018-10-21 17:22:57.360-05:00][Acc=25P7XG2\ExactiveUser][User=ExactiveUser][Comp=25P7XG2][App=ExactiveService][PID=1976][Inst=Q Exactive][Conn=TCP(IRS1:6019->Q Exactive:34332)][Type=logging]Writing ..\log\InstrumentTemperature--2018-10-21.log: done
[Time=2018-10-21 17:37:57.356-05:00][Acc=25P7XG2\ExactiveUser][User=ExactiveUser][Comp=25P7XG2][App=ExactiveService][PID=1976][Inst=Q Exactive][Conn=TCP(IRS1:6019->Q Exactive:34332)][Type=logging]Writing ..\log\InstrumentTemperature--2018-10-21.log: done
[Time=2018-10-21 17:52:57.353-05:00][Acc=25P7XG2\ExactiveUser][User=ExactiveUser][Comp=25P7XG2][App=ExactiveService][PID=1976][Inst=Q Exactive][Conn=TCP(IRS1:6019->Q Exactive:34332)][Type=logging]Writing ..\log\InstrumentTemperature--2018-10-21.log: done
[Time=2018-10-21 18:07:57.349-05:00][Acc=25P7XG2\ExactiveUser][User=ExactiveUser][Comp=25P7XG2][App=ExactiveService][PID=1976][Inst=Q Exactive][Conn=TCP(IRS1:6019->Q Exactive:34332)][Type=logging]Writing ..\log\InstrumentTemperature--2018-10-21.log: done
[Time=2018-10-21 18:22:57.345-05:00][Acc=25P7XG2\ExactiveUser][User=ExactiveUser][Comp=25P7XG2][App=ExactiveService][PID=1976][Inst=Q Exactive][Conn=TCP(IRS1:6019->Q Exactive:34332)][Type=logging]Writing ..\log\InstrumentTemperature--2018-10-21.log: done
[Time=2018-10-21 18:37:57.341-05:00][Acc=25P7XG2\ExactiveUser][User=ExactiveUser][Comp=25P7XG2][App=ExactiveService][PID=1976][Inst=Q Exactive][Conn=TCP(IRS1:6019->Q Exactive:34332)][Type=logging]Writing ..\log\InstrumentTemperature--2018-10-21.log: done
[Time=2018-10-21 18:52:57.338-05:00][Acc=25P7XG2\ExactiveUser][User=ExactiveUser][Comp=25P7XG2][App=ExactiveService][PID=1976][Inst=Q Exactive][Conn=TCP(IRS1:6019->Q Exactive:34332)][Type=logging]Writing ..\log\InstrumentTemperature--2018-10-21.log: done
[Time=2018-10-21 19:07:57.334-05:00][Acc=25P7XG2\ExactiveUser][User=ExactiveUser][Comp=25P7XG2][App=ExactiveService][PID=1976][Inst=Q Exactive][Conn=TCP(IRS1:6019->Q Exactive:34332)][Type=logging]Writing ..\log\InstrumentTemperature--2018-10-21.log: done
[Time=2018-10-21 19:22:57.331-05:00][Acc=25P7XG2\ExactiveUser][User=ExactiveUser][Comp=25P7XG2][App=ExactiveService][PID=1976][Inst=Q Exactive][Conn=TCP(IRS1:6019->Q Exactive:34332)][Type=logging]Writing ..\log\InstrumentTemperature--2018-10-21.log: done
[Time=2018-10-21 19:37:57.327-05:00][Acc=25P7XG2\ExactiveUser][User=ExactiveUser][Comp=25P7XG2][App=ExactiveService][PID=1976][Inst=Q Exactive][Conn=TCP(IRS1:6019->Q Exactive:34332)][Type=logging]Writing ..\log\InstrumentTemperature--2018-10-21.log: done
[Time=2018-10-21 19:52:57.323-05:00][Acc=25P7XG2\ExactiveUser][User=ExactiveUser][Comp=25P7XG2][App=ExactiveService][PID=1976][Inst=Q Exactive][Conn=TCP(IRS1:6019->Q Exactive:34332)][Type=logging]Writing ..\log\InstrumentTemperature--2018-10-21.log: done
[Time=2018-10-21 20:07:57.320-05:00][Acc=25P7XG2\ExactiveUser][User=ExactiveUser][Comp=25P7XG2][App=ExactiveService][PID=1976][Inst=Q Exactive][Conn=TCP(IRS1:6019->Q Exactive:34332)][Type=logging]Writing ..\log\InstrumentTemperature--2018-10-21.log: done
[Time=2018-10-21 20:22:57.316-05:00][Acc=25P7XG2\ExactiveUser][User=ExactiveUser][Comp=25P7XG2][App=ExactiveService][PID=1976][Inst=Q Exactive][Conn=TCP(IRS1:6019->Q Exactive:34332)][Type=logging]Writing ..\log\InstrumentTemperature--2018-10-21.log: done
[Time=2018-10-21 20:37:57.312-05:00][Acc=25P7XG2\ExactiveUser][User=ExactiveUser][Comp=25P7XG2][App=ExactiveService][PID=1976][Inst=Q Exactive][Conn=TCP(IRS1:6019->Q Exactive:34332)][Type=logging]Writing ..\log\InstrumentTemperature--2018-10-21.log: done
[Time=2018-10-21 20:52:57.309-05:00][Acc=25P7XG2\ExactiveUser][User=ExactiveUser][Comp=25P7XG2][App=ExactiveService][PID=1976][Inst=Q Exactive][Conn=TCP(IRS1:6019->Q Exactive:34332)][Type=logging]Writing ..\log\InstrumentTemperature--2018-10-21.log: done
[Time=2018-10-21 21:07:57.305-05:00][Acc=25P7XG2\ExactiveUser][User=ExactiveUser][Comp=25P7XG2][App=ExactiveService][PID=1976][Inst=Q Exactive][Conn=TCP(IRS1:6019->Q Exactive:34332)][Type=logging]Writing ..\log\InstrumentTemperature--2018-10-21.log: done
[Time=2018-10-21 21:22:57.302-05:00][Acc=25P7XG2\ExactiveUser][User=ExactiveUser][Comp=25P7XG2][App=ExactiveService][PID=1976][Inst=Q Exactive][Conn=TCP(IRS1:6019->Q Exactive:34332)][Type=logging]Writing ..\log\InstrumentTemperature--2018-10-21.log: done
[Time=2018-10-21 21:37:57.298-05:00][Acc=25P7XG2\ExactiveUser][User=ExactiveUser][Comp=25P7XG2][App=ExactiveService][PID=1976][Inst=Q Exactive][Conn=TCP(IRS1:6019->Q Exactive:34332)][Type=logging]Writing ..\log\InstrumentTemperature--2018-10-21.log: done
[Time=2018-10-21 21:52:57.294-05:00][Acc=25P7XG2\ExactiveUser][User=ExactiveUser][Comp=25P7XG2][App=ExactiveService][PID=1976][Inst=Q Exactive][Conn=TCP(IRS1:6019->Q Exactive:34332)][Type=logging]Writing ..\log\InstrumentTemperature--2018-10-21.log: done
[Time=2018-10-21 22:07:57.291-05:00][Acc=25P7XG2\ExactiveUser][User=ExactiveUser][Comp=25P7XG2][App=ExactiveService][PID=1976][Inst=Q Exactive][Conn=TCP(IRS1:6019->Q Exactive:34332)][Type=logging]Writing ..\log\InstrumentTemperature--2018-10-21.log: done
[Time=2018-10-21 22:22:57.287-05:00][Acc=25P7XG2\ExactiveUser][User=ExactiveUser][Comp=25P7XG2][App=ExactiveService][PID=1976][Inst=Q Exactive][Conn=TCP(IRS1:6019->Q Exactive:34332)][Type=logging]Writing ..\log\InstrumentTemperature--2018-10-21.log: done
[Time=2018-10-21 22:37:57.283-05:00][Acc=25P7XG2\ExactiveUser][User=ExactiveUser][Comp=25P7XG2][App=ExactiveService][PID=1976][Inst=Q Exactive][Conn=TCP(IRS1:6019->Q Exactive:34332)][Type=logging]Writing ..\log\InstrumentTemperature--2018-10-21.log: done
[Time=2018-10-21 22:52:57.280-05:00][Acc=25P7XG2\ExactiveUser][User=ExactiveUser][Comp=25P7XG2][App=ExactiveService][PID=1976][Inst=Q Exactive][Conn=TCP(IRS1:6019->Q Exactive:34332)][Type=logging]Writing ..\log\InstrumentTemperature--2018-10-21.log: done
[Time=2018-10-21 23:07:57.276-05:00][Acc=25P7XG2\ExactiveUser][User=ExactiveUser][Comp=25P7XG2][App=ExactiveService][PID=1976][Inst=Q Exactive][Conn=TCP(IRS1:6019->Q Exactive:34332)][Type=logging]Writing ..\log\InstrumentTemperature--2018-10-21.log: done
[Time=2018-10-21 23:22:57.272-05:00][Acc=25P7XG2\ExactiveUser][User=ExactiveUser][Comp=25P7XG2][App=ExactiveService][PID=1976][Inst=Q Exactive][Conn=TCP(IRS1:6019->Q Exactive:34332)][Type=logging]Writing ..\log\InstrumentTemperature--2018-10-21.log: done
[Time=2018-10-21 23:37:57.268-05:00][Acc=25P7XG2\ExactiveUser][User=ExactiveUser][Comp=25P7XG2][App=ExactiveService][PID=1976][Inst=Q Exactive][Conn=TCP(IRS1:6019->Q Exactive:34332)][Type=logging]Writing ..\log\InstrumentTemperature--2018-10-21.log: done
[Time=2018-10-21 23:52:57.265-05:00][Acc=25P7XG2\ExactiveUser][User=ExactiveUser][Comp=25P7XG2][App=ExactiveService][PID=1976][Inst=Q Exactive][Conn=TCP(IRS1:6019->Q Exactive:34332)][Type=logging]Writing ..\log\InstrumentTemperature--2018-10-21.log: done
[Time=2018-10-22 00:07:57.262-05:00][Acc=25P7XG2\ExactiveUser][User=ExactiveUser][Comp=25P7XG2][App=ExactiveService][PID=1976][Inst=Q Exactive][Conn=TCP(IRS1:6019->Q Exactive:34332)][Type=logging]Writing ..\log\InstrumentTemperature--2018-10-22.log: done
[Time=2018-10-22 00:22:57.258-05:00][Acc=25P7XG2\ExactiveUser][User=ExactiveUser][Comp=25P7XG2][App=ExactiveService][PID=1976][Inst=Q Exactive][Conn=TCP(IRS1:6019->Q Exactive:34332)][Type=logging]Writing ..\log\InstrumentTemperature--2018-10-22.log: done
[Time=2018-10-22 00:37:57.255-05:00][Acc=25P7XG2\ExactiveUser][User=ExactiveUser][Comp=25P7XG2][App=ExactiveService][PID=1976][Inst=Q Exactive][Conn=TCP(IRS1:6019->Q Exactive:34332)][Type=logging]Writing ..\log\InstrumentTemperature--2018-10-22.log: done
[Time=2018-10-22 00:52:57.250-05:00][Acc=25P7XG2\ExactiveUser][User=ExactiveUser][Comp=25P7XG2][App=ExactiveService][PID=1976][Inst=Q Exactive][Conn=TCP(IRS1:6019->Q Exactive:34332)][Type=logging]Writing ..\log\InstrumentTemperature--2018-10-22.log: done
[Time=2018-10-22 01:07:57.247-05:00][Acc=25P7XG2\ExactiveUser][User=ExactiveUser][Comp=25P7XG2][App=ExactiveService][PID=1976][Inst=Q Exactive][Conn=TCP(IRS1:6019->Q Exactive:34332)][Type=logging]Writing ..\log\InstrumentTemperature--2018-10-22.log: done
[Time=2018-10-22 01:22:57.243-05:00][Acc=25P7XG2\ExactiveUser][User=ExactiveUser][Comp=25P7XG2][App=ExactiveService][PID=1976][Inst=Q Exactive][Conn=TCP(IRS1:6019->Q Exactive:34332)][Type=logging]Writing ..\log\InstrumentTemperature--2018-10-22.log: done
[Time=2018-10-22 01:37:57.240-05:00][Acc=25P7XG2\ExactiveUser][User=ExactiveUser][Comp=25P7XG2][App=ExactiveService][PID=1976][Inst=Q Exactive][Conn=TCP(IRS1:6019->Q Exactive:34332)][Type=logging]Writing ..\log\InstrumentTemperature--2018-10-22.log: done
[Time=2018-10-22 01:52:57.236-05:00][Acc=25P7XG2\ExactiveUser][User=ExactiveUser][Comp=25P7XG2][App=ExactiveService][PID=1976][Inst=Q Exactive][Conn=TCP(IRS1:6019->Q Exactive:34332)][Type=logging]Writing ..\log\InstrumentTemperature--2018-10-22.log: done
[Time=2018-10-22 02:07:57.220-05:00][Acc=25P7XG2\ExactiveUser][User=ExactiveUser][Comp=25P7XG2][App=ExactiveService][PID=1976][Inst=Q Exactive][Conn=TCP(IRS1:6019->Q Exactive:34332)][Type=logging]Writing ..\log\InstrumentTemperature--2018-10-22.log: done
[Time=2018-10-22 02:22:57.217-05:00][Acc=25P7XG2\ExactiveUser][User=ExactiveUser][Comp=25P7XG2][App=ExactiveService][PID=1976][Inst=Q Exactive][Conn=TCP(IRS1:6019->Q Exactive:34332)][Type=logging]Writing ..\log\InstrumentTemperature--2018-10-22.log: done
[Time=2018-10-22 02:37:57.213-05:00][Acc=25P7XG2\ExactiveUser][User=ExactiveUser][Comp=25P7XG2][App=ExactiveService][PID=1976][Inst=Q Exactive][Conn=TCP(IRS1:6019->Q Exactive:34332)][Type=logging]Writing ..\log\InstrumentTemperature--2018-10-22.log: done
[Time=2018-10-22 02:52:57.209-05:00][Acc=25P7XG2\ExactiveUser][User=ExactiveUser][Comp=25P7XG2][App=ExactiveService][PID=1976][Inst=Q Exactive][Conn=TCP(IRS1:6019->Q Exactive:34332)][Type=logging]Writing ..\log\InstrumentTemperature--2018-10-22.log: done
[Time=2018-10-22 03:07:57.206-05:00][Acc=25P7XG2\ExactiveUser][User=ExactiveUser][Comp=25P7XG2][App=ExactiveService][PID=1976][Inst=Q Exactive][Conn=TCP(IRS1:6019->Q Exactive:34332)][Type=logging]Writing ..\log\InstrumentTemperature--2018-10-22.log: done
[Time=2018-10-22 03:22:57.202-05:00][Acc=25P7XG2\ExactiveUser][User=ExactiveUser][Comp=25P7XG2][App=ExactiveService][PID=1976][Inst=Q Exactive][Conn=TCP(IRS1:6019->Q Exactive:34332)][Type=logging]Writing ..\log\InstrumentTemperature--2018-10-22.log: done
[Time=2018-10-22 03:37:57.198-05:00][Acc=25P7XG2\ExactiveUser][User=ExactiveUser][Comp=25P7XG2][App=ExactiveService][PID=1976][Inst=Q Exactive][Conn=TCP(IRS1:6019->Q Exactive:34332)][Type=logging]Writing ..\log\InstrumentTemperature--2018-10-22.log: done
[Time=2018-10-22 03:52:57.195-05:00][Acc=25P7XG2\ExactiveUser][User=ExactiveUser][Comp=25P7XG2][App=ExactiveService][PID=1976][Inst=Q Exactive][Conn=TCP(IRS1:6019->Q Exactive:34332)][Type=logging]Writing ..\log\InstrumentTemperature--2018-10-22.log: done
[Time=2018-10-22 04:07:57.191-05:00][Acc=25P7XG2\ExactiveUser][User=ExactiveUser][Comp=25P7XG2][App=ExactiveService][PID=1976][Inst=Q Exactive][Conn=TCP(IRS1:6019->Q Exactive:34332)][Type=logging]Writing ..\log\InstrumentTemperature--2018-10-22.log: done
[Time=2018-10-22 04:22:57.188-05:00][Acc=25P7XG2\ExactiveUser][User=ExactiveUser][Comp=25P7XG2][App=ExactiveService][PID=1976][Inst=Q Exactive][Conn=TCP(IRS1:6019->Q Exactive:34332)][Type=logging]Writing ..\log\InstrumentTemperature--2018-10-22.log: done
[Time=2018-10-22 04:37:57.184-05:00][Acc=25P7XG2\ExactiveUser][User=ExactiveUser][Comp=25P7XG2][App=ExactiveService][PID=1976][Inst=Q Exactive][Conn=TCP(IRS1:6019->Q Exactive:34332)][Type=logging]Writing ..\log\InstrumentTemperature--2018-10-22.log: done
[Time=2018-10-22 04:52:57.180-05:00][Acc=25P7XG2\ExactiveUser][User=ExactiveUser][Comp=25P7XG2][App=ExactiveService][PID=1976][Inst=Q Exactive][Conn=TCP(IRS1:6019->Q Exactive:34332)][Type=logging]Writing ..\log\InstrumentTemperature--2018-10-22.log: done
[Time=2018-10-22 05:07:57.176-05:00][Acc=25P7XG2\ExactiveUser][User=ExactiveUser][Comp=25P7XG2][App=ExactiveService][PID=1976][Inst=Q Exactive][Conn=TCP(IRS1:6019->Q Exactive:34332)][Type=logging]Writing ..\log\InstrumentTemperature--2018-10-22.log: done
[Time=2018-10-22 05:22:57.173-05:00][Acc=25P7XG2\ExactiveUser][User=ExactiveUser][Comp=25P7XG2][App=ExactiveService][PID=1976][Inst=Q Exactive][Conn=TCP(IRS1:6019->Q Exactive:34332)][Type=logging]Writing ..\log\InstrumentTemperature--2018-10-22.log: done
[Time=2018-10-22 05:37:57.170-05:00][Acc=25P7XG2\ExactiveUser][User=ExactiveUser][Comp=25P7XG2][App=ExactiveService][PID=1976][Inst=Q Exactive][Conn=TCP(IRS1:6019->Q Exactive:34332)][Type=logging]Writing ..\log\InstrumentTemperature--2018-10-22.log: done
[Time=2018-10-22 05:52:57.166-05:00][Acc=25P7XG2\ExactiveUser][User=ExactiveUser][Comp=25P7XG2][App=ExactiveService][PID=1976][Inst=Q Exactive][Conn=TCP(IRS1:6019->Q Exactive:34332)][Type=logging]Writing ..\log\InstrumentTemperature--2018-10-22.log: done
[Time=2018-10-22 06:07:57.162-05:00][Acc=25P7XG2\ExactiveUser][User=ExactiveUser][Comp=25P7XG2][App=ExactiveService][PID=1976][Inst=Q Exactive][Conn=TCP(IRS1:6019->Q Exactive:34332)][Type=logging]Writing ..\log\InstrumentTemperature--2018-10-22.log: done
[Time=2018-10-22 06:22:57.159-05:00][Acc=25P7XG2\ExactiveUser][User=ExactiveUser][Comp=25P7XG2][App=ExactiveService][PID=1976][Inst=Q Exactive][Conn=TCP(IRS1:6019->Q Exactive:34332)][Type=logging]Writing ..\log\InstrumentTemperature--2018-10-22.log: done
[Time=2018-10-22 06:37:57.155-05:00][Acc=25P7XG2\ExactiveUser][User=ExactiveUser][Comp=25P7XG2][App=ExactiveService][PID=1976][Inst=Q Exactive][Conn=TCP(IRS1:6019->Q Exactive:34332)][Type=logging]Writing ..\log\InstrumentTemperature--2018-10-22.log: done
[Time=2018-10-22 06:52:57.151-05:00][Acc=25P7XG2\ExactiveUser][User=ExactiveUser][Comp=25P7XG2][App=ExactiveService][PID=1976][Inst=Q Exactive][Conn=TCP(IRS1:6019->Q Exactive:34332)][Type=logging]Writing ..\log\InstrumentTemperature--2018-10-22.log: done
[Time=2018-10-22 07:07:57.148-05:00][Acc=25P7XG2\ExactiveUser][User=ExactiveUser][Comp=25P7XG2][App=ExactiveService][PID=1976][Inst=Q Exactive][Conn=TCP(IRS1:6019->Q Exactive:34332)][Type=logging]Writing ..\log\InstrumentTemperature--2018-10-22.log: done
[Time=2018-10-22 07:22:57.145-05:00][Acc=25P7XG2\ExactiveUser][User=ExactiveUser][Comp=25P7XG2][App=ExactiveService][PID=1976][Inst=Q Exactive][Conn=TCP(IRS1:6019->Q Exactive:34332)][Type=logging]Writing ..\log\InstrumentTemperature--2018-10-22.log: done
[Time=2018-10-22 07:37:57.141-05:00][Acc=25P7XG2\ExactiveUser][User=ExactiveUser][Comp=25P7XG2][App=ExactiveService][PID=1976][Inst=Q Exactive][Conn=TCP(IRS1:6019->Q Exactive:34332)][Type=logging]Writing ..\log\InstrumentTemperature--2018-10-22.log: done
[Time=2018-10-22 07:52:57.137-05:00][Acc=25P7XG2\ExactiveUser][User=ExactiveUser][Comp=25P7XG2][App=ExactiveService][PID=1976][Inst=Q Exactive][Conn=TCP(IRS1:6019->Q Exactive:34332)][Type=logging]Writing ..\log\InstrumentTemperature--2018-10-22.log: done
[Time=2018-10-22 08:07:57.133-05:00][Acc=25P7XG2\ExactiveUser][User=ExactiveUser][Comp=25P7XG2][App=ExactiveService][PID=1976][Inst=Q Exactive][Conn=TCP(IRS1:6019->Q Exactive:34332)][Type=logging]Writing ..\log\InstrumentTemperature--2018-10-22.log: done
[Time=2018-10-22 08:22:57.130-05:00][Acc=25P7XG2\ExactiveUser][User=ExactiveUser][Comp=25P7XG2][App=ExactiveService][PID=1976][Inst=Q Exactive][Conn=TCP(IRS1:6019->Q Exactive:34332)][Type=logging]Writing ..\log\InstrumentTemperature--2018-10-22.log: done
[Time=2018-10-22 08:37:57.126-05:00][Acc=25P7XG2\ExactiveUser][User=ExactiveUser][Comp=25P7XG2][App=ExactiveService][PID=1976][Inst=Q Exactive][Conn=TCP(IRS1:6019->Q Exactive:34332)][Type=logging]Writing ..\log\InstrumentTemperature--2018-10-22.log: done
[Time=2018-10-22 08:52:57.123-05:00][Acc=25P7XG2\ExactiveUser][User=ExactiveUser][Comp=25P7XG2][App=ExactiveService][PID=1976][Inst=Q Exactive][Conn=TCP(IRS1:6019->Q Exactive:34332)][Type=logging]Writing ..\log\InstrumentTemperature--2018-10-22.log: done
[Time=2018-10-22 09:07:57.119-05:00][Acc=25P7XG2\ExactiveUser][User=ExactiveUser][Comp=25P7XG2][App=ExactiveService][PID=1976][Inst=Q Exactive][Conn=TCP(IRS1:6019->Q Exactive:34332)][Type=logging]Writing ..\log\InstrumentTemperature--2018-10-22.log: done
[Time=2018-10-22 09:22:57.116-05:00][Acc=25P7XG2\ExactiveUser][User=ExactiveUser][Comp=25P7XG2][App=ExactiveService][PID=1976][Inst=Q Exactive][Conn=TCP(IRS1:6019->Q Exactive:34332)][Type=logging]Writing ..\log\InstrumentTemperature--2018-10-22.log: done
[Time=2018-10-22 09:37:57.112-05:00][Acc=25P7XG2\ExactiveUser][User=ExactiveUser][Comp=25P7XG2][App=ExactiveService][PID=1976][Inst=Q Exactive][Conn=TCP(IRS1:6019->Q Exactive:34332)][Type=logging]Writing ..\log\InstrumentTemperature--2018-10-22.log: done
[Time=2018-10-22 09:52:57.108-05:00][Acc=25P7XG2\ExactiveUser][User=ExactiveUser][Comp=25P7XG2][App=ExactiveService][PID=1976][Inst=Q Exactive][Conn=TCP(IRS1:6019->Q Exactive:34332)][Type=logging]Writing ..\log\InstrumentTemperature--2018-10-22.log: done
[Time=2018-10-22 10:07:57.105-05:00][Acc=25P7XG2\ExactiveUser][User=ExactiveUser][Comp=25P7XG2][App=ExactiveService][PID=1976][Inst=Q Exactive][Conn=TCP(IRS1:6019->Q Exactive:34332)][Type=logging]Writing ..\log\InstrumentTemperature--2018-10-22.log: done
[Time=2018-10-22 10:22:57.101-05:00][Acc=25P7XG2\ExactiveUser][User=ExactiveUser][Comp=25P7XG2][App=ExactiveService][PID=1976][Inst=Q Exactive][Conn=TCP(IRS1:6019->Q Exactive:34332)][Type=logging]Writing ..\log\InstrumentTemperature--2018-10-22.log: done
[Time=2018-10-22 10:37:57.098-05:00][Acc=25P7XG2\ExactiveUser][User=ExactiveUser][Comp=25P7XG2][App=ExactiveService][PID=1976][Inst=Q Exactive][Conn=TCP(IRS1:6019->Q Exactive:34332)][Type=logging]Writing ..\log\InstrumentTemperature--2018-10-22.log: done
[Time=2018-10-22 10:52:57.094-05:00][Acc=25P7XG2\ExactiveUser][User=ExactiveUser][Comp=25P7XG2][App=ExactiveService][PID=1976][Inst=Q Exactive][Conn=TCP(IRS1:6019->Q Exactive:34332)][Type=logging]Writing ..\log\InstrumentTemperature--2018-10-22.log: done
[Time=2018-10-22 11:07:57.090-05:00][Acc=25P7XG2\ExactiveUser][User=ExactiveUser][Comp=25P7XG2][App=ExactiveService][PID=1976][Inst=Q Exactive][Conn=TCP(IRS1:6019->Q Exactive:34332)][Type=logging]Writing ..\log\InstrumentTemperature--2018-10-22.log: done
[Time=2018-10-22 11:13:17.767-05:00][Acc=25P7XG2\ExactiveUser][User=ExactiveUser][Comp=25P7XG2][App=ExactiveService][PID=1976][Inst=Q Exactive][Conn=TCP(IRS1:6019->Q Exactive:34332)][Type=logging]Reading C:\Xcalibur\methods\Shared\POSNEGtune_11212017_3.mstune: done
[Time=2018-10-22 11:13:17.857-05:00][Acc=25P7XG2\ExactiveUser][User=ExactiveUser][Comp=25P7XG2][App=ExactiveService][PID=1976][Inst=Q Exactive][Conn=TCP(IRS1:6019->Q Exactive:34332)][Type=logging]Reading C:\Xcalibur\methods\Qian\QT_auxin_400uLflow_101618.mstune: done
[Time=2018-10-22 11:13:17.965-05:00][Acc=25P7XG2\ExactiveUser][User=ExactiveUser][Comp=25P7XG2][App=ExactiveService][PID=1976][Inst=Q Exactive][Conn=TCP(IRS1:6019->Q Exactive:34332)][Type=logging]Reading C:\Xcalibur\methods\Qian\QT_auxin_400uLflow_101618.mstune: done
[Time=2018-10-22 11:13:18.080-05:00][Acc=25P7XG2\ExactiveUser][User=ExactiveUser][Comp=25P7XG2][App=ExactiveService][PID=1976][Inst=Q Exactive][Conn=TCP(IRS1:6019->Q Exactive:34332)][Type=logging]Reading C:\Xcalibur\methods\Qian\QT_auxin_400uLflow_101618.mstune: done
[Time=2018-10-22 11:13:18.189-05:00][Acc=25P7XG2\ExactiveUser][User=ExactiveUser][Comp=25P7XG2][App=ExactiveService][PID=1976][Inst=Q Exactive][Conn=TCP(IRS1:6019->Q Exactive:34332)][Type=logging]Reading C:\Xcalibur\methods\Qian\QT_auxin_400uLflow_101618.mstune: done
[Time=2018-10-22 11:13:18.297-05:00][Acc=25P7XG2\ExactiveUser][User=ExactiveUser][Comp=25P7XG2][App=ExactiveService][PID=1976][Inst=Q Exactive][Conn=TCP(IRS1:6019->Q Exactive:34332)][Type=logging]Reading C:\Xcalibur\methods\Qian\QT_auxin_400uLflow_101618.mstune: done
[Time=2018-10-22 11:13:18.413-05:00][Acc=25P7XG2\ExactiveUser][User=ExactiveUser][Comp=25P7XG2][App=ExactiveService][PID=1976][Inst=Q Exactive][Conn=TCP(IRS1:6019->Q Exactive:34332)][Type=logging]Reading C:\Xcalibur\methods\Qian\QT_auxin_400uLflow_101618.mstune: done
[Time=2018-10-22 11:13:18.522-05:00][Acc=25P7XG2\ExactiveUser][User=ExactiveUser][Comp=25P7XG2][App=ExactiveService][PID=1976][Inst=Q Exactive][Conn=TCP(IRS1:6019->Q Exactive:34332)][Type=logging]Reading C:\Xcalibur\methods\Qian\QT_auxin_400uLflow_101618.mstune: done
[Time=2018-10-22 11:13:18.631-05:00][Acc=25P7XG2\ExactiveUser][User=ExactiveUser][Comp=25P7XG2][App=ExactiveService][PID=1976][Inst=Q Exactive][Conn=TCP(IRS1:6019->Q Exactive:34332)][Type=logging]Reading C:\Xcalibur\methods\Qian\QT_auxin_400uLflow_101618.mstune: done
[Time=2018-10-22 11:13:18.743-05:00][Acc=25P7XG2\ExactiveUser][User=ExactiveUser][Comp=25P7XG2][App=ExactiveService][PID=1976][Inst=Q Exactive][Conn=TCP(IRS1:6019->Q Exactive:34332)][Type=logging]Reading C:\Xcalibur\methods\Qian\QT_auxin_400uLflow_101618.mstune: done
[Time=2018-10-22 11:13:18.853-05:00][Acc=25P7XG2\ExactiveUser][User=ExactiveUser][Comp=25P7XG2][App=ExactiveService][PID=1976][Inst=Q Exactive][Conn=TCP(IRS1:6019->Q Exactive:34332)][Type=logging]Reading C:\Xcalibur\methods\Qian\QT_auxin_400uLflow_101618.mstune: done
[Time=2018-10-22 11:13:18.965-05:00][Acc=25P7XG2\ExactiveUser][User=ExactiveUser][Comp=25P7XG2][App=ExactiveService][PID=1976][Inst=Q Exactive][Conn=TCP(IRS1:6019->Q Exactive:34332)][Type=logging]Reading C:\Xcalibur\methods\Qian\QT_auxin_400uLflow_101618.mstune: done
[Time=2018-10-22 11:13:19.075-05:00][Acc=25P7XG2\ExactiveUser][User=ExactiveUser][Comp=25P7XG2][App=ExactiveService][PID=1976][Inst=Q Exactive][Conn=TCP(IRS1:6019->Q Exactive:34332)][Type=logging]Reading C:\Xcalibur\methods\Qian\QT_auxin_400uLflow_101618.mstune: done
[Time=2018-10-22 11:13:19.175-05:00][Acc=25P7XG2\ExactiveUser][User=ExactiveUser][Comp=25P7XG2][App=ExactiveService][PID=1976][Inst=Q Exactive][Conn=TCP(IRS1:6019->Q Exactive:34332)][Type=logging]Reading C:\Xcalibur\methods\Shared\POSNEGtune_11212017_3.mstune: done
[Time=2018-10-22 11:13:19.270-05:00][Acc=25P7XG2\ExactiveUser][User=ExactiveUser][Comp=25P7XG2][App=ExactiveService][PID=1976][Inst=Q Exactive][Conn=TCP(IRS1:6019->Q Exactive:34332)][Type=logging]Reading C:\Xcalibur\methods\Qian\110116_spruce.mstune: done
[Time=2018-10-22 11:14:12.903-05:00][Acc=25P7XG2\ExactiveUser][User=ExactiveUser][Comp=25P7XG2][App=ExactiveService][PID=1976][Type=info]Application connection lost to 01f5b471-fa86-4960-9cbf-365e19c00ee4 assigned id 4: 25P7XG2\Thermo Scientific() from 25P7XG2.ExactiveTune(3700)
[Time=2018-10-22 11:14:21.021-05:00][Acc=25P7XG2\ExactiveUser][User=ExactiveUser][Comp=25P7XG2][App=ExactiveService][PID=1976][Inst=Q Exactive][Conn=TCP(ICS1:6020->Q Exactive:50606)][Type=info]lost instrument control connection
[Time=2018-10-22 11:14:21.123-05:00][Acc=25P7XG2\ExactiveUser][User=ExactiveUser][Comp=25P7XG2][App=ExactiveService][PID=1976][Inst=Q Exactive][Type=logging]new control connection
[Time=2018-10-22 11:14:21.124-05:00][Acc=25P7XG2\ExactiveUser][User=ExactiveUser][Comp=25P7XG2][App=ExactiveService][PID=1976][Inst=Q Exactive][Conn=TCP(IDS1:6021->Q Exactive:51729)][Type=info]lost instrument data connection
[Time=2018-10-22 11:14:21.124-05:00][Acc=25P7XG2\ExactiveUser][User=ExactiveUser][Comp=25P7XG2][App=ExactiveService][PID=1976][Inst=Q Exactive][Conn=TCP(IRS1:6019->Q Exactive:34332)][Type=info]lost instrument request connection
[Time=2018-10-22 11:14:21.125-05:00][Acc=25P7XG2\ExactiveUser][User=ExactiveUser][Comp=25P7XG2][App=ExactiveService][PID=1976][Inst=Q Exactive][Type=info]communication thread stopped
