[Time=2018-04-16 16:03:43.513-05:00][Acc=25P7XG2\ExactiveUser][User=ExactiveUser][Comp=25P7XG2][App=ExactiveService][PID=3240][Inst=Q Exactive][Type=logging]core server thread 16 started
[Time=2018-04-16 16:03:43.522-05:00][Acc=25P7XG2\ExactiveUser][User=ExactiveUser][Comp=25P7XG2][App=ExactiveService][PID=3240][Inst=Q Exactive][Type=logging]using {ExactiveService, Version=2.8.1.2806, Culture=neutral, PublicKeyToken=afdcd0a06562c881, "C:\Xcalibur\system\Exactive\bin\ExactiveService.exe"", Release"}; {ExactiveManager, Version=2.8.1.2806, Culture=neutral, PublicKeyToken=afdcd0a06562c881, "C:\Windows\assembly\GAC_MSIL\ExactiveManager\2.8.1.2806__afdcd0a06562c881\ExactiveManager.dll"", Release"}; {ThermoFisher.Foundation.IO, Version=3.1.94.0, Culture=neutral, PublicKeyToken=7336a1ad73b8d604, "C:\Windows\Microsoft.Net\assembly\GAC_32\ThermoFisher.Foundation.IO\v4.0_3.1.94.0__7336a1ad73b8d604\ThermoFisher.Foundation.IO.dll"", "}; {Exactive, Version=2.8.1.2806, Culture=neutral, PublicKeyToken=afdcd0a06562c881, "C:\Windows\assembly\GAC_MSIL\Exactive\2.8.1.2806__afdcd0a06562c881\Exactive.dll"", Release"}; {mscorlib, Version=4.0.0.0, Culture=neutral, PublicKeyToken=b77a5c561934e089, "C:\Windows\Microsoft.NET\Framework\v4.0.30319\mscorlib.dll"", "}
[Time=2018-04-16 16:03:43.495-05:00][Acc=25P7XG2\ExactiveUser][User=ExactiveUser][Comp=25P7XG2][App=ExactiveService][PID=3240][Inst=Q Exactive][Type=logging]IoNode for Q Exactive created
[Time=2018-04-16 16:03:43.497-05:00][Acc=25P7XG2\ExactiveUser][User=ExactiveUser][Comp=25P7XG2][App=ExactiveService][PID=3240][Inst=Q Exactive][Type=logging]communication thread 14 started
[Time=2018-04-16 16:03:43.525-05:00][Acc=25P7XG2\Xcalibur_System][User=Xcalibur_System][Comp=25P7XG2][App=ThermoFisher.Foundation.AcquisitionService][PID=2940][Type=info]New application as 8f6bab7a-c4e0-4da8-ab5b-38943b4b85e4 assigned id 1: 25P7XG2\Xcalibur_System(Xcalibur_System) from 25P7XG2.ThermoFisher.Foundation.AcquisitionService(2940)
[Time=2018-04-16 16:03:43.534-05:00][Acc=25P7XG2\ExactiveUser][User=ExactiveUser][Comp=25P7XG2][App=ExactiveService][PID=3240][Inst=Q Exactive][Type=logging]instrument request server thread 19 started
[Time=2018-04-16 16:03:43.534-05:00][Acc=25P7XG2\ExactiveUser][User=ExactiveUser][Comp=25P7XG2][App=ExactiveService][PID=3240][Inst=Q Exactive][Type=logging]instrument control server thread 20 started
[Time=2018-04-16 16:03:43.544-05:00][Acc=25P7XG2\ExactiveUser][User=ExactiveUser][Comp=25P7XG2][App=ExactiveService][PID=3240][Type=info]Boot service: using address range: 172.16.0.201
[Time=2018-04-16 16:03:43.545-05:00][Acc=25P7XG2\ExactiveUser][User=ExactiveUser][Comp=25P7XG2][App=ExactiveService][PID=3240][Inst=Q Exactive][Type=logging]instrument data server thread 21 started
[Time=2018-04-16 16:03:43.545-05:00][Acc=25P7XG2\ExactiveUser][User=ExactiveUser][Comp=25P7XG2][App=ExactiveService][PID=3240][Type=logging]Client programs may access using ipc://Exactive_Service_3240/T2S
[Time=2018-04-16 16:03:43.550-05:00][Acc=25P7XG2\ExactiveUser][User=ExactiveUser][Comp=25P7XG2][App=ExactiveService][PID=3240][Inst=Q Exactive][Type=logging]new Urgent client connection[0.0.0.0:6018->255.255.255.255:0]
[Time=2018-04-16 16:03:43.553-05:00][Acc=25P7XG2\ExactiveUser][User=ExactiveUser][Comp=25P7XG2][App=ExactiveService][PID=3240][Inst=Q Exactive][Type=logging]new IRS1 server connection[0.0.0.0:6019->255.255.255.255:0]
[Time=2018-04-16 16:03:43.554-05:00][Acc=25P7XG2\ExactiveUser][User=ExactiveUser][Comp=25P7XG2][App=ExactiveService][PID=3240][Inst=Q Exactive][Type=logging]new ICS1 server connection[0.0.0.0:6020->255.255.255.255:0]
[Time=2018-04-16 16:03:43.554-05:00][Acc=25P7XG2\ExactiveUser][User=ExactiveUser][Comp=25P7XG2][App=ExactiveService][PID=3240][Inst=Q Exactive][Type=logging]new IDS1 server connection[0.0.0.0:6021->255.255.255.255:0]
[Time=2018-04-16 16:03:43.606-05:00][Acc=25P7XG2\Thermo Scientific][User=][Comp=25P7XG2][App=ExactiveTune][PID=5608][Type=info]New application as 80ec9b5f-900f-43ab-b2ba-0ea76758d032 assigned id 2: 25P7XG2\Thermo Scientific() from 25P7XG2.ExactiveTune(5608)
[Time=2018-04-16 18:08:42.540-05:00][Acc=25P7XG2\ExactiveUser][User=ExactiveUser][Comp=25P7XG2][App=ExactiveService][PID=3240][Inst=Q Exactive][Type=warning]Boot service: MAC 00-19-99-B9-CC-49 --> 172.16.0.201
[Time=2018-04-16 18:08:42.546-05:00][Acc=25P7XG2\ExactiveUser][User=ExactiveUser][Comp=25P7XG2][App=ExactiveService][PID=3240][Inst=Q Exactive][Conn=172.16.0.201:51268][Type=warning]instrument "Q Exactive", version 0.10, address "172.16.0.201" reboots
[Time=2018-04-16 18:08:42.669-05:00][Acc=(none)][User=(none)][Comp=(none)][App=(none)][PID=-1][Inst=Q Exactive][Conn=172.16.0.201:57430][Type=logging]Loader Application starting
[Time=2018-04-16 18:08:42.671-05:00][Acc=25P7XG2\ExactiveUser][User=ExactiveUser][Comp=25P7XG2][App=ExactiveService][PID=3240][Inst=Q Exactive][Type=logging]new IRS1 client connection[172.16.0.101:6019->172.16.0.201:60038]
[Time=2018-04-16 18:08:42.884-05:00][Acc=25P7XG2\ExactiveUser][User=ExactiveUser][Comp=25P7XG2][App=ExactiveService][PID=3240][Inst=Q Exactive][Conn=TCP(IRS1:6019->Q Exactive:60038)][Type=logging]Reading ftboot1: done
[Time=2018-04-16 18:08:45.262-05:00][Acc=25P7XG2\ExactiveUser][User=ExactiveUser][Comp=25P7XG2][App=ExactiveService][PID=3240][Inst=Q Exactive][Conn=TCP(IRS1:6019->Q Exactive:60038)][Type=logging]Reading ftboot2: done
[Time=2018-04-16 18:08:46.591-05:00][Acc=25P7XG2\ExactiveUser][User=ExactiveUser][Comp=25P7XG2][App=ExactiveService][PID=3240][Inst=Q Exactive][Conn=TCP(IRS1:6019->Q Exactive:60038)][Type=logging]Reading ftboot3: done
[Time=2018-04-16 18:08:46.652-05:00][Acc=25P7XG2\ExactiveUser][User=ExactiveUser][Comp=25P7XG2][App=ExactiveService][PID=3240][Inst=Q Exactive][Conn=TCP(IRS1:6019->Q Exactive:60038)][Type=info]lost instrument request connection
[Time=2018-04-16 18:08:51.141-05:00][Acc=25P7XG2\ExactiveUser][User=ExactiveUser][Comp=25P7XG2][App=ExactiveService][PID=3240][Inst=Q Exactive][Conn=172.16.0.201:60596][Type=warning]instrument "Q Exactive", version 0.10, address "172.16.0.201" reboots
[Time=2018-04-16 18:08:51.391-05:00][Acc=(none)][User=(none)][Comp=(none)][App=(none)][PID=-1][Inst=Q Exactive][Conn=172.16.0.201:49665][Type=logging]FT Application starting
[Time=2018-04-16 18:08:51.586-05:00][Acc=25P7XG2\ExactiveUser][User=ExactiveUser][Comp=25P7XG2][App=ExactiveService][PID=3240][Inst=Q Exactive][Type=logging]new IRS1 client connection[172.16.0.101:6019->172.16.0.201:60039]
[Time=2018-04-16 18:08:51.788-05:00][Acc=25P7XG2\ExactiveUser][User=ExactiveUser][Comp=25P7XG2][App=ExactiveService][PID=3240][Inst=Q Exactive][Conn=TCP(IRS1:6019->Q Exactive:60039)][Type=logging]Reading msx_instrument_files\inst_config.cfg: done
[Time=2018-04-16 18:08:52.076-05:00][Acc=25P7XG2\ExactiveUser][User=ExactiveUser][Comp=25P7XG2][App=ExactiveService][PID=3240][Inst=Q Exactive][Conn=TCP(IRS1:6019->Q Exactive:60039)][Type=logging]Writing msx_instrument_files\inst_config.cfg: done
[Time=2018-04-16 18:08:52.084-05:00][Acc=25P7XG2\ExactiveUser][User=ExactiveUser][Comp=25P7XG2][App=ExactiveService][PID=3240][Inst=Q Exactive][Conn=TCP(IRS1:6019->Q Exactive:60039)][Type=logging]Reading msx_instrument_files\procedure_history: done
[Time=2018-04-16 18:08:52.841-05:00][Acc=25P7XG2\ExactiveUser][User=ExactiveUser][Comp=25P7XG2][App=ExactiveService][PID=3240][Inst=Q Exactive][Conn=TCP(IRS1:6019->Q Exactive:60039)][Type=logging]Reading msx_instrument_files\master_cal.mscal: done
[Time=2018-04-16 18:08:52.928-05:00][Acc=25P7XG2\ExactiveUser][User=ExactiveUser][Comp=25P7XG2][App=ExactiveService][PID=3240][Inst=Q Exactive][Conn=TCP(IRS1:6019->Q Exactive:60039)][Type=logging]Reading C:\Xcalibur\system\Exactive\Instrument\msx_instrument_files\default.mstune: File doesn't exist.
[Time=2018-04-16 18:09:01.393-05:00][Acc=25P7XG2\ExactiveUser][User=ExactiveUser][Comp=25P7XG2][App=ExactiveService][PID=3240][Inst=Q Exactive][Type=logging]new ICS1 client connection[172.16.0.101:6020->172.16.0.201:37923]
[Time=2018-04-16 18:09:01.393-05:00][Acc=25P7XG2\ExactiveUser][User=ExactiveUser][Comp=25P7XG2][App=ExactiveService][PID=3240][Inst=Q Exactive][Type=logging]new IDS1 client connection[172.16.0.101:6021->172.16.0.201:38263]
[Time=2018-04-16 18:09:01.402-05:00][Acc=25P7XG2\ExactiveUser][User=ExactiveUser][Comp=25P7XG2][App=ExactiveService][PID=3240][Inst=Q Exactive][Conn=TCP(ICS1:6020->Q Exactive:37923)][Type=logging]new control connection
[Time=2018-04-16 18:09:01.415-05:00][Acc=(none)][User=(none)][Comp=(none)][App=(none)][PID=-1][Inst=Q Exactive][Type=warning]= = = = = = = = Instrument control electronics initializing... = = = = = = = =
[Time=2018-04-16 18:09:01.415-05:00][Acc=(none)][User=(none)][Comp=(none)][App=(none)][PID=-1][Inst=Q Exactive][Type=info]Set user role to Service. Access will expire in 6 hours.
[Time=2018-04-16 18:09:01.415-05:00][Acc=(none)][User=(none)][Comp=(none)][App=(none)][PID=-1][Inst=Q Exactive][Type=warning] [Inspect/VacuumControlBoard] Unknown MSG token : 643490059 / 265ae10b.
[Time=2018-04-16 18:09:01.415-05:00][Acc=(none)][User=(none)][Comp=(none)][App=(none)][PID=-1][Inst=Q Exactive][Type=error]Get the following message for the 2nd time, will not display in future: - Error: [Inspect/VacuumControlBoard] Unknown MSG token : 643490059 / 265ae10b.
[Time=2018-04-16 18:09:01.415-05:00][Acc=(none)][User=(none)][Comp=(none)][App=(none)][PID=-1][Inst=Q Exactive][Type=error]Could not load default.mstune. (Not found)
[Time=2018-04-16 18:09:01.415-05:00][Acc=(none)][User=(none)][Comp=(none)][App=(none)][PID=-1][Inst=Q Exactive][Type=warning]No matching tune file found on data system, loading factory tune file.
[Time=2018-04-16 18:09:01.419-05:00][Acc=(none)][User=(none)][Comp=(none)][App=(none)][PID=-1][Inst=Q Exactive][Type=warning]No matching tune file found on data system, loading factory tune file.
[Time=2018-04-16 18:09:02.469-05:00][Acc=25P7XG2\Thermo Scientific][User=][Comp=25P7XG2][App=ExactiveTune][PID=5608][Inst=Q Exactive][Conn=TCP(ICS1:6020->Q Exactive:37923)][Type=logging]Calling function of TuneSelectionHead: SetSelected(-1)
[Time=2018-04-16 18:09:02.470-05:00][Acc=25P7XG2\Thermo Scientific][User=][Comp=25P7XG2][App=ExactiveTune][PID=5608][Inst=Q Exactive][Conn=TCP(ICS1:6020->Q Exactive:37923)][Type=logging]Calling function of CalibrateSelectionHead: SetSelected(-1)
[Time=2018-04-16 18:09:02.471-05:00][Acc=25P7XG2\Thermo Scientific][User=][Comp=25P7XG2][App=ExactiveTune][PID=5608][Inst=Q Exactive][Conn=TCP(ICS1:6020->Q Exactive:37923)][Type=logging]Calling function of EvaluateSelectionHead: SetSelected(-1)
[Time=2018-04-16 18:09:05.426-05:00][Acc=25P7XG2\ExactiveUser][User=ExactiveUser][Comp=25P7XG2][App=ExactiveService][PID=3240][Inst=Q Exactive][Conn=TCP(IRS1:6019->Q Exactive:60039)][Type=logging]Writing msx_instrument_files\inst_config.cfg: done
[Time=2018-04-16 18:09:05.428-05:00][Acc=25P7XG2\ExactiveUser][User=ExactiveUser][Comp=25P7XG2][App=ExactiveService][PID=3240][Inst=Q Exactive][Conn=TCP(IRS1:6019->Q Exactive:60039)][Type=logging]Writing msx_instrument_files\inst_config.cfg: done
[Time=2018-04-16 18:09:05.438-05:00][Acc=(none)][User=(none)][Comp=(none)][App=(none)][PID=-1][Inst=Q Exactive][Type=info]Set user role to Standard.License Expired.
[Time=2018-04-16 18:09:05.473-05:00][Acc=25P7XG2\ExactiveUser][User=ExactiveUser][Comp=25P7XG2][App=ExactiveService][PID=3240][Inst=Q Exactive][Conn=TCP(IRS1:6019->Q Exactive:60039)][Type=logging]Reading C:\Xcalibur\methods\methods\Dana\leafspray\NANOswitchLS45.mstune: done
[Time=2018-04-16 18:09:05.481-05:00][Acc=(none)][User=(none)][Comp=(none)][App=(none)][PID=-1][Inst=Q Exactive][Type=info]Set user role to Standard.License Expired.
[Time=2018-04-16 18:09:05.514-05:00][Acc=25P7XG2\Thermo Scientific][User=][Comp=25P7XG2][App=ExactiveTune][PID=5608][Inst=Q Exactive][Conn=TCP(ICS1:6020->Q Exactive:37923)][Type=logging]Calling function of TuneSelectionHead: SetSelected(-1)
[Time=2018-04-16 18:09:05.515-05:00][Acc=25P7XG2\Thermo Scientific][User=][Comp=25P7XG2][App=ExactiveTune][PID=5608][Inst=Q Exactive][Conn=TCP(ICS1:6020->Q Exactive:37923)][Type=logging]Calling function of CalibrateSelectionHead: SetSelected(-1)
[Time=2018-04-16 18:09:05.515-05:00][Acc=25P7XG2\Thermo Scientific][User=][Comp=25P7XG2][App=ExactiveTune][PID=5608][Inst=Q Exactive][Conn=TCP(ICS1:6020->Q Exactive:37923)][Type=logging]Calling function of EvaluateSelectionHead: SetSelected(-1)
[Time=2018-04-16 18:09:12.131-05:00][Acc=(none)][User=(none)][Comp=(none)][App=(none)][PID=-1][Inst=Q Exactive][Type=info]Instrument control electronics ready.
[Time=2018-04-16 18:09:12.139-05:00][Acc=(none)][User=(none)][Comp=(none)][App=(none)][PID=-1][Inst=Q Exactive][Type=info]Info: Vacuum System - Status - Bakeout/Cooling
[Time=2018-04-16 18:09:12.413-05:00][Acc=25P7XG2\ExactiveUser][User=ExactiveUser][Comp=25P7XG2][App=ExactiveService][PID=3240][Inst=Q Exactive][Conn=TCP(IRS1:6019->Q Exactive:60039)][Type=logging]Reading C:\Xcalibur\methods\methods\Dana\leafspray\NANOswitchLS45.mstune: done
[Time=2018-04-16 18:09:22.378-05:00][Acc=25P7XG2\ExactiveUser][User=ExactiveUser][Comp=25P7XG2][App=ExactiveService][PID=3240][Inst=Q Exactive][Conn=TCP(IRS1:6019->Q Exactive:60039)][Type=logging]Writing ..\log\InstrumentTemperature--2018-04-16.log: done
[Time=2018-04-16 18:10:54.637-05:00][Acc=(none)][User=(none)][Comp=(none)][App=(none)][PID=-1][Inst=Q Exactive][Type=error]Status-Failure: Vacuum System - High Vacuum - 9.87e-05
[Time=2018-04-16 18:10:57.191-05:00][Acc=(none)][User=(none)][Comp=(none)][App=(none)][PID=-1][Inst=Q Exactive][Type=info]Info: Vacuum System - Ultra High Vacuum - 1.66e-06
[Time=2018-04-16 18:16:02.193-05:00][Acc=(none)][User=(none)][Comp=(none)][App=(none)][PID=-1][Inst=Q Exactive][Type=error]Status-Failure: Vacuum System - High Vacuum - 9.53e-05
[Time=2018-04-16 18:17:36.303-05:00][Acc=(none)][User=(none)][Comp=(none)][App=(none)][PID=-1][Inst=Q Exactive][Type=warning]Status-Warn: Vacuum System - High Vacuum - 5.83e-05
[Time=2018-04-16 18:19:30.773-05:00][Acc=25P7XG2\Thermo Scientific][User=][Comp=25P7XG2][App=ExactiveTune][PID=5608][Inst=Q Exactive][Conn=TCP(ICS1:6020->Q Exactive:37923)][Type=info]Informing instrument about the current data system user 25P7XG2\Thermo Scientific()
[Time=2018-04-16 18:19:30.774-05:00][Acc=25P7XG2\Thermo Scientific][User=][Comp=25P7XG2][App=ExactiveTune][PID=5608][Inst=Q Exactive][Conn=TCP(ICS1:6020->Q Exactive:37923)][Type=info]Starting procedure Bakeout(780.0;1)
[Time=2018-04-16 18:19:30.777-05:00][Acc=(none)][User=(none)][Comp=(none)][App=(none)][PID=-1][Inst=Q Exactive][Type=info]= = = Running Maintenance procedure.. = = =
[Time=2018-04-16 18:19:30.785-05:00][Acc=(none)][User=(none)][Comp=(none)][App=(none)][PID=-1][Inst=Q Exactive][Type=info] 'Vacuum bakeout procedure' running ...
[Time=2018-04-16 18:19:36.341-05:00][Acc=(none)][User=(none)][Comp=(none)][App=(none)][PID=-1][Inst=Q Exactive][Type=info]Info: Vacuum System - Bakeout Status - Heating (0.0 / 13.0 h)
[Time=2018-04-16 18:24:22.387-05:00][Acc=25P7XG2\ExactiveUser][User=ExactiveUser][Comp=25P7XG2][App=ExactiveService][PID=3240][Inst=Q Exactive][Conn=TCP(IRS1:6019->Q Exactive:60039)][Type=logging]Writing ..\log\InstrumentTemperature--2018-04-16.log: done
[Time=2018-04-16 18:39:22.383-05:00][Acc=25P7XG2\ExactiveUser][User=ExactiveUser][Comp=25P7XG2][App=ExactiveService][PID=3240][Inst=Q Exactive][Conn=TCP(IRS1:6019->Q Exactive:60039)][Type=logging]Writing ..\log\InstrumentTemperature--2018-04-16.log: done
[Time=2018-04-16 18:54:22.368-05:00][Acc=25P7XG2\ExactiveUser][User=ExactiveUser][Comp=25P7XG2][App=ExactiveService][PID=3240][Inst=Q Exactive][Conn=TCP(IRS1:6019->Q Exactive:60039)][Type=logging]Writing ..\log\InstrumentTemperature--2018-04-16.log: done
[Time=2018-04-16 19:09:22.365-05:00][Acc=25P7XG2\ExactiveUser][User=ExactiveUser][Comp=25P7XG2][App=ExactiveService][PID=3240][Inst=Q Exactive][Conn=TCP(IRS1:6019->Q Exactive:60039)][Type=logging]Writing ..\log\InstrumentTemperature--2018-04-16.log: done
[Time=2018-04-16 19:24:22.362-05:00][Acc=25P7XG2\ExactiveUser][User=ExactiveUser][Comp=25P7XG2][App=ExactiveService][PID=3240][Inst=Q Exactive][Conn=TCP(IRS1:6019->Q Exactive:60039)][Type=logging]Writing ..\log\InstrumentTemperature--2018-04-16.log: done
[Time=2018-04-16 19:39:22.358-05:00][Acc=25P7XG2\ExactiveUser][User=ExactiveUser][Comp=25P7XG2][App=ExactiveService][PID=3240][Inst=Q Exactive][Conn=TCP(IRS1:6019->Q Exactive:60039)][Type=logging]Writing ..\log\InstrumentTemperature--2018-04-16.log: done
[Time=2018-04-16 19:54:22.355-05:00][Acc=25P7XG2\ExactiveUser][User=ExactiveUser][Comp=25P7XG2][App=ExactiveService][PID=3240][Inst=Q Exactive][Conn=TCP(IRS1:6019->Q Exactive:60039)][Type=logging]Writing ..\log\InstrumentTemperature--2018-04-16.log: done
[Time=2018-04-16 20:09:22.352-05:00][Acc=25P7XG2\ExactiveUser][User=ExactiveUser][Comp=25P7XG2][App=ExactiveService][PID=3240][Inst=Q Exactive][Conn=TCP(IRS1:6019->Q Exactive:60039)][Type=logging]Writing ..\log\InstrumentTemperature--2018-04-16.log: done
[Time=2018-04-16 20:24:22.349-05:00][Acc=25P7XG2\ExactiveUser][User=ExactiveUser][Comp=25P7XG2][App=ExactiveService][PID=3240][Inst=Q Exactive][Conn=TCP(IRS1:6019->Q Exactive:60039)][Type=logging]Writing ..\log\InstrumentTemperature--2018-04-16.log: done
[Time=2018-04-16 20:39:22.345-05:00][Acc=25P7XG2\ExactiveUser][User=ExactiveUser][Comp=25P7XG2][App=ExactiveService][PID=3240][Inst=Q Exactive][Conn=TCP(IRS1:6019->Q Exactive:60039)][Type=logging]Writing ..\log\InstrumentTemperature--2018-04-16.log: done
[Time=2018-04-16 20:54:22.342-05:00][Acc=25P7XG2\ExactiveUser][User=ExactiveUser][Comp=25P7XG2][App=ExactiveService][PID=3240][Inst=Q Exactive][Conn=TCP(IRS1:6019->Q Exactive:60039)][Type=logging]Writing ..\log\InstrumentTemperature--2018-04-16.log: done
[Time=2018-04-16 21:09:22.339-05:00][Acc=25P7XG2\ExactiveUser][User=ExactiveUser][Comp=25P7XG2][App=ExactiveService][PID=3240][Inst=Q Exactive][Conn=TCP(IRS1:6019->Q Exactive:60039)][Type=logging]Writing ..\log\InstrumentTemperature--2018-04-16.log: done
[Time=2018-04-16 21:24:22.335-05:00][Acc=25P7XG2\ExactiveUser][User=ExactiveUser][Comp=25P7XG2][App=ExactiveService][PID=3240][Inst=Q Exactive][Conn=TCP(IRS1:6019->Q Exactive:60039)][Type=logging]Writing ..\log\InstrumentTemperature--2018-04-16.log: done
[Time=2018-04-16 21:39:22.332-05:00][Acc=25P7XG2\ExactiveUser][User=ExactiveUser][Comp=25P7XG2][App=ExactiveService][PID=3240][Inst=Q Exactive][Conn=TCP(IRS1:6019->Q Exactive:60039)][Type=logging]Writing ..\log\InstrumentTemperature--2018-04-16.log: done
[Time=2018-04-16 21:54:22.329-05:00][Acc=25P7XG2\ExactiveUser][User=ExactiveUser][Comp=25P7XG2][App=ExactiveService][PID=3240][Inst=Q Exactive][Conn=TCP(IRS1:6019->Q Exactive:60039)][Type=logging]Writing ..\log\InstrumentTemperature--2018-04-16.log: done
[Time=2018-04-16 22:09:22.326-05:00][Acc=25P7XG2\ExactiveUser][User=ExactiveUser][Comp=25P7XG2][App=ExactiveService][PID=3240][Inst=Q Exactive][Conn=TCP(IRS1:6019->Q Exactive:60039)][Type=logging]Writing ..\log\InstrumentTemperature--2018-04-16.log: done
[Time=2018-04-16 22:24:22.322-05:00][Acc=25P7XG2\ExactiveUser][User=ExactiveUser][Comp=25P7XG2][App=ExactiveService][PID=3240][Inst=Q Exactive][Conn=TCP(IRS1:6019->Q Exactive:60039)][Type=logging]Writing ..\log\InstrumentTemperature--2018-04-16.log: done
[Time=2018-04-16 22:39:22.319-05:00][Acc=25P7XG2\ExactiveUser][User=ExactiveUser][Comp=25P7XG2][App=ExactiveService][PID=3240][Inst=Q Exactive][Conn=TCP(IRS1:6019->Q Exactive:60039)][Type=logging]Writing ..\log\InstrumentTemperature--2018-04-16.log: done
[Time=2018-04-16 22:54:22.316-05:00][Acc=25P7XG2\ExactiveUser][User=ExactiveUser][Comp=25P7XG2][App=ExactiveService][PID=3240][Inst=Q Exactive][Conn=TCP(IRS1:6019->Q Exactive:60039)][Type=logging]Writing ..\log\InstrumentTemperature--2018-04-16.log: done
[Time=2018-04-16 23:09:22.312-05:00][Acc=25P7XG2\ExactiveUser][User=ExactiveUser][Comp=25P7XG2][App=ExactiveService][PID=3240][Inst=Q Exactive][Conn=TCP(IRS1:6019->Q Exactive:60039)][Type=logging]Writing ..\log\InstrumentTemperature--2018-04-16.log: done
[Time=2018-04-16 23:24:22.309-05:00][Acc=25P7XG2\ExactiveUser][User=ExactiveUser][Comp=25P7XG2][App=ExactiveService][PID=3240][Inst=Q Exactive][Conn=TCP(IRS1:6019->Q Exactive:60039)][Type=logging]Writing ..\log\InstrumentTemperature--2018-04-16.log: done
[Time=2018-04-16 23:39:22.306-05:00][Acc=25P7XG2\ExactiveUser][User=ExactiveUser][Comp=25P7XG2][App=ExactiveService][PID=3240][Inst=Q Exactive][Conn=TCP(IRS1:6019->Q Exactive:60039)][Type=logging]Writing ..\log\InstrumentTemperature--2018-04-16.log: done
[Time=2018-04-16 23:54:22.303-05:00][Acc=25P7XG2\ExactiveUser][User=ExactiveUser][Comp=25P7XG2][App=ExactiveService][PID=3240][Inst=Q Exactive][Conn=TCP(IRS1:6019->Q Exactive:60039)][Type=logging]Writing ..\log\InstrumentTemperature--2018-04-16.log: done
[Time=2018-04-17 00:09:22.301-05:00][Acc=25P7XG2\ExactiveUser][User=ExactiveUser][Comp=25P7XG2][App=ExactiveService][PID=3240][Inst=Q Exactive][Conn=TCP(IRS1:6019->Q Exactive:60039)][Type=logging]Writing ..\log\InstrumentTemperature--2018-04-17.log: done
[Time=2018-04-17 00:24:22.296-05:00][Acc=25P7XG2\ExactiveUser][User=ExactiveUser][Comp=25P7XG2][App=ExactiveService][PID=3240][Inst=Q Exactive][Conn=TCP(IRS1:6019->Q Exactive:60039)][Type=logging]Writing ..\log\InstrumentTemperature--2018-04-17.log: done
[Time=2018-04-17 00:39:22.292-05:00][Acc=25P7XG2\ExactiveUser][User=ExactiveUser][Comp=25P7XG2][App=ExactiveService][PID=3240][Inst=Q Exactive][Conn=TCP(IRS1:6019->Q Exactive:60039)][Type=logging]Writing ..\log\InstrumentTemperature--2018-04-17.log: done
[Time=2018-04-17 00:54:22.289-05:00][Acc=25P7XG2\ExactiveUser][User=ExactiveUser][Comp=25P7XG2][App=ExactiveService][PID=3240][Inst=Q Exactive][Conn=TCP(IRS1:6019->Q Exactive:60039)][Type=logging]Writing ..\log\InstrumentTemperature--2018-04-17.log: done
[Time=2018-04-17 01:09:22.286-05:00][Acc=25P7XG2\ExactiveUser][User=ExactiveUser][Comp=25P7XG2][App=ExactiveService][PID=3240][Inst=Q Exactive][Conn=TCP(IRS1:6019->Q Exactive:60039)][Type=logging]Writing ..\log\InstrumentTemperature--2018-04-17.log: done
[Time=2018-04-17 01:24:22.283-05:00][Acc=25P7XG2\ExactiveUser][User=ExactiveUser][Comp=25P7XG2][App=ExactiveService][PID=3240][Inst=Q Exactive][Conn=TCP(IRS1:6019->Q Exactive:60039)][Type=logging]Writing ..\log\InstrumentTemperature--2018-04-17.log: done
[Time=2018-04-17 01:39:22.279-05:00][Acc=25P7XG2\ExactiveUser][User=ExactiveUser][Comp=25P7XG2][App=ExactiveService][PID=3240][Inst=Q Exactive][Conn=TCP(IRS1:6019->Q Exactive:60039)][Type=logging]Writing ..\log\InstrumentTemperature--2018-04-17.log: done
[Time=2018-04-17 01:54:22.276-05:00][Acc=25P7XG2\ExactiveUser][User=ExactiveUser][Comp=25P7XG2][App=ExactiveService][PID=3240][Inst=Q Exactive][Conn=TCP(IRS1:6019->Q Exactive:60039)][Type=logging]Writing ..\log\InstrumentTemperature--2018-04-17.log: done
[Time=2018-04-17 02:09:22.273-05:00][Acc=25P7XG2\ExactiveUser][User=ExactiveUser][Comp=25P7XG2][App=ExactiveService][PID=3240][Inst=Q Exactive][Conn=TCP(IRS1:6019->Q Exactive:60039)][Type=logging]Writing ..\log\InstrumentTemperature--2018-04-17.log: done
[Time=2018-04-17 02:24:22.270-05:00][Acc=25P7XG2\ExactiveUser][User=ExactiveUser][Comp=25P7XG2][App=ExactiveService][PID=3240][Inst=Q Exactive][Conn=TCP(IRS1:6019->Q Exactive:60039)][Type=logging]Writing ..\log\InstrumentTemperature--2018-04-17.log: done
[Time=2018-04-17 02:39:22.266-05:00][Acc=25P7XG2\ExactiveUser][User=ExactiveUser][Comp=25P7XG2][App=ExactiveService][PID=3240][Inst=Q Exactive][Conn=TCP(IRS1:6019->Q Exactive:60039)][Type=logging]Writing ..\log\InstrumentTemperature--2018-04-17.log: done
[Time=2018-04-17 02:54:22.263-05:00][Acc=25P7XG2\ExactiveUser][User=ExactiveUser][Comp=25P7XG2][App=ExactiveService][PID=3240][Inst=Q Exactive][Conn=TCP(IRS1:6019->Q Exactive:60039)][Type=logging]Writing ..\log\InstrumentTemperature--2018-04-17.log: done
[Time=2018-04-17 03:09:22.260-05:00][Acc=25P7XG2\ExactiveUser][User=ExactiveUser][Comp=25P7XG2][App=ExactiveService][PID=3240][Inst=Q Exactive][Conn=TCP(IRS1:6019->Q Exactive:60039)][Type=logging]Writing ..\log\InstrumentTemperature--2018-04-17.log: done
[Time=2018-04-17 03:24:22.256-05:00][Acc=25P7XG2\ExactiveUser][User=ExactiveUser][Comp=25P7XG2][App=ExactiveService][PID=3240][Inst=Q Exactive][Conn=TCP(IRS1:6019->Q Exactive:60039)][Type=logging]Writing ..\log\InstrumentTemperature--2018-04-17.log: done
[Time=2018-04-17 03:39:22.253-05:00][Acc=25P7XG2\ExactiveUser][User=ExactiveUser][Comp=25P7XG2][App=ExactiveService][PID=3240][Inst=Q Exactive][Conn=TCP(IRS1:6019->Q Exactive:60039)][Type=logging]Writing ..\log\InstrumentTemperature--2018-04-17.log: done
[Time=2018-04-17 03:54:22.250-05:00][Acc=25P7XG2\ExactiveUser][User=ExactiveUser][Comp=25P7XG2][App=ExactiveService][PID=3240][Inst=Q Exactive][Conn=TCP(IRS1:6019->Q Exactive:60039)][Type=logging]Writing ..\log\InstrumentTemperature--2018-04-17.log: done
[Time=2018-04-17 04:09:22.246-05:00][Acc=25P7XG2\ExactiveUser][User=ExactiveUser][Comp=25P7XG2][App=ExactiveService][PID=3240][Inst=Q Exactive][Conn=TCP(IRS1:6019->Q Exactive:60039)][Type=logging]Writing ..\log\InstrumentTemperature--2018-04-17.log: done
[Time=2018-04-17 04:24:22.243-05:00][Acc=25P7XG2\ExactiveUser][User=ExactiveUser][Comp=25P7XG2][App=ExactiveService][PID=3240][Inst=Q Exactive][Conn=TCP(IRS1:6019->Q Exactive:60039)][Type=logging]Writing ..\log\InstrumentTemperature--2018-04-17.log: done
[Time=2018-04-17 04:39:22.240-05:00][Acc=25P7XG2\ExactiveUser][User=ExactiveUser][Comp=25P7XG2][App=ExactiveService][PID=3240][Inst=Q Exactive][Conn=TCP(IRS1:6019->Q Exactive:60039)][Type=logging]Writing ..\log\InstrumentTemperature--2018-04-17.log: done
[Time=2018-04-17 04:54:22.236-05:00][Acc=25P7XG2\ExactiveUser][User=ExactiveUser][Comp=25P7XG2][App=ExactiveService][PID=3240][Inst=Q Exactive][Conn=TCP(IRS1:6019->Q Exactive:60039)][Type=logging]Writing ..\log\InstrumentTemperature--2018-04-17.log: done
[Time=2018-04-17 05:09:22.233-05:00][Acc=25P7XG2\ExactiveUser][User=ExactiveUser][Comp=25P7XG2][App=ExactiveService][PID=3240][Inst=Q Exactive][Conn=TCP(IRS1:6019->Q Exactive:60039)][Type=logging]Writing ..\log\InstrumentTemperature--2018-04-17.log: done
[Time=2018-04-17 05:24:22.230-05:00][Acc=25P7XG2\ExactiveUser][User=ExactiveUser][Comp=25P7XG2][App=ExactiveService][PID=3240][Inst=Q Exactive][Conn=TCP(IRS1:6019->Q Exactive:60039)][Type=logging]Writing ..\log\InstrumentTemperature--2018-04-17.log: done
[Time=2018-04-17 05:39:22.227-05:00][Acc=25P7XG2\ExactiveUser][User=ExactiveUser][Comp=25P7XG2][App=ExactiveService][PID=3240][Inst=Q Exactive][Conn=TCP(IRS1:6019->Q Exactive:60039)][Type=logging]Writing ..\log\InstrumentTemperature--2018-04-17.log: done
[Time=2018-04-17 05:54:22.224-05:00][Acc=25P7XG2\ExactiveUser][User=ExactiveUser][Comp=25P7XG2][App=ExactiveService][PID=3240][Inst=Q Exactive][Conn=TCP(IRS1:6019->Q Exactive:60039)][Type=logging]Writing ..\log\InstrumentTemperature--2018-04-17.log: done
[Time=2018-04-17 06:09:22.220-05:00][Acc=25P7XG2\ExactiveUser][User=ExactiveUser][Comp=25P7XG2][App=ExactiveService][PID=3240][Inst=Q Exactive][Conn=TCP(IRS1:6019->Q Exactive:60039)][Type=logging]Writing ..\log\InstrumentTemperature--2018-04-17.log: done
[Time=2018-04-17 06:24:22.217-05:00][Acc=25P7XG2\ExactiveUser][User=ExactiveUser][Comp=25P7XG2][App=ExactiveService][PID=3240][Inst=Q Exactive][Conn=TCP(IRS1:6019->Q Exactive:60039)][Type=logging]Writing ..\log\InstrumentTemperature--2018-04-17.log: done
[Time=2018-04-17 06:39:22.213-05:00][Acc=25P7XG2\ExactiveUser][User=ExactiveUser][Comp=25P7XG2][App=ExactiveService][PID=3240][Inst=Q Exactive][Conn=TCP(IRS1:6019->Q Exactive:60039)][Type=logging]Writing ..\log\InstrumentTemperature--2018-04-17.log: done
[Time=2018-04-17 06:54:22.210-05:00][Acc=25P7XG2\ExactiveUser][User=ExactiveUser][Comp=25P7XG2][App=ExactiveService][PID=3240][Inst=Q Exactive][Conn=TCP(IRS1:6019->Q Exactive:60039)][Type=logging]Writing ..\log\InstrumentTemperature--2018-04-17.log: done
[Time=2018-04-17 07:09:22.207-05:00][Acc=25P7XG2\ExactiveUser][User=ExactiveUser][Comp=25P7XG2][App=ExactiveService][PID=3240][Inst=Q Exactive][Conn=TCP(IRS1:6019->Q Exactive:60039)][Type=logging]Writing ..\log\InstrumentTemperature--2018-04-17.log: done
[Time=2018-04-17 07:24:22.204-05:00][Acc=25P7XG2\ExactiveUser][User=ExactiveUser][Comp=25P7XG2][App=ExactiveService][PID=3240][Inst=Q Exactive][Conn=TCP(IRS1:6019->Q Exactive:60039)][Type=logging]Writing ..\log\InstrumentTemperature--2018-04-17.log: done
[Time=2018-04-17 07:39:22.200-05:00][Acc=25P7XG2\ExactiveUser][User=ExactiveUser][Comp=25P7XG2][App=ExactiveService][PID=3240][Inst=Q Exactive][Conn=TCP(IRS1:6019->Q Exactive:60039)][Type=logging]Writing ..\log\InstrumentTemperature--2018-04-17.log: done
[Time=2018-04-17 07:54:22.197-05:00][Acc=25P7XG2\ExactiveUser][User=ExactiveUser][Comp=25P7XG2][App=ExactiveService][PID=3240][Inst=Q Exactive][Conn=TCP(IRS1:6019->Q Exactive:60039)][Type=logging]Writing ..\log\InstrumentTemperature--2018-04-17.log: done
[Time=2018-04-17 08:09:22.194-05:00][Acc=25P7XG2\ExactiveUser][User=ExactiveUser][Comp=25P7XG2][App=ExactiveService][PID=3240][Inst=Q Exactive][Conn=TCP(IRS1:6019->Q Exactive:60039)][Type=logging]Writing ..\log\InstrumentTemperature--2018-04-17.log: done
[Time=2018-04-17 08:24:22.191-05:00][Acc=25P7XG2\ExactiveUser][User=ExactiveUser][Comp=25P7XG2][App=ExactiveService][PID=3240][Inst=Q Exactive][Conn=TCP(IRS1:6019->Q Exactive:60039)][Type=logging]Writing ..\log\InstrumentTemperature--2018-04-17.log: done
[Time=2018-04-17 08:39:22.175-05:00][Acc=25P7XG2\ExactiveUser][User=ExactiveUser][Comp=25P7XG2][App=ExactiveService][PID=3240][Inst=Q Exactive][Conn=TCP(IRS1:6019->Q Exactive:60039)][Type=logging]Writing ..\log\InstrumentTemperature--2018-04-17.log: done
[Time=2018-04-17 08:54:22.172-05:00][Acc=25P7XG2\ExactiveUser][User=ExactiveUser][Comp=25P7XG2][App=ExactiveService][PID=3240][Inst=Q Exactive][Conn=TCP(IRS1:6019->Q Exactive:60039)][Type=logging]Writing ..\log\InstrumentTemperature--2018-04-17.log: done
[Time=2018-04-17 09:09:22.169-05:00][Acc=25P7XG2\ExactiveUser][User=ExactiveUser][Comp=25P7XG2][App=ExactiveService][PID=3240][Inst=Q Exactive][Conn=TCP(IRS1:6019->Q Exactive:60039)][Type=logging]Writing ..\log\InstrumentTemperature--2018-04-17.log: done
[Time=2018-04-17 09:20:27.953-05:00][Acc=25P7XG2\ExactiveUser][User=ExactiveUser][Comp=25P7XG2][App=ExactiveService][PID=3240][Inst=Q Exactive][Conn=TCP(IRS1:6019->Q Exactive:60039)][Type=logging]Reading C:\Xcalibur\methods\methods\Dana\leafspray\NANOswitchLS45.mstune: done
[Time=2018-04-17 09:20:31.960-05:00][Acc=25P7XG2\Thermo Scientific][User=][Comp=25P7XG2][App=ExactiveTune][PID=5608][Inst=Q Exactive][Conn=TCP(ICS1:6020->Q Exactive:37923)][Type=info]Setting instrument value UserRole to Service
[Time=2018-04-17 09:20:31.961-05:00][Acc=25P7XG2\ExactiveUser][User=ExactiveUser][Comp=25P7XG2][App=ExactiveService][PID=3240][Inst=Q Exactive][Conn=TCP(IRS1:6019->Q Exactive:60039)][Type=logging]Writing msx_instrument_files\inst_config.cfg: done
[Time=2018-04-17 09:20:31.961-05:00][Acc=(none)][User=(none)][Comp=(none)][App=(none)][PID=-1][Inst=Q Exactive][Type=info]Set user role to Service.
[Time=2018-04-17 09:20:31.963-05:00][Acc=25P7XG2\ExactiveUser][User=ExactiveUser][Comp=25P7XG2][App=ExactiveService][PID=3240][Inst=Q Exactive][Conn=TCP(IRS1:6019->Q Exactive:60039)][Type=logging]Writing msx_instrument_files\inst_config.cfg: done
[Time=2018-04-17 09:20:32.893-05:00][Acc=(none)][User=(none)][Comp=(none)][App=(none)][PID=-1][Inst=Q Exactive][Type=info]Set user role to Service.
[Time=2018-04-17 09:20:33.218-05:00][Acc=25P7XG2\Thermo Scientific][User=][Comp=25P7XG2][App=ExactiveTune][PID=5608][Inst=Q Exactive][Conn=TCP(ICS1:6020->Q Exactive:37923)][Type=logging]Calling function of TuneSelectionHead: SetSelected(-1)
[Time=2018-04-17 09:20:33.219-05:00][Acc=25P7XG2\Thermo Scientific][User=][Comp=25P7XG2][App=ExactiveTune][PID=5608][Inst=Q Exactive][Conn=TCP(ICS1:6020->Q Exactive:37923)][Type=logging]Calling function of CalibrateSelectionHead: SetSelected(-1)
[Time=2018-04-17 09:20:33.219-05:00][Acc=25P7XG2\Thermo Scientific][User=][Comp=25P7XG2][App=ExactiveTune][PID=5608][Inst=Q Exactive][Conn=TCP(ICS1:6020->Q Exactive:37923)][Type=logging]Calling function of EvaluateSelectionHead: SetSelected(-1)
[Time=2018-04-17 09:22:56.848-05:00][Acc=(none)][User=(none)][Comp=(none)][App=(none)][PID=-1][Inst=Q Exactive][Type=warning]Status-Warn: Vacuum System - Diagnose - UHV pressure
[Time=2018-04-17 09:24:22.166-05:00][Acc=25P7XG2\ExactiveUser][User=ExactiveUser][Comp=25P7XG2][App=ExactiveService][PID=3240][Inst=Q Exactive][Conn=TCP(IRS1:6019->Q Exactive:60039)][Type=logging]Writing ..\log\InstrumentTemperature--2018-04-17.log: done
[Time=2018-04-17 09:39:22.162-05:00][Acc=25P7XG2\ExactiveUser][User=ExactiveUser][Comp=25P7XG2][App=ExactiveService][PID=3240][Inst=Q Exactive][Conn=TCP(IRS1:6019->Q Exactive:60039)][Type=logging]Writing ..\log\InstrumentTemperature--2018-04-17.log: done
[Time=2018-04-17 09:50:15.678-05:00][Acc=25P7XG2\Thermo Scientific][User=][Comp=25P7XG2][App=ExactiveTune][PID=5608][Inst=Q Exactive][Conn=TCP(ICS1:6020->Q Exactive:37923)][Type=info]Informing instrument about the current data system user 25P7XG2\Thermo Scientific()
[Time=2018-04-17 09:50:15.678-05:00][Acc=25P7XG2\Thermo Scientific][User=][Comp=25P7XG2][App=ExactiveTune][PID=5608][Inst=Q Exactive][Conn=TCP(ICS1:6020->Q Exactive:37923)][Type=warning]Stopping current procedure
[Time=2018-04-17 09:50:15.682-05:00][Acc=(none)][User=(none)][Comp=(none)][App=(none)][PID=-1][Inst=Q Exactive][Type=warning]Procedure interrupted by user.
[Time=2018-04-17 09:50:15.691-05:00][Acc=25P7XG2\ExactiveUser][User=ExactiveUser][Comp=25P7XG2][App=ExactiveService][PID=3240][Inst=Q Exactive][Conn=TCP(IRS1:6019->Q Exactive:60039)][Type=logging]Writing msx_instrument_files\procedure_history: done
[Time=2018-04-17 09:50:15.700-05:00][Acc=25P7XG2\ExactiveUser][User=ExactiveUser][Comp=25P7XG2][App=ExactiveService][PID=3240][Inst=Q Exactive][Conn=TCP(IRS1:6019->Q Exactive:60039)][Type=logging]Writing Procedure_Results\Bakeout\Vacuum_bakeout_procedure\Vacuum_bakeout_procedure.data: done
[Time=2018-04-17 09:50:15.703-05:00][Acc=(none)][User=(none)][Comp=(none)][App=(none)][PID=-1][Inst=Q Exactive][Type=warning]Maintenance procedure interrupted by user.
[Time=2018-04-17 09:50:24.735-05:00][Acc=25P7XG2\Thermo Scientific][User=][Comp=25P7XG2][App=ExactiveTune][PID=5608][Inst=Q Exactive][Conn=TCP(ICS1:6020->Q Exactive:37923)][Type=info]Assuming mode Standby
[Time=2018-04-17 09:50:43.223-05:00][Acc=25P7XG2\Thermo Scientific][User=][Comp=25P7XG2][App=ExactiveTune][PID=5608][Inst=Q Exactive][Conn=TCP(ICS1:6020->Q Exactive:37923)][Type=info]Setting instrument value UserRole to Advanced
[Time=2018-04-17 09:50:43.224-05:00][Acc=25P7XG2\ExactiveUser][User=ExactiveUser][Comp=25P7XG2][App=ExactiveService][PID=3240][Inst=Q Exactive][Conn=TCP(IRS1:6019->Q Exactive:60039)][Type=logging]Writing msx_instrument_files\inst_config.cfg: done
[Time=2018-04-17 09:50:43.224-05:00][Acc=(none)][User=(none)][Comp=(none)][App=(none)][PID=-1][Inst=Q Exactive][Type=info]Set user role to Advanced.
[Time=2018-04-17 09:50:43.226-05:00][Acc=25P7XG2\ExactiveUser][User=ExactiveUser][Comp=25P7XG2][App=ExactiveService][PID=3240][Inst=Q Exactive][Conn=TCP(IRS1:6019->Q Exactive:60039)][Type=logging]Writing msx_instrument_files\inst_config.cfg: done
[Time=2018-04-17 09:50:43.318-05:00][Acc=(none)][User=(none)][Comp=(none)][App=(none)][PID=-1][Inst=Q Exactive][Type=info]Set user role to Advanced.
[Time=2018-04-17 09:50:43.396-05:00][Acc=25P7XG2\Thermo Scientific][User=][Comp=25P7XG2][App=ExactiveTune][PID=5608][Inst=Q Exactive][Conn=TCP(ICS1:6020->Q Exactive:37923)][Type=logging]Calling function of TuneSelectionHead: SetSelected(-1)
[Time=2018-04-17 09:50:43.397-05:00][Acc=25P7XG2\Thermo Scientific][User=][Comp=25P7XG2][App=ExactiveTune][PID=5608][Inst=Q Exactive][Conn=TCP(ICS1:6020->Q Exactive:37923)][Type=logging]Calling function of CalibrateSelectionHead: SetSelected(-1)
[Time=2018-04-17 09:50:43.397-05:00][Acc=25P7XG2\Thermo Scientific][User=][Comp=25P7XG2][App=ExactiveTune][PID=5608][Inst=Q Exactive][Conn=TCP(ICS1:6020->Q Exactive:37923)][Type=logging]Calling function of EvaluateSelectionHead: SetSelected(-1)
[Time=2018-04-17 09:50:50.276-05:00][Acc=25P7XG2\Thermo Scientific][User=][Comp=25P7XG2][App=ExactiveTune][PID=5608][Inst=Q Exactive][Conn=TCP(ICS1:6020->Q Exactive:37923)][Type=info]Calling function of VacuumHigh: Turn on()
[Time=2018-04-17 09:51:30.135-05:00][Acc=25P7XG2\ExactiveUser][User=ExactiveUser][Comp=25P7XG2][App=ExactiveService][PID=3240][Inst=Q Exactive][Conn=TCP(IRS1:6019->Q Exactive:60039)][Type=logging]Reading C:\Xcalibur\methods\methods\Dana\leafspray\NANOswitchLS45.mstune: done
[Time=2018-04-17 09:51:56.292-05:00][Acc=25P7XG2\Thermo Scientific][User=][Comp=25P7XG2][App=ExactiveTune][PID=5608][Inst=Q Exactive][Conn=TCP(ICS1:6020->Q Exactive:37923)][Type=info]Calling function of VacuumHigh: Turn off()
[Time=2018-04-17 09:52:00.139-05:00][Acc=25P7XG2\Thermo Scientific][User=][Comp=25P7XG2][App=ExactiveTune][PID=5608][Inst=Q Exactive][Conn=TCP(ICS1:6020->Q Exactive:37923)][Type=info]Calling function of VacuumHigh: Turn on()
[Time=2018-04-17 09:52:09.067-05:00][Acc=25P7XG2\Thermo Scientific][User=][Comp=25P7XG2][App=ExactiveTune][PID=5608][Inst=Q Exactive][Conn=TCP(ICS1:6020->Q Exactive:37923)][Type=info]Calling function of VacuumHigh: Turn off()
[Time=2018-04-17 09:52:17.995-05:00][Acc=25P7XG2\Thermo Scientific][User=][Comp=25P7XG2][App=ExactiveTune][PID=5608][Inst=Q Exactive][Conn=TCP(ICS1:6020->Q Exactive:37923)][Type=info]Calling function of VacuumHigh: Turn on()
[Time=2018-04-17 09:52:37.188-05:00][Acc=25P7XG2\Thermo Scientific][User=][Comp=25P7XG2][App=ExactiveTune][PID=5608][Inst=Q Exactive][Conn=TCP(ICS1:6020->Q Exactive:37923)][Type=info]Assuming mode On
[Time=2018-04-17 09:52:43.411-05:00][Acc=25P7XG2\Thermo Scientific][User=][Comp=25P7XG2][App=ExactiveTune][PID=5608][Inst=Q Exactive][Conn=TCP(ICS1:6020->Q Exactive:37923)][Type=info]Calling function of Syringe: Type(5.000;3.257;Hamilton)
[Time=2018-04-17 09:52:44.032-05:00][Acc=25P7XG2\Thermo Scientific][User=][Comp=25P7XG2][App=ExactiveTune][PID=5608][Inst=Q Exactive][Conn=TCP(ICS1:6020->Q Exactive:37923)][Type=info]Calling function of Syringe: State(running)
[Time=2018-04-17 09:53:14.966-05:00][Acc=25P7XG2\Thermo Scientific][User=][Comp=25P7XG2][App=ExactiveTune][PID=5608][Inst=Q Exactive][Conn=TCP(ICS1:6020->Q Exactive:37923)][Type=info]Setting instrument value SourceSheathFlowRate to 5
[Time=2018-04-17 09:53:23.176-05:00][Acc=25P7XG2\Thermo Scientific][User=][Comp=25P7XG2][App=ExactiveTune][PID=5608][Inst=Q Exactive][Conn=TCP(ICS1:6020->Q Exactive:37923)][Type=info]Loading tunefile C:\Xcalibur\methods\2018_Calibration.mstune
[Time=2018-04-17 09:53:23.240-05:00][Acc=25P7XG2\ExactiveUser][User=ExactiveUser][Comp=25P7XG2][App=ExactiveService][PID=3240][Inst=Q Exactive][Conn=TCP(IRS1:6019->Q Exactive:60039)][Type=logging]Reading C:\Xcalibur\methods\2018_Calibration.mstune: done
[Time=2018-04-17 09:54:22.232-05:00][Acc=25P7XG2\ExactiveUser][User=ExactiveUser][Comp=25P7XG2][App=ExactiveService][PID=3240][Inst=Q Exactive][Conn=TCP(IRS1:6019->Q Exactive:60039)][Type=logging]Writing ..\log\InstrumentTemperature--2018-04-17.log: done
[Time=2018-04-17 09:57:10.927-05:00][Acc=25P7XG2\Thermo Scientific][User=][Comp=25P7XG2][App=ExactiveTune][PID=5608][Inst=Q Exactive][Conn=TCP(ICS1:6020->Q Exactive:37923)][Type=info]Calling function of DefScanFragmentationHcd: SetEnergy(35;NCE)
[Time=2018-04-17 09:57:19.050-05:00][Acc=25P7XG2\Thermo Scientific][User=][Comp=25P7XG2][App=ExactiveTune][PID=5608][Inst=Q Exactive][Conn=TCP(ICS1:6020->Q Exactive:37923)][Type=info]Calling function of DefScanFragmentationHcd: SetEnergy(-35;NCE)
[Time=2018-04-17 09:57:27.715-05:00][Acc=25P7XG2\Thermo Scientific][User=][Comp=25P7XG2][App=ExactiveTune][PID=5608][Inst=Q Exactive][Conn=TCP(ICS1:6020->Q Exactive:37923)][Type=info]Setting instrument value UserRole to Service
[Time=2018-04-17 09:57:27.798-05:00][Acc=(none)][User=(none)][Comp=(none)][App=(none)][PID=-1][Inst=Q Exactive][Type=info]Set user role to Service.
[Time=2018-04-17 09:57:27.800-05:00][Acc=25P7XG2\ExactiveUser][User=ExactiveUser][Comp=25P7XG2][App=ExactiveService][PID=3240][Inst=Q Exactive][Conn=TCP(IRS1:6019->Q Exactive:60039)][Type=logging]Writing msx_instrument_files\inst_config.cfg: done
[Time=2018-04-17 09:57:27.802-05:00][Acc=25P7XG2\ExactiveUser][User=ExactiveUser][Comp=25P7XG2][App=ExactiveService][PID=3240][Inst=Q Exactive][Conn=TCP(IRS1:6019->Q Exactive:60039)][Type=logging]Writing msx_instrument_files\inst_config.cfg: done
[Time=2018-04-17 09:57:28.709-05:00][Acc=(none)][User=(none)][Comp=(none)][App=(none)][PID=-1][Inst=Q Exactive][Type=info]Set user role to Service.
[Time=2018-04-17 09:57:28.867-05:00][Acc=25P7XG2\Thermo Scientific][User=][Comp=25P7XG2][App=ExactiveTune][PID=5608][Inst=Q Exactive][Conn=TCP(ICS1:6020->Q Exactive:37923)][Type=logging]Calling function of TuneSelectionHead: SetSelected(-1)
[Time=2018-04-17 09:57:28.867-05:00][Acc=25P7XG2\Thermo Scientific][User=][Comp=25P7XG2][App=ExactiveTune][PID=5608][Inst=Q Exactive][Conn=TCP(ICS1:6020->Q Exactive:37923)][Type=logging]Calling function of CalibrateSelectionHead: SetSelected(-1)
[Time=2018-04-17 09:57:28.868-05:00][Acc=25P7XG2\Thermo Scientific][User=][Comp=25P7XG2][App=ExactiveTune][PID=5608][Inst=Q Exactive][Conn=TCP(ICS1:6020->Q Exactive:37923)][Type=logging]Calling function of EvaluateSelectionHead: SetSelected(-1)
[Time=2018-04-17 09:57:31.665-05:00][Acc=25P7XG2\Thermo Scientific][User=][Comp=25P7XG2][App=ExactiveTune][PID=5608][Inst=Q Exactive][Conn=TCP(ICS1:6020->Q Exactive:37923)][Type=logging]Calling function of C-Trap Charge Detection Scaling (pos): SetSelected(0)
[Time=2018-04-17 09:57:31.665-05:00][Acc=25P7XG2\Thermo Scientific][User=][Comp=25P7XG2][App=ExactiveTune][PID=5608][Inst=Q Exactive][Conn=TCP(ICS1:6020->Q Exactive:37923)][Type=logging]Calling function of Mass Resolution dep. Test (pos): SetSelected(0)
[Time=2018-04-17 09:57:31.666-05:00][Acc=25P7XG2\Thermo Scientific][User=][Comp=25P7XG2][App=ExactiveTune][PID=5608][Inst=Q Exactive][Conn=TCP(ICS1:6020->Q Exactive:37923)][Type=logging]Calling function of Mass RF Amp. dep. Test (pos): SetSelected(0)
[Time=2018-04-17 09:57:31.666-05:00][Acc=25P7XG2\Thermo Scientific][User=][Comp=25P7XG2][App=ExactiveTune][PID=5608][Inst=Q Exactive][Conn=TCP(ICS1:6020->Q Exactive:37923)][Type=logging]Calling function of Mass Space Charge dep. Test (pos): SetSelected(0)
[Time=2018-04-17 09:57:31.667-05:00][Acc=25P7XG2\Thermo Scientific][User=][Comp=25P7XG2][App=ExactiveTune][PID=5608][Inst=Q Exactive][Conn=TCP(ICS1:6020->Q Exactive:37923)][Type=logging]Calling function of Analyzer Accuracy (pos) check: SetSelected(0)
[Time=2018-04-17 09:57:31.667-05:00][Acc=25P7XG2\Thermo Scientific][User=][Comp=25P7XG2][App=ExactiveTune][PID=5608][Inst=Q Exactive][Conn=TCP(ICS1:6020->Q Exactive:37923)][Type=logging]Calling function of eFT Phase Check (pos): SetSelected(0)
[Time=2018-04-17 09:57:31.668-05:00][Acc=25P7XG2\Thermo Scientific][User=][Comp=25P7XG2][App=ExactiveTune][PID=5608][Inst=Q Exactive][Conn=TCP(ICS1:6020->Q Exactive:37923)][Type=logging]Calling function of eFT Match Check (pos): SetSelected(0)
[Time=2018-04-17 09:57:31.668-05:00][Acc=25P7XG2\Thermo Scientific][User=][Comp=25P7XG2][App=ExactiveTune][PID=5608][Inst=Q Exactive][Conn=TCP(ICS1:6020->Q Exactive:37923)][Type=logging]Calling function of eFT RF Dependency Check (pos): SetSelected(0)
[Time=2018-04-17 09:57:31.669-05:00][Acc=25P7XG2\Thermo Scientific][User=][Comp=25P7XG2][App=ExactiveTune][PID=5608][Inst=Q Exactive][Conn=TCP(ICS1:6020->Q Exactive:37923)][Type=logging]Calling function of eFT Res Dependency Check (pos): SetSelected(0)
[Time=2018-04-17 09:57:31.669-05:00][Acc=25P7XG2\Thermo Scientific][User=][Comp=25P7XG2][App=ExactiveTune][PID=5608][Inst=Q Exactive][Conn=TCP(ICS1:6020->Q Exactive:37923)][Type=logging]Calling function of eFT Target Dependency Check (pos): SetSelected(0)
[Time=2018-04-17 09:57:31.670-05:00][Acc=25P7XG2\Thermo Scientific][User=][Comp=25P7XG2][App=ExactiveTune][PID=5608][Inst=Q Exactive][Conn=TCP(ICS1:6020->Q Exactive:37923)][Type=logging]Calling function of eFT Time Dependency Check (pos): SetSelected(0)
[Time=2018-04-17 09:57:31.670-05:00][Acc=25P7XG2\Thermo Scientific][User=][Comp=25P7XG2][App=ExactiveTune][PID=5608][Inst=Q Exactive][Conn=TCP(ICS1:6020->Q Exactive:37923)][Type=logging]Calling function of eFT HV Offset Dependency Check (pos): SetSelected(0)
[Time=2018-04-17 09:57:31.671-05:00][Acc=25P7XG2\Thermo Scientific][User=][Comp=25P7XG2][App=ExactiveTune][PID=5608][Inst=Q Exactive][Conn=TCP(ICS1:6020->Q Exactive:37923)][Type=logging]Calling function of eFT DE Measure Dependency Check (pos): SetSelected(0)
[Time=2018-04-17 09:57:31.671-05:00][Acc=25P7XG2\Thermo Scientific][User=][Comp=25P7XG2][App=ExactiveTune][PID=5608][Inst=Q Exactive][Conn=TCP(ICS1:6020->Q Exactive:37923)][Type=logging]Calling function of eFT first det mass Dependency Check (pos): SetSelected(0)
[Time=2018-04-17 09:57:31.671-05:00][Acc=25P7XG2\Thermo Scientific][User=][Comp=25P7XG2][App=ExactiveTune][PID=5608][Inst=Q Exactive][Conn=TCP(ICS1:6020->Q Exactive:37923)][Type=logging]Calling function of eFT first iso mass Dependency Check (pos): SetSelected(0)
[Time=2018-04-17 09:57:31.672-05:00][Acc=25P7XG2\Thermo Scientific][User=][Comp=25P7XG2][App=ExactiveTune][PID=5608][Inst=Q Exactive][Conn=TCP(ICS1:6020->Q Exactive:37923)][Type=logging]Calling function of eFT Hardware Checks (pos: SetSelected(0)
[Time=2018-04-17 09:57:31.672-05:00][Acc=25P7XG2\Thermo Scientific][User=][Comp=25P7XG2][App=ExactiveTune][PID=5608][Inst=Q Exactive][Conn=TCP(ICS1:6020->Q Exactive:37923)][Type=logging]Calling function of eFT Parameter (pos) check: SetSelected(0)
[Time=2018-04-17 09:57:31.673-05:00][Acc=25P7XG2\Thermo Scientific][User=][Comp=25P7XG2][App=ExactiveTune][PID=5608][Inst=Q Exactive][Conn=TCP(ICS1:6020->Q Exactive:37923)][Type=logging]Calling function of Base Evaluation (pos): SetSelected(0)
[Time=2018-04-17 09:57:31.673-05:00][Acc=25P7XG2\Thermo Scientific][User=][Comp=25P7XG2][App=ExactiveTune][PID=5608][Inst=Q Exactive][Conn=TCP(ICS1:6020->Q Exactive:37923)][Type=logging]Calling function of Iso Mass/Res. Eval.: SetSelected(0)
[Time=2018-04-17 09:57:31.674-05:00][Acc=25P7XG2\Thermo Scientific][User=][Comp=25P7XG2][App=ExactiveTune][PID=5608][Inst=Q Exactive][Conn=TCP(ICS1:6020->Q Exactive:37923)][Type=logging]Calling function of Q Transmission Evaluation: SetSelected(0)
[Time=2018-04-17 09:57:31.674-05:00][Acc=25P7XG2\Thermo Scientific][User=][Comp=25P7XG2][App=ExactiveTune][PID=5608][Inst=Q Exactive][Conn=TCP(ICS1:6020->Q Exactive:37923)][Type=logging]Calling function of Isolation Evaluation (pos): SetSelected(0)
[Time=2018-04-17 09:57:31.674-05:00][Acc=25P7XG2\Thermo Scientific][User=][Comp=25P7XG2][App=ExactiveTune][PID=5608][Inst=Q Exactive][Conn=TCP(ICS1:6020->Q Exactive:37923)][Type=logging]Calling function of Spectral Mass Accuracy Test (pos): SetSelected(0)
[Time=2018-04-17 09:57:31.675-05:00][Acc=25P7XG2\Thermo Scientific][User=][Comp=25P7XG2][App=ExactiveTune][PID=5608][Inst=Q Exactive][Conn=TCP(ICS1:6020->Q Exactive:37923)][Type=logging]Calling function of Mass Check (pos): SetSelected(0)
[Time=2018-04-17 09:57:31.675-05:00][Acc=25P7XG2\Thermo Scientific][User=][Comp=25P7XG2][App=ExactiveTune][PID=5608][Inst=Q Exactive][Conn=TCP(ICS1:6020->Q Exactive:37923)][Type=logging]Calling function of Positive Ion Evaluation: SetSelected(0)
[Time=2018-04-17 09:57:35.056-05:00][Acc=25P7XG2\Thermo Scientific][User=][Comp=25P7XG2][App=ExactiveTune][PID=5608][Inst=Q Exactive][Conn=TCP(ICS1:6020->Q Exactive:37923)][Type=logging]Calling function of HCD evaluation: SetSelected(1)
[Time=2018-04-17 09:57:36.401-05:00][Acc=25P7XG2\Thermo Scientific][User=][Comp=25P7XG2][App=ExactiveTune][PID=5608][Inst=Q Exactive][Conn=TCP(ICS1:6020->Q Exactive:37923)][Type=info]Informing instrument about the current data system user 25P7XG2\Thermo Scientific()
[Time=2018-04-17 09:57:36.401-05:00][Acc=25P7XG2\Thermo Scientific][User=][Comp=25P7XG2][App=ExactiveTune][PID=5608][Inst=Q Exactive][Conn=TCP(ICS1:6020->Q Exactive:37923)][Type=info]Starting procedure Evaluate()
[Time=2018-04-17 09:57:36.446-05:00][Acc=(none)][User=(none)][Comp=(none)][App=(none)][PID=-1][Inst=Q Exactive][Type=info]= = = Running Evaluation.. = = =
[Time=2018-04-17 09:57:36.449-05:00][Acc=(none)][User=(none)][Comp=(none)][App=(none)][PID=-1][Inst=Q Exactive][Type=info] 'Quadrupole RF Frequency' running ...
[Time=2018-04-17 09:57:42.711-05:00][Acc=(none)][User=(none)][Comp=(none)][App=(none)][PID=-1][Inst=Q Exactive][Type=info] 'Quadrupole RF Frequency' Ok: 858.73 / 858.87kHz, w=3.4kHz, m=0.7%
[Time=2018-04-17 09:57:42.719-05:00][Acc=25P7XG2\ExactiveUser][User=ExactiveUser][Comp=25P7XG2][App=ExactiveService][PID=3240][Inst=Q Exactive][Conn=TCP(IRS1:6019->Q Exactive:60039)][Type=logging]Writing msx_instrument_files\procedure_history: done
[Time=2018-04-17 09:57:42.720-05:00][Acc=25P7XG2\ExactiveUser][User=ExactiveUser][Comp=25P7XG2][App=ExactiveService][PID=3240][Inst=Q Exactive][Conn=TCP(IRS1:6019->Q Exactive:60039)][Type=logging]Writing Procedure_Results\Evaluate\Extra_Evaluation\Electronics\Quadrupole_RF_Frequency\Quadrupole_RF_Frequency.data: done
[Time=2018-04-17 09:57:42.721-05:00][Acc=(none)][User=(none)][Comp=(none)][App=(none)][PID=-1][Inst=Q Exactive][Type=info] 'Flatapole RF' running ...
[Time=2018-04-17 09:57:44.722-05:00][Acc=(none)][User=(none)][Comp=(none)][App=(none)][PID=-1][Inst=Q Exactive][Type=info]3.206 MHz / 250.0 Vpp at Setpoint 250.0
[Time=2018-04-17 09:57:46.722-05:00][Acc=(none)][User=(none)][Comp=(none)][App=(none)][PID=-1][Inst=Q Exactive][Type=info]3.209 MHz / 498.9 Vpp at Setpoint 500.0
[Time=2018-04-17 09:57:48.722-05:00][Acc=(none)][User=(none)][Comp=(none)][App=(none)][PID=-1][Inst=Q Exactive][Type=info]3.209 MHz / 748.7 Vpp at Setpoint 750.0
[Time=2018-04-17 09:57:48.727-05:00][Acc=(none)][User=(none)][Comp=(none)][App=(none)][PID=-1][Inst=Q Exactive][Type=info] 'Flatapole RF' Ok: 3.21/3.21MHz, 749Vpp
[Time=2018-04-17 09:57:48.735-05:00][Acc=25P7XG2\ExactiveUser][User=ExactiveUser][Comp=25P7XG2][App=ExactiveService][PID=3240][Inst=Q Exactive][Conn=TCP(IRS1:6019->Q Exactive:60039)][Type=logging]Writing msx_instrument_files\procedure_history: done
[Time=2018-04-17 09:57:48.735-05:00][Acc=25P7XG2\ExactiveUser][User=ExactiveUser][Comp=25P7XG2][App=ExactiveService][PID=3240][Inst=Q Exactive][Conn=TCP(IRS1:6019->Q Exactive:60039)][Type=logging]Writing Procedure_Results\Evaluate\Extra_Evaluation\Electronics\Flatapole_RF\Flatapole_RF.data: done
[Time=2018-04-17 09:57:48.737-05:00][Acc=(none)][User=(none)][Comp=(none)][App=(none)][PID=-1][Inst=Q Exactive][Type=info] 'HCD RF' running ...
[Time=2018-04-17 09:57:50.737-05:00][Acc=(none)][User=(none)][Comp=(none)][App=(none)][PID=-1][Inst=Q Exactive][Type=info]2.741 MHz / 241.6 Vpp at Setpoint 250.0
[Time=2018-04-17 09:57:52.738-05:00][Acc=(none)][User=(none)][Comp=(none)][App=(none)][PID=-1][Inst=Q Exactive][Type=info]2.740 MHz / 483.7 Vpp at Setpoint 500.0
[Time=2018-04-17 09:57:54.738-05:00][Acc=(none)][User=(none)][Comp=(none)][App=(none)][PID=-1][Inst=Q Exactive][Type=info]2.738 MHz / 715.7 Vpp at Setpoint 750.0
[Time=2018-04-17 09:57:54.746-05:00][Acc=(none)][User=(none)][Comp=(none)][App=(none)][PID=-1][Inst=Q Exactive][Type=info] 'HCD RF' Ok: 2.74/2.74MHz, 716Vpp
[Time=2018-04-17 09:57:54.751-05:00][Acc=25P7XG2\ExactiveUser][User=ExactiveUser][Comp=25P7XG2][App=ExactiveService][PID=3240][Inst=Q Exactive][Conn=TCP(IRS1:6019->Q Exactive:60039)][Type=logging]Writing msx_instrument_files\procedure_history: done
[Time=2018-04-17 09:57:54.751-05:00][Acc=25P7XG2\ExactiveUser][User=ExactiveUser][Comp=25P7XG2][App=ExactiveService][PID=3240][Inst=Q Exactive][Conn=TCP(IRS1:6019->Q Exactive:60039)][Type=logging]Writing Procedure_Results\Evaluate\Extra_Evaluation\Electronics\HCD_RF\HCD_RF.data: done
[Time=2018-04-17 09:57:54.755-05:00][Acc=(none)][User=(none)][Comp=(none)][App=(none)][PID=-1][Inst=Q Exactive][Type=info] 'HCD evaluation' running ...
[Time=2018-04-17 09:58:04.063-05:00][Acc=(none)][User=(none)][Comp=(none)][App=(none)][PID=-1][Inst=Q Exactive][Type=info]PASSED: HCD TIC ratio of m/z 524.26 value 79.287 is OK - Acceptance range [30 .. 250]
[Time=2018-04-17 09:58:04.063-05:00][Acc=(none)][User=(none)][Comp=(none)][App=(none)][PID=-1][Inst=Q Exactive][Type=info]PASSED: HCD - C-Trap ratio of m/z 524.26 value 106.330 is OK - Acceptance range [70 .. 250]
[Time=2018-04-17 09:58:04.063-05:00][Acc=(none)][User=(none)][Comp=(none)][App=(none)][PID=-1][Inst=Q Exactive][Type=info]PASSED: HCD TIC ratio of m/z 1522.00 value 61.347 is OK - Acceptance range [30 .. 250]
[Time=2018-04-17 09:58:04.063-05:00][Acc=(none)][User=(none)][Comp=(none)][App=(none)][PID=-1][Inst=Q Exactive][Type=info]PASSED: HCD - C-Trap ratio of m/z 1522.00 value 133.836 is OK - Acceptance range [70 .. 250]
[Time=2018-04-17 09:58:04.076-05:00][Acc=25P7XG2\ExactiveUser][User=ExactiveUser][Comp=25P7XG2][App=ExactiveService][PID=3240][Inst=Q Exactive][Conn=TCP(IRS1:6019->Q Exactive:60039)][Type=logging]Writing msx_instrument_files\procedure_history: done
[Time=2018-04-17 09:58:04.077-05:00][Acc=25P7XG2\ExactiveUser][User=ExactiveUser][Comp=25P7XG2][App=ExactiveService][PID=3240][Inst=Q Exactive][Conn=TCP(IRS1:6019->Q Exactive:60039)][Type=logging]Writing Procedure_Results\Evaluate\Diagnostics_ServiceSupport\HCD_evaluation\HCD_evaluation.data: done
[Time=2018-04-17 09:58:04.085-05:00][Acc=25P7XG2\ExactiveUser][User=ExactiveUser][Comp=25P7XG2][App=ExactiveService][PID=3240][Inst=Q Exactive][Conn=TCP(IRS1:6019->Q Exactive:60039)][Type=logging]Writing reports\temp\plot_0.txt: done
[Time=2018-04-17 09:58:04.088-05:00][Acc=(none)][User=(none)][Comp=(none)][App=(none)][PID=-1][Inst=Q Exactive][Type=info] 'HCD evaluation' Ok: passed.
[Time=2018-04-17 09:58:04.089-05:00][Acc=25P7XG2\ExactiveUser][User=ExactiveUser][Comp=25P7XG2][App=ExactiveService][PID=3240][Inst=Q Exactive][Conn=TCP(IRS1:6019->Q Exactive:60039)][Type=logging]Convert request:  inputmodel="GraphTxtV1" outputmodel="Image" inputpath="reports\temp\plot_0.txt" outputpath="reports\temp\plot_0.png"
[Time=2018-04-17 09:58:04.091-05:00][Acc=25P7XG2\ExactiveUser][User=ExactiveUser][Comp=25P7XG2][App=ExactiveService][PID=3240][Inst=Q Exactive][Conn=TCP(IRS1:6019->Q Exactive:60039)][Type=logging]Writing reports\temp\report_template.txt: done
[Time=2018-04-17 09:58:04.190-05:00][Acc=25P7XG2\ExactiveUser][User=ExactiveUser][Comp=25P7XG2][App=ExactiveService][PID=3240][Inst=Q Exactive][Conn=TCP(IRS1:6019->Q Exactive:60039)][Type=logging]Convert request:  inputmodel="CellXmlv1" outputmodel="Pdf" inputpath="reports\temp\report_template.txt" outputpath="reports\001999B9CC49_Evaluation_2018-04-17_09-57-35.pdf"
[Time=2018-04-17 09:58:04.191-05:00][Acc=(none)][User=(none)][Comp=(none)][App=(none)][PID=-1][Inst=Q Exactive][Type=info]Evaluation successful.
[Time=2018-04-17 09:58:05.078-05:00][Acc=25P7XG2\ExactiveUser][User=ExactiveUser][Comp=25P7XG2][App=ExactiveService][PID=3240][Type=info]Document C:\Xcalibur\system\Exactive\Instrument\reports\001999B9CC49_Evaluation_2018-04-17_09-57-35.pdf generated.
[Time=2018-04-17 09:58:08.571-05:00][Acc=25P7XG2\Thermo Scientific][User=][Comp=25P7XG2][App=ExactiveTune][PID=5608][Inst=Q Exactive][Conn=TCP(ICS1:6020->Q Exactive:37923)][Type=info]Calling function of UserDialog: UserButtonClick(OK)
[Time=2018-04-17 09:59:31.262-05:00][Acc=25P7XG2\Thermo Scientific][User=][Comp=25P7XG2][App=ExactiveTune][PID=5608][Inst=Q Exactive][Conn=TCP(ICS1:6020->Q Exactive:37923)][Type=info]Calling function of VacuumHigh: Turn off()
[Time=2018-04-17 09:59:37.932-05:00][Acc=25P7XG2\Thermo Scientific][User=][Comp=25P7XG2][App=ExactiveTune][PID=5608][Inst=Q Exactive][Conn=TCP(ICS1:6020->Q Exactive:37923)][Type=logging]Calling function of HCD evaluation: SetSelected(0)
[Time=2018-04-17 10:00:55.646-05:00][Acc=25P7XG2\Thermo Scientific][User=][Comp=25P7XG2][App=ExactiveTune][PID=5608][Inst=Q Exactive][Conn=TCP(ICS1:6020->Q Exactive:37923)][Type=info]Assuming mode Standby
[Time=2018-04-17 10:01:19.615-05:00][Acc=25P7XG2\ExactiveUser][User=ExactiveUser][Comp=25P7XG2][App=ExactiveService][PID=3240][Inst=Q Exactive][Conn=TCP(IRS1:6019->Q Exactive:60039)][Type=warning]reading data: A connection attempt failed because the connected party did not properly respond after a period of time, or established connection failed because connected host has failed to respond
[Time=2018-04-17 10:01:19.896-05:00][Acc=25P7XG2\Thermo Scientific][User=][Comp=25P7XG2][App=ExactiveTune][PID=5608][Inst=Q Exactive][Conn=TCP(ICS1:6020->Q Exactive:37923)][Type=logging]Calling function of TuneSelectionHead: SetSelected(-1)
[Time=2018-04-17 10:01:19.896-05:00][Acc=25P7XG2\Thermo Scientific][User=][Comp=25P7XG2][App=ExactiveTune][PID=5608][Inst=Q Exactive][Conn=TCP(ICS1:6020->Q Exactive:37923)][Type=logging]Calling function of CalibrateSelectionHead: SetSelected(-1)
[Time=2018-04-17 10:01:19.897-05:00][Acc=25P7XG2\Thermo Scientific][User=][Comp=25P7XG2][App=ExactiveTune][PID=5608][Inst=Q Exactive][Conn=TCP(ICS1:6020->Q Exactive:37923)][Type=logging]Calling function of EvaluateSelectionHead: SetSelected(-1)
[Time=2018-04-17 10:01:21.081-05:00][Acc=25P7XG2\ExactiveUser][User=ExactiveUser][Comp=25P7XG2][App=ExactiveService][PID=3240][Inst=Q Exactive][Conn=TCP(IDS1:6021->Q Exactive:38263)][Type=warning]reading data: A connection attempt failed because the connected party did not properly respond after a period of time, or established connection failed because connected host has failed to respond
[Time=2018-04-17 10:01:23.312-05:00][Acc=25P7XG2\ExactiveUser][User=ExactiveUser][Comp=25P7XG2][App=ExactiveService][PID=3240][Inst=Q Exactive][Conn=TCP(ICS1:6020->Q Exactive:37923)][Type=warning]sending data: An existing connection was forcibly closed by the remote host
[Time=2018-04-17 10:01:23.314-05:00][Acc=25P7XG2\ExactiveUser][User=ExactiveUser][Comp=25P7XG2][App=ExactiveService][PID=3240][Inst=Q Exactive][Type=logging]new control connection
[Time=2018-04-17 13:22:17.446-05:00][Acc=25P7XG2\ExactiveUser][User=ExactiveUser][Comp=25P7XG2][App=ExactiveService][PID=3240][Inst=Q Exactive][Type=warning]Boot service: MAC 00-19-99-B9-CC-49 --> 172.16.0.201
[Time=2018-04-17 13:22:17.449-05:00][Acc=25P7XG2\ExactiveUser][User=ExactiveUser][Comp=25P7XG2][App=ExactiveService][PID=3240][Inst=Q Exactive][Conn=172.16.0.201:60478][Type=warning]instrument "Q Exactive", version 0.10, address "172.16.0.201" reboots
[Time=2018-04-17 13:22:17.574-05:00][Acc=(none)][User=(none)][Comp=(none)][App=(none)][PID=-1][Inst=Q Exactive][Conn=172.16.0.201:60680][Type=logging]Loader Application starting
[Time=2018-04-17 13:22:17.575-05:00][Acc=25P7XG2\ExactiveUser][User=ExactiveUser][Comp=25P7XG2][App=ExactiveService][PID=3240][Inst=Q Exactive][Type=logging]new IRS1 client connection[172.16.0.101:6019->172.16.0.201:45609]
[Time=2018-04-17 13:22:17.790-05:00][Acc=25P7XG2\ExactiveUser][User=ExactiveUser][Comp=25P7XG2][App=ExactiveService][PID=3240][Inst=Q Exactive][Conn=TCP(IRS1:6019->Q Exactive:45609)][Type=logging]Reading ftboot1: done
[Time=2018-04-17 13:22:20.168-05:00][Acc=25P7XG2\ExactiveUser][User=ExactiveUser][Comp=25P7XG2][App=ExactiveService][PID=3240][Inst=Q Exactive][Conn=TCP(IRS1:6019->Q Exactive:45609)][Type=logging]Reading ftboot2: done
[Time=2018-04-17 13:22:21.495-05:00][Acc=25P7XG2\ExactiveUser][User=ExactiveUser][Comp=25P7XG2][App=ExactiveService][PID=3240][Inst=Q Exactive][Conn=TCP(IRS1:6019->Q Exactive:45609)][Type=logging]Reading ftboot3: done
[Time=2018-04-17 13:22:21.554-05:00][Acc=25P7XG2\ExactiveUser][User=ExactiveUser][Comp=25P7XG2][App=ExactiveService][PID=3240][Inst=Q Exactive][Conn=TCP(IRS1:6019->Q Exactive:45609)][Type=info]lost instrument request connection
[Time=2018-04-17 13:22:26.045-05:00][Acc=25P7XG2\ExactiveUser][User=ExactiveUser][Comp=25P7XG2][App=ExactiveService][PID=3240][Inst=Q Exactive][Conn=172.16.0.201:44738][Type=warning]instrument "Q Exactive", version 0.10, address "172.16.0.201" reboots
[Time=2018-04-17 13:22:26.295-05:00][Acc=(none)][User=(none)][Comp=(none)][App=(none)][PID=-1][Inst=Q Exactive][Conn=172.16.0.201:48649][Type=logging]FT Application starting
[Time=2018-04-17 13:22:26.491-05:00][Acc=25P7XG2\ExactiveUser][User=ExactiveUser][Comp=25P7XG2][App=ExactiveService][PID=3240][Inst=Q Exactive][Type=logging]new IRS1 client connection[172.16.0.101:6019->172.16.0.201:45610]
[Time=2018-04-17 13:22:26.694-05:00][Acc=25P7XG2\ExactiveUser][User=ExactiveUser][Comp=25P7XG2][App=ExactiveService][PID=3240][Inst=Q Exactive][Conn=TCP(IRS1:6019->Q Exactive:45610)][Type=logging]Reading msx_instrument_files\inst_config.cfg: done
[Time=2018-04-17 13:22:26.980-05:00][Acc=25P7XG2\ExactiveUser][User=ExactiveUser][Comp=25P7XG2][App=ExactiveService][PID=3240][Inst=Q Exactive][Conn=TCP(IRS1:6019->Q Exactive:45610)][Type=logging]Writing msx_instrument_files\inst_config.cfg: done
[Time=2018-04-17 13:22:26.986-05:00][Acc=25P7XG2\ExactiveUser][User=ExactiveUser][Comp=25P7XG2][App=ExactiveService][PID=3240][Inst=Q Exactive][Conn=TCP(IRS1:6019->Q Exactive:45610)][Type=logging]Reading msx_instrument_files\procedure_history: done
[Time=2018-04-17 13:22:27.760-05:00][Acc=25P7XG2\ExactiveUser][User=ExactiveUser][Comp=25P7XG2][App=ExactiveService][PID=3240][Inst=Q Exactive][Conn=TCP(IRS1:6019->Q Exactive:45610)][Type=logging]Reading msx_instrument_files\master_cal.mscal: done
[Time=2018-04-17 13:22:27.847-05:00][Acc=25P7XG2\ExactiveUser][User=ExactiveUser][Comp=25P7XG2][App=ExactiveService][PID=3240][Inst=Q Exactive][Conn=TCP(IRS1:6019->Q Exactive:45610)][Type=logging]Reading C:\Xcalibur\system\Exactive\Instrument\msx_instrument_files\default.mstune: File doesn't exist.
[Time=2018-04-17 13:22:36.297-05:00][Acc=25P7XG2\ExactiveUser][User=ExactiveUser][Comp=25P7XG2][App=ExactiveService][PID=3240][Inst=Q Exactive][Type=logging]new ICS1 client connection[172.16.0.101:6020->172.16.0.201:34220]
[Time=2018-04-17 13:22:36.297-05:00][Acc=25P7XG2\ExactiveUser][User=ExactiveUser][Comp=25P7XG2][App=ExactiveService][PID=3240][Inst=Q Exactive][Type=logging]new IDS1 client connection[172.16.0.101:6021->172.16.0.201:37612]
[Time=2018-04-17 13:22:36.301-05:00][Acc=25P7XG2\ExactiveUser][User=ExactiveUser][Comp=25P7XG2][App=ExactiveService][PID=3240][Inst=Q Exactive][Conn=TCP(ICS1:6020->Q Exactive:34220)][Type=logging]new control connection
[Time=2018-04-17 13:22:36.303-05:00][Acc=(none)][User=(none)][Comp=(none)][App=(none)][PID=-1][Inst=Q Exactive][Type=warning]= = = = = = = = Instrument control electronics initializing... = = = = = = = =
[Time=2018-04-17 13:22:36.304-05:00][Acc=(none)][User=(none)][Comp=(none)][App=(none)][PID=-1][Inst=Q Exactive][Type=info]Set user role to Service. Access will expire in 5 hours.
[Time=2018-04-17 13:22:36.304-05:00][Acc=(none)][User=(none)][Comp=(none)][App=(none)][PID=-1][Inst=Q Exactive][Type=warning] [Inspect/VacuumControlBoard] Unknown MSG token : 52 / 34.
[Time=2018-04-17 13:22:36.304-05:00][Acc=(none)][User=(none)][Comp=(none)][App=(none)][PID=-1][Inst=Q Exactive][Type=error]Get the following message for the 2nd time, will not display in future: - Error: [Inspect/VacuumControlBoard] Unknown MSG token : 52 / 34.
[Time=2018-04-17 13:22:36.304-05:00][Acc=(none)][User=(none)][Comp=(none)][App=(none)][PID=-1][Inst=Q Exactive][Type=warning] [Inspect/VacuumControlBoard] Unknown MSG token : 3400 / d48.
[Time=2018-04-17 13:22:36.304-05:00][Acc=(none)][User=(none)][Comp=(none)][App=(none)][PID=-1][Inst=Q Exactive][Type=warning] [Inspect/VacuumControlBoard] Unknown MSG token : 735050102 / 2bcff976.
[Time=2018-04-17 13:22:36.304-05:00][Acc=(none)][User=(none)][Comp=(none)][App=(none)][PID=-1][Inst=Q Exactive][Type=error]Could not load default.mstune. (Not found)
[Time=2018-04-17 13:22:36.306-05:00][Acc=(none)][User=(none)][Comp=(none)][App=(none)][PID=-1][Inst=Q Exactive][Type=warning]No matching tune file found on data system, loading factory tune file.
[Time=2018-04-17 13:22:37.112-05:00][Acc=25P7XG2\Thermo Scientific][User=][Comp=25P7XG2][App=ExactiveTune][PID=5608][Inst=Q Exactive][Conn=TCP(ICS1:6020->Q Exactive:34220)][Type=logging]Calling function of TuneSelectionHead: SetSelected(-1)
[Time=2018-04-17 13:22:37.113-05:00][Acc=25P7XG2\Thermo Scientific][User=][Comp=25P7XG2][App=ExactiveTune][PID=5608][Inst=Q Exactive][Conn=TCP(ICS1:6020->Q Exactive:34220)][Type=logging]Calling function of CalibrateSelectionHead: SetSelected(-1)
[Time=2018-04-17 13:22:37.113-05:00][Acc=25P7XG2\Thermo Scientific][User=][Comp=25P7XG2][App=ExactiveTune][PID=5608][Inst=Q Exactive][Conn=TCP(ICS1:6020->Q Exactive:34220)][Type=logging]Calling function of EvaluateSelectionHead: SetSelected(-1)
[Time=2018-04-17 13:22:40.332-05:00][Acc=25P7XG2\ExactiveUser][User=ExactiveUser][Comp=25P7XG2][App=ExactiveService][PID=3240][Inst=Q Exactive][Conn=TCP(IRS1:6019->Q Exactive:45610)][Type=logging]Writing msx_instrument_files\inst_config.cfg: done
[Time=2018-04-17 13:22:46.965-05:00][Acc=(none)][User=(none)][Comp=(none)][App=(none)][PID=-1][Inst=Q Exactive][Type=info]Instrument control electronics ready.
[Time=2018-04-17 13:22:46.974-05:00][Acc=(none)][User=(none)][Comp=(none)][App=(none)][PID=-1][Inst=Q Exactive][Type=info]Info: Vacuum System - Status - Bakeout/Cooling
[Time=2018-04-17 13:22:47.331-05:00][Acc=25P7XG2\ExactiveUser][User=ExactiveUser][Comp=25P7XG2][App=ExactiveService][PID=3240][Inst=Q Exactive][Conn=TCP(IRS1:6019->Q Exactive:45610)][Type=logging]Reading C:\Xcalibur\methods\methods\Dana\leafspray\NANOswitchLS45.mstune: done
[Time=2018-04-17 13:22:57.216-05:00][Acc=25P7XG2\ExactiveUser][User=ExactiveUser][Comp=25P7XG2][App=ExactiveService][PID=3240][Inst=Q Exactive][Conn=TCP(IRS1:6019->Q Exactive:45610)][Type=logging]Writing ..\log\InstrumentTemperature--2018-04-17.log: done
[Time=2018-04-17 13:22:57.297-05:00][Acc=(none)][User=(none)][Comp=(none)][App=(none)][PID=-1][Inst=Q Exactive][Type=warning]Status-Warn: Vacuum System - High Vacuum - 4.59e-05
[Time=2018-04-17 13:23:48.664-05:00][Acc=25P7XG2\Thermo Scientific][User=][Comp=25P7XG2][App=ExactiveTune][PID=5608][Inst=Q Exactive][Conn=TCP(ICS1:6020->Q Exactive:34220)][Type=info]Setting instrument value UserRole to Advanced
[Time=2018-04-17 13:23:48.665-05:00][Acc=25P7XG2\ExactiveUser][User=ExactiveUser][Comp=25P7XG2][App=ExactiveService][PID=3240][Inst=Q Exactive][Conn=TCP(IRS1:6019->Q Exactive:45610)][Type=logging]Writing msx_instrument_files\inst_config.cfg: done
[Time=2018-04-17 13:23:48.666-05:00][Acc=(none)][User=(none)][Comp=(none)][App=(none)][PID=-1][Inst=Q Exactive][Type=info]Set user role to Advanced.
[Time=2018-04-17 13:23:48.667-05:00][Acc=25P7XG2\ExactiveUser][User=ExactiveUser][Comp=25P7XG2][App=ExactiveService][PID=3240][Inst=Q Exactive][Conn=TCP(IRS1:6019->Q Exactive:45610)][Type=logging]Writing msx_instrument_files\inst_config.cfg: done
[Time=2018-04-17 13:23:48.754-05:00][Acc=(none)][User=(none)][Comp=(none)][App=(none)][PID=-1][Inst=Q Exactive][Type=info]Set user role to Advanced.
[Time=2018-04-17 13:23:48.831-05:00][Acc=25P7XG2\Thermo Scientific][User=][Comp=25P7XG2][App=ExactiveTune][PID=5608][Inst=Q Exactive][Conn=TCP(ICS1:6020->Q Exactive:34220)][Type=logging]Calling function of TuneSelectionHead: SetSelected(-1)
[Time=2018-04-17 13:23:48.832-05:00][Acc=25P7XG2\Thermo Scientific][User=][Comp=25P7XG2][App=ExactiveTune][PID=5608][Inst=Q Exactive][Conn=TCP(ICS1:6020->Q Exactive:34220)][Type=logging]Calling function of CalibrateSelectionHead: SetSelected(-1)
[Time=2018-04-17 13:23:48.832-05:00][Acc=25P7XG2\Thermo Scientific][User=][Comp=25P7XG2][App=ExactiveTune][PID=5608][Inst=Q Exactive][Conn=TCP(ICS1:6020->Q Exactive:34220)][Type=logging]Calling function of EvaluateSelectionHead: SetSelected(-1)
[Time=2018-04-17 13:24:10.790-05:00][Acc=25P7XG2\ExactiveUser][User=ExactiveUser][Comp=25P7XG2][App=ExactiveService][PID=3240][Type=info]Application connection lost to 80ec9b5f-900f-43ab-b2ba-0ea76758d032 assigned id 2: 25P7XG2\Thermo Scientific() from 25P7XG2.ExactiveTune(5608)
[Time=2018-04-17 13:24:19.350-05:00][Acc=25P7XG2\ExactiveUser][User=ExactiveUser][Comp=25P7XG2][App=ExactiveService][PID=3240][Inst=Q Exactive][Conn=TCP(ICS1:6020->Q Exactive:34220)][Type=info]lost instrument control connection
[Time=2018-04-17 13:24:19.391-05:00][Acc=25P7XG2\ExactiveUser][User=ExactiveUser][Comp=25P7XG2][App=ExactiveService][PID=3240][Inst=Q Exactive][Type=logging]new control connection
[Time=2018-04-17 13:24:19.352-05:00][Acc=25P7XG2\ExactiveUser][User=ExactiveUser][Comp=25P7XG2][App=ExactiveService][PID=3240][Inst=Q Exactive][Conn=TCP(IDS1:6021->Q Exactive:37612)][Type=info]lost instrument data connection
[Time=2018-04-17 13:24:19.352-05:00][Acc=25P7XG2\ExactiveUser][User=ExactiveUser][Comp=25P7XG2][App=ExactiveService][PID=3240][Inst=Q Exactive][Conn=TCP(IRS1:6019->Q Exactive:45610)][Type=info]lost instrument request connection
[Time=2018-04-17 13:24:19.353-05:00][Acc=25P7XG2\ExactiveUser][User=ExactiveUser][Comp=25P7XG2][App=ExactiveService][PID=3240][Inst=Q Exactive][Type=info]communication thread stopped
