[Time=2018-04-13 03:31:19.327-05:00][Acc=25P7XG2\ExactiveUser][User=ExactiveUser][Comp=25P7XG2][App=ExactiveService][PID=1860][Inst=Q Exactive][Type=logging]core server thread 18 started
[Time=2018-04-13 03:31:19.369-05:00][Acc=25P7XG2\ExactiveUser][User=ExactiveUser][Comp=25P7XG2][App=ExactiveService][PID=1860][Inst=Q Exactive][Type=logging]using {ExactiveService, Version=2.8.1.2806, Culture=neutral, PublicKeyToken=afdcd0a06562c881, "C:\Xcalibur\system\Exactive\bin\ExactiveService.exe"", Release"}; {ExactiveManager, Version=2.8.1.2806, Culture=neutral, PublicKeyToken=afdcd0a06562c881, "C:\Windows\assembly\GAC_MSIL\ExactiveManager\2.8.1.2806__afdcd0a06562c881\ExactiveManager.dll"", Release"}; {ThermoFisher.Foundation.IO, Version=3.1.94.0, Culture=neutral, PublicKeyToken=7336a1ad73b8d604, "C:\Windows\Microsoft.Net\assembly\GAC_32\ThermoFisher.Foundation.IO\v4.0_3.1.94.0__7336a1ad73b8d604\ThermoFisher.Foundation.IO.dll"", "}; {Exactive, Version=2.8.1.2806, Culture=neutral, PublicKeyToken=afdcd0a06562c881, "C:\Windows\assembly\GAC_MSIL\Exactive\2.8.1.2806__afdcd0a06562c881\Exactive.dll"", Release"}; {mscorlib, Version=4.0.0.0, Culture=neutral, PublicKeyToken=b77a5c561934e089, "C:\Windows\Microsoft.NET\Framework\v4.0.30319\mscorlib.dll"", "}
[Time=2018-04-13 03:31:19.269-05:00][Acc=25P7XG2\ExactiveUser][User=ExactiveUser][Comp=25P7XG2][App=ExactiveService][PID=1860][Inst=Q Exactive][Type=logging]IoNode for Q Exactive created
[Time=2018-04-13 03:31:19.271-05:00][Acc=25P7XG2\ExactiveUser][User=ExactiveUser][Comp=25P7XG2][App=ExactiveService][PID=1860][Inst=Q Exactive][Type=logging]communication thread 16 started
[Time=2018-04-13 03:31:19.349-05:00][Acc=25P7XG2\ExactiveUser][User=ExactiveUser][Comp=25P7XG2][App=ExactiveService][PID=1860][Type=info]Boot service: using address range: 172.16.0.201
[Time=2018-04-13 03:31:19.351-05:00][Acc=25P7XG2\ExactiveUser][User=ExactiveUser][Comp=25P7XG2][App=ExactiveService][PID=1860][Type=logging]Client programs may access using ipc://Exactive_Service_1860/T2S
[Time=2018-04-13 03:31:19.378-05:00][Acc=25P7XG2\ExactiveUser][User=ExactiveUser][Comp=25P7XG2][App=ExactiveService][PID=1860][Inst=Q Exactive][Type=logging]instrument request server thread 21 started
[Time=2018-04-13 03:31:19.379-05:00][Acc=25P7XG2\ExactiveUser][User=ExactiveUser][Comp=25P7XG2][App=ExactiveService][PID=1860][Inst=Q Exactive][Type=logging]instrument control server thread 22 started
[Time=2018-04-13 03:31:19.388-05:00][Acc=25P7XG2\ExactiveUser][User=ExactiveUser][Comp=25P7XG2][App=ExactiveService][PID=1860][Inst=Q Exactive][Type=logging]instrument data server thread 23 started
[Time=2018-04-13 03:31:19.397-05:00][Acc=25P7XG2\ExactiveUser][User=ExactiveUser][Comp=25P7XG2][App=ExactiveService][PID=1860][Inst=Q Exactive][Type=logging]new Urgent client connection[0.0.0.0:6018->255.255.255.255:0]
[Time=2018-04-13 03:31:19.400-05:00][Acc=25P7XG2\ExactiveUser][User=ExactiveUser][Comp=25P7XG2][App=ExactiveService][PID=1860][Inst=Q Exactive][Type=logging]new IRS1 server connection[0.0.0.0:6019->255.255.255.255:0]
[Time=2018-04-13 03:31:19.401-05:00][Acc=25P7XG2\ExactiveUser][User=ExactiveUser][Comp=25P7XG2][App=ExactiveService][PID=1860][Inst=Q Exactive][Type=logging]new ICS1 server connection[0.0.0.0:6020->255.255.255.255:0]
[Time=2018-04-13 03:31:19.401-05:00][Acc=25P7XG2\ExactiveUser][User=ExactiveUser][Comp=25P7XG2][App=ExactiveService][PID=1860][Inst=Q Exactive][Type=logging]new IDS1 server connection[0.0.0.0:6021->255.255.255.255:0]
[Time=2018-04-13 03:31:19.518-05:00][Acc=25P7XG2\ExactiveUser][User=ExactiveUser][Comp=25P7XG2][App=ExactiveService][PID=1860][Inst=Q Exactive][Type=logging]new ICS1 client connection[172.16.0.101:6020->172.16.0.201:46467]
[Time=2018-04-13 03:31:19.530-05:00][Acc=25P7XG2\ExactiveUser][User=ExactiveUser][Comp=25P7XG2][App=ExactiveService][PID=1860][Inst=Q Exactive][Conn=TCP(ICS1:6020->Q Exactive:46467)][Type=logging]new control connection
[Time=2018-04-13 03:31:21.887-05:00][Acc=25P7XG2\ExactiveUser][User=ExactiveUser][Comp=25P7XG2][App=ExactiveService][PID=1860][Inst=Q Exactive][Type=logging]new IDS1 client connection[172.16.0.101:6021->172.16.0.201:51673]
[Time=2018-04-13 03:32:11.431-05:00][Acc=25P7XG2\Xcalibur_System][User=Xcalibur_System][Comp=25P7XG2][App=ThermoFisher.Foundation.AcquisitionService][PID=3040][Type=info]New application as feb02ed3-d935-4f8f-8c49-7a0d6162f9f1 assigned id 1: 25P7XG2\Xcalibur_System(Xcalibur_System) from 25P7XG2.ThermoFisher.Foundation.AcquisitionService(3040)
[Time=2018-04-13 03:32:11.557-05:00][Acc=25P7XG2\Xcalibur_System][User=Xcalibur_System][Comp=25P7XG2][App=ThermoFisher.Foundation.AcquisitionService][PID=3040][Inst=Q Exactive][Type=logging]Executing service command for Q Exactive: Thermo.Prometheus.Manager.Remoting.GetInstrumentProperties
[Time=2018-04-13 03:32:11.558-05:00][Acc=25P7XG2\Xcalibur_System][User=Xcalibur_System][Comp=25P7XG2][App=ThermoFisher.Foundation.AcquisitionService][PID=3040][Inst=Q Exactive][Type=logging]Executing service command for Q Exactive: Thermo.Prometheus.Manager.Remoting.GetInstrumentProperties
[Time=2018-04-13 03:32:15.717-05:00][Acc=25P7XG2\Xcalibur_System][User=Xcalibur_System][Comp=25P7XG2][App=ThermoFisher.Foundation.AcquisitionService][PID=3040][Inst=Q Exactive][Conn=TCP(ICS1:6020->Q Exactive:46467)][Type=info]Initializing instrument
[Time=2018-04-13 03:42:24.702-05:00][Acc=25P7XG2\ExactiveUser][User=ExactiveUser][Comp=25P7XG2][App=ExactiveService][PID=1860][Inst=Q Exactive][Type=logging]new IRS1 client connection[172.16.0.101:6019->172.16.0.201:57488]
[Time=2018-04-13 03:42:24.938-05:00][Acc=25P7XG2\ExactiveUser][User=ExactiveUser][Comp=25P7XG2][App=ExactiveService][PID=1860][Inst=Q Exactive][Conn=TCP(IRS1:6019->Q Exactive:57488)][Type=logging]Writing ..\log\InstrumentTemperature--2018-04-13.log: done
[Time=2018-04-13 03:57:24.499-05:00][Acc=25P7XG2\ExactiveUser][User=ExactiveUser][Comp=25P7XG2][App=ExactiveService][PID=1860][Inst=Q Exactive][Conn=TCP(IRS1:6019->Q Exactive:57488)][Type=logging]Writing ..\log\InstrumentTemperature--2018-04-13.log: done
[Time=2018-04-13 04:12:24.495-05:00][Acc=25P7XG2\ExactiveUser][User=ExactiveUser][Comp=25P7XG2][App=ExactiveService][PID=1860][Inst=Q Exactive][Conn=TCP(IRS1:6019->Q Exactive:57488)][Type=logging]Writing ..\log\InstrumentTemperature--2018-04-13.log: done
[Time=2018-04-13 04:27:24.491-05:00][Acc=25P7XG2\ExactiveUser][User=ExactiveUser][Comp=25P7XG2][App=ExactiveService][PID=1860][Inst=Q Exactive][Conn=TCP(IRS1:6019->Q Exactive:57488)][Type=logging]Writing ..\log\InstrumentTemperature--2018-04-13.log: done
[Time=2018-04-13 04:42:24.488-05:00][Acc=25P7XG2\ExactiveUser][User=ExactiveUser][Comp=25P7XG2][App=ExactiveService][PID=1860][Inst=Q Exactive][Conn=TCP(IRS1:6019->Q Exactive:57488)][Type=logging]Writing ..\log\InstrumentTemperature--2018-04-13.log: done
[Time=2018-04-13 04:57:24.485-05:00][Acc=25P7XG2\ExactiveUser][User=ExactiveUser][Comp=25P7XG2][App=ExactiveService][PID=1860][Inst=Q Exactive][Conn=TCP(IRS1:6019->Q Exactive:57488)][Type=logging]Writing ..\log\InstrumentTemperature--2018-04-13.log: done
[Time=2018-04-13 05:12:24.482-05:00][Acc=25P7XG2\ExactiveUser][User=ExactiveUser][Comp=25P7XG2][App=ExactiveService][PID=1860][Inst=Q Exactive][Conn=TCP(IRS1:6019->Q Exactive:57488)][Type=logging]Writing ..\log\InstrumentTemperature--2018-04-13.log: done
[Time=2018-04-13 05:27:24.479-05:00][Acc=25P7XG2\ExactiveUser][User=ExactiveUser][Comp=25P7XG2][App=ExactiveService][PID=1860][Inst=Q Exactive][Conn=TCP(IRS1:6019->Q Exactive:57488)][Type=logging]Writing ..\log\InstrumentTemperature--2018-04-13.log: done
[Time=2018-04-13 05:42:24.475-05:00][Acc=25P7XG2\ExactiveUser][User=ExactiveUser][Comp=25P7XG2][App=ExactiveService][PID=1860][Inst=Q Exactive][Conn=TCP(IRS1:6019->Q Exactive:57488)][Type=logging]Writing ..\log\InstrumentTemperature--2018-04-13.log: done
[Time=2018-04-13 05:57:24.472-05:00][Acc=25P7XG2\ExactiveUser][User=ExactiveUser][Comp=25P7XG2][App=ExactiveService][PID=1860][Inst=Q Exactive][Conn=TCP(IRS1:6019->Q Exactive:57488)][Type=logging]Writing ..\log\InstrumentTemperature--2018-04-13.log: done
[Time=2018-04-13 06:12:24.468-05:00][Acc=25P7XG2\ExactiveUser][User=ExactiveUser][Comp=25P7XG2][App=ExactiveService][PID=1860][Inst=Q Exactive][Conn=TCP(IRS1:6019->Q Exactive:57488)][Type=logging]Writing ..\log\InstrumentTemperature--2018-04-13.log: done
[Time=2018-04-13 06:27:24.465-05:00][Acc=25P7XG2\ExactiveUser][User=ExactiveUser][Comp=25P7XG2][App=ExactiveService][PID=1860][Inst=Q Exactive][Conn=TCP(IRS1:6019->Q Exactive:57488)][Type=logging]Writing ..\log\InstrumentTemperature--2018-04-13.log: done
[Time=2018-04-13 06:42:24.462-05:00][Acc=25P7XG2\ExactiveUser][User=ExactiveUser][Comp=25P7XG2][App=ExactiveService][PID=1860][Inst=Q Exactive][Conn=TCP(IRS1:6019->Q Exactive:57488)][Type=logging]Writing ..\log\InstrumentTemperature--2018-04-13.log: done
[Time=2018-04-13 06:57:24.459-05:00][Acc=25P7XG2\ExactiveUser][User=ExactiveUser][Comp=25P7XG2][App=ExactiveService][PID=1860][Inst=Q Exactive][Conn=TCP(IRS1:6019->Q Exactive:57488)][Type=logging]Writing ..\log\InstrumentTemperature--2018-04-13.log: done
[Time=2018-04-13 07:12:24.456-05:00][Acc=25P7XG2\ExactiveUser][User=ExactiveUser][Comp=25P7XG2][App=ExactiveService][PID=1860][Inst=Q Exactive][Conn=TCP(IRS1:6019->Q Exactive:57488)][Type=logging]Writing ..\log\InstrumentTemperature--2018-04-13.log: done
[Time=2018-04-13 07:27:24.452-05:00][Acc=25P7XG2\ExactiveUser][User=ExactiveUser][Comp=25P7XG2][App=ExactiveService][PID=1860][Inst=Q Exactive][Conn=TCP(IRS1:6019->Q Exactive:57488)][Type=logging]Writing ..\log\InstrumentTemperature--2018-04-13.log: done
[Time=2018-04-13 07:42:24.449-05:00][Acc=25P7XG2\ExactiveUser][User=ExactiveUser][Comp=25P7XG2][App=ExactiveService][PID=1860][Inst=Q Exactive][Conn=TCP(IRS1:6019->Q Exactive:57488)][Type=logging]Writing ..\log\InstrumentTemperature--2018-04-13.log: done
[Time=2018-04-13 07:57:24.446-05:00][Acc=25P7XG2\ExactiveUser][User=ExactiveUser][Comp=25P7XG2][App=ExactiveService][PID=1860][Inst=Q Exactive][Conn=TCP(IRS1:6019->Q Exactive:57488)][Type=logging]Writing ..\log\InstrumentTemperature--2018-04-13.log: done
[Time=2018-04-13 08:12:24.442-05:00][Acc=25P7XG2\ExactiveUser][User=ExactiveUser][Comp=25P7XG2][App=ExactiveService][PID=1860][Inst=Q Exactive][Conn=TCP(IRS1:6019->Q Exactive:57488)][Type=logging]Writing ..\log\InstrumentTemperature--2018-04-13.log: done
[Time=2018-04-13 08:27:16.181-05:00][Acc=25P7XG2\Thermo Scientific][User=][Comp=25P7XG2][App=ExactiveTune][PID=4884][Type=info]New application as a963ed44-4dc9-4b3f-b3e9-1daeedeb5681 assigned id 2: 25P7XG2\Thermo Scientific() from 25P7XG2.ExactiveTune(4884)
[Time=2018-04-13 08:27:21.076-05:00][Acc=25P7XG2\ExactiveUser][User=ExactiveUser][Comp=25P7XG2][App=ExactiveService][PID=1860][Inst=Q Exactive][Conn=TCP(IRS1:6019->Q Exactive:57488)][Type=logging]Reading C:\Xcalibur\methods\methods\Dana\leafspray\NANOswitchLS45.mstune: done
[Time=2018-04-13 08:27:24.439-05:00][Acc=25P7XG2\ExactiveUser][User=ExactiveUser][Comp=25P7XG2][App=ExactiveService][PID=1860][Inst=Q Exactive][Conn=TCP(IRS1:6019->Q Exactive:57488)][Type=logging]Writing ..\log\InstrumentTemperature--2018-04-13.log: done
[Time=2018-04-13 08:42:24.436-05:00][Acc=25P7XG2\ExactiveUser][User=ExactiveUser][Comp=25P7XG2][App=ExactiveService][PID=1860][Inst=Q Exactive][Conn=TCP(IRS1:6019->Q Exactive:57488)][Type=logging]Writing ..\log\InstrumentTemperature--2018-04-13.log: done
[Time=2018-04-13 08:57:24.432-05:00][Acc=25P7XG2\ExactiveUser][User=ExactiveUser][Comp=25P7XG2][App=ExactiveService][PID=1860][Inst=Q Exactive][Conn=TCP(IRS1:6019->Q Exactive:57488)][Type=logging]Writing ..\log\InstrumentTemperature--2018-04-13.log: done
[Time=2018-04-13 09:12:24.429-05:00][Acc=25P7XG2\ExactiveUser][User=ExactiveUser][Comp=25P7XG2][App=ExactiveService][PID=1860][Inst=Q Exactive][Conn=TCP(IRS1:6019->Q Exactive:57488)][Type=logging]Writing ..\log\InstrumentTemperature--2018-04-13.log: done
[Time=2018-04-13 09:27:24.426-05:00][Acc=25P7XG2\ExactiveUser][User=ExactiveUser][Comp=25P7XG2][App=ExactiveService][PID=1860][Inst=Q Exactive][Conn=TCP(IRS1:6019->Q Exactive:57488)][Type=logging]Writing ..\log\InstrumentTemperature--2018-04-13.log: done
[Time=2018-04-13 09:42:24.422-05:00][Acc=25P7XG2\ExactiveUser][User=ExactiveUser][Comp=25P7XG2][App=ExactiveService][PID=1860][Inst=Q Exactive][Conn=TCP(IRS1:6019->Q Exactive:57488)][Type=logging]Writing ..\log\InstrumentTemperature--2018-04-13.log: done
[Time=2018-04-13 09:57:24.419-05:00][Acc=25P7XG2\ExactiveUser][User=ExactiveUser][Comp=25P7XG2][App=ExactiveService][PID=1860][Inst=Q Exactive][Conn=TCP(IRS1:6019->Q Exactive:57488)][Type=logging]Writing ..\log\InstrumentTemperature--2018-04-13.log: done
[Time=2018-04-13 10:12:24.416-05:00][Acc=25P7XG2\ExactiveUser][User=ExactiveUser][Comp=25P7XG2][App=ExactiveService][PID=1860][Inst=Q Exactive][Conn=TCP(IRS1:6019->Q Exactive:57488)][Type=logging]Writing ..\log\InstrumentTemperature--2018-04-13.log: done
[Time=2018-04-13 10:27:24.412-05:00][Acc=25P7XG2\ExactiveUser][User=ExactiveUser][Comp=25P7XG2][App=ExactiveService][PID=1860][Inst=Q Exactive][Conn=TCP(IRS1:6019->Q Exactive:57488)][Type=logging]Writing ..\log\InstrumentTemperature--2018-04-13.log: done
[Time=2018-04-13 10:42:24.409-05:00][Acc=25P7XG2\ExactiveUser][User=ExactiveUser][Comp=25P7XG2][App=ExactiveService][PID=1860][Inst=Q Exactive][Conn=TCP(IRS1:6019->Q Exactive:57488)][Type=logging]Writing ..\log\InstrumentTemperature--2018-04-13.log: done
[Time=2018-04-13 10:57:24.405-05:00][Acc=25P7XG2\ExactiveUser][User=ExactiveUser][Comp=25P7XG2][App=ExactiveService][PID=1860][Inst=Q Exactive][Conn=TCP(IRS1:6019->Q Exactive:57488)][Type=logging]Writing ..\log\InstrumentTemperature--2018-04-13.log: done
[Time=2018-04-13 11:12:24.402-05:00][Acc=25P7XG2\ExactiveUser][User=ExactiveUser][Comp=25P7XG2][App=ExactiveService][PID=1860][Inst=Q Exactive][Conn=TCP(IRS1:6019->Q Exactive:57488)][Type=logging]Writing ..\log\InstrumentTemperature--2018-04-13.log: done
[Time=2018-04-13 11:27:24.398-05:00][Acc=25P7XG2\ExactiveUser][User=ExactiveUser][Comp=25P7XG2][App=ExactiveService][PID=1860][Inst=Q Exactive][Conn=TCP(IRS1:6019->Q Exactive:57488)][Type=logging]Writing ..\log\InstrumentTemperature--2018-04-13.log: done
[Time=2018-04-13 11:42:24.395-05:00][Acc=25P7XG2\ExactiveUser][User=ExactiveUser][Comp=25P7XG2][App=ExactiveService][PID=1860][Inst=Q Exactive][Conn=TCP(IRS1:6019->Q Exactive:57488)][Type=logging]Writing ..\log\InstrumentTemperature--2018-04-13.log: done
[Time=2018-04-13 11:57:24.391-05:00][Acc=25P7XG2\ExactiveUser][User=ExactiveUser][Comp=25P7XG2][App=ExactiveService][PID=1860][Inst=Q Exactive][Conn=TCP(IRS1:6019->Q Exactive:57488)][Type=logging]Writing ..\log\InstrumentTemperature--2018-04-13.log: done
[Time=2018-04-13 12:12:24.388-05:00][Acc=25P7XG2\ExactiveUser][User=ExactiveUser][Comp=25P7XG2][App=ExactiveService][PID=1860][Inst=Q Exactive][Conn=TCP(IRS1:6019->Q Exactive:57488)][Type=logging]Writing ..\log\InstrumentTemperature--2018-04-13.log: done
[Time=2018-04-13 12:27:24.384-05:00][Acc=25P7XG2\ExactiveUser][User=ExactiveUser][Comp=25P7XG2][App=ExactiveService][PID=1860][Inst=Q Exactive][Conn=TCP(IRS1:6019->Q Exactive:57488)][Type=logging]Writing ..\log\InstrumentTemperature--2018-04-13.log: done
[Time=2018-04-13 12:42:24.380-05:00][Acc=25P7XG2\ExactiveUser][User=ExactiveUser][Comp=25P7XG2][App=ExactiveService][PID=1860][Inst=Q Exactive][Conn=TCP(IRS1:6019->Q Exactive:57488)][Type=logging]Writing ..\log\InstrumentTemperature--2018-04-13.log: done
[Time=2018-04-13 12:57:24.377-05:00][Acc=25P7XG2\ExactiveUser][User=ExactiveUser][Comp=25P7XG2][App=ExactiveService][PID=1860][Inst=Q Exactive][Conn=TCP(IRS1:6019->Q Exactive:57488)][Type=logging]Writing ..\log\InstrumentTemperature--2018-04-13.log: done
[Time=2018-04-13 13:12:24.369-05:00][Acc=25P7XG2\ExactiveUser][User=ExactiveUser][Comp=25P7XG2][App=ExactiveService][PID=1860][Inst=Q Exactive][Conn=TCP(IRS1:6019->Q Exactive:57488)][Type=logging]Writing ..\log\InstrumentTemperature--2018-04-13.log: done
[Time=2018-04-13 13:27:24.367-05:00][Acc=25P7XG2\ExactiveUser][User=ExactiveUser][Comp=25P7XG2][App=ExactiveService][PID=1860][Inst=Q Exactive][Conn=TCP(IRS1:6019->Q Exactive:57488)][Type=logging]Writing ..\log\InstrumentTemperature--2018-04-13.log: done
[Time=2018-04-13 13:42:24.363-05:00][Acc=25P7XG2\ExactiveUser][User=ExactiveUser][Comp=25P7XG2][App=ExactiveService][PID=1860][Inst=Q Exactive][Conn=TCP(IRS1:6019->Q Exactive:57488)][Type=logging]Writing ..\log\InstrumentTemperature--2018-04-13.log: done
[Time=2018-04-13 13:57:24.360-05:00][Acc=25P7XG2\ExactiveUser][User=ExactiveUser][Comp=25P7XG2][App=ExactiveService][PID=1860][Inst=Q Exactive][Conn=TCP(IRS1:6019->Q Exactive:57488)][Type=logging]Writing ..\log\InstrumentTemperature--2018-04-13.log: done
[Time=2018-04-13 14:12:24.356-05:00][Acc=25P7XG2\ExactiveUser][User=ExactiveUser][Comp=25P7XG2][App=ExactiveService][PID=1860][Inst=Q Exactive][Conn=TCP(IRS1:6019->Q Exactive:57488)][Type=logging]Writing ..\log\InstrumentTemperature--2018-04-13.log: done
[Time=2018-04-13 14:27:24.353-05:00][Acc=25P7XG2\ExactiveUser][User=ExactiveUser][Comp=25P7XG2][App=ExactiveService][PID=1860][Inst=Q Exactive][Conn=TCP(IRS1:6019->Q Exactive:57488)][Type=logging]Writing ..\log\InstrumentTemperature--2018-04-13.log: done
[Time=2018-04-13 14:42:24.349-05:00][Acc=25P7XG2\ExactiveUser][User=ExactiveUser][Comp=25P7XG2][App=ExactiveService][PID=1860][Inst=Q Exactive][Conn=TCP(IRS1:6019->Q Exactive:57488)][Type=logging]Writing ..\log\InstrumentTemperature--2018-04-13.log: done
[Time=2018-04-13 14:57:24.346-05:00][Acc=25P7XG2\ExactiveUser][User=ExactiveUser][Comp=25P7XG2][App=ExactiveService][PID=1860][Inst=Q Exactive][Conn=TCP(IRS1:6019->Q Exactive:57488)][Type=logging]Writing ..\log\InstrumentTemperature--2018-04-13.log: done
[Time=2018-04-13 15:12:24.342-05:00][Acc=25P7XG2\ExactiveUser][User=ExactiveUser][Comp=25P7XG2][App=ExactiveService][PID=1860][Inst=Q Exactive][Conn=TCP(IRS1:6019->Q Exactive:57488)][Type=logging]Writing ..\log\InstrumentTemperature--2018-04-13.log: done
[Time=2018-04-13 15:27:24.338-05:00][Acc=25P7XG2\ExactiveUser][User=ExactiveUser][Comp=25P7XG2][App=ExactiveService][PID=1860][Inst=Q Exactive][Conn=TCP(IRS1:6019->Q Exactive:57488)][Type=logging]Writing ..\log\InstrumentTemperature--2018-04-13.log: done
[Time=2018-04-13 15:42:24.335-05:00][Acc=25P7XG2\ExactiveUser][User=ExactiveUser][Comp=25P7XG2][App=ExactiveService][PID=1860][Inst=Q Exactive][Conn=TCP(IRS1:6019->Q Exactive:57488)][Type=logging]Writing ..\log\InstrumentTemperature--2018-04-13.log: done
[Time=2018-04-13 15:57:24.331-05:00][Acc=25P7XG2\ExactiveUser][User=ExactiveUser][Comp=25P7XG2][App=ExactiveService][PID=1860][Inst=Q Exactive][Conn=TCP(IRS1:6019->Q Exactive:57488)][Type=logging]Writing ..\log\InstrumentTemperature--2018-04-13.log: done
[Time=2018-04-13 16:12:24.327-05:00][Acc=25P7XG2\ExactiveUser][User=ExactiveUser][Comp=25P7XG2][App=ExactiveService][PID=1860][Inst=Q Exactive][Conn=TCP(IRS1:6019->Q Exactive:57488)][Type=logging]Writing ..\log\InstrumentTemperature--2018-04-13.log: done
[Time=2018-04-13 16:27:24.324-05:00][Acc=25P7XG2\ExactiveUser][User=ExactiveUser][Comp=25P7XG2][App=ExactiveService][PID=1860][Inst=Q Exactive][Conn=TCP(IRS1:6019->Q Exactive:57488)][Type=logging]Writing ..\log\InstrumentTemperature--2018-04-13.log: done
[Time=2018-04-13 16:42:24.320-05:00][Acc=25P7XG2\ExactiveUser][User=ExactiveUser][Comp=25P7XG2][App=ExactiveService][PID=1860][Inst=Q Exactive][Conn=TCP(IRS1:6019->Q Exactive:57488)][Type=logging]Writing ..\log\InstrumentTemperature--2018-04-13.log: done
[Time=2018-04-13 16:57:24.317-05:00][Acc=25P7XG2\ExactiveUser][User=ExactiveUser][Comp=25P7XG2][App=ExactiveService][PID=1860][Inst=Q Exactive][Conn=TCP(IRS1:6019->Q Exactive:57488)][Type=logging]Writing ..\log\InstrumentTemperature--2018-04-13.log: done
[Time=2018-04-13 17:12:24.313-05:00][Acc=25P7XG2\ExactiveUser][User=ExactiveUser][Comp=25P7XG2][App=ExactiveService][PID=1860][Inst=Q Exactive][Conn=TCP(IRS1:6019->Q Exactive:57488)][Type=logging]Writing ..\log\InstrumentTemperature--2018-04-13.log: done
[Time=2018-04-13 17:27:24.310-05:00][Acc=25P7XG2\ExactiveUser][User=ExactiveUser][Comp=25P7XG2][App=ExactiveService][PID=1860][Inst=Q Exactive][Conn=TCP(IRS1:6019->Q Exactive:57488)][Type=logging]Writing ..\log\InstrumentTemperature--2018-04-13.log: done
[Time=2018-04-13 17:42:24.307-05:00][Acc=25P7XG2\ExactiveUser][User=ExactiveUser][Comp=25P7XG2][App=ExactiveService][PID=1860][Inst=Q Exactive][Conn=TCP(IRS1:6019->Q Exactive:57488)][Type=logging]Writing ..\log\InstrumentTemperature--2018-04-13.log: done
[Time=2018-04-13 17:57:24.303-05:00][Acc=25P7XG2\ExactiveUser][User=ExactiveUser][Comp=25P7XG2][App=ExactiveService][PID=1860][Inst=Q Exactive][Conn=TCP(IRS1:6019->Q Exactive:57488)][Type=logging]Writing ..\log\InstrumentTemperature--2018-04-13.log: done
[Time=2018-04-13 18:12:24.300-05:00][Acc=25P7XG2\ExactiveUser][User=ExactiveUser][Comp=25P7XG2][App=ExactiveService][PID=1860][Inst=Q Exactive][Conn=TCP(IRS1:6019->Q Exactive:57488)][Type=logging]Writing ..\log\InstrumentTemperature--2018-04-13.log: done
[Time=2018-04-13 18:27:24.297-05:00][Acc=25P7XG2\ExactiveUser][User=ExactiveUser][Comp=25P7XG2][App=ExactiveService][PID=1860][Inst=Q Exactive][Conn=TCP(IRS1:6019->Q Exactive:57488)][Type=logging]Writing ..\log\InstrumentTemperature--2018-04-13.log: done
[Time=2018-04-13 18:42:24.293-05:00][Acc=25P7XG2\ExactiveUser][User=ExactiveUser][Comp=25P7XG2][App=ExactiveService][PID=1860][Inst=Q Exactive][Conn=TCP(IRS1:6019->Q Exactive:57488)][Type=logging]Writing ..\log\InstrumentTemperature--2018-04-13.log: done
[Time=2018-04-13 18:57:24.290-05:00][Acc=25P7XG2\ExactiveUser][User=ExactiveUser][Comp=25P7XG2][App=ExactiveService][PID=1860][Inst=Q Exactive][Conn=TCP(IRS1:6019->Q Exactive:57488)][Type=logging]Writing ..\log\InstrumentTemperature--2018-04-13.log: done
[Time=2018-04-13 19:12:24.287-05:00][Acc=25P7XG2\ExactiveUser][User=ExactiveUser][Comp=25P7XG2][App=ExactiveService][PID=1860][Inst=Q Exactive][Conn=TCP(IRS1:6019->Q Exactive:57488)][Type=logging]Writing ..\log\InstrumentTemperature--2018-04-13.log: done
[Time=2018-04-13 19:27:24.283-05:00][Acc=25P7XG2\ExactiveUser][User=ExactiveUser][Comp=25P7XG2][App=ExactiveService][PID=1860][Inst=Q Exactive][Conn=TCP(IRS1:6019->Q Exactive:57488)][Type=logging]Writing ..\log\InstrumentTemperature--2018-04-13.log: done
[Time=2018-04-13 19:42:24.280-05:00][Acc=25P7XG2\ExactiveUser][User=ExactiveUser][Comp=25P7XG2][App=ExactiveService][PID=1860][Inst=Q Exactive][Conn=TCP(IRS1:6019->Q Exactive:57488)][Type=logging]Writing ..\log\InstrumentTemperature--2018-04-13.log: done
[Time=2018-04-13 19:57:24.276-05:00][Acc=25P7XG2\ExactiveUser][User=ExactiveUser][Comp=25P7XG2][App=ExactiveService][PID=1860][Inst=Q Exactive][Conn=TCP(IRS1:6019->Q Exactive:57488)][Type=logging]Writing ..\log\InstrumentTemperature--2018-04-13.log: done
[Time=2018-04-13 20:12:24.273-05:00][Acc=25P7XG2\ExactiveUser][User=ExactiveUser][Comp=25P7XG2][App=ExactiveService][PID=1860][Inst=Q Exactive][Conn=TCP(IRS1:6019->Q Exactive:57488)][Type=logging]Writing ..\log\InstrumentTemperature--2018-04-13.log: done
[Time=2018-04-13 20:27:24.270-05:00][Acc=25P7XG2\ExactiveUser][User=ExactiveUser][Comp=25P7XG2][App=ExactiveService][PID=1860][Inst=Q Exactive][Conn=TCP(IRS1:6019->Q Exactive:57488)][Type=logging]Writing ..\log\InstrumentTemperature--2018-04-13.log: done
[Time=2018-04-13 20:42:24.266-05:00][Acc=25P7XG2\ExactiveUser][User=ExactiveUser][Comp=25P7XG2][App=ExactiveService][PID=1860][Inst=Q Exactive][Conn=TCP(IRS1:6019->Q Exactive:57488)][Type=logging]Writing ..\log\InstrumentTemperature--2018-04-13.log: done
[Time=2018-04-13 20:57:24.263-05:00][Acc=25P7XG2\ExactiveUser][User=ExactiveUser][Comp=25P7XG2][App=ExactiveService][PID=1860][Inst=Q Exactive][Conn=TCP(IRS1:6019->Q Exactive:57488)][Type=logging]Writing ..\log\InstrumentTemperature--2018-04-13.log: done
[Time=2018-04-13 21:12:24.260-05:00][Acc=25P7XG2\ExactiveUser][User=ExactiveUser][Comp=25P7XG2][App=ExactiveService][PID=1860][Inst=Q Exactive][Conn=TCP(IRS1:6019->Q Exactive:57488)][Type=logging]Writing ..\log\InstrumentTemperature--2018-04-13.log: done
[Time=2018-04-13 21:27:24.256-05:00][Acc=25P7XG2\ExactiveUser][User=ExactiveUser][Comp=25P7XG2][App=ExactiveService][PID=1860][Inst=Q Exactive][Conn=TCP(IRS1:6019->Q Exactive:57488)][Type=logging]Writing ..\log\InstrumentTemperature--2018-04-13.log: done
[Time=2018-04-13 21:42:24.253-05:00][Acc=25P7XG2\ExactiveUser][User=ExactiveUser][Comp=25P7XG2][App=ExactiveService][PID=1860][Inst=Q Exactive][Conn=TCP(IRS1:6019->Q Exactive:57488)][Type=logging]Writing ..\log\InstrumentTemperature--2018-04-13.log: done
[Time=2018-04-13 21:57:24.250-05:00][Acc=25P7XG2\ExactiveUser][User=ExactiveUser][Comp=25P7XG2][App=ExactiveService][PID=1860][Inst=Q Exactive][Conn=TCP(IRS1:6019->Q Exactive:57488)][Type=logging]Writing ..\log\InstrumentTemperature--2018-04-13.log: done
[Time=2018-04-13 22:12:24.247-05:00][Acc=25P7XG2\ExactiveUser][User=ExactiveUser][Comp=25P7XG2][App=ExactiveService][PID=1860][Inst=Q Exactive][Conn=TCP(IRS1:6019->Q Exactive:57488)][Type=logging]Writing ..\log\InstrumentTemperature--2018-04-13.log: done
[Time=2018-04-13 22:27:24.243-05:00][Acc=25P7XG2\ExactiveUser][User=ExactiveUser][Comp=25P7XG2][App=ExactiveService][PID=1860][Inst=Q Exactive][Conn=TCP(IRS1:6019->Q Exactive:57488)][Type=logging]Writing ..\log\InstrumentTemperature--2018-04-13.log: done
[Time=2018-04-13 22:42:24.240-05:00][Acc=25P7XG2\ExactiveUser][User=ExactiveUser][Comp=25P7XG2][App=ExactiveService][PID=1860][Inst=Q Exactive][Conn=TCP(IRS1:6019->Q Exactive:57488)][Type=logging]Writing ..\log\InstrumentTemperature--2018-04-13.log: done
[Time=2018-04-13 22:57:24.237-05:00][Acc=25P7XG2\ExactiveUser][User=ExactiveUser][Comp=25P7XG2][App=ExactiveService][PID=1860][Inst=Q Exactive][Conn=TCP(IRS1:6019->Q Exactive:57488)][Type=logging]Writing ..\log\InstrumentTemperature--2018-04-13.log: done
[Time=2018-04-13 23:12:24.234-05:00][Acc=25P7XG2\ExactiveUser][User=ExactiveUser][Comp=25P7XG2][App=ExactiveService][PID=1860][Inst=Q Exactive][Conn=TCP(IRS1:6019->Q Exactive:57488)][Type=logging]Writing ..\log\InstrumentTemperature--2018-04-13.log: done
[Time=2018-04-13 23:27:24.230-05:00][Acc=25P7XG2\ExactiveUser][User=ExactiveUser][Comp=25P7XG2][App=ExactiveService][PID=1860][Inst=Q Exactive][Conn=TCP(IRS1:6019->Q Exactive:57488)][Type=logging]Writing ..\log\InstrumentTemperature--2018-04-13.log: done
[Time=2018-04-13 23:42:24.227-05:00][Acc=25P7XG2\ExactiveUser][User=ExactiveUser][Comp=25P7XG2][App=ExactiveService][PID=1860][Inst=Q Exactive][Conn=TCP(IRS1:6019->Q Exactive:57488)][Type=logging]Writing ..\log\InstrumentTemperature--2018-04-13.log: done
[Time=2018-04-13 23:57:24.224-05:00][Acc=25P7XG2\ExactiveUser][User=ExactiveUser][Comp=25P7XG2][App=ExactiveService][PID=1860][Inst=Q Exactive][Conn=TCP(IRS1:6019->Q Exactive:57488)][Type=logging]Writing ..\log\InstrumentTemperature--2018-04-13.log: done
[Time=2018-04-14 00:12:24.221-05:00][Acc=25P7XG2\ExactiveUser][User=ExactiveUser][Comp=25P7XG2][App=ExactiveService][PID=1860][Inst=Q Exactive][Conn=TCP(IRS1:6019->Q Exactive:57488)][Type=logging]Writing ..\log\InstrumentTemperature--2018-04-14.log: done
[Time=2018-04-14 00:27:24.217-05:00][Acc=25P7XG2\ExactiveUser][User=ExactiveUser][Comp=25P7XG2][App=ExactiveService][PID=1860][Inst=Q Exactive][Conn=TCP(IRS1:6019->Q Exactive:57488)][Type=logging]Writing ..\log\InstrumentTemperature--2018-04-14.log: done
[Time=2018-04-14 00:42:24.214-05:00][Acc=25P7XG2\ExactiveUser][User=ExactiveUser][Comp=25P7XG2][App=ExactiveService][PID=1860][Inst=Q Exactive][Conn=TCP(IRS1:6019->Q Exactive:57488)][Type=logging]Writing ..\log\InstrumentTemperature--2018-04-14.log: done
[Time=2018-04-14 00:57:24.210-05:00][Acc=25P7XG2\ExactiveUser][User=ExactiveUser][Comp=25P7XG2][App=ExactiveService][PID=1860][Inst=Q Exactive][Conn=TCP(IRS1:6019->Q Exactive:57488)][Type=logging]Writing ..\log\InstrumentTemperature--2018-04-14.log: done
[Time=2018-04-14 01:12:24.208-05:00][Acc=25P7XG2\ExactiveUser][User=ExactiveUser][Comp=25P7XG2][App=ExactiveService][PID=1860][Inst=Q Exactive][Conn=TCP(IRS1:6019->Q Exactive:57488)][Type=logging]Writing ..\log\InstrumentTemperature--2018-04-14.log: done
[Time=2018-04-14 01:27:24.204-05:00][Acc=25P7XG2\ExactiveUser][User=ExactiveUser][Comp=25P7XG2][App=ExactiveService][PID=1860][Inst=Q Exactive][Conn=TCP(IRS1:6019->Q Exactive:57488)][Type=logging]Writing ..\log\InstrumentTemperature--2018-04-14.log: done
[Time=2018-04-14 01:42:24.200-05:00][Acc=25P7XG2\ExactiveUser][User=ExactiveUser][Comp=25P7XG2][App=ExactiveService][PID=1860][Inst=Q Exactive][Conn=TCP(IRS1:6019->Q Exactive:57488)][Type=logging]Writing ..\log\InstrumentTemperature--2018-04-14.log: done
[Time=2018-04-14 01:57:24.198-05:00][Acc=25P7XG2\ExactiveUser][User=ExactiveUser][Comp=25P7XG2][App=ExactiveService][PID=1860][Inst=Q Exactive][Conn=TCP(IRS1:6019->Q Exactive:57488)][Type=logging]Writing ..\log\InstrumentTemperature--2018-04-14.log: done
[Time=2018-04-14 02:12:24.194-05:00][Acc=25P7XG2\ExactiveUser][User=ExactiveUser][Comp=25P7XG2][App=ExactiveService][PID=1860][Inst=Q Exactive][Conn=TCP(IRS1:6019->Q Exactive:57488)][Type=logging]Writing ..\log\InstrumentTemperature--2018-04-14.log: done
[Time=2018-04-14 02:27:24.191-05:00][Acc=25P7XG2\ExactiveUser][User=ExactiveUser][Comp=25P7XG2][App=ExactiveService][PID=1860][Inst=Q Exactive][Conn=TCP(IRS1:6019->Q Exactive:57488)][Type=logging]Writing ..\log\InstrumentTemperature--2018-04-14.log: done
[Time=2018-04-14 02:42:24.188-05:00][Acc=25P7XG2\ExactiveUser][User=ExactiveUser][Comp=25P7XG2][App=ExactiveService][PID=1860][Inst=Q Exactive][Conn=TCP(IRS1:6019->Q Exactive:57488)][Type=logging]Writing ..\log\InstrumentTemperature--2018-04-14.log: done
[Time=2018-04-14 02:57:24.184-05:00][Acc=25P7XG2\ExactiveUser][User=ExactiveUser][Comp=25P7XG2][App=ExactiveService][PID=1860][Inst=Q Exactive][Conn=TCP(IRS1:6019->Q Exactive:57488)][Type=logging]Writing ..\log\InstrumentTemperature--2018-04-14.log: done
[Time=2018-04-14 03:12:24.178-05:00][Acc=25P7XG2\ExactiveUser][User=ExactiveUser][Comp=25P7XG2][App=ExactiveService][PID=1860][Inst=Q Exactive][Conn=TCP(IRS1:6019->Q Exactive:57488)][Type=logging]Writing ..\log\InstrumentTemperature--2018-04-14.log: done
[Time=2018-04-14 03:19:26.970-05:00][Acc=25P7XG2\ExactiveUser][User=ExactiveUser][Comp=25P7XG2][App=ExactiveService][PID=1860][Type=info]Application connection lost to a963ed44-4dc9-4b3f-b3e9-1daeedeb5681 assigned id 2: 25P7XG2\Thermo Scientific() from 25P7XG2.ExactiveTune(4884)
[Time=2018-04-14 03:20:40.502-05:00][Acc=25P7XG2\ExactiveUser][User=ExactiveUser][Comp=25P7XG2][App=ExactiveService][PID=1860][Inst=Q Exactive][Conn=TCP(ICS1:6020->Q Exactive:46467)][Type=info]lost instrument control connection
[Time=2018-04-14 03:20:40.542-05:00][Acc=25P7XG2\ExactiveUser][User=ExactiveUser][Comp=25P7XG2][App=ExactiveService][PID=1860][Inst=Q Exactive][Type=logging]new control connection
[Time=2018-04-14 03:20:40.540-05:00][Acc=25P7XG2\ExactiveUser][User=ExactiveUser][Comp=25P7XG2][App=ExactiveService][PID=1860][Inst=Q Exactive][Conn=TCP(IDS1:6021->Q Exactive:51673)][Type=info]lost instrument data connection
[Time=2018-04-14 03:20:40.540-05:00][Acc=25P7XG2\ExactiveUser][User=ExactiveUser][Comp=25P7XG2][App=ExactiveService][PID=1860][Inst=Q Exactive][Conn=TCP(IRS1:6019->Q Exactive:57488)][Type=info]lost instrument request connection
[Time=2018-04-14 03:20:40.541-05:00][Acc=25P7XG2\ExactiveUser][User=ExactiveUser][Comp=25P7XG2][App=ExactiveService][PID=1860][Inst=Q Exactive][Type=info]communication thread stopped
