[Time=2018-11-29 12:59:38.764-06:00][Acc=25P7XG2\ExactiveUser][User=ExactiveUser][Comp=25P7XG2][App=ExactiveService][PID=1980][Inst=Q Exactive][Type=logging]core server thread 20 started
[Time=2018-11-29 12:59:38.832-06:00][Acc=25P7XG2\ExactiveUser][User=ExactiveUser][Comp=25P7XG2][App=ExactiveService][PID=1980][Inst=Q Exactive][Type=logging]using {ExactiveService, Version=2.9.0.2926, Culture=neutral, PublicKeyToken=afdcd0a06562c881, "C:\Xcalibur\system\Exactive\bin\ExactiveService.exe"", Release"}; {ExactiveManager, Version=2.9.0.2926, Culture=neutral, PublicKeyToken=afdcd0a06562c881, "C:\Windows\assembly\GAC_MSIL\ExactiveManager\2.9.0.2926__afdcd0a06562c881\ExactiveManager.dll"", Release"}; {ThermoFisher.CommonCore.Data, Version=4.0.19.0, Culture=neutral, PublicKeyToken=1aef06afb5abd953, "C:\Program Files (x86)\Thermo\Foundation\ThermoFisher.CommonCore.Data.dll"", "}; {Exactive, Version=2.9.0.2926, Culture=neutral, PublicKeyToken=afdcd0a06562c881, "C:\Windows\assembly\GAC_MSIL\Exactive\2.9.0.2926__afdcd0a06562c881\Exactive.dll"", Release"}; {mscorlib, Version=4.0.0.0, Culture=neutral, PublicKeyToken=b77a5c561934e089, "C:\Windows\Microsoft.NET\Framework\v4.0.30319\mscorlib.dll"", "}
[Time=2018-11-29 12:59:38.723-06:00][Acc=25P7XG2\ExactiveUser][User=ExactiveUser][Comp=25P7XG2][App=ExactiveService][PID=1980][Inst=Q Exactive][Type=logging]IoNode for Q Exactive created
[Time=2018-11-29 12:59:38.726-06:00][Acc=25P7XG2\ExactiveUser][User=ExactiveUser][Comp=25P7XG2][App=ExactiveService][PID=1980][Inst=Q Exactive][Type=logging]communication thread 18 started
[Time=2018-11-29 12:59:41.766-06:00][Acc=25P7XG2\ExactiveUser][User=ExactiveUser][Comp=25P7XG2][App=ExactiveService][PID=1980][Inst=Q Exactive][Type=logging]instrument request server thread 25 started
[Time=2018-11-29 12:59:41.768-06:00][Acc=25P7XG2\ExactiveUser][User=ExactiveUser][Comp=25P7XG2][App=ExactiveService][PID=1980][Inst=Q Exactive][Type=logging]instrument control server thread 26 started
[Time=2018-11-29 12:59:41.769-06:00][Acc=25P7XG2\ExactiveUser][User=ExactiveUser][Comp=25P7XG2][App=ExactiveService][PID=1980][Type=info]Boot service: using address range: 172.16.0.201
[Time=2018-11-29 12:59:41.773-06:00][Acc=25P7XG2\ExactiveUser][User=ExactiveUser][Comp=25P7XG2][App=ExactiveService][PID=1980][Type=logging]Client programs may access using ipc://Exactive_Service_1980/T2S
[Time=2018-11-29 12:59:41.782-06:00][Acc=25P7XG2\ExactiveUser][User=ExactiveUser][Comp=25P7XG2][App=ExactiveService][PID=1980][Inst=Q Exactive][Type=logging]instrument data server thread 27 started
[Time=2018-11-29 12:59:41.806-06:00][Acc=25P7XG2\ExactiveUser][User=ExactiveUser][Comp=25P7XG2][App=ExactiveService][PID=1980][Inst=Q Exactive][Type=logging]new Urgent client connection[0.0.0.0:6018->255.255.255.255:0]
[Time=2018-11-29 12:59:41.810-06:00][Acc=25P7XG2\ExactiveUser][User=ExactiveUser][Comp=25P7XG2][App=ExactiveService][PID=1980][Inst=Q Exactive][Type=logging]new IRS1 server connection[0.0.0.0:6019->255.255.255.255:0]
[Time=2018-11-29 12:59:41.811-06:00][Acc=25P7XG2\ExactiveUser][User=ExactiveUser][Comp=25P7XG2][App=ExactiveService][PID=1980][Inst=Q Exactive][Type=logging]new ICS1 server connection[0.0.0.0:6020->255.255.255.255:0]
[Time=2018-11-29 12:59:41.838-06:00][Acc=25P7XG2\ExactiveUser][User=ExactiveUser][Comp=25P7XG2][App=ExactiveService][PID=1980][Inst=Q Exactive][Type=logging]new IDS1 server connection[0.0.0.0:6021->255.255.255.255:0]
[Time=2018-11-29 12:59:47.749-06:00][Acc=25P7XG2\ExactiveUser][User=ExactiveUser][Comp=25P7XG2][App=ExactiveService][PID=1980][Inst=Q Exactive][Type=warning]Boot service: MAC 00-19-99-B9-CC-49 --> 172.16.0.201
[Time=2018-11-29 12:59:47.754-06:00][Acc=25P7XG2\ExactiveUser][User=ExactiveUser][Comp=25P7XG2][App=ExactiveService][PID=1980][Inst=Q Exactive][Conn=172.16.0.201:34827][Type=warning]instrument "Q Exactive", version 0.10, address "172.16.0.201" reboots
[Time=2018-11-29 12:59:47.877-06:00][Acc=(none)][User=(none)][Comp=(none)][App=(none)][PID=-1][Inst=Q Exactive][Conn=172.16.0.201:33581][Type=logging]Loader Application starting
[Time=2018-11-29 12:59:47.888-06:00][Acc=25P7XG2\ExactiveUser][User=ExactiveUser][Comp=25P7XG2][App=ExactiveService][PID=1980][Inst=Q Exactive][Type=logging]new IRS1 client connection[172.16.0.101:6019->172.16.0.201:45352]
[Time=2018-11-29 12:59:48.242-06:00][Acc=25P7XG2\ExactiveUser][User=ExactiveUser][Comp=25P7XG2][App=ExactiveService][PID=1980][Inst=Q Exactive][Conn=TCP(IRS1:6019->Q Exactive:45352)][Type=logging]Reading ftboot1: done
[Time=2018-11-29 12:59:51.211-06:00][Acc=25P7XG2\ExactiveUser][User=ExactiveUser][Comp=25P7XG2][App=ExactiveService][PID=1980][Inst=Q Exactive][Conn=TCP(IRS1:6019->Q Exactive:45352)][Type=logging]Reading ftboot2: done
[Time=2018-11-29 12:59:52.553-06:00][Acc=25P7XG2\ExactiveUser][User=ExactiveUser][Comp=25P7XG2][App=ExactiveService][PID=1980][Inst=Q Exactive][Conn=TCP(IRS1:6019->Q Exactive:45352)][Type=logging]Reading ftboot3: done
[Time=2018-11-29 12:59:52.618-06:00][Acc=25P7XG2\ExactiveUser][User=ExactiveUser][Comp=25P7XG2][App=ExactiveService][PID=1980][Inst=Q Exactive][Conn=TCP(IRS1:6019->Q Exactive:45352)][Type=info]lost instrument request connection
[Time=2018-11-29 12:59:57.141-06:00][Acc=25P7XG2\ExactiveUser][User=ExactiveUser][Comp=25P7XG2][App=ExactiveService][PID=1980][Inst=Q Exactive][Conn=172.16.0.201:43606][Type=warning]instrument "Q Exactive", version 0.10, address "172.16.0.201" reboots
[Time=2018-11-29 12:59:57.390-06:00][Acc=(none)][User=(none)][Comp=(none)][App=(none)][PID=-1][Inst=Q Exactive][Conn=172.16.0.201:44308][Type=logging]FT Application starting
[Time=2018-11-29 12:59:57.587-06:00][Acc=25P7XG2\ExactiveUser][User=ExactiveUser][Comp=25P7XG2][App=ExactiveService][PID=1980][Inst=Q Exactive][Type=logging]new IRS1 client connection[172.16.0.101:6019->172.16.0.201:45353]
[Time=2018-11-29 12:59:57.790-06:00][Acc=25P7XG2\ExactiveUser][User=ExactiveUser][Comp=25P7XG2][App=ExactiveService][PID=1980][Inst=Q Exactive][Conn=TCP(IRS1:6019->Q Exactive:45353)][Type=logging]Reading msx_instrument_files\inst_config.cfg: done
[Time=2018-11-29 12:59:58.076-06:00][Acc=25P7XG2\ExactiveUser][User=ExactiveUser][Comp=25P7XG2][App=ExactiveService][PID=1980][Inst=Q Exactive][Conn=TCP(IRS1:6019->Q Exactive:45353)][Type=logging]Writing msx_instrument_files\inst_config.cfg: done
[Time=2018-11-29 12:59:58.085-06:00][Acc=25P7XG2\ExactiveUser][User=ExactiveUser][Comp=25P7XG2][App=ExactiveService][PID=1980][Inst=Q Exactive][Conn=TCP(IRS1:6019->Q Exactive:45353)][Type=logging]Reading msx_instrument_files\procedure_history: done
[Time=2018-11-29 12:59:58.903-06:00][Acc=25P7XG2\ExactiveUser][User=ExactiveUser][Comp=25P7XG2][App=ExactiveService][PID=1980][Inst=Q Exactive][Conn=TCP(IRS1:6019->Q Exactive:45353)][Type=logging]Reading msx_instrument_files\master_cal.mscal: done
[Time=2018-11-29 12:59:58.989-06:00][Acc=25P7XG2\ExactiveUser][User=ExactiveUser][Comp=25P7XG2][App=ExactiveService][PID=1980][Inst=Q Exactive][Conn=TCP(IRS1:6019->Q Exactive:45353)][Type=logging]Reading C:\Xcalibur\system\Exactive\Instrument\msx_instrument_files\default.mstune: File doesn't exist.
[Time=2018-11-29 13:00:05.523-06:00][Acc=25P7XG2\Xcalibur_System][User=Xcalibur_System][Comp=25P7XG2][App=ThermoFisher.Foundation.AcquisitionService][PID=2580][Type=info]New application as b95fc4c5-790c-4088-942a-df65484c522d assigned id 1: 25P7XG2\Xcalibur_System(Xcalibur_System) from 25P7XG2.ThermoFisher.Foundation.AcquisitionService(2580)
[Time=2018-11-29 13:00:07.392-06:00][Acc=25P7XG2\ExactiveUser][User=ExactiveUser][Comp=25P7XG2][App=ExactiveService][PID=1980][Inst=Q Exactive][Type=logging]new ICS1 client connection[172.16.0.101:6020->172.16.0.201:49851]
[Time=2018-11-29 13:00:07.423-06:00][Acc=25P7XG2\ExactiveUser][User=ExactiveUser][Comp=25P7XG2][App=ExactiveService][PID=1980][Inst=Q Exactive][Type=logging]new IDS1 client connection[172.16.0.101:6021->172.16.0.201:46493]
[Time=2018-11-29 13:00:07.424-06:00][Acc=25P7XG2\ExactiveUser][User=ExactiveUser][Comp=25P7XG2][App=ExactiveService][PID=1980][Inst=Q Exactive][Conn=TCP(ICS1:6020->Q Exactive:49851)][Type=logging]new control connection
[Time=2018-11-29 13:00:07.432-06:00][Acc=(none)][User=(none)][Comp=(none)][App=(none)][PID=-1][Inst=Q Exactive][Type=warning]= = = = = = = = Instrument control electronics initializing... = = = = = = = =
[Time=2018-11-29 13:00:07.432-06:00][Acc=(none)][User=(none)][Comp=(none)][App=(none)][PID=-1][Inst=Q Exactive][Type=info]Set user role to Advanced. License valid.
[Time=2018-11-29 13:00:07.432-06:00][Acc=(none)][User=(none)][Comp=(none)][App=(none)][PID=-1][Inst=Q Exactive][Type=warning] [Inspect/VacuumControlBoard] Unknown MSG token : 2529195206 / 96c074c6.
[Time=2018-11-29 13:00:07.432-06:00][Acc=(none)][User=(none)][Comp=(none)][App=(none)][PID=-1][Inst=Q Exactive][Type=error]Get the following message for the 2nd time, will not display in future: - Error: [Inspect/VacuumControlBoard] Unknown MSG token : 2529195206 / 96c074c6.
[Time=2018-11-29 13:00:07.432-06:00][Acc=(none)][User=(none)][Comp=(none)][App=(none)][PID=-1][Inst=Q Exactive][Type=error]Could not load default.mstune. (Not found)
[Time=2018-11-29 13:00:07.432-06:00][Acc=(none)][User=(none)][Comp=(none)][App=(none)][PID=-1][Inst=Q Exactive][Type=warning]No matching tune file found on data system, loading factory tune file.
[Time=2018-11-29 13:00:07.441-06:00][Acc=(none)][User=(none)][Comp=(none)][App=(none)][PID=-1][Inst=Q Exactive][Type=warning]No matching tune file found on data system, loading factory tune file.
[Time=2018-11-29 13:00:10.063-06:00][Acc=25P7XG2\Xcalibur_System][User=Xcalibur_System][Comp=25P7XG2][App=ThermoFisher.Foundation.AcquisitionService][PID=2580][Inst=Q Exactive][Conn=TCP(ICS1:6020->Q Exactive:49851)][Type=info]Initializing instrument
[Time=2018-11-29 13:00:28.275-06:00][Acc=25P7XG2\Thermo Scientific][User=][Comp=25P7XG2][App=ExactiveTune][PID=6428][Type=info]New application as 4bb53a5e-59b4-48b3-a2e8-f55348d9247e assigned id 2: 25P7XG2\Thermo Scientific() from 25P7XG2.ExactiveTune(6428)
[Time=2018-11-29 13:00:33.539-06:00][Acc=(none)][User=(none)][Comp=(none)][App=(none)][PID=-1][Inst=Q Exactive][Type=info]Instrument control electronics ready.
[Time=2018-11-29 13:00:33.548-06:00][Acc=(none)][User=(none)][Comp=(none)][App=(none)][PID=-1][Inst=Q Exactive][Type=info]Instrument status Ok
[Time=2018-11-29 13:00:43.777-06:00][Acc=25P7XG2\ExactiveUser][User=ExactiveUser][Comp=25P7XG2][App=ExactiveService][PID=1980][Inst=Q Exactive][Conn=TCP(IRS1:6019->Q Exactive:45353)][Type=logging]Writing ..\log\InstrumentTemperature--2018-11-29.log: done
[Time=2018-11-29 13:05:03.632-06:00][Acc=25P7XG2\Thermo Scientific][User=][Comp=25P7XG2][App=ExactiveTune][PID=6428][Inst=Q Exactive][Conn=TCP(ICS1:6020->Q Exactive:49851)][Type=info]Informing instrument about the current data system user 25P7XG2\Thermo Scientific()
[Time=2018-11-29 13:05:03.632-06:00][Acc=25P7XG2\Thermo Scientific][User=][Comp=25P7XG2][App=ExactiveTune][PID=6428][Inst=Q Exactive][Conn=TCP(ICS1:6020->Q Exactive:49851)][Type=info]Starting procedure Bakeout(960.0;1)
[Time=2018-11-29 13:05:03.635-06:00][Acc=(none)][User=(none)][Comp=(none)][App=(none)][PID=-1][Inst=Q Exactive][Type=info]= = = Running Maintenance procedure.. = = =
[Time=2018-11-29 13:05:03.640-06:00][Acc=(none)][User=(none)][Comp=(none)][App=(none)][PID=-1][Inst=Q Exactive][Type=info] 'Vacuum bakeout procedure' running ...
[Time=2018-11-29 13:10:36.925-06:00][Acc=(none)][User=(none)][Comp=(none)][App=(none)][PID=-1][Inst=Q Exactive][Type=error]Failure: Bakeout system: VacuumCtrl Board Problem - K3 defect
[Time=2018-11-29 13:10:36.929-06:00][Acc=(none)][User=(none)][Comp=(none)][App=(none)][PID=-1][Inst=Q Exactive][Type=error]Failure: Bakeout system: VacuumCtrl Board Problem - K3 defect
[Time=2018-11-29 13:10:40.931-06:00][Acc=(none)][User=(none)][Comp=(none)][App=(none)][PID=-1][Inst=Q Exactive][Type=error]Vacuum bakeout procedure: Baked for 0.1h
[Time=2018-11-29 13:10:40.933-06:00][Acc=25P7XG2\ExactiveUser][User=ExactiveUser][Comp=25P7XG2][App=ExactiveService][PID=1980][Inst=Q Exactive][Conn=TCP(IRS1:6019->Q Exactive:45353)][Type=logging]Writing msx_instrument_files\procedure_history: done
[Time=2018-11-29 13:10:40.934-06:00][Acc=25P7XG2\ExactiveUser][User=ExactiveUser][Comp=25P7XG2][App=ExactiveService][PID=1980][Inst=Q Exactive][Conn=TCP(IRS1:6019->Q Exactive:45353)][Type=logging]Writing Procedure_Results\Bakeout\Vacuum_bakeout_procedure\Vacuum_bakeout_procedure.data: done
[Time=2018-11-29 13:10:40.937-06:00][Acc=(none)][User=(none)][Comp=(none)][App=(none)][PID=-1][Inst=Q Exactive][Type=error]Maintenance procedure failed.
[Time=2018-11-29 13:15:44.965-06:00][Acc=25P7XG2\ExactiveUser][User=ExactiveUser][Comp=25P7XG2][App=ExactiveService][PID=1980][Inst=Q Exactive][Conn=TCP(IRS1:6019->Q Exactive:45353)][Type=logging]Writing ..\log\InstrumentTemperature--2018-11-29.log: done
[Time=2018-11-29 13:25:42.970-06:00][Acc=25P7XG2\Thermo Scientific][User=][Comp=25P7XG2][App=ExactiveTune][PID=6428][Inst=Q Exactive][Conn=TCP(ICS1:6020->Q Exactive:49851)][Type=info]Calling function of UserDialog: UserButtonClick(OK)
[Time=2018-11-29 13:25:44.095-06:00][Acc=25P7XG2\Thermo Scientific][User=][Comp=25P7XG2][App=ExactiveTune][PID=6428][Inst=Q Exactive][Conn=TCP(ICS1:6020->Q Exactive:49851)][Type=info]Calling function of UserDialog: UserButtonClick(OK)
[Time=2018-11-29 13:25:44.615-06:00][Acc=25P7XG2\Thermo Scientific][User=][Comp=25P7XG2][App=ExactiveTune][PID=6428][Inst=Q Exactive][Conn=TCP(ICS1:6020->Q Exactive:49851)][Type=info]Calling function of UserDialog: UserButtonClick(OK)
[Time=2018-11-29 13:25:44.984-06:00][Acc=25P7XG2\Thermo Scientific][User=][Comp=25P7XG2][App=ExactiveTune][PID=6428][Inst=Q Exactive][Conn=TCP(ICS1:6020->Q Exactive:49851)][Type=info]Calling function of UserDialog: UserButtonClick(OK)
[Time=2018-11-29 13:26:23.944-06:00][Acc=25P7XG2\Thermo Scientific][User=][Comp=25P7XG2][App=ExactiveTune][PID=6428][Inst=Q Exactive][Conn=TCP(ICS1:6020->Q Exactive:49851)][Type=info]Informing instrument about the current data system user 25P7XG2\Thermo Scientific()
[Time=2018-11-29 13:26:23.945-06:00][Acc=25P7XG2\Thermo Scientific][User=][Comp=25P7XG2][App=ExactiveTune][PID=6428][Inst=Q Exactive][Conn=TCP(ICS1:6020->Q Exactive:49851)][Type=info]Starting procedure Bakeout(960.0;1)
[Time=2018-11-29 13:26:25.966-06:00][Acc=(none)][User=(none)][Comp=(none)][App=(none)][PID=-1][Inst=Q Exactive][Type=info]= = = Running Maintenance procedure.. = = =
[Time=2018-11-29 13:26:25.978-06:00][Acc=(none)][User=(none)][Comp=(none)][App=(none)][PID=-1][Inst=Q Exactive][Type=info] 'Vacuum bakeout procedure' running ...
[Time=2018-11-29 13:29:31.308-06:00][Acc=(none)][User=(none)][Comp=(none)][App=(none)][PID=-1][Inst=Q Exactive][Type=error]Failure: Bakeout system: VacuumCtrl Board Problem - K3 defect
[Time=2018-11-29 13:29:31.310-06:00][Acc=(none)][User=(none)][Comp=(none)][App=(none)][PID=-1][Inst=Q Exactive][Type=error]Failure: Bakeout system: VacuumCtrl Board Problem - K3 defect
[Time=2018-11-29 13:29:31.314-06:00][Acc=(none)][User=(none)][Comp=(none)][App=(none)][PID=-1][Inst=Q Exactive][Type=error]Vacuum bakeout procedure: Baked for 0.1h
[Time=2018-11-29 13:29:31.319-06:00][Acc=25P7XG2\ExactiveUser][User=ExactiveUser][Comp=25P7XG2][App=ExactiveService][PID=1980][Inst=Q Exactive][Conn=TCP(IRS1:6019->Q Exactive:45353)][Type=logging]Writing msx_instrument_files\procedure_history: done
[Time=2018-11-29 13:29:31.320-06:00][Acc=25P7XG2\ExactiveUser][User=ExactiveUser][Comp=25P7XG2][App=ExactiveService][PID=1980][Inst=Q Exactive][Conn=TCP(IRS1:6019->Q Exactive:45353)][Type=logging]Writing Procedure_Results\Bakeout\Vacuum_bakeout_procedure\Vacuum_bakeout_procedure.data: done
[Time=2018-11-29 13:29:31.322-06:00][Acc=(none)][User=(none)][Comp=(none)][App=(none)][PID=-1][Inst=Q Exactive][Type=error]Maintenance procedure failed.
[Time=2018-11-29 13:30:43.774-06:00][Acc=25P7XG2\ExactiveUser][User=ExactiveUser][Comp=25P7XG2][App=ExactiveService][PID=1980][Inst=Q Exactive][Conn=TCP(IRS1:6019->Q Exactive:45353)][Type=logging]Writing ..\log\InstrumentTemperature--2018-11-29.log: done
[Time=2018-11-29 13:32:49.480-06:00][Acc=25P7XG2\Thermo Scientific][User=][Comp=25P7XG2][App=ExactiveTune][PID=6428][Inst=Q Exactive][Conn=TCP(ICS1:6020->Q Exactive:49851)][Type=info]Calling function of UserDialog: UserButtonClick(OK)
[Time=2018-11-29 13:32:51.089-06:00][Acc=25P7XG2\Thermo Scientific][User=][Comp=25P7XG2][App=ExactiveTune][PID=6428][Inst=Q Exactive][Conn=TCP(ICS1:6020->Q Exactive:49851)][Type=info]Assuming mode Standby
[Time=2018-11-29 13:32:56.393-06:00][Acc=(none)][User=(none)][Comp=(none)][App=(none)][PID=-1][Inst=Q Exactive][Type=warning]Status-Warn: Electronics - Analyzer CE-HV Supply - Ion Optics Voltages - High Voltage (pre-regulator) - out of range :    0.7
[Time=2018-11-29 13:33:04.091-06:00][Acc=25P7XG2\Thermo Scientific][User=][Comp=25P7XG2][App=ExactiveTune][PID=6428][Inst=Q Exactive][Conn=TCP(ICS1:6020->Q Exactive:49851)][Type=info]Informing instrument about the current data system user 25P7XG2\Thermo Scientific()
[Time=2018-11-29 13:33:04.092-06:00][Acc=25P7XG2\Thermo Scientific][User=][Comp=25P7XG2][App=ExactiveTune][PID=6428][Inst=Q Exactive][Conn=TCP(ICS1:6020->Q Exactive:49851)][Type=info]Starting procedure Bakeout(240.0;1)
[Time=2018-11-29 13:33:04.387-06:00][Acc=(none)][User=(none)][Comp=(none)][App=(none)][PID=-1][Inst=Q Exactive][Type=info]= = = Running Maintenance procedure.. = = =
[Time=2018-11-29 13:33:04.392-06:00][Acc=(none)][User=(none)][Comp=(none)][App=(none)][PID=-1][Inst=Q Exactive][Type=info] 'Vacuum bakeout procedure' running ...
[Time=2018-11-29 13:33:04.392-06:00][Acc=(none)][User=(none)][Comp=(none)][App=(none)][PID=-1][Inst=Q Exactive][Type=warning]Setting system to Off because vacuum bakeout active.
[Time=2018-11-29 13:33:04.408-06:00][Acc=(none)][User=(none)][Comp=(none)][App=(none)][PID=-1][Inst=Q Exactive][Type=info]Info: Vacuum System - Bakeout Status - Heating (0.0 / 4.0 h)
[Time=2018-11-29 13:45:43.770-06:00][Acc=25P7XG2\ExactiveUser][User=ExactiveUser][Comp=25P7XG2][App=ExactiveService][PID=1980][Inst=Q Exactive][Conn=TCP(IRS1:6019->Q Exactive:45353)][Type=logging]Writing ..\log\InstrumentTemperature--2018-11-29.log: done
[Time=2018-11-29 14:00:43.753-06:00][Acc=25P7XG2\ExactiveUser][User=ExactiveUser][Comp=25P7XG2][App=ExactiveService][PID=1980][Inst=Q Exactive][Conn=TCP(IRS1:6019->Q Exactive:45353)][Type=logging]Writing ..\log\InstrumentTemperature--2018-11-29.log: done
[Time=2018-11-29 14:15:43.750-06:00][Acc=25P7XG2\ExactiveUser][User=ExactiveUser][Comp=25P7XG2][App=ExactiveService][PID=1980][Inst=Q Exactive][Conn=TCP(IRS1:6019->Q Exactive:45353)][Type=logging]Writing ..\log\InstrumentTemperature--2018-11-29.log: done
[Time=2018-11-29 14:30:43.753-06:00][Acc=25P7XG2\ExactiveUser][User=ExactiveUser][Comp=25P7XG2][App=ExactiveService][PID=1980][Inst=Q Exactive][Conn=TCP(IRS1:6019->Q Exactive:45353)][Type=logging]Writing ..\log\InstrumentTemperature--2018-11-29.log: done
[Time=2018-11-29 14:45:43.741-06:00][Acc=25P7XG2\ExactiveUser][User=ExactiveUser][Comp=25P7XG2][App=ExactiveService][PID=1980][Inst=Q Exactive][Conn=TCP(IRS1:6019->Q Exactive:45353)][Type=logging]Writing ..\log\InstrumentTemperature--2018-11-29.log: done
[Time=2018-11-29 15:00:43.734-06:00][Acc=25P7XG2\ExactiveUser][User=ExactiveUser][Comp=25P7XG2][App=ExactiveService][PID=1980][Inst=Q Exactive][Conn=TCP(IRS1:6019->Q Exactive:45353)][Type=logging]Writing ..\log\InstrumentTemperature--2018-11-29.log: done
[Time=2018-11-29 15:15:43.738-06:00][Acc=25P7XG2\ExactiveUser][User=ExactiveUser][Comp=25P7XG2][App=ExactiveService][PID=1980][Inst=Q Exactive][Conn=TCP(IRS1:6019->Q Exactive:45353)][Type=logging]Writing ..\log\InstrumentTemperature--2018-11-29.log: done
[Time=2018-11-29 15:30:43.734-06:00][Acc=25P7XG2\ExactiveUser][User=ExactiveUser][Comp=25P7XG2][App=ExactiveService][PID=1980][Inst=Q Exactive][Conn=TCP(IRS1:6019->Q Exactive:45353)][Type=logging]Writing ..\log\InstrumentTemperature--2018-11-29.log: done
[Time=2018-11-29 15:45:43.735-06:00][Acc=25P7XG2\ExactiveUser][User=ExactiveUser][Comp=25P7XG2][App=ExactiveService][PID=1980][Inst=Q Exactive][Conn=TCP(IRS1:6019->Q Exactive:45353)][Type=logging]Writing ..\log\InstrumentTemperature--2018-11-29.log: done
[Time=2018-11-29 16:00:43.730-06:00][Acc=25P7XG2\ExactiveUser][User=ExactiveUser][Comp=25P7XG2][App=ExactiveService][PID=1980][Inst=Q Exactive][Conn=TCP(IRS1:6019->Q Exactive:45353)][Type=logging]Writing ..\log\InstrumentTemperature--2018-11-29.log: done
[Time=2018-11-29 16:15:43.726-06:00][Acc=25P7XG2\ExactiveUser][User=ExactiveUser][Comp=25P7XG2][App=ExactiveService][PID=1980][Inst=Q Exactive][Conn=TCP(IRS1:6019->Q Exactive:45353)][Type=logging]Writing ..\log\InstrumentTemperature--2018-11-29.log: done
[Time=2018-11-29 16:30:43.713-06:00][Acc=25P7XG2\ExactiveUser][User=ExactiveUser][Comp=25P7XG2][App=ExactiveService][PID=1980][Inst=Q Exactive][Conn=TCP(IRS1:6019->Q Exactive:45353)][Type=logging]Writing ..\log\InstrumentTemperature--2018-11-29.log: done
[Time=2018-11-29 16:45:43.716-06:00][Acc=25P7XG2\ExactiveUser][User=ExactiveUser][Comp=25P7XG2][App=ExactiveService][PID=1980][Inst=Q Exactive][Conn=TCP(IRS1:6019->Q Exactive:45353)][Type=logging]Writing ..\log\InstrumentTemperature--2018-11-29.log: done
[Time=2018-11-29 17:00:43.701-06:00][Acc=25P7XG2\ExactiveUser][User=ExactiveUser][Comp=25P7XG2][App=ExactiveService][PID=1980][Inst=Q Exactive][Conn=TCP(IRS1:6019->Q Exactive:45353)][Type=logging]Writing ..\log\InstrumentTemperature--2018-11-29.log: done
[Time=2018-11-29 17:15:43.709-06:00][Acc=25P7XG2\ExactiveUser][User=ExactiveUser][Comp=25P7XG2][App=ExactiveService][PID=1980][Inst=Q Exactive][Conn=TCP(IRS1:6019->Q Exactive:45353)][Type=logging]Writing ..\log\InstrumentTemperature--2018-11-29.log: done
[Time=2018-11-29 17:30:43.699-06:00][Acc=25P7XG2\ExactiveUser][User=ExactiveUser][Comp=25P7XG2][App=ExactiveService][PID=1980][Inst=Q Exactive][Conn=TCP(IRS1:6019->Q Exactive:45353)][Type=logging]Writing ..\log\InstrumentTemperature--2018-11-29.log: done
[Time=2018-11-29 17:45:43.691-06:00][Acc=25P7XG2\ExactiveUser][User=ExactiveUser][Comp=25P7XG2][App=ExactiveService][PID=1980][Inst=Q Exactive][Conn=TCP(IRS1:6019->Q Exactive:45353)][Type=logging]Writing ..\log\InstrumentTemperature--2018-11-29.log: done
[Time=2018-11-29 18:00:43.687-06:00][Acc=25P7XG2\ExactiveUser][User=ExactiveUser][Comp=25P7XG2][App=ExactiveService][PID=1980][Inst=Q Exactive][Conn=TCP(IRS1:6019->Q Exactive:45353)][Type=logging]Writing ..\log\InstrumentTemperature--2018-11-29.log: done
[Time=2018-11-29 18:15:43.692-06:00][Acc=25P7XG2\ExactiveUser][User=ExactiveUser][Comp=25P7XG2][App=ExactiveService][PID=1980][Inst=Q Exactive][Conn=TCP(IRS1:6019->Q Exactive:45353)][Type=logging]Writing ..\log\InstrumentTemperature--2018-11-29.log: done
[Time=2018-11-29 18:30:43.677-06:00][Acc=25P7XG2\ExactiveUser][User=ExactiveUser][Comp=25P7XG2][App=ExactiveService][PID=1980][Inst=Q Exactive][Conn=TCP(IRS1:6019->Q Exactive:45353)][Type=logging]Writing ..\log\InstrumentTemperature--2018-11-29.log: done
[Time=2018-11-29 18:45:43.673-06:00][Acc=25P7XG2\ExactiveUser][User=ExactiveUser][Comp=25P7XG2][App=ExactiveService][PID=1980][Inst=Q Exactive][Conn=TCP(IRS1:6019->Q Exactive:45353)][Type=logging]Writing ..\log\InstrumentTemperature--2018-11-29.log: done
[Time=2018-11-29 19:00:43.673-06:00][Acc=25P7XG2\ExactiveUser][User=ExactiveUser][Comp=25P7XG2][App=ExactiveService][PID=1980][Inst=Q Exactive][Conn=TCP(IRS1:6019->Q Exactive:45353)][Type=logging]Writing ..\log\InstrumentTemperature--2018-11-29.log: done
[Time=2018-11-29 19:15:43.665-06:00][Acc=25P7XG2\ExactiveUser][User=ExactiveUser][Comp=25P7XG2][App=ExactiveService][PID=1980][Inst=Q Exactive][Conn=TCP(IRS1:6019->Q Exactive:45353)][Type=logging]Writing ..\log\InstrumentTemperature--2018-11-29.log: done
[Time=2018-11-29 19:30:43.650-06:00][Acc=25P7XG2\ExactiveUser][User=ExactiveUser][Comp=25P7XG2][App=ExactiveService][PID=1980][Inst=Q Exactive][Conn=TCP(IRS1:6019->Q Exactive:45353)][Type=logging]Writing ..\log\InstrumentTemperature--2018-11-29.log: done
[Time=2018-11-29 19:45:43.645-06:00][Acc=25P7XG2\ExactiveUser][User=ExactiveUser][Comp=25P7XG2][App=ExactiveService][PID=1980][Inst=Q Exactive][Conn=TCP(IRS1:6019->Q Exactive:45353)][Type=logging]Writing ..\log\InstrumentTemperature--2018-11-29.log: done
[Time=2018-11-29 20:00:43.646-06:00][Acc=25P7XG2\ExactiveUser][User=ExactiveUser][Comp=25P7XG2][App=ExactiveService][PID=1980][Inst=Q Exactive][Conn=TCP(IRS1:6019->Q Exactive:45353)][Type=logging]Writing ..\log\InstrumentTemperature--2018-11-29.log: done
[Time=2018-11-29 20:15:43.636-06:00][Acc=25P7XG2\ExactiveUser][User=ExactiveUser][Comp=25P7XG2][App=ExactiveService][PID=1980][Inst=Q Exactive][Conn=TCP(IRS1:6019->Q Exactive:45353)][Type=logging]Writing ..\log\InstrumentTemperature--2018-11-29.log: done
[Time=2018-11-29 20:28:12.913-06:00][Acc=(none)][User=(none)][Comp=(none)][App=(none)][PID=-1][Inst=Q Exactive][Type=warning]Status-Warn: Vacuum System - Diagnose - HCD cell capillary might be obstructed.
[Time=2018-11-29 20:30:43.633-06:00][Acc=25P7XG2\ExactiveUser][User=ExactiveUser][Comp=25P7XG2][App=ExactiveService][PID=1980][Inst=Q Exactive][Conn=TCP(IRS1:6019->Q Exactive:45353)][Type=logging]Writing ..\log\InstrumentTemperature--2018-11-29.log: done
[Time=2018-11-29 20:33:05.359-06:00][Acc=(none)][User=(none)][Comp=(none)][App=(none)][PID=-1][Inst=Q Exactive][Type=info] 'Vacuum bakeout procedure' Done: Baked for 4.0h
[Time=2018-11-29 20:33:05.370-06:00][Acc=25P7XG2\ExactiveUser][User=ExactiveUser][Comp=25P7XG2][App=ExactiveService][PID=1980][Inst=Q Exactive][Conn=TCP(IRS1:6019->Q Exactive:45353)][Type=logging]Writing msx_instrument_files\procedure_history: done
[Time=2018-11-29 20:33:05.373-06:00][Acc=25P7XG2\ExactiveUser][User=ExactiveUser][Comp=25P7XG2][App=ExactiveService][PID=1980][Inst=Q Exactive][Conn=TCP(IRS1:6019->Q Exactive:45353)][Type=logging]Writing Procedure_Results\Bakeout\Vacuum_bakeout_procedure\Vacuum_bakeout_procedure.data: done
[Time=2018-11-29 20:33:05.374-06:00][Acc=(none)][User=(none)][Comp=(none)][App=(none)][PID=-1][Inst=Q Exactive][Type=info]Maintenance procedure done.
[Time=2018-11-29 20:33:25.213-06:00][Acc=(none)][User=(none)][Comp=(none)][App=(none)][PID=-1][Inst=Q Exactive][Type=warning]Setting system to Off because Optics HV overload (L1) - Alarm.
[Time=2018-11-29 20:33:25.216-06:00][Acc=(none)][User=(none)][Comp=(none)][App=(none)][PID=-1][Inst=Q Exactive][Type=error]Status-Failure: Electronics - Analyzer CE-HV Supply - Overload Flags - Optics HV overload (L1) - Alarm : 0x1
[Time=2018-11-29 20:33:25.469-06:00][Acc=(none)][User=(none)][Comp=(none)][App=(none)][PID=-1][Inst=Q Exactive][Type=warning]Status-Warn: Electronics - Analyzer CE-HV Supply - Ion Optics Voltages - High Voltage (pre-regulator) - out of range :   -0.4
[Time=2018-11-29 20:45:43.627-06:00][Acc=25P7XG2\ExactiveUser][User=ExactiveUser][Comp=25P7XG2][App=ExactiveService][PID=1980][Inst=Q Exactive][Conn=TCP(IRS1:6019->Q Exactive:45353)][Type=logging]Writing ..\log\InstrumentTemperature--2018-11-29.log: done
[Time=2018-11-29 20:58:05.680-06:00][Acc=(none)][User=(none)][Comp=(none)][App=(none)][PID=-1][Inst=Q Exactive][Type=info]Instrument status Ok
[Time=2018-11-29 21:00:43.637-06:00][Acc=25P7XG2\ExactiveUser][User=ExactiveUser][Comp=25P7XG2][App=ExactiveService][PID=1980][Inst=Q Exactive][Conn=TCP(IRS1:6019->Q Exactive:45353)][Type=logging]Writing ..\log\InstrumentTemperature--2018-11-29.log: done
[Time=2018-11-29 21:15:43.624-06:00][Acc=25P7XG2\ExactiveUser][User=ExactiveUser][Comp=25P7XG2][App=ExactiveService][PID=1980][Inst=Q Exactive][Conn=TCP(IRS1:6019->Q Exactive:45353)][Type=logging]Writing ..\log\InstrumentTemperature--2018-11-29.log: done
[Time=2018-11-29 21:30:43.619-06:00][Acc=25P7XG2\ExactiveUser][User=ExactiveUser][Comp=25P7XG2][App=ExactiveService][PID=1980][Inst=Q Exactive][Conn=TCP(IRS1:6019->Q Exactive:45353)][Type=logging]Writing ..\log\InstrumentTemperature--2018-11-29.log: done
[Time=2018-11-29 21:45:43.623-06:00][Acc=25P7XG2\ExactiveUser][User=ExactiveUser][Comp=25P7XG2][App=ExactiveService][PID=1980][Inst=Q Exactive][Conn=TCP(IRS1:6019->Q Exactive:45353)][Type=logging]Writing ..\log\InstrumentTemperature--2018-11-29.log: done
[Time=2018-11-29 22:00:43.609-06:00][Acc=25P7XG2\ExactiveUser][User=ExactiveUser][Comp=25P7XG2][App=ExactiveService][PID=1980][Inst=Q Exactive][Conn=TCP(IRS1:6019->Q Exactive:45353)][Type=logging]Writing ..\log\InstrumentTemperature--2018-11-29.log: done
[Time=2018-11-29 22:15:43.612-06:00][Acc=25P7XG2\ExactiveUser][User=ExactiveUser][Comp=25P7XG2][App=ExactiveService][PID=1980][Inst=Q Exactive][Conn=TCP(IRS1:6019->Q Exactive:45353)][Type=logging]Writing ..\log\InstrumentTemperature--2018-11-29.log: done
[Time=2018-11-29 22:30:43.606-06:00][Acc=25P7XG2\ExactiveUser][User=ExactiveUser][Comp=25P7XG2][App=ExactiveService][PID=1980][Inst=Q Exactive][Conn=TCP(IRS1:6019->Q Exactive:45353)][Type=logging]Writing ..\log\InstrumentTemperature--2018-11-29.log: done
[Time=2018-11-29 22:45:43.602-06:00][Acc=25P7XG2\ExactiveUser][User=ExactiveUser][Comp=25P7XG2][App=ExactiveService][PID=1980][Inst=Q Exactive][Conn=TCP(IRS1:6019->Q Exactive:45353)][Type=logging]Writing ..\log\InstrumentTemperature--2018-11-29.log: done
[Time=2018-11-29 23:00:43.605-06:00][Acc=25P7XG2\ExactiveUser][User=ExactiveUser][Comp=25P7XG2][App=ExactiveService][PID=1980][Inst=Q Exactive][Conn=TCP(IRS1:6019->Q Exactive:45353)][Type=logging]Writing ..\log\InstrumentTemperature--2018-11-29.log: done
[Time=2018-11-29 23:15:43.592-06:00][Acc=25P7XG2\ExactiveUser][User=ExactiveUser][Comp=25P7XG2][App=ExactiveService][PID=1980][Inst=Q Exactive][Conn=TCP(IRS1:6019->Q Exactive:45353)][Type=logging]Writing ..\log\InstrumentTemperature--2018-11-29.log: done
[Time=2018-11-29 23:30:43.600-06:00][Acc=25P7XG2\ExactiveUser][User=ExactiveUser][Comp=25P7XG2][App=ExactiveService][PID=1980][Inst=Q Exactive][Conn=TCP(IRS1:6019->Q Exactive:45353)][Type=logging]Writing ..\log\InstrumentTemperature--2018-11-29.log: done
[Time=2018-11-29 23:45:43.596-06:00][Acc=25P7XG2\ExactiveUser][User=ExactiveUser][Comp=25P7XG2][App=ExactiveService][PID=1980][Inst=Q Exactive][Conn=TCP(IRS1:6019->Q Exactive:45353)][Type=logging]Writing ..\log\InstrumentTemperature--2018-11-29.log: done
[Time=2018-11-30 00:00:43.592-06:00][Acc=25P7XG2\ExactiveUser][User=ExactiveUser][Comp=25P7XG2][App=ExactiveService][PID=1980][Inst=Q Exactive][Conn=TCP(IRS1:6019->Q Exactive:45353)][Type=logging]Writing ..\log\InstrumentTemperature--2018-11-30.log: done
[Time=2018-11-30 00:15:43.576-06:00][Acc=25P7XG2\ExactiveUser][User=ExactiveUser][Comp=25P7XG2][App=ExactiveService][PID=1980][Inst=Q Exactive][Conn=TCP(IRS1:6019->Q Exactive:45353)][Type=logging]Writing ..\log\InstrumentTemperature--2018-11-30.log: done
[Time=2018-11-30 00:30:43.585-06:00][Acc=25P7XG2\ExactiveUser][User=ExactiveUser][Comp=25P7XG2][App=ExactiveService][PID=1980][Inst=Q Exactive][Conn=TCP(IRS1:6019->Q Exactive:45353)][Type=logging]Writing ..\log\InstrumentTemperature--2018-11-30.log: done
[Time=2018-11-30 00:45:43.581-06:00][Acc=25P7XG2\ExactiveUser][User=ExactiveUser][Comp=25P7XG2][App=ExactiveService][PID=1980][Inst=Q Exactive][Conn=TCP(IRS1:6019->Q Exactive:45353)][Type=logging]Writing ..\log\InstrumentTemperature--2018-11-30.log: done
[Time=2018-11-30 01:00:43.571-06:00][Acc=25P7XG2\ExactiveUser][User=ExactiveUser][Comp=25P7XG2][App=ExactiveService][PID=1980][Inst=Q Exactive][Conn=TCP(IRS1:6019->Q Exactive:45353)][Type=logging]Writing ..\log\InstrumentTemperature--2018-11-30.log: done
[Time=2018-11-30 01:15:43.573-06:00][Acc=25P7XG2\ExactiveUser][User=ExactiveUser][Comp=25P7XG2][App=ExactiveService][PID=1980][Inst=Q Exactive][Conn=TCP(IRS1:6019->Q Exactive:45353)][Type=logging]Writing ..\log\InstrumentTemperature--2018-11-30.log: done
[Time=2018-11-30 01:30:43.570-06:00][Acc=25P7XG2\ExactiveUser][User=ExactiveUser][Comp=25P7XG2][App=ExactiveService][PID=1980][Inst=Q Exactive][Conn=TCP(IRS1:6019->Q Exactive:45353)][Type=logging]Writing ..\log\InstrumentTemperature--2018-11-30.log: done
[Time=2018-11-30 01:45:43.566-06:00][Acc=25P7XG2\ExactiveUser][User=ExactiveUser][Comp=25P7XG2][App=ExactiveService][PID=1980][Inst=Q Exactive][Conn=TCP(IRS1:6019->Q Exactive:45353)][Type=logging]Writing ..\log\InstrumentTemperature--2018-11-30.log: done
[Time=2018-11-30 02:00:43.562-06:00][Acc=25P7XG2\ExactiveUser][User=ExactiveUser][Comp=25P7XG2][App=ExactiveService][PID=1980][Inst=Q Exactive][Conn=TCP(IRS1:6019->Q Exactive:45353)][Type=logging]Writing ..\log\InstrumentTemperature--2018-11-30.log: done
[Time=2018-11-30 02:15:43.559-06:00][Acc=25P7XG2\ExactiveUser][User=ExactiveUser][Comp=25P7XG2][App=ExactiveService][PID=1980][Inst=Q Exactive][Conn=TCP(IRS1:6019->Q Exactive:45353)][Type=logging]Writing ..\log\InstrumentTemperature--2018-11-30.log: done
[Time=2018-11-30 02:30:43.548-06:00][Acc=25P7XG2\ExactiveUser][User=ExactiveUser][Comp=25P7XG2][App=ExactiveService][PID=1980][Inst=Q Exactive][Conn=TCP(IRS1:6019->Q Exactive:45353)][Type=logging]Writing ..\log\InstrumentTemperature--2018-11-30.log: done
[Time=2018-11-30 02:45:43.551-06:00][Acc=25P7XG2\ExactiveUser][User=ExactiveUser][Comp=25P7XG2][App=ExactiveService][PID=1980][Inst=Q Exactive][Conn=TCP(IRS1:6019->Q Exactive:45353)][Type=logging]Writing ..\log\InstrumentTemperature--2018-11-30.log: done
[Time=2018-11-30 03:00:43.547-06:00][Acc=25P7XG2\ExactiveUser][User=ExactiveUser][Comp=25P7XG2][App=ExactiveService][PID=1980][Inst=Q Exactive][Conn=TCP(IRS1:6019->Q Exactive:45353)][Type=logging]Writing ..\log\InstrumentTemperature--2018-11-30.log: done
[Time=2018-11-30 03:15:43.543-06:00][Acc=25P7XG2\ExactiveUser][User=ExactiveUser][Comp=25P7XG2][App=ExactiveService][PID=1980][Inst=Q Exactive][Conn=TCP(IRS1:6019->Q Exactive:45353)][Type=logging]Writing ..\log\InstrumentTemperature--2018-11-30.log: done
[Time=2018-11-30 03:30:43.540-06:00][Acc=25P7XG2\ExactiveUser][User=ExactiveUser][Comp=25P7XG2][App=ExactiveService][PID=1980][Inst=Q Exactive][Conn=TCP(IRS1:6019->Q Exactive:45353)][Type=logging]Writing ..\log\InstrumentTemperature--2018-11-30.log: done
[Time=2018-11-30 03:45:43.536-06:00][Acc=25P7XG2\ExactiveUser][User=ExactiveUser][Comp=25P7XG2][App=ExactiveService][PID=1980][Inst=Q Exactive][Conn=TCP(IRS1:6019->Q Exactive:45353)][Type=logging]Writing ..\log\InstrumentTemperature--2018-11-30.log: done
[Time=2018-11-30 04:00:43.532-06:00][Acc=25P7XG2\ExactiveUser][User=ExactiveUser][Comp=25P7XG2][App=ExactiveService][PID=1980][Inst=Q Exactive][Conn=TCP(IRS1:6019->Q Exactive:45353)][Type=logging]Writing ..\log\InstrumentTemperature--2018-11-30.log: done
[Time=2018-11-30 04:15:43.529-06:00][Acc=25P7XG2\ExactiveUser][User=ExactiveUser][Comp=25P7XG2][App=ExactiveService][PID=1980][Inst=Q Exactive][Conn=TCP(IRS1:6019->Q Exactive:45353)][Type=logging]Writing ..\log\InstrumentTemperature--2018-11-30.log: done
[Time=2018-11-30 04:30:43.524-06:00][Acc=25P7XG2\ExactiveUser][User=ExactiveUser][Comp=25P7XG2][App=ExactiveService][PID=1980][Inst=Q Exactive][Conn=TCP(IRS1:6019->Q Exactive:45353)][Type=logging]Writing ..\log\InstrumentTemperature--2018-11-30.log: done
[Time=2018-11-30 04:45:43.512-06:00][Acc=25P7XG2\ExactiveUser][User=ExactiveUser][Comp=25P7XG2][App=ExactiveService][PID=1980][Inst=Q Exactive][Conn=TCP(IRS1:6019->Q Exactive:45353)][Type=logging]Writing ..\log\InstrumentTemperature--2018-11-30.log: done
[Time=2018-11-30 05:00:43.517-06:00][Acc=25P7XG2\ExactiveUser][User=ExactiveUser][Comp=25P7XG2][App=ExactiveService][PID=1980][Inst=Q Exactive][Conn=TCP(IRS1:6019->Q Exactive:45353)][Type=logging]Writing ..\log\InstrumentTemperature--2018-11-30.log: done
[Time=2018-11-30 05:15:43.514-06:00][Acc=25P7XG2\ExactiveUser][User=ExactiveUser][Comp=25P7XG2][App=ExactiveService][PID=1980][Inst=Q Exactive][Conn=TCP(IRS1:6019->Q Exactive:45353)][Type=logging]Writing ..\log\InstrumentTemperature--2018-11-30.log: done
[Time=2018-11-30 05:30:43.510-06:00][Acc=25P7XG2\ExactiveUser][User=ExactiveUser][Comp=25P7XG2][App=ExactiveService][PID=1980][Inst=Q Exactive][Conn=TCP(IRS1:6019->Q Exactive:45353)][Type=logging]Writing ..\log\InstrumentTemperature--2018-11-30.log: done
[Time=2018-11-30 05:45:43.506-06:00][Acc=25P7XG2\ExactiveUser][User=ExactiveUser][Comp=25P7XG2][App=ExactiveService][PID=1980][Inst=Q Exactive][Conn=TCP(IRS1:6019->Q Exactive:45353)][Type=logging]Writing ..\log\InstrumentTemperature--2018-11-30.log: done
[Time=2018-11-30 06:00:43.502-06:00][Acc=25P7XG2\ExactiveUser][User=ExactiveUser][Comp=25P7XG2][App=ExactiveService][PID=1980][Inst=Q Exactive][Conn=TCP(IRS1:6019->Q Exactive:45353)][Type=logging]Writing ..\log\InstrumentTemperature--2018-11-30.log: done
[Time=2018-11-30 06:15:43.496-06:00][Acc=25P7XG2\ExactiveUser][User=ExactiveUser][Comp=25P7XG2][App=ExactiveService][PID=1980][Inst=Q Exactive][Conn=TCP(IRS1:6019->Q Exactive:45353)][Type=logging]Writing ..\log\InstrumentTemperature--2018-11-30.log: done
[Time=2018-11-30 06:30:43.495-06:00][Acc=25P7XG2\ExactiveUser][User=ExactiveUser][Comp=25P7XG2][App=ExactiveService][PID=1980][Inst=Q Exactive][Conn=TCP(IRS1:6019->Q Exactive:45353)][Type=logging]Writing ..\log\InstrumentTemperature--2018-11-30.log: done
[Time=2018-11-30 06:45:43.491-06:00][Acc=25P7XG2\ExactiveUser][User=ExactiveUser][Comp=25P7XG2][App=ExactiveService][PID=1980][Inst=Q Exactive][Conn=TCP(IRS1:6019->Q Exactive:45353)][Type=logging]Writing ..\log\InstrumentTemperature--2018-11-30.log: done
[Time=2018-11-30 07:00:43.487-06:00][Acc=25P7XG2\ExactiveUser][User=ExactiveUser][Comp=25P7XG2][App=ExactiveService][PID=1980][Inst=Q Exactive][Conn=TCP(IRS1:6019->Q Exactive:45353)][Type=logging]Writing ..\log\InstrumentTemperature--2018-11-30.log: done
[Time=2018-11-30 07:15:43.484-06:00][Acc=25P7XG2\ExactiveUser][User=ExactiveUser][Comp=25P7XG2][App=ExactiveService][PID=1980][Inst=Q Exactive][Conn=TCP(IRS1:6019->Q Exactive:45353)][Type=logging]Writing ..\log\InstrumentTemperature--2018-11-30.log: done
[Time=2018-11-30 07:30:43.475-06:00][Acc=25P7XG2\ExactiveUser][User=ExactiveUser][Comp=25P7XG2][App=ExactiveService][PID=1980][Inst=Q Exactive][Conn=TCP(IRS1:6019->Q Exactive:45353)][Type=logging]Writing ..\log\InstrumentTemperature--2018-11-30.log: done
[Time=2018-11-30 07:45:43.476-06:00][Acc=25P7XG2\ExactiveUser][User=ExactiveUser][Comp=25P7XG2][App=ExactiveService][PID=1980][Inst=Q Exactive][Conn=TCP(IRS1:6019->Q Exactive:45353)][Type=logging]Writing ..\log\InstrumentTemperature--2018-11-30.log: done
[Time=2018-11-30 08:00:43.460-06:00][Acc=25P7XG2\ExactiveUser][User=ExactiveUser][Comp=25P7XG2][App=ExactiveService][PID=1980][Inst=Q Exactive][Conn=TCP(IRS1:6019->Q Exactive:45353)][Type=logging]Writing ..\log\InstrumentTemperature--2018-11-30.log: done
[Time=2018-11-30 08:15:43.456-06:00][Acc=25P7XG2\ExactiveUser][User=ExactiveUser][Comp=25P7XG2][App=ExactiveService][PID=1980][Inst=Q Exactive][Conn=TCP(IRS1:6019->Q Exactive:45353)][Type=logging]Writing ..\log\InstrumentTemperature--2018-11-30.log: done
[Time=2018-11-30 08:30:43.453-06:00][Acc=25P7XG2\ExactiveUser][User=ExactiveUser][Comp=25P7XG2][App=ExactiveService][PID=1980][Inst=Q Exactive][Conn=TCP(IRS1:6019->Q Exactive:45353)][Type=logging]Writing ..\log\InstrumentTemperature--2018-11-30.log: done
[Time=2018-11-30 08:45:43.449-06:00][Acc=25P7XG2\ExactiveUser][User=ExactiveUser][Comp=25P7XG2][App=ExactiveService][PID=1980][Inst=Q Exactive][Conn=TCP(IRS1:6019->Q Exactive:45353)][Type=logging]Writing ..\log\InstrumentTemperature--2018-11-30.log: done
[Time=2018-11-30 09:00:43.445-06:00][Acc=25P7XG2\ExactiveUser][User=ExactiveUser][Comp=25P7XG2][App=ExactiveService][PID=1980][Inst=Q Exactive][Conn=TCP(IRS1:6019->Q Exactive:45353)][Type=logging]Writing ..\log\InstrumentTemperature--2018-11-30.log: done
[Time=2018-11-30 09:15:43.442-06:00][Acc=25P7XG2\ExactiveUser][User=ExactiveUser][Comp=25P7XG2][App=ExactiveService][PID=1980][Inst=Q Exactive][Conn=TCP(IRS1:6019->Q Exactive:45353)][Type=logging]Writing ..\log\InstrumentTemperature--2018-11-30.log: done
[Time=2018-11-30 09:30:43.438-06:00][Acc=25P7XG2\ExactiveUser][User=ExactiveUser][Comp=25P7XG2][App=ExactiveService][PID=1980][Inst=Q Exactive][Conn=TCP(IRS1:6019->Q Exactive:45353)][Type=logging]Writing ..\log\InstrumentTemperature--2018-11-30.log: done
[Time=2018-11-30 09:45:43.433-06:00][Acc=25P7XG2\ExactiveUser][User=ExactiveUser][Comp=25P7XG2][App=ExactiveService][PID=1980][Inst=Q Exactive][Conn=TCP(IRS1:6019->Q Exactive:45353)][Type=logging]Writing ..\log\InstrumentTemperature--2018-11-30.log: done
[Time=2018-11-30 10:00:43.429-06:00][Acc=25P7XG2\ExactiveUser][User=ExactiveUser][Comp=25P7XG2][App=ExactiveService][PID=1980][Inst=Q Exactive][Conn=TCP(IRS1:6019->Q Exactive:45353)][Type=logging]Writing ..\log\InstrumentTemperature--2018-11-30.log: done
[Time=2018-11-30 10:02:37.820-06:00][Acc=25P7XG2\Thermo Scientific][User=][Comp=25P7XG2][App=ExactiveTune][PID=6428][Inst=Q Exactive][Conn=TCP(ICS1:6020->Q Exactive:49851)][Type=info]Informing instrument about the current data system user 25P7XG2\Thermo Scientific()
[Time=2018-11-30 10:02:37.820-06:00][Acc=25P7XG2\Thermo Scientific][User=][Comp=25P7XG2][App=ExactiveTune][PID=6428][Inst=Q Exactive][Conn=TCP(ICS1:6020->Q Exactive:49851)][Type=info]Starting procedure Bakeout(480.0;1)
[Time=2018-11-30 10:02:37.823-06:00][Acc=(none)][User=(none)][Comp=(none)][App=(none)][PID=-1][Inst=Q Exactive][Type=info]= = = Running Maintenance procedure.. = = =
[Time=2018-11-30 10:02:37.825-06:00][Acc=(none)][User=(none)][Comp=(none)][App=(none)][PID=-1][Inst=Q Exactive][Type=info] 'Vacuum bakeout procedure' running ...
[Time=2018-11-30 10:15:43.426-06:00][Acc=25P7XG2\ExactiveUser][User=ExactiveUser][Comp=25P7XG2][App=ExactiveService][PID=1980][Inst=Q Exactive][Conn=TCP(IRS1:6019->Q Exactive:45353)][Type=logging]Writing ..\log\InstrumentTemperature--2018-11-30.log: done
[Time=2018-11-30 10:30:43.423-06:00][Acc=25P7XG2\ExactiveUser][User=ExactiveUser][Comp=25P7XG2][App=ExactiveService][PID=1980][Inst=Q Exactive][Conn=TCP(IRS1:6019->Q Exactive:45353)][Type=logging]Writing ..\log\InstrumentTemperature--2018-11-30.log: done
[Time=2018-11-30 10:45:43.405-06:00][Acc=25P7XG2\ExactiveUser][User=ExactiveUser][Comp=25P7XG2][App=ExactiveService][PID=1980][Inst=Q Exactive][Conn=TCP(IRS1:6019->Q Exactive:45353)][Type=logging]Writing ..\log\InstrumentTemperature--2018-11-30.log: done
[Time=2018-11-30 11:00:43.407-06:00][Acc=25P7XG2\ExactiveUser][User=ExactiveUser][Comp=25P7XG2][App=ExactiveService][PID=1980][Inst=Q Exactive][Conn=TCP(IRS1:6019->Q Exactive:45353)][Type=logging]Writing ..\log\InstrumentTemperature--2018-11-30.log: done
[Time=2018-11-30 11:15:43.408-06:00][Acc=25P7XG2\ExactiveUser][User=ExactiveUser][Comp=25P7XG2][App=ExactiveService][PID=1980][Inst=Q Exactive][Conn=TCP(IRS1:6019->Q Exactive:45353)][Type=logging]Writing ..\log\InstrumentTemperature--2018-11-30.log: done
[Time=2018-11-30 11:30:43.399-06:00][Acc=25P7XG2\ExactiveUser][User=ExactiveUser][Comp=25P7XG2][App=ExactiveService][PID=1980][Inst=Q Exactive][Conn=TCP(IRS1:6019->Q Exactive:45353)][Type=logging]Writing ..\log\InstrumentTemperature--2018-11-30.log: done
[Time=2018-11-30 11:45:43.395-06:00][Acc=25P7XG2\ExactiveUser][User=ExactiveUser][Comp=25P7XG2][App=ExactiveService][PID=1980][Inst=Q Exactive][Conn=TCP(IRS1:6019->Q Exactive:45353)][Type=logging]Writing ..\log\InstrumentTemperature--2018-11-30.log: done
[Time=2018-11-30 12:00:43.390-06:00][Acc=25P7XG2\ExactiveUser][User=ExactiveUser][Comp=25P7XG2][App=ExactiveService][PID=1980][Inst=Q Exactive][Conn=TCP(IRS1:6019->Q Exactive:45353)][Type=logging]Writing ..\log\InstrumentTemperature--2018-11-30.log: done
[Time=2018-11-30 12:15:43.394-06:00][Acc=25P7XG2\ExactiveUser][User=ExactiveUser][Comp=25P7XG2][App=ExactiveService][PID=1980][Inst=Q Exactive][Conn=TCP(IRS1:6019->Q Exactive:45353)][Type=logging]Writing ..\log\InstrumentTemperature--2018-11-30.log: done
[Time=2018-11-30 12:30:43.389-06:00][Acc=25P7XG2\ExactiveUser][User=ExactiveUser][Comp=25P7XG2][App=ExactiveService][PID=1980][Inst=Q Exactive][Conn=TCP(IRS1:6019->Q Exactive:45353)][Type=logging]Writing ..\log\InstrumentTemperature--2018-11-30.log: done
[Time=2018-11-30 12:45:43.383-06:00][Acc=25P7XG2\ExactiveUser][User=ExactiveUser][Comp=25P7XG2][App=ExactiveService][PID=1980][Inst=Q Exactive][Conn=TCP(IRS1:6019->Q Exactive:45353)][Type=logging]Writing ..\log\InstrumentTemperature--2018-11-30.log: done
[Time=2018-11-30 13:00:43.380-06:00][Acc=25P7XG2\ExactiveUser][User=ExactiveUser][Comp=25P7XG2][App=ExactiveService][PID=1980][Inst=Q Exactive][Conn=TCP(IRS1:6019->Q Exactive:45353)][Type=logging]Writing ..\log\InstrumentTemperature--2018-11-30.log: done
[Time=2018-11-30 13:15:43.367-06:00][Acc=25P7XG2\ExactiveUser][User=ExactiveUser][Comp=25P7XG2][App=ExactiveService][PID=1980][Inst=Q Exactive][Conn=TCP(IRS1:6019->Q Exactive:45353)][Type=logging]Writing ..\log\InstrumentTemperature--2018-11-30.log: done
[Time=2018-11-30 13:30:43.362-06:00][Acc=25P7XG2\ExactiveUser][User=ExactiveUser][Comp=25P7XG2][App=ExactiveService][PID=1980][Inst=Q Exactive][Conn=TCP(IRS1:6019->Q Exactive:45353)][Type=logging]Writing ..\log\InstrumentTemperature--2018-11-30.log: done
[Time=2018-11-30 13:45:43.354-06:00][Acc=25P7XG2\ExactiveUser][User=ExactiveUser][Comp=25P7XG2][App=ExactiveService][PID=1980][Inst=Q Exactive][Conn=TCP(IRS1:6019->Q Exactive:45353)][Type=logging]Writing ..\log\InstrumentTemperature--2018-11-30.log: done
[Time=2018-11-30 14:00:43.364-06:00][Acc=25P7XG2\ExactiveUser][User=ExactiveUser][Comp=25P7XG2][App=ExactiveService][PID=1980][Inst=Q Exactive][Conn=TCP(IRS1:6019->Q Exactive:45353)][Type=logging]Writing ..\log\InstrumentTemperature--2018-11-30.log: done
[Time=2018-11-30 14:15:43.349-06:00][Acc=25P7XG2\ExactiveUser][User=ExactiveUser][Comp=25P7XG2][App=ExactiveService][PID=1980][Inst=Q Exactive][Conn=TCP(IRS1:6019->Q Exactive:45353)][Type=logging]Writing ..\log\InstrumentTemperature--2018-11-30.log: done
[Time=2018-11-30 14:30:43.349-06:00][Acc=25P7XG2\ExactiveUser][User=ExactiveUser][Comp=25P7XG2][App=ExactiveService][PID=1980][Inst=Q Exactive][Conn=TCP(IRS1:6019->Q Exactive:45353)][Type=logging]Writing ..\log\InstrumentTemperature--2018-11-30.log: done
[Time=2018-11-30 14:45:43.350-06:00][Acc=25P7XG2\ExactiveUser][User=ExactiveUser][Comp=25P7XG2][App=ExactiveService][PID=1980][Inst=Q Exactive][Conn=TCP(IRS1:6019->Q Exactive:45353)][Type=logging]Writing ..\log\InstrumentTemperature--2018-11-30.log: done
[Time=2018-11-30 15:00:43.334-06:00][Acc=25P7XG2\ExactiveUser][User=ExactiveUser][Comp=25P7XG2][App=ExactiveService][PID=1980][Inst=Q Exactive][Conn=TCP(IRS1:6019->Q Exactive:45353)][Type=logging]Writing ..\log\InstrumentTemperature--2018-11-30.log: done
[Time=2018-11-30 15:15:43.329-06:00][Acc=25P7XG2\ExactiveUser][User=ExactiveUser][Comp=25P7XG2][App=ExactiveService][PID=1980][Inst=Q Exactive][Conn=TCP(IRS1:6019->Q Exactive:45353)][Type=logging]Writing ..\log\InstrumentTemperature--2018-11-30.log: done
[Time=2018-11-30 15:30:43.338-06:00][Acc=25P7XG2\ExactiveUser][User=ExactiveUser][Comp=25P7XG2][App=ExactiveService][PID=1980][Inst=Q Exactive][Conn=TCP(IRS1:6019->Q Exactive:45353)][Type=logging]Writing ..\log\InstrumentTemperature--2018-11-30.log: done
[Time=2018-11-30 15:45:43.327-06:00][Acc=25P7XG2\ExactiveUser][User=ExactiveUser][Comp=25P7XG2][App=ExactiveService][PID=1980][Inst=Q Exactive][Conn=TCP(IRS1:6019->Q Exactive:45353)][Type=logging]Writing ..\log\InstrumentTemperature--2018-11-30.log: done
[Time=2018-11-30 16:00:43.318-06:00][Acc=25P7XG2\ExactiveUser][User=ExactiveUser][Comp=25P7XG2][App=ExactiveService][PID=1980][Inst=Q Exactive][Conn=TCP(IRS1:6019->Q Exactive:45353)][Type=logging]Writing ..\log\InstrumentTemperature--2018-11-30.log: done
[Time=2018-11-30 16:15:43.312-06:00][Acc=25P7XG2\ExactiveUser][User=ExactiveUser][Comp=25P7XG2][App=ExactiveService][PID=1980][Inst=Q Exactive][Conn=TCP(IRS1:6019->Q Exactive:45353)][Type=logging]Writing ..\log\InstrumentTemperature--2018-11-30.log: done
[Time=2018-11-30 16:30:43.321-06:00][Acc=25P7XG2\ExactiveUser][User=ExactiveUser][Comp=25P7XG2][App=ExactiveService][PID=1980][Inst=Q Exactive][Conn=TCP(IRS1:6019->Q Exactive:45353)][Type=logging]Writing ..\log\InstrumentTemperature--2018-11-30.log: done
[Time=2018-11-30 16:45:43.318-06:00][Acc=25P7XG2\ExactiveUser][User=ExactiveUser][Comp=25P7XG2][App=ExactiveService][PID=1980][Inst=Q Exactive][Conn=TCP(IRS1:6019->Q Exactive:45353)][Type=logging]Writing ..\log\InstrumentTemperature--2018-11-30.log: done
[Time=2018-11-30 17:00:43.304-06:00][Acc=25P7XG2\ExactiveUser][User=ExactiveUser][Comp=25P7XG2][App=ExactiveService][PID=1980][Inst=Q Exactive][Conn=TCP(IRS1:6019->Q Exactive:45353)][Type=logging]Writing ..\log\InstrumentTemperature--2018-11-30.log: done
[Time=2018-11-30 17:15:43.304-06:00][Acc=25P7XG2\ExactiveUser][User=ExactiveUser][Comp=25P7XG2][App=ExactiveService][PID=1980][Inst=Q Exactive][Conn=TCP(IRS1:6019->Q Exactive:45353)][Type=logging]Writing ..\log\InstrumentTemperature--2018-11-30.log: done
[Time=2018-11-30 17:30:43.297-06:00][Acc=25P7XG2\ExactiveUser][User=ExactiveUser][Comp=25P7XG2][App=ExactiveService][PID=1980][Inst=Q Exactive][Conn=TCP(IRS1:6019->Q Exactive:45353)][Type=logging]Writing ..\log\InstrumentTemperature--2018-11-30.log: done
[Time=2018-11-30 17:45:43.301-06:00][Acc=25P7XG2\ExactiveUser][User=ExactiveUser][Comp=25P7XG2][App=ExactiveService][PID=1980][Inst=Q Exactive][Conn=TCP(IRS1:6019->Q Exactive:45353)][Type=logging]Writing ..\log\InstrumentTemperature--2018-11-30.log: done
[Time=2018-11-30 18:00:43.288-06:00][Acc=25P7XG2\ExactiveUser][User=ExactiveUser][Comp=25P7XG2][App=ExactiveService][PID=1980][Inst=Q Exactive][Conn=TCP(IRS1:6019->Q Exactive:45353)][Type=logging]Writing ..\log\InstrumentTemperature--2018-11-30.log: done
[Time=2018-11-30 18:15:43.289-06:00][Acc=25P7XG2\ExactiveUser][User=ExactiveUser][Comp=25P7XG2][App=ExactiveService][PID=1980][Inst=Q Exactive][Conn=TCP(IRS1:6019->Q Exactive:45353)][Type=logging]Writing ..\log\InstrumentTemperature--2018-11-30.log: done
[Time=2018-11-30 18:30:43.284-06:00][Acc=25P7XG2\ExactiveUser][User=ExactiveUser][Comp=25P7XG2][App=ExactiveService][PID=1980][Inst=Q Exactive][Conn=TCP(IRS1:6019->Q Exactive:45353)][Type=logging]Writing ..\log\InstrumentTemperature--2018-11-30.log: done
[Time=2018-11-30 18:45:43.282-06:00][Acc=25P7XG2\ExactiveUser][User=ExactiveUser][Comp=25P7XG2][App=ExactiveService][PID=1980][Inst=Q Exactive][Conn=TCP(IRS1:6019->Q Exactive:45353)][Type=logging]Writing ..\log\InstrumentTemperature--2018-11-30.log: done
[Time=2018-11-30 19:00:43.267-06:00][Acc=25P7XG2\ExactiveUser][User=ExactiveUser][Comp=25P7XG2][App=ExactiveService][PID=1980][Inst=Q Exactive][Conn=TCP(IRS1:6019->Q Exactive:45353)][Type=logging]Writing ..\log\InstrumentTemperature--2018-11-30.log: done
[Time=2018-11-30 19:15:43.263-06:00][Acc=25P7XG2\ExactiveUser][User=ExactiveUser][Comp=25P7XG2][App=ExactiveService][PID=1980][Inst=Q Exactive][Conn=TCP(IRS1:6019->Q Exactive:45353)][Type=logging]Writing ..\log\InstrumentTemperature--2018-11-30.log: done
[Time=2018-11-30 19:30:43.261-06:00][Acc=25P7XG2\ExactiveUser][User=ExactiveUser][Comp=25P7XG2][App=ExactiveService][PID=1980][Inst=Q Exactive][Conn=TCP(IRS1:6019->Q Exactive:45353)][Type=logging]Writing ..\log\InstrumentTemperature--2018-11-30.log: done
[Time=2018-11-30 19:45:43.262-06:00][Acc=25P7XG2\ExactiveUser][User=ExactiveUser][Comp=25P7XG2][App=ExactiveService][PID=1980][Inst=Q Exactive][Conn=TCP(IRS1:6019->Q Exactive:45353)][Type=logging]Writing ..\log\InstrumentTemperature--2018-11-30.log: done
[Time=2018-11-30 20:00:43.253-06:00][Acc=25P7XG2\ExactiveUser][User=ExactiveUser][Comp=25P7XG2][App=ExactiveService][PID=1980][Inst=Q Exactive][Conn=TCP(IRS1:6019->Q Exactive:45353)][Type=logging]Writing ..\log\InstrumentTemperature--2018-11-30.log: done
[Time=2018-11-30 20:15:43.259-06:00][Acc=25P7XG2\ExactiveUser][User=ExactiveUser][Comp=25P7XG2][App=ExactiveService][PID=1980][Inst=Q Exactive][Conn=TCP(IRS1:6019->Q Exactive:45353)][Type=logging]Writing ..\log\InstrumentTemperature--2018-11-30.log: done
[Time=2018-11-30 20:30:43.244-06:00][Acc=25P7XG2\ExactiveUser][User=ExactiveUser][Comp=25P7XG2][App=ExactiveService][PID=1980][Inst=Q Exactive][Conn=TCP(IRS1:6019->Q Exactive:45353)][Type=logging]Writing ..\log\InstrumentTemperature--2018-11-30.log: done
[Time=2018-11-30 20:45:43.244-06:00][Acc=25P7XG2\ExactiveUser][User=ExactiveUser][Comp=25P7XG2][App=ExactiveService][PID=1980][Inst=Q Exactive][Conn=TCP(IRS1:6019->Q Exactive:45353)][Type=logging]Writing ..\log\InstrumentTemperature--2018-11-30.log: done
[Time=2018-11-30 21:00:43.240-06:00][Acc=25P7XG2\ExactiveUser][User=ExactiveUser][Comp=25P7XG2][App=ExactiveService][PID=1980][Inst=Q Exactive][Conn=TCP(IRS1:6019->Q Exactive:45353)][Type=logging]Writing ..\log\InstrumentTemperature--2018-11-30.log: done
[Time=2018-11-30 21:02:38.036-06:00][Acc=(none)][User=(none)][Comp=(none)][App=(none)][PID=-1][Inst=Q Exactive][Type=info] 'Vacuum bakeout procedure' Done: Baked for 8.0h
[Time=2018-11-30 21:02:38.045-06:00][Acc=25P7XG2\ExactiveUser][User=ExactiveUser][Comp=25P7XG2][App=ExactiveService][PID=1980][Inst=Q Exactive][Conn=TCP(IRS1:6019->Q Exactive:45353)][Type=logging]Writing msx_instrument_files\procedure_history: done
[Time=2018-11-30 21:02:38.046-06:00][Acc=25P7XG2\ExactiveUser][User=ExactiveUser][Comp=25P7XG2][App=ExactiveService][PID=1980][Inst=Q Exactive][Conn=TCP(IRS1:6019->Q Exactive:45353)][Type=logging]Writing Procedure_Results\Bakeout\Vacuum_bakeout_procedure\Vacuum_bakeout_procedure.data: done
[Time=2018-11-30 21:02:38.049-06:00][Acc=(none)][User=(none)][Comp=(none)][App=(none)][PID=-1][Inst=Q Exactive][Type=info]Maintenance procedure done.
[Time=2018-11-30 21:02:43.485-06:00][Acc=(none)][User=(none)][Comp=(none)][App=(none)][PID=-1][Inst=Q Exactive][Type=warning]Status-Warn: Electronics - Analyzer CE-HV Supply - Ion Optics Voltages - High Voltage (pre-regulator) - out of range :    0.8
[Time=2018-11-30 21:02:57.985-06:00][Acc=(none)][User=(none)][Comp=(none)][App=(none)][PID=-1][Inst=Q Exactive][Type=warning]Setting system to Off because Optics HV overload (L1) - Alarm.
[Time=2018-11-30 21:02:57.988-06:00][Acc=(none)][User=(none)][Comp=(none)][App=(none)][PID=-1][Inst=Q Exactive][Type=error]Status-Failure: Electronics - Analyzer CE-HV Supply - Overload Flags - Optics HV overload (L1) - Alarm : 0x1
[Time=2018-11-30 21:02:58.244-06:00][Acc=(none)][User=(none)][Comp=(none)][App=(none)][PID=-1][Inst=Q Exactive][Type=warning]Status-Warn: Electronics - Analyzer CE-HV Supply - Ion Optics Voltages - High Voltage (pre-regulator) - out of range :    0.8
[Time=2018-11-30 21:02:58.244-06:00][Acc=(none)][User=(none)][Comp=(none)][App=(none)][PID=-1][Inst=Q Exactive][Type=info]Instrument status Ok
[Time=2018-11-30 21:02:58.735-06:00][Acc=(none)][User=(none)][Comp=(none)][App=(none)][PID=-1][Inst=Q Exactive][Type=error] [Inspect/FT Adapter Interface] Unknown FT-Adapter token: 543451500.
[Time=2018-11-30 21:02:58.985-06:00][Acc=(none)][User=(none)][Comp=(none)][App=(none)][PID=-1][Inst=Q Exactive][Type=error] [Inspect/FT Adapter Interface] Unknown FT-Adapter token: 1948279145.
[Time=2018-11-30 21:02:59.235-06:00][Acc=(none)][User=(none)][Comp=(none)][App=(none)][PID=-1][Inst=Q Exactive][Type=error] [Inspect/FT Adapter Interface] Unknown FT-Adapter token: 1852140399.
[Time=2018-11-30 21:02:59.485-06:00][Acc=(none)][User=(none)][Comp=(none)][App=(none)][PID=-1][Inst=Q Exactive][Type=error] [Inspect/FT Adapter Interface] Unknown FT-Adapter token: 875639584.
[Time=2018-11-30 21:02:59.735-06:00][Acc=(none)][User=(none)][Comp=(none)][App=(none)][PID=-1][Inst=Q Exactive][Type=error] [Inspect/FT Adapter Interface] Unknown FT-Adapter token: 14392.
[Time=2018-11-30 21:15:43.246-06:00][Acc=25P7XG2\ExactiveUser][User=ExactiveUser][Comp=25P7XG2][App=ExactiveService][PID=1980][Inst=Q Exactive][Conn=TCP(IRS1:6019->Q Exactive:45353)][Type=logging]Writing ..\log\InstrumentTemperature--2018-11-30.log: done
[Time=2018-11-30 21:18:57.091-06:00][Acc=25P7XG2\ExactiveUser][User=ExactiveUser][Comp=25P7XG2][App=ExactiveService][PID=1980][Type=info]Application connection lost to 4bb53a5e-59b4-48b3-a2e8-f55348d9247e assigned id 2: 25P7XG2\Thermo Scientific() from 25P7XG2.ExactiveTune(6428)
[Time=2018-11-30 21:19:06.240-06:00][Acc=25P7XG2\ExactiveUser][User=ExactiveUser][Comp=25P7XG2][App=ExactiveService][PID=1980][Inst=Q Exactive][Conn=TCP(ICS1:6020->Q Exactive:49851)][Type=info]lost instrument control connection
[Time=2018-11-30 21:19:06.276-06:00][Acc=25P7XG2\ExactiveUser][User=ExactiveUser][Comp=25P7XG2][App=ExactiveService][PID=1980][Inst=Q Exactive][Type=logging]new control connection
[Time=2018-11-30 21:19:06.355-06:00][Acc=25P7XG2\ExactiveUser][User=ExactiveUser][Comp=25P7XG2][App=ExactiveService][PID=1980][Inst=Q Exactive][Conn=TCP(IRS1:6019->Q Exactive:45353)][Type=info]lost instrument request connection
[Time=2018-11-30 21:19:06.355-06:00][Acc=25P7XG2\ExactiveUser][User=ExactiveUser][Comp=25P7XG2][App=ExactiveService][PID=1980][Inst=Q Exactive][Conn=TCP(IDS1:6021->Q Exactive:46493)][Type=info]lost instrument data connection
[Time=2018-11-30 21:19:06.355-06:00][Acc=25P7XG2\ExactiveUser][User=ExactiveUser][Comp=25P7XG2][App=ExactiveService][PID=1980][Inst=Q Exactive][Type=info]communication thread stopped
