[Time=2019-05-28 13:11:25.302-05:00][Acc=25P7XG2\ExactiveUser][User=ExactiveUser][Comp=25P7XG2][App=ExactiveService][PID=1976][Inst=Q Exactive][Type=logging]core server thread 20 started
[Time=2019-05-28 13:11:25.316-05:00][Acc=25P7XG2\ExactiveUser][User=ExactiveUser][Comp=25P7XG2][App=ExactiveService][PID=1976][Inst=Q Exactive][Type=logging]using {ExactiveService, Version=2.9.0.2926, Culture=neutral, PublicKeyToken=afdcd0a06562c881, "C:\Xcalibur\system\Exactive\bin\ExactiveService.exe"", Release"}; {ExactiveManager, Version=2.9.0.2926, Culture=neutral, PublicKeyToken=afdcd0a06562c881, "C:\Windows\assembly\GAC_MSIL\ExactiveManager\2.9.0.2926__afdcd0a06562c881\ExactiveManager.dll"", Release"}; {ThermoFisher.CommonCore.Data, Version=4.0.19.0, Culture=neutral, PublicKeyToken=1aef06afb5abd953, "C:\Program Files (x86)\Thermo\Foundation\ThermoFisher.CommonCore.Data.dll"", "}; {Exactive, Version=2.9.0.2926, Culture=neutral, PublicKeyToken=afdcd0a06562c881, "C:\Windows\assembly\GAC_MSIL\Exactive\2.9.0.2926__afdcd0a06562c881\Exactive.dll"", Release"}; {mscorlib, Version=4.0.0.0, Culture=neutral, PublicKeyToken=b77a5c561934e089, "C:\Windows\Microsoft.NET\Framework\v4.0.30319\mscorlib.dll"", "}
[Time=2019-05-28 13:11:24.335-05:00][Acc=25P7XG2\ExactiveUser][User=ExactiveUser][Comp=25P7XG2][App=ExactiveService][PID=1976][Inst=Q Exactive][Type=logging]IoNode for Q Exactive created
[Time=2019-05-28 13:11:24.632-05:00][Acc=25P7XG2\ExactiveUser][User=ExactiveUser][Comp=25P7XG2][App=ExactiveService][PID=1976][Inst=Q Exactive][Type=logging]communication thread 18 started
[Time=2019-05-28 13:11:25.917-05:00][Acc=25P7XG2\ExactiveUser][User=ExactiveUser][Comp=25P7XG2][App=ExactiveService][PID=1976][Inst=Q Exactive][Type=logging]instrument request server thread 23 started
[Time=2019-05-28 13:11:25.917-05:00][Acc=25P7XG2\ExactiveUser][User=ExactiveUser][Comp=25P7XG2][App=ExactiveService][PID=1976][Inst=Q Exactive][Type=logging]instrument control server thread 24 started
[Time=2019-05-28 13:11:25.932-05:00][Acc=25P7XG2\ExactiveUser][User=ExactiveUser][Comp=25P7XG2][App=ExactiveService][PID=1976][Inst=Q Exactive][Type=logging]instrument data server thread 25 started
[Time=2019-05-28 13:11:25.938-05:00][Acc=25P7XG2\ExactiveUser][User=ExactiveUser][Comp=25P7XG2][App=ExactiveService][PID=1976][Type=info]Boot service: using address range: 172.16.0.201
[Time=2019-05-28 13:11:25.941-05:00][Acc=25P7XG2\ExactiveUser][User=ExactiveUser][Comp=25P7XG2][App=ExactiveService][PID=1976][Type=logging]Client programs may access using ipc://Exactive_Service_1976/T2S
[Time=2019-05-28 13:11:25.948-05:00][Acc=25P7XG2\ExactiveUser][User=ExactiveUser][Comp=25P7XG2][App=ExactiveService][PID=1976][Inst=Q Exactive][Type=logging]new Urgent client connection[0.0.0.0:6018->255.255.255.255:0]
[Time=2019-05-28 13:11:25.952-05:00][Acc=25P7XG2\ExactiveUser][User=ExactiveUser][Comp=25P7XG2][App=ExactiveService][PID=1976][Inst=Q Exactive][Type=logging]new IRS1 server connection[0.0.0.0:6019->255.255.255.255:0]
[Time=2019-05-28 13:11:25.953-05:00][Acc=25P7XG2\ExactiveUser][User=ExactiveUser][Comp=25P7XG2][App=ExactiveService][PID=1976][Inst=Q Exactive][Type=logging]new ICS1 server connection[0.0.0.0:6020->255.255.255.255:0]
[Time=2019-05-28 13:11:25.978-05:00][Acc=25P7XG2\ExactiveUser][User=ExactiveUser][Comp=25P7XG2][App=ExactiveService][PID=1976][Inst=Q Exactive][Type=logging]new IDS1 server connection[0.0.0.0:6021->255.255.255.255:0]
[Time=2019-05-28 13:11:26.003-05:00][Acc=25P7XG2\ExactiveUser][User=ExactiveUser][Comp=25P7XG2][App=ExactiveService][PID=1976][Inst=Q Exactive][Type=logging]new ICS1 client connection[172.16.0.101:6020->172.16.0.201:48920]
[Time=2019-05-28 13:11:26.018-05:00][Acc=25P7XG2\ExactiveUser][User=ExactiveUser][Comp=25P7XG2][App=ExactiveService][PID=1976][Inst=Q Exactive][Conn=TCP(ICS1:6020->Q Exactive:48920)][Type=logging]new control connection
[Time=2019-05-28 13:11:27.223-05:00][Acc=25P7XG2\ExactiveUser][User=ExactiveUser][Comp=25P7XG2][App=ExactiveService][PID=1976][Inst=Q Exactive][Conn=TCP(ICS1:6020->Q Exactive:48920)][Type=warning]Client doesn't follow connection protocol.
[Time=2019-05-28 13:11:27.224-05:00][Acc=25P7XG2\ExactiveUser][User=ExactiveUser][Comp=25P7XG2][App=ExactiveService][PID=1976][Inst=Q Exactive][Type=logging]new control connection
[Time=2019-05-28 13:11:27.723-05:00][Acc=25P7XG2\ExactiveUser][User=ExactiveUser][Comp=25P7XG2][App=ExactiveService][PID=1976][Inst=Q Exactive][Type=logging]new ICS1 client connection[172.16.0.101:6020->172.16.0.201:48921]
[Time=2019-05-28 13:11:29.222-05:00][Acc=25P7XG2\ExactiveUser][User=ExactiveUser][Comp=25P7XG2][App=ExactiveService][PID=1976][Inst=Q Exactive][Conn=TCP(ICS1:6020->Q Exactive:48921)][Type=logging]new control connection
[Time=2019-05-28 13:11:29.227-05:00][Acc=(none)][User=(none)][Comp=(none)][App=(none)][PID=-1][Inst=Q Exactive][Type=warning] [Inspect/OpSys Items/OS-Sockets/TCP client Control]  OsTcpClient Send - Broken pipe
[Time=2019-05-28 13:11:31.230-05:00][Acc=25P7XG2\ExactiveUser][User=ExactiveUser][Comp=25P7XG2][App=ExactiveService][PID=1976][Inst=Q Exactive][Type=logging]new IDS1 client connection[172.16.0.101:6021->172.16.0.201:33293]
[Time=2019-05-28 13:11:31.235-05:00][Acc=(none)][User=(none)][Comp=(none)][App=(none)][PID=-1][Inst=Q Exactive][Type=warning] [Inspect/OpSys Items/OS-Sockets/TCP client Control]  OsTcpClient Send - Broken pipe
[Time=2019-05-28 13:12:01.551-05:00][Acc=25P7XG2\Xcalibur_System][User=Xcalibur_System][Comp=25P7XG2][App=ThermoFisher.Foundation.AcquisitionService][PID=2072][Type=info]New application as b0ceaded-f12a-4883-8328-7cef58968498 assigned id 1: 25P7XG2\Xcalibur_System(Xcalibur_System) from 25P7XG2.ThermoFisher.Foundation.AcquisitionService(2072)
[Time=2019-05-28 13:12:01.560-05:00][Acc=25P7XG2\Xcalibur_System][User=Xcalibur_System][Comp=25P7XG2][App=ThermoFisher.Foundation.AcquisitionService][PID=2072][Inst=Q Exactive][Type=logging]Executing service command for Q Exactive: Thermo.Prometheus.Manager.Remoting.GetInstrumentProperties
[Time=2019-05-28 13:12:01.560-05:00][Acc=25P7XG2\Xcalibur_System][User=Xcalibur_System][Comp=25P7XG2][App=ThermoFisher.Foundation.AcquisitionService][PID=2072][Inst=Q Exactive][Type=logging]Executing service command for Q Exactive: Thermo.Prometheus.Manager.Remoting.GetInstrumentProperties
[Time=2019-05-28 13:12:06.544-05:00][Acc=25P7XG2\Xcalibur_System][User=Xcalibur_System][Comp=25P7XG2][App=ThermoFisher.Foundation.AcquisitionService][PID=2072][Inst=Q Exactive][Conn=TCP(ICS1:6020->Q Exactive:48921)][Type=info]Initializing instrument
[Time=2019-05-28 13:14:40.682-05:00][Acc=25P7XG2\ExactiveUser][User=ExactiveUser][Comp=25P7XG2][App=ExactiveService][PID=1976][Inst=Q Exactive][Type=logging]new IRS1 client connection[172.16.0.101:6019->172.16.0.201:36602]
[Time=2019-05-28 13:14:40.885-05:00][Acc=25P7XG2\ExactiveUser][User=ExactiveUser][Comp=25P7XG2][App=ExactiveService][PID=1976][Inst=Q Exactive][Conn=TCP(IRS1:6019->Q Exactive:36602)][Type=logging]Reading C:\Xcalibur\methods\Qian\QT_auxin_400uLflow_101618.mstune: done
[Time=2019-05-28 13:14:41.013-05:00][Acc=25P7XG2\ExactiveUser][User=ExactiveUser][Comp=25P7XG2][App=ExactiveService][PID=1976][Inst=Q Exactive][Conn=TCP(IRS1:6019->Q Exactive:36602)][Type=logging]Reading C:\Xcalibur\methods\Qian\QT_auxin_400uLflow_101618.mstune: done
[Time=2019-05-28 13:14:41.133-05:00][Acc=25P7XG2\ExactiveUser][User=ExactiveUser][Comp=25P7XG2][App=ExactiveService][PID=1976][Inst=Q Exactive][Conn=TCP(IRS1:6019->Q Exactive:36602)][Type=logging]Reading C:\Xcalibur\methods\Qian\QT_auxin_400uLflow_101618.mstune: done
[Time=2019-05-28 13:14:41.236-05:00][Acc=25P7XG2\ExactiveUser][User=ExactiveUser][Comp=25P7XG2][App=ExactiveService][PID=1976][Inst=Q Exactive][Conn=TCP(IRS1:6019->Q Exactive:36602)][Type=logging]Reading C:\Xcalibur\methods\Qian\QT_auxin_400uLflow_101618.mstune: done
[Time=2019-05-28 13:14:41.342-05:00][Acc=25P7XG2\ExactiveUser][User=ExactiveUser][Comp=25P7XG2][App=ExactiveService][PID=1976][Inst=Q Exactive][Conn=TCP(IRS1:6019->Q Exactive:36602)][Type=logging]Reading C:\Xcalibur\methods\Qian\QT_auxin_400uLflow_101618.mstune: done
[Time=2019-05-28 13:14:41.465-05:00][Acc=25P7XG2\ExactiveUser][User=ExactiveUser][Comp=25P7XG2][App=ExactiveService][PID=1976][Inst=Q Exactive][Conn=TCP(IRS1:6019->Q Exactive:36602)][Type=logging]Reading C:\Xcalibur\methods\Qian\QT_auxin_400uLflow_101618.mstune: done
[Time=2019-05-28 13:14:41.570-05:00][Acc=25P7XG2\ExactiveUser][User=ExactiveUser][Comp=25P7XG2][App=ExactiveService][PID=1976][Inst=Q Exactive][Conn=TCP(IRS1:6019->Q Exactive:36602)][Type=logging]Reading C:\Xcalibur\methods\Qian\QT_auxin_400uLflow_101618.mstune: done
[Time=2019-05-28 13:14:41.675-05:00][Acc=25P7XG2\ExactiveUser][User=ExactiveUser][Comp=25P7XG2][App=ExactiveService][PID=1976][Inst=Q Exactive][Conn=TCP(IRS1:6019->Q Exactive:36602)][Type=logging]Reading C:\Xcalibur\methods\Qian\QT_auxin_400uLflow_101618.mstune: done
[Time=2019-05-28 13:14:41.861-05:00][Acc=25P7XG2\ExactiveUser][User=ExactiveUser][Comp=25P7XG2][App=ExactiveService][PID=1976][Inst=Q Exactive][Conn=TCP(IRS1:6019->Q Exactive:36602)][Type=logging]Reading C:\Xcalibur\methods\Qian\QT_auxin_400uLflow_101618.mstune: done
[Time=2019-05-28 13:14:41.970-05:00][Acc=25P7XG2\ExactiveUser][User=ExactiveUser][Comp=25P7XG2][App=ExactiveService][PID=1976][Inst=Q Exactive][Conn=TCP(IRS1:6019->Q Exactive:36602)][Type=logging]Reading C:\Xcalibur\methods\Qian\QT_auxin_400uLflow_101618.mstune: done
[Time=2019-05-28 13:14:42.082-05:00][Acc=25P7XG2\ExactiveUser][User=ExactiveUser][Comp=25P7XG2][App=ExactiveService][PID=1976][Inst=Q Exactive][Conn=TCP(IRS1:6019->Q Exactive:36602)][Type=logging]Reading C:\Xcalibur\methods\Qian\QT_auxin_400uLflow_101618.mstune: done
[Time=2019-05-28 13:14:42.191-05:00][Acc=25P7XG2\ExactiveUser][User=ExactiveUser][Comp=25P7XG2][App=ExactiveService][PID=1976][Inst=Q Exactive][Conn=TCP(IRS1:6019->Q Exactive:36602)][Type=logging]Reading C:\Xcalibur\methods\Qian\QT_auxin_400uLflow_101618.mstune: done
[Time=2019-05-28 13:14:42.298-05:00][Acc=25P7XG2\ExactiveUser][User=ExactiveUser][Comp=25P7XG2][App=ExactiveService][PID=1976][Inst=Q Exactive][Conn=TCP(IRS1:6019->Q Exactive:36602)][Type=logging]Reading C:\Xcalibur\methods\Qian\QT_auxin_400uLflow_101618.mstune: done
[Time=2019-05-28 13:14:42.404-05:00][Acc=25P7XG2\ExactiveUser][User=ExactiveUser][Comp=25P7XG2][App=ExactiveService][PID=1976][Inst=Q Exactive][Conn=TCP(IRS1:6019->Q Exactive:36602)][Type=logging]Reading C:\Xcalibur\methods\Qian\QT_auxin_400uLflow_101618.mstune: done
[Time=2019-05-28 13:14:42.514-05:00][Acc=25P7XG2\ExactiveUser][User=ExactiveUser][Comp=25P7XG2][App=ExactiveService][PID=1976][Inst=Q Exactive][Conn=TCP(IRS1:6019->Q Exactive:36602)][Type=logging]Reading C:\Xcalibur\methods\Qian\QT_auxin_400uLflow_101618.mstune: done
[Time=2019-05-28 13:14:42.621-05:00][Acc=25P7XG2\ExactiveUser][User=ExactiveUser][Comp=25P7XG2][App=ExactiveService][PID=1976][Inst=Q Exactive][Conn=TCP(IRS1:6019->Q Exactive:36602)][Type=logging]Reading C:\Xcalibur\methods\Qian\QT_auxin_400uLflow_101618.mstune: done
[Time=2019-05-28 13:14:42.725-05:00][Acc=25P7XG2\ExactiveUser][User=ExactiveUser][Comp=25P7XG2][App=ExactiveService][PID=1976][Inst=Q Exactive][Conn=TCP(IRS1:6019->Q Exactive:36602)][Type=logging]Reading C:\Xcalibur\methods\Qian\QT_auxin_400uLflow_101618.mstune: done
[Time=2019-05-28 13:14:42.828-05:00][Acc=25P7XG2\ExactiveUser][User=ExactiveUser][Comp=25P7XG2][App=ExactiveService][PID=1976][Inst=Q Exactive][Conn=TCP(IRS1:6019->Q Exactive:36602)][Type=logging]Reading C:\Xcalibur\methods\Qian\QT_auxin_400uLflow_101618.mstune: done
[Time=2019-05-28 13:14:42.937-05:00][Acc=25P7XG2\ExactiveUser][User=ExactiveUser][Comp=25P7XG2][App=ExactiveService][PID=1976][Inst=Q Exactive][Conn=TCP(IRS1:6019->Q Exactive:36602)][Type=logging]Reading C:\Xcalibur\methods\Qian\QT_auxin_400uLflow_101618.mstune: done
[Time=2019-05-28 13:14:43.044-05:00][Acc=25P7XG2\ExactiveUser][User=ExactiveUser][Comp=25P7XG2][App=ExactiveService][PID=1976][Inst=Q Exactive][Conn=TCP(IRS1:6019->Q Exactive:36602)][Type=logging]Reading C:\Xcalibur\methods\Qian\QT_auxin_400uLflow_101618.mstune: done
[Time=2019-05-28 13:14:43.145-05:00][Acc=25P7XG2\ExactiveUser][User=ExactiveUser][Comp=25P7XG2][App=ExactiveService][PID=1976][Inst=Q Exactive][Conn=TCP(IRS1:6019->Q Exactive:36602)][Type=logging]Reading C:\Xcalibur\methods\Qian\QT_auxin_400uLflow_101618.mstune: done
[Time=2019-05-28 13:14:43.253-05:00][Acc=25P7XG2\ExactiveUser][User=ExactiveUser][Comp=25P7XG2][App=ExactiveService][PID=1976][Inst=Q Exactive][Conn=TCP(IRS1:6019->Q Exactive:36602)][Type=logging]Reading C:\Xcalibur\methods\Qian\QT_auxin_400uLflow_101618.mstune: done
[Time=2019-05-28 13:14:43.359-05:00][Acc=25P7XG2\ExactiveUser][User=ExactiveUser][Comp=25P7XG2][App=ExactiveService][PID=1976][Inst=Q Exactive][Conn=TCP(IRS1:6019->Q Exactive:36602)][Type=logging]Reading C:\Xcalibur\methods\Qian\QT_auxin_400uLflow_101618.mstune: done
[Time=2019-05-28 13:14:43.469-05:00][Acc=25P7XG2\ExactiveUser][User=ExactiveUser][Comp=25P7XG2][App=ExactiveService][PID=1976][Inst=Q Exactive][Conn=TCP(IRS1:6019->Q Exactive:36602)][Type=logging]Reading C:\Xcalibur\methods\Qian\QT_auxin_400uLflow_101618.mstune: done
[Time=2019-05-28 13:14:43.578-05:00][Acc=25P7XG2\ExactiveUser][User=ExactiveUser][Comp=25P7XG2][App=ExactiveService][PID=1976][Inst=Q Exactive][Conn=TCP(IRS1:6019->Q Exactive:36602)][Type=logging]Reading C:\Xcalibur\methods\Qian\QT_auxin_400uLflow_101618.mstune: done
[Time=2019-05-28 13:14:43.684-05:00][Acc=25P7XG2\ExactiveUser][User=ExactiveUser][Comp=25P7XG2][App=ExactiveService][PID=1976][Inst=Q Exactive][Conn=TCP(IRS1:6019->Q Exactive:36602)][Type=logging]Reading C:\Xcalibur\methods\Qian\QT_auxin_400uLflow_101618.mstune: done
[Time=2019-05-28 13:14:43.792-05:00][Acc=25P7XG2\ExactiveUser][User=ExactiveUser][Comp=25P7XG2][App=ExactiveService][PID=1976][Inst=Q Exactive][Conn=TCP(IRS1:6019->Q Exactive:36602)][Type=logging]Reading C:\Xcalibur\methods\Qian\QT_auxin_400uLflow_101618.mstune: done
[Time=2019-05-28 13:14:43.900-05:00][Acc=25P7XG2\ExactiveUser][User=ExactiveUser][Comp=25P7XG2][App=ExactiveService][PID=1976][Inst=Q Exactive][Conn=TCP(IRS1:6019->Q Exactive:36602)][Type=logging]Reading C:\Xcalibur\methods\Qian\QT_auxin_400uLflow_101618.mstune: done
[Time=2019-05-28 13:14:44.004-05:00][Acc=25P7XG2\ExactiveUser][User=ExactiveUser][Comp=25P7XG2][App=ExactiveService][PID=1976][Inst=Q Exactive][Conn=TCP(IRS1:6019->Q Exactive:36602)][Type=logging]Reading C:\Xcalibur\methods\Qian\QT_auxin_400uLflow_101618.mstune: done
[Time=2019-05-28 13:14:44.118-05:00][Acc=25P7XG2\ExactiveUser][User=ExactiveUser][Comp=25P7XG2][App=ExactiveService][PID=1976][Inst=Q Exactive][Conn=TCP(IRS1:6019->Q Exactive:36602)][Type=logging]Reading C:\Xcalibur\methods\Qian\QT_auxin_400uLflow_101618.mstune: done
[Time=2019-05-28 13:14:44.234-05:00][Acc=25P7XG2\ExactiveUser][User=ExactiveUser][Comp=25P7XG2][App=ExactiveService][PID=1976][Inst=Q Exactive][Conn=TCP(IRS1:6019->Q Exactive:36602)][Type=logging]Reading C:\Xcalibur\methods\Qian\QT_auxin_400uLflow_101618.mstune: done
[Time=2019-05-28 13:14:44.339-05:00][Acc=25P7XG2\ExactiveUser][User=ExactiveUser][Comp=25P7XG2][App=ExactiveService][PID=1976][Inst=Q Exactive][Conn=TCP(IRS1:6019->Q Exactive:36602)][Type=logging]Reading C:\Xcalibur\methods\Qian\QT_auxin_400uLflow_101618.mstune: done
[Time=2019-05-28 13:14:44.446-05:00][Acc=25P7XG2\ExactiveUser][User=ExactiveUser][Comp=25P7XG2][App=ExactiveService][PID=1976][Inst=Q Exactive][Conn=TCP(IRS1:6019->Q Exactive:36602)][Type=logging]Reading C:\Xcalibur\methods\Qian\QT_auxin_400uLflow_101618.mstune: done
[Time=2019-05-28 13:14:44.553-05:00][Acc=25P7XG2\ExactiveUser][User=ExactiveUser][Comp=25P7XG2][App=ExactiveService][PID=1976][Inst=Q Exactive][Conn=TCP(IRS1:6019->Q Exactive:36602)][Type=logging]Reading C:\Xcalibur\methods\Qian\QT_auxin_400uLflow_101618.mstune: done
[Time=2019-05-28 13:14:44.659-05:00][Acc=25P7XG2\ExactiveUser][User=ExactiveUser][Comp=25P7XG2][App=ExactiveService][PID=1976][Inst=Q Exactive][Conn=TCP(IRS1:6019->Q Exactive:36602)][Type=logging]Reading C:\Xcalibur\methods\Qian\QT_auxin_400uLflow_101618.mstune: done
[Time=2019-05-28 13:14:44.761-05:00][Acc=25P7XG2\ExactiveUser][User=ExactiveUser][Comp=25P7XG2][App=ExactiveService][PID=1976][Inst=Q Exactive][Conn=TCP(IRS1:6019->Q Exactive:36602)][Type=logging]Reading C:\Xcalibur\methods\Qian\QT_auxin_400uLflow_101618.mstune: done
[Time=2019-05-28 13:14:44.864-05:00][Acc=25P7XG2\ExactiveUser][User=ExactiveUser][Comp=25P7XG2][App=ExactiveService][PID=1976][Inst=Q Exactive][Conn=TCP(IRS1:6019->Q Exactive:36602)][Type=logging]Reading C:\Xcalibur\methods\Qian\QT_auxin_400uLflow_101618.mstune: done
[Time=2019-05-28 13:14:44.972-05:00][Acc=25P7XG2\ExactiveUser][User=ExactiveUser][Comp=25P7XG2][App=ExactiveService][PID=1976][Inst=Q Exactive][Conn=TCP(IRS1:6019->Q Exactive:36602)][Type=logging]Reading C:\Xcalibur\methods\Qian\QT_auxin_400uLflow_101618.mstune: done
[Time=2019-05-28 13:14:45.085-05:00][Acc=25P7XG2\ExactiveUser][User=ExactiveUser][Comp=25P7XG2][App=ExactiveService][PID=1976][Inst=Q Exactive][Conn=TCP(IRS1:6019->Q Exactive:36602)][Type=logging]Reading C:\Xcalibur\methods\Qian\QT_auxin_400uLflow_101618.mstune: done
[Time=2019-05-28 13:14:45.191-05:00][Acc=25P7XG2\ExactiveUser][User=ExactiveUser][Comp=25P7XG2][App=ExactiveService][PID=1976][Inst=Q Exactive][Conn=TCP(IRS1:6019->Q Exactive:36602)][Type=logging]Reading C:\Xcalibur\methods\Qian\QT_auxin_400uLflow_101618.mstune: done
[Time=2019-05-28 13:14:45.298-05:00][Acc=25P7XG2\ExactiveUser][User=ExactiveUser][Comp=25P7XG2][App=ExactiveService][PID=1976][Inst=Q Exactive][Conn=TCP(IRS1:6019->Q Exactive:36602)][Type=logging]Reading C:\Xcalibur\methods\Qian\QT_auxin_400uLflow_101618.mstune: done
[Time=2019-05-28 13:14:45.409-05:00][Acc=25P7XG2\ExactiveUser][User=ExactiveUser][Comp=25P7XG2][App=ExactiveService][PID=1976][Inst=Q Exactive][Conn=TCP(IRS1:6019->Q Exactive:36602)][Type=logging]Reading C:\Xcalibur\methods\Qian\QT_auxin_400uLflow_101618.mstune: done
[Time=2019-05-28 13:14:45.515-05:00][Acc=25P7XG2\ExactiveUser][User=ExactiveUser][Comp=25P7XG2][App=ExactiveService][PID=1976][Inst=Q Exactive][Conn=TCP(IRS1:6019->Q Exactive:36602)][Type=logging]Reading C:\Xcalibur\methods\Qian\QT_auxin_400uLflow_101618.mstune: done
[Time=2019-05-28 13:14:45.707-05:00][Acc=25P7XG2\ExactiveUser][User=ExactiveUser][Comp=25P7XG2][App=ExactiveService][PID=1976][Inst=Q Exactive][Conn=TCP(IRS1:6019->Q Exactive:36602)][Type=logging]Reading C:\Xcalibur\methods\Qian\QT_auxin_400uLflow_101618.mstune: done
[Time=2019-05-28 13:14:45.822-05:00][Acc=25P7XG2\ExactiveUser][User=ExactiveUser][Comp=25P7XG2][App=ExactiveService][PID=1976][Inst=Q Exactive][Conn=TCP(IRS1:6019->Q Exactive:36602)][Type=logging]Reading C:\Xcalibur\methods\Qian\QT_auxin_400uLflow_101618.mstune: done
[Time=2019-05-28 13:14:45.948-05:00][Acc=25P7XG2\ExactiveUser][User=ExactiveUser][Comp=25P7XG2][App=ExactiveService][PID=1976][Inst=Q Exactive][Conn=TCP(IRS1:6019->Q Exactive:36602)][Type=logging]Reading C:\Xcalibur\methods\Qian\QT_auxin_400uLflow_101618.mstune: done
[Time=2019-05-28 13:14:46.072-05:00][Acc=25P7XG2\ExactiveUser][User=ExactiveUser][Comp=25P7XG2][App=ExactiveService][PID=1976][Inst=Q Exactive][Conn=TCP(IRS1:6019->Q Exactive:36602)][Type=logging]Reading C:\Xcalibur\methods\Qian\QT_auxin_400uLflow_101618.mstune: done
[Time=2019-05-28 13:14:46.182-05:00][Acc=25P7XG2\ExactiveUser][User=ExactiveUser][Comp=25P7XG2][App=ExactiveService][PID=1976][Inst=Q Exactive][Conn=TCP(IRS1:6019->Q Exactive:36602)][Type=logging]Reading C:\Xcalibur\methods\Qian\QT_auxin_400uLflow_101618.mstune: done
[Time=2019-05-28 13:14:46.290-05:00][Acc=25P7XG2\ExactiveUser][User=ExactiveUser][Comp=25P7XG2][App=ExactiveService][PID=1976][Inst=Q Exactive][Conn=TCP(IRS1:6019->Q Exactive:36602)][Type=logging]Reading C:\Xcalibur\methods\Qian\QT_auxin_400uLflow_101618.mstune: done
[Time=2019-05-28 13:14:46.403-05:00][Acc=25P7XG2\ExactiveUser][User=ExactiveUser][Comp=25P7XG2][App=ExactiveService][PID=1976][Inst=Q Exactive][Conn=TCP(IRS1:6019->Q Exactive:36602)][Type=logging]Reading C:\Xcalibur\methods\Qian\QT_auxin_400uLflow_101618.mstune: done
[Time=2019-05-28 13:14:46.512-05:00][Acc=25P7XG2\ExactiveUser][User=ExactiveUser][Comp=25P7XG2][App=ExactiveService][PID=1976][Inst=Q Exactive][Conn=TCP(IRS1:6019->Q Exactive:36602)][Type=logging]Reading C:\Xcalibur\methods\Qian\QT_auxin_400uLflow_101618.mstune: done
[Time=2019-05-28 13:14:46.629-05:00][Acc=25P7XG2\ExactiveUser][User=ExactiveUser][Comp=25P7XG2][App=ExactiveService][PID=1976][Inst=Q Exactive][Conn=TCP(IRS1:6019->Q Exactive:36602)][Type=logging]Reading C:\Xcalibur\methods\Qian\QT_auxin_400uLflow_101618.mstune: done
[Time=2019-05-28 13:14:46.738-05:00][Acc=25P7XG2\ExactiveUser][User=ExactiveUser][Comp=25P7XG2][App=ExactiveService][PID=1976][Inst=Q Exactive][Conn=TCP(IRS1:6019->Q Exactive:36602)][Type=logging]Reading C:\Xcalibur\methods\Qian\QT_auxin_400uLflow_101618.mstune: done
[Time=2019-05-28 13:14:46.847-05:00][Acc=25P7XG2\ExactiveUser][User=ExactiveUser][Comp=25P7XG2][App=ExactiveService][PID=1976][Inst=Q Exactive][Conn=TCP(IRS1:6019->Q Exactive:36602)][Type=logging]Reading C:\Xcalibur\methods\Qian\QT_auxin_400uLflow_101618.mstune: done
[Time=2019-05-28 13:14:46.958-05:00][Acc=25P7XG2\ExactiveUser][User=ExactiveUser][Comp=25P7XG2][App=ExactiveService][PID=1976][Inst=Q Exactive][Conn=TCP(IRS1:6019->Q Exactive:36602)][Type=logging]Reading C:\Xcalibur\methods\Qian\QT_auxin_400uLflow_101618.mstune: done
[Time=2019-05-28 13:14:47.078-05:00][Acc=25P7XG2\ExactiveUser][User=ExactiveUser][Comp=25P7XG2][App=ExactiveService][PID=1976][Inst=Q Exactive][Conn=TCP(IRS1:6019->Q Exactive:36602)][Type=logging]Reading C:\Xcalibur\methods\Qian\QT_auxin_400uLflow_101618.mstune: done
[Time=2019-05-28 13:14:47.190-05:00][Acc=25P7XG2\ExactiveUser][User=ExactiveUser][Comp=25P7XG2][App=ExactiveService][PID=1976][Inst=Q Exactive][Conn=TCP(IRS1:6019->Q Exactive:36602)][Type=logging]Reading C:\Xcalibur\methods\Qian\QT_auxin_400uLflow_101618.mstune: done
[Time=2019-05-28 13:14:47.304-05:00][Acc=25P7XG2\ExactiveUser][User=ExactiveUser][Comp=25P7XG2][App=ExactiveService][PID=1976][Inst=Q Exactive][Conn=TCP(IRS1:6019->Q Exactive:36602)][Type=logging]Reading C:\Xcalibur\methods\Qian\QT_auxin_400uLflow_101618.mstune: done
[Time=2019-05-28 13:14:47.416-05:00][Acc=25P7XG2\ExactiveUser][User=ExactiveUser][Comp=25P7XG2][App=ExactiveService][PID=1976][Inst=Q Exactive][Conn=TCP(IRS1:6019->Q Exactive:36602)][Type=logging]Reading C:\Xcalibur\methods\Qian\QT_auxin_400uLflow_101618.mstune: done
[Time=2019-05-28 13:14:47.526-05:00][Acc=25P7XG2\ExactiveUser][User=ExactiveUser][Comp=25P7XG2][App=ExactiveService][PID=1976][Inst=Q Exactive][Conn=TCP(IRS1:6019->Q Exactive:36602)][Type=logging]Reading C:\Xcalibur\methods\Qian\QT_auxin_400uLflow_101618.mstune: done
[Time=2019-05-28 13:14:47.639-05:00][Acc=25P7XG2\ExactiveUser][User=ExactiveUser][Comp=25P7XG2][App=ExactiveService][PID=1976][Inst=Q Exactive][Conn=TCP(IRS1:6019->Q Exactive:36602)][Type=logging]Reading C:\Xcalibur\methods\Qian\QT_auxin_400uLflow_101618.mstune: done
[Time=2019-05-28 13:14:47.747-05:00][Acc=25P7XG2\ExactiveUser][User=ExactiveUser][Comp=25P7XG2][App=ExactiveService][PID=1976][Inst=Q Exactive][Conn=TCP(IRS1:6019->Q Exactive:36602)][Type=logging]Reading C:\Xcalibur\methods\Qian\QT_auxin_400uLflow_101618.mstune: done
[Time=2019-05-28 13:14:47.853-05:00][Acc=25P7XG2\ExactiveUser][User=ExactiveUser][Comp=25P7XG2][App=ExactiveService][PID=1976][Inst=Q Exactive][Conn=TCP(IRS1:6019->Q Exactive:36602)][Type=logging]Reading C:\Xcalibur\methods\Qian\QT_auxin_400uLflow_101618.mstune: done
[Time=2019-05-28 13:14:47.976-05:00][Acc=25P7XG2\ExactiveUser][User=ExactiveUser][Comp=25P7XG2][App=ExactiveService][PID=1976][Inst=Q Exactive][Conn=TCP(IRS1:6019->Q Exactive:36602)][Type=logging]Reading C:\Xcalibur\methods\Shared\POSNEGtune_11212017_3.mstune: done
[Time=2019-05-28 13:14:48.067-05:00][Acc=25P7XG2\ExactiveUser][User=ExactiveUser][Comp=25P7XG2][App=ExactiveService][PID=1976][Inst=Q Exactive][Conn=TCP(IRS1:6019->Q Exactive:36602)][Type=logging]Reading C:\Xcalibur\methods\Qian\110116_spruce.mstune: done
[Time=2019-05-28 13:14:49.739-05:00][Acc=25P7XG2\Xcalibur_System][User=Xcalibur_System][Comp=25P7XG2][App=ThermoFisher.Foundation.AcquisitionService][PID=2072][Inst=Q Exactive][Conn=TCP(ICS1:6020->Q Exactive:48921)][Type=info]Preparing next acquisition with: <?xml version="1.0" encoding="iso-8859-15" standalone="yes"?> <InstrumentD ... ame>D:\Qian\method\Restek_forcecolumn_methods\IAA_quantification\df844aa9-6f44-4c14-b83b-1e14de3d21e8.meth</MethodFileName>     <SequenceFileName>D:\Qian\052619\Restart run 28 May 2019\f2c84af7-4adf-48e7-b43f-b9d9cb807cdf.sld</SequenceFileName>     <SequenceRow>0</SequenceRow>     <StartMode>1</StartMode>     <Vial>BB2</Vial>     <InjVolume>5</InjVolume>     <Flags>0</Flags>   </RunSettings> </InstrumentData>
[Time=2019-05-28 13:14:50.189-05:00][Acc=25P7XG2\ExactiveUser][User=ExactiveUser][Comp=25P7XG2][App=ExactiveService][PID=1976][Inst=Q Exactive][Conn=TCP(IRS1:6019->Q Exactive:36602)][Type=logging]Reading C:\Xcalibur\methods\Qian\QT_auxin_400uLflow_101618.mstune: done
[Time=2019-05-28 13:16:07.001-05:00][Acc=25P7XG2\Xcalibur_System][User=Xcalibur_System][Comp=25P7XG2][App=ThermoFisher.Foundation.AcquisitionService][PID=2072][Inst=Q Exactive][Conn=TCP(ICS1:6020->Q Exactive:48921)][Type=info]Starting acquisition
[Time=2019-05-28 13:23:17.665-05:00][Acc=25P7XG2\Xcalibur_System][User=Xcalibur_System][Comp=25P7XG2][App=ThermoFisher.Foundation.AcquisitionService][PID=2072][Inst=Q Exactive][Conn=TCP(ICS1:6020->Q Exactive:48921)][Type=info]Informing instrument about a stopped device of type 3
[Time=2019-05-28 13:23:44.770-05:00][Acc=(none)][User=(none)][Comp=(none)][App=(none)][PID=-1][Inst=Q Exactive][Type=info]MS acquisition end. Accumulated MS size: 10147KB
[Time=2019-05-28 13:23:45.850-05:00][Acc=25P7XG2\Xcalibur_System][User=Xcalibur_System][Comp=25P7XG2][App=ThermoFisher.Foundation.AcquisitionService][PID=2072][Inst=Q Exactive][Conn=TCP(ICS1:6020->Q Exactive:48921)][Type=info]Informing instrument about a stopped device of type 0
[Time=2019-05-28 13:23:47.924-05:00][Acc=25P7XG2\Xcalibur_System][User=Xcalibur_System][Comp=25P7XG2][App=ThermoFisher.Foundation.AcquisitionService][PID=2072][Inst=Q Exactive][Conn=TCP(ICS1:6020->Q Exactive:48921)][Type=info]Preparing next acquisition with: <?xml version="1.0" encoding="iso-8859-15" standalone="yes"?> <InstrumentD ... ame>D:\Qian\method\Restek_forcecolumn_methods\IAA_quantification\eadcd2d4-08cc-4481-a859-7ba55a34e78e.meth</MethodFileName>     <SequenceFileName>D:\Qian\052619\Restart run 28 May 2019\f2c84af7-4adf-48e7-b43f-b9d9cb807cdf.sld</SequenceFileName>     <SequenceRow>1</SequenceRow>     <StartMode>1</StartMode>     <Vial>BB3</Vial>     <InjVolume>5</InjVolume>     <Flags>1</Flags>   </RunSettings> </InstrumentData>
[Time=2019-05-28 13:23:48.155-05:00][Acc=25P7XG2\ExactiveUser][User=ExactiveUser][Comp=25P7XG2][App=ExactiveService][PID=1976][Inst=Q Exactive][Conn=TCP(IRS1:6019->Q Exactive:36602)][Type=logging]Reading C:\Xcalibur\methods\Qian\QT_auxin_400uLflow_101618.mstune: done
[Time=2019-05-28 13:24:56.275-05:00][Acc=25P7XG2\Xcalibur_System][User=Xcalibur_System][Comp=25P7XG2][App=ThermoFisher.Foundation.AcquisitionService][PID=2072][Inst=Q Exactive][Conn=TCP(ICS1:6020->Q Exactive:48921)][Type=info]Starting acquisition
[Time=2019-05-28 13:32:08.937-05:00][Acc=25P7XG2\Xcalibur_System][User=Xcalibur_System][Comp=25P7XG2][App=ThermoFisher.Foundation.AcquisitionService][PID=2072][Inst=Q Exactive][Conn=TCP(ICS1:6020->Q Exactive:48921)][Type=info]Informing instrument about a stopped device of type 3
[Time=2019-05-28 13:32:35.045-05:00][Acc=(none)][User=(none)][Comp=(none)][App=(none)][PID=-1][Inst=Q Exactive][Type=info]MS acquisition end. Accumulated MS size: 8552KB
[Time=2019-05-28 13:32:37.123-05:00][Acc=25P7XG2\Xcalibur_System][User=Xcalibur_System][Comp=25P7XG2][App=ThermoFisher.Foundation.AcquisitionService][PID=2072][Inst=Q Exactive][Conn=TCP(ICS1:6020->Q Exactive:48921)][Type=info]Informing instrument about a stopped device of type 0
[Time=2019-05-28 13:32:37.261-05:00][Acc=25P7XG2\Xcalibur_System][User=Xcalibur_System][Comp=25P7XG2][App=ThermoFisher.Foundation.AcquisitionService][PID=2072][Inst=Q Exactive][Conn=TCP(ICS1:6020->Q Exactive:48921)][Type=info]Preparing next acquisition with: <?xml version="1.0" encoding="iso-8859-15" standalone="yes"?> <InstrumentD ... ame>D:\Qian\method\Restek_forcecolumn_methods\IAA_quantification\4c3bb931-670f-475c-9fed-cbe10db6cb15.meth</MethodFileName>     <SequenceFileName>D:\Qian\052619\Restart run 28 May 2019\f2c84af7-4adf-48e7-b43f-b9d9cb807cdf.sld</SequenceFileName>     <SequenceRow>2</SequenceRow>     <StartMode>1</StartMode>     <Vial>BB4</Vial>     <InjVolume>5</InjVolume>     <Flags>1</Flags>   </RunSettings> </InstrumentData>
[Time=2019-05-28 13:32:37.538-05:00][Acc=25P7XG2\ExactiveUser][User=ExactiveUser][Comp=25P7XG2][App=ExactiveService][PID=1976][Inst=Q Exactive][Conn=TCP(IRS1:6019->Q Exactive:36602)][Type=logging]Reading C:\Xcalibur\methods\Qian\QT_auxin_400uLflow_101618.mstune: done
[Time=2019-05-28 13:33:45.525-05:00][Acc=25P7XG2\Xcalibur_System][User=Xcalibur_System][Comp=25P7XG2][App=ThermoFisher.Foundation.AcquisitionService][PID=2072][Inst=Q Exactive][Conn=TCP(ICS1:6020->Q Exactive:48921)][Type=info]Starting acquisition
[Time=2019-05-28 13:34:39.303-05:00][Acc=25P7XG2\Xcalibur_System][User=Xcalibur_System][Comp=25P7XG2][App=ThermoFisher.Foundation.AcquisitionService][PID=2072][Inst=Q Exactive][Conn=TCP(ICS1:6020->Q Exactive:48921)][Type=warning]Stopping acquisition
[Time=2019-05-28 13:34:39.516-05:00][Acc=(none)][User=(none)][Comp=(none)][App=(none)][PID=-1][Inst=Q Exactive][Type=info]MS acquisition end. Accumulated MS size: 323KB
[Time=2019-05-28 13:34:41.835-05:00][Acc=25P7XG2\Xcalibur_System][User=Xcalibur_System][Comp=25P7XG2][App=ThermoFisher.Foundation.AcquisitionService][PID=2072][Inst=Q Exactive][Conn=TCP(ICS1:6020->Q Exactive:48921)][Type=info]Informing instrument about a stopped device of type 3
[Time=2019-05-28 13:34:41.841-05:00][Acc=25P7XG2\Xcalibur_System][User=Xcalibur_System][Comp=25P7XG2][App=ThermoFisher.Foundation.AcquisitionService][PID=2072][Inst=Q Exactive][Conn=TCP(ICS1:6020->Q Exactive:48921)][Type=info]Informing instrument about a stopped device of type 0
[Time=2019-05-28 13:39:43.172-05:00][Acc=25P7XG2\ExactiveUser][User=ExactiveUser][Comp=25P7XG2][App=ExactiveService][PID=1976][Inst=Q Exactive][Conn=TCP(IRS1:6019->Q Exactive:36602)][Type=logging]Writing ..\log\InstrumentTemperature--2019-05-28.log: done
[Time=2019-05-28 13:54:43.226-05:00][Acc=25P7XG2\ExactiveUser][User=ExactiveUser][Comp=25P7XG2][App=ExactiveService][PID=1976][Inst=Q Exactive][Conn=TCP(IRS1:6019->Q Exactive:36602)][Type=logging]Writing ..\log\InstrumentTemperature--2019-05-28.log: done
[Time=2019-05-28 14:09:43.270-05:00][Acc=25P7XG2\ExactiveUser][User=ExactiveUser][Comp=25P7XG2][App=ExactiveService][PID=1976][Inst=Q Exactive][Conn=TCP(IRS1:6019->Q Exactive:36602)][Type=logging]Writing ..\log\InstrumentTemperature--2019-05-28.log: done
[Time=2019-05-28 14:24:43.193-05:00][Acc=25P7XG2\ExactiveUser][User=ExactiveUser][Comp=25P7XG2][App=ExactiveService][PID=1976][Inst=Q Exactive][Conn=TCP(IRS1:6019->Q Exactive:36602)][Type=logging]Writing ..\log\InstrumentTemperature--2019-05-28.log: done
[Time=2019-05-28 14:39:43.121-05:00][Acc=25P7XG2\ExactiveUser][User=ExactiveUser][Comp=25P7XG2][App=ExactiveService][PID=1976][Inst=Q Exactive][Conn=TCP(IRS1:6019->Q Exactive:36602)][Type=logging]Writing ..\log\InstrumentTemperature--2019-05-28.log: done
[Time=2019-05-28 14:54:43.167-05:00][Acc=25P7XG2\ExactiveUser][User=ExactiveUser][Comp=25P7XG2][App=ExactiveService][PID=1976][Inst=Q Exactive][Conn=TCP(IRS1:6019->Q Exactive:36602)][Type=logging]Writing ..\log\InstrumentTemperature--2019-05-28.log: done
