[Time=2019-05-28 12:26:54.564-05:00][Acc=25P7XG2\ExactiveUser][User=ExactiveUser][Comp=25P7XG2][App=ExactiveService][PID=2000][Inst=Q Exactive][Type=logging]core server thread 18 started
[Time=2019-05-28 12:26:54.590-05:00][Acc=25P7XG2\ExactiveUser][User=ExactiveUser][Comp=25P7XG2][App=ExactiveService][PID=2000][Inst=Q Exactive][Type=logging]using {ExactiveService, Version=2.9.0.2926, Culture=neutral, PublicKeyToken=afdcd0a06562c881, "C:\Xcalibur\system\Exactive\bin\ExactiveService.exe"", Release"}; {ExactiveManager, Version=2.9.0.2926, Culture=neutral, PublicKeyToken=afdcd0a06562c881, "C:\Windows\assembly\GAC_MSIL\ExactiveManager\2.9.0.2926__afdcd0a06562c881\ExactiveManager.dll"", Release"}; {ThermoFisher.CommonCore.Data, Version=4.0.19.0, Culture=neutral, PublicKeyToken=1aef06afb5abd953, "C:\Program Files (x86)\Thermo\Foundation\ThermoFisher.CommonCore.Data.dll"", "}; {Exactive, Version=2.9.0.2926, Culture=neutral, PublicKeyToken=afdcd0a06562c881, "C:\Windows\assembly\GAC_MSIL\Exactive\2.9.0.2926__afdcd0a06562c881\Exactive.dll"", Release"}; {mscorlib, Version=4.0.0.0, Culture=neutral, PublicKeyToken=b77a5c561934e089, "C:\Windows\Microsoft.NET\Framework\v4.0.30319\mscorlib.dll"", "}
[Time=2019-05-28 12:26:53.299-05:00][Acc=25P7XG2\ExactiveUser][User=ExactiveUser][Comp=25P7XG2][App=ExactiveService][PID=2000][Inst=Q Exactive][Type=logging]IoNode for Q Exactive created
[Time=2019-05-28 12:26:53.726-05:00][Acc=25P7XG2\ExactiveUser][User=ExactiveUser][Comp=25P7XG2][App=ExactiveService][PID=2000][Inst=Q Exactive][Type=logging]communication thread 15 started
[Time=2019-05-28 12:26:55.819-05:00][Acc=25P7XG2\ExactiveUser][User=ExactiveUser][Comp=25P7XG2][App=ExactiveService][PID=2000][Inst=Q Exactive][Type=logging]instrument request server thread 21 started
[Time=2019-05-28 12:26:55.821-05:00][Acc=25P7XG2\ExactiveUser][User=ExactiveUser][Comp=25P7XG2][App=ExactiveService][PID=2000][Inst=Q Exactive][Type=logging]instrument control server thread 22 started
[Time=2019-05-28 12:26:55.835-05:00][Acc=25P7XG2\ExactiveUser][User=ExactiveUser][Comp=25P7XG2][App=ExactiveService][PID=2000][Inst=Q Exactive][Type=logging]instrument data server thread 23 started
[Time=2019-05-28 12:26:55.834-05:00][Acc=25P7XG2\ExactiveUser][User=ExactiveUser][Comp=25P7XG2][App=ExactiveService][PID=2000][Type=info]Boot service: using address range: 172.16.0.201
[Time=2019-05-28 12:26:55.837-05:00][Acc=25P7XG2\ExactiveUser][User=ExactiveUser][Comp=25P7XG2][App=ExactiveService][PID=2000][Type=logging]Client programs may access using ipc://Exactive_Service_2000/T2S
[Time=2019-05-28 12:26:55.843-05:00][Acc=25P7XG2\ExactiveUser][User=ExactiveUser][Comp=25P7XG2][App=ExactiveService][PID=2000][Inst=Q Exactive][Type=logging]new Urgent client connection[0.0.0.0:6018->255.255.255.255:0]
[Time=2019-05-28 12:26:55.848-05:00][Acc=25P7XG2\ExactiveUser][User=ExactiveUser][Comp=25P7XG2][App=ExactiveService][PID=2000][Inst=Q Exactive][Type=logging]new IRS1 server connection[0.0.0.0:6019->255.255.255.255:0]
[Time=2019-05-28 12:26:55.849-05:00][Acc=25P7XG2\ExactiveUser][User=ExactiveUser][Comp=25P7XG2][App=ExactiveService][PID=2000][Inst=Q Exactive][Type=logging]new ICS1 server connection[0.0.0.0:6020->255.255.255.255:0]
[Time=2019-05-28 12:26:55.849-05:00][Acc=25P7XG2\ExactiveUser][User=ExactiveUser][Comp=25P7XG2][App=ExactiveService][PID=2000][Inst=Q Exactive][Type=logging]new IDS1 server connection[0.0.0.0:6021->255.255.255.255:0]
[Time=2019-05-28 12:26:57.209-05:00][Acc=25P7XG2\ExactiveUser][User=ExactiveUser][Comp=25P7XG2][App=ExactiveService][PID=2000][Inst=Q Exactive][Type=logging]new ICS1 client connection[172.16.0.101:6020->172.16.0.201:48903]
[Time=2019-05-28 12:26:57.218-05:00][Acc=25P7XG2\ExactiveUser][User=ExactiveUser][Comp=25P7XG2][App=ExactiveService][PID=2000][Inst=Q Exactive][Conn=TCP(ICS1:6020->Q Exactive:48903)][Type=logging]new control connection
[Time=2019-05-28 12:26:59.230-05:00][Acc=25P7XG2\ExactiveUser][User=ExactiveUser][Comp=25P7XG2][App=ExactiveService][PID=2000][Inst=Q Exactive][Type=logging]new IDS1 client connection[172.16.0.101:6021->172.16.0.201:33275]
[Time=2019-05-28 12:28:00.537-05:00][Acc=25P7XG2\Xcalibur_System][User=Xcalibur_System][Comp=25P7XG2][App=ThermoFisher.Foundation.AcquisitionService][PID=2652][Type=info]New application as 633fe815-4968-4799-b427-e69840a0adc2 assigned id 1: 25P7XG2\Xcalibur_System(Xcalibur_System) from 25P7XG2.ThermoFisher.Foundation.AcquisitionService(2652)
[Time=2019-05-28 12:28:00.546-05:00][Acc=25P7XG2\Xcalibur_System][User=Xcalibur_System][Comp=25P7XG2][App=ThermoFisher.Foundation.AcquisitionService][PID=2652][Inst=Q Exactive][Type=logging]Executing service command for Q Exactive: Thermo.Prometheus.Manager.Remoting.GetInstrumentProperties
[Time=2019-05-28 12:28:00.546-05:00][Acc=25P7XG2\Xcalibur_System][User=Xcalibur_System][Comp=25P7XG2][App=ThermoFisher.Foundation.AcquisitionService][PID=2652][Inst=Q Exactive][Type=logging]Executing service command for Q Exactive: Thermo.Prometheus.Manager.Remoting.GetInstrumentProperties
[Time=2019-05-28 12:28:05.504-05:00][Acc=25P7XG2\Xcalibur_System][User=Xcalibur_System][Comp=25P7XG2][App=ThermoFisher.Foundation.AcquisitionService][PID=2652][Inst=Q Exactive][Conn=TCP(ICS1:6020->Q Exactive:48903)][Type=info]Initializing instrument
[Time=2019-05-28 12:33:27.659-05:00][Acc=25P7XG2\ExactiveUser][User=ExactiveUser][Comp=25P7XG2][App=ExactiveService][PID=2000][Inst=Q Exactive][Type=logging]new IRS1 client connection[172.16.0.101:6019->172.16.0.201:36584]
[Time=2019-05-28 12:33:27.865-05:00][Acc=25P7XG2\ExactiveUser][User=ExactiveUser][Comp=25P7XG2][App=ExactiveService][PID=2000][Inst=Q Exactive][Conn=TCP(IRS1:6019->Q Exactive:36584)][Type=logging]Reading C:\Xcalibur\methods\Qian\QT_auxin_400uLflow_101618.mstune: done
[Time=2019-05-28 12:33:27.979-05:00][Acc=25P7XG2\ExactiveUser][User=ExactiveUser][Comp=25P7XG2][App=ExactiveService][PID=2000][Inst=Q Exactive][Conn=TCP(IRS1:6019->Q Exactive:36584)][Type=logging]Reading C:\Xcalibur\methods\Qian\QT_auxin_400uLflow_101618.mstune: done
[Time=2019-05-28 12:33:28.085-05:00][Acc=25P7XG2\ExactiveUser][User=ExactiveUser][Comp=25P7XG2][App=ExactiveService][PID=2000][Inst=Q Exactive][Conn=TCP(IRS1:6019->Q Exactive:36584)][Type=logging]Reading C:\Xcalibur\methods\Qian\QT_auxin_400uLflow_101618.mstune: done
[Time=2019-05-28 12:33:28.193-05:00][Acc=25P7XG2\ExactiveUser][User=ExactiveUser][Comp=25P7XG2][App=ExactiveService][PID=2000][Inst=Q Exactive][Conn=TCP(IRS1:6019->Q Exactive:36584)][Type=logging]Reading C:\Xcalibur\methods\Qian\QT_auxin_400uLflow_101618.mstune: done
[Time=2019-05-28 12:33:28.305-05:00][Acc=25P7XG2\ExactiveUser][User=ExactiveUser][Comp=25P7XG2][App=ExactiveService][PID=2000][Inst=Q Exactive][Conn=TCP(IRS1:6019->Q Exactive:36584)][Type=logging]Reading C:\Xcalibur\methods\Qian\QT_auxin_400uLflow_101618.mstune: done
[Time=2019-05-28 12:33:28.408-05:00][Acc=25P7XG2\ExactiveUser][User=ExactiveUser][Comp=25P7XG2][App=ExactiveService][PID=2000][Inst=Q Exactive][Conn=TCP(IRS1:6019->Q Exactive:36584)][Type=logging]Reading C:\Xcalibur\methods\Qian\QT_auxin_400uLflow_101618.mstune: done
[Time=2019-05-28 12:33:28.516-05:00][Acc=25P7XG2\ExactiveUser][User=ExactiveUser][Comp=25P7XG2][App=ExactiveService][PID=2000][Inst=Q Exactive][Conn=TCP(IRS1:6019->Q Exactive:36584)][Type=logging]Reading C:\Xcalibur\methods\Qian\QT_auxin_400uLflow_101618.mstune: done
[Time=2019-05-28 12:33:28.708-05:00][Acc=25P7XG2\ExactiveUser][User=ExactiveUser][Comp=25P7XG2][App=ExactiveService][PID=2000][Inst=Q Exactive][Conn=TCP(IRS1:6019->Q Exactive:36584)][Type=logging]Reading C:\Xcalibur\methods\Qian\QT_auxin_400uLflow_101618.mstune: done
[Time=2019-05-28 12:33:28.817-05:00][Acc=25P7XG2\ExactiveUser][User=ExactiveUser][Comp=25P7XG2][App=ExactiveService][PID=2000][Inst=Q Exactive][Conn=TCP(IRS1:6019->Q Exactive:36584)][Type=logging]Reading C:\Xcalibur\methods\Qian\QT_auxin_400uLflow_101618.mstune: done
[Time=2019-05-28 12:33:28.921-05:00][Acc=25P7XG2\ExactiveUser][User=ExactiveUser][Comp=25P7XG2][App=ExactiveService][PID=2000][Inst=Q Exactive][Conn=TCP(IRS1:6019->Q Exactive:36584)][Type=logging]Reading C:\Xcalibur\methods\Qian\QT_auxin_400uLflow_101618.mstune: done
[Time=2019-05-28 12:33:29.044-05:00][Acc=25P7XG2\ExactiveUser][User=ExactiveUser][Comp=25P7XG2][App=ExactiveService][PID=2000][Inst=Q Exactive][Conn=TCP(IRS1:6019->Q Exactive:36584)][Type=logging]Reading C:\Xcalibur\methods\Qian\QT_auxin_400uLflow_101618.mstune: done
[Time=2019-05-28 12:33:29.149-05:00][Acc=25P7XG2\ExactiveUser][User=ExactiveUser][Comp=25P7XG2][App=ExactiveService][PID=2000][Inst=Q Exactive][Conn=TCP(IRS1:6019->Q Exactive:36584)][Type=logging]Reading C:\Xcalibur\methods\Qian\QT_auxin_400uLflow_101618.mstune: done
[Time=2019-05-28 12:33:29.275-05:00][Acc=25P7XG2\ExactiveUser][User=ExactiveUser][Comp=25P7XG2][App=ExactiveService][PID=2000][Inst=Q Exactive][Conn=TCP(IRS1:6019->Q Exactive:36584)][Type=logging]Reading C:\Xcalibur\methods\Qian\QT_auxin_400uLflow_101618.mstune: done
[Time=2019-05-28 12:33:29.383-05:00][Acc=25P7XG2\ExactiveUser][User=ExactiveUser][Comp=25P7XG2][App=ExactiveService][PID=2000][Inst=Q Exactive][Conn=TCP(IRS1:6019->Q Exactive:36584)][Type=logging]Reading C:\Xcalibur\methods\Qian\QT_auxin_400uLflow_101618.mstune: done
[Time=2019-05-28 12:33:29.509-05:00][Acc=25P7XG2\ExactiveUser][User=ExactiveUser][Comp=25P7XG2][App=ExactiveService][PID=2000][Inst=Q Exactive][Conn=TCP(IRS1:6019->Q Exactive:36584)][Type=logging]Reading C:\Xcalibur\methods\Qian\QT_auxin_400uLflow_101618.mstune: done
[Time=2019-05-28 12:33:29.614-05:00][Acc=25P7XG2\ExactiveUser][User=ExactiveUser][Comp=25P7XG2][App=ExactiveService][PID=2000][Inst=Q Exactive][Conn=TCP(IRS1:6019->Q Exactive:36584)][Type=logging]Reading C:\Xcalibur\methods\Qian\QT_auxin_400uLflow_101618.mstune: done
[Time=2019-05-28 12:33:29.723-05:00][Acc=25P7XG2\ExactiveUser][User=ExactiveUser][Comp=25P7XG2][App=ExactiveService][PID=2000][Inst=Q Exactive][Conn=TCP(IRS1:6019->Q Exactive:36584)][Type=logging]Reading C:\Xcalibur\methods\Qian\QT_auxin_400uLflow_101618.mstune: done
[Time=2019-05-28 12:33:29.827-05:00][Acc=25P7XG2\ExactiveUser][User=ExactiveUser][Comp=25P7XG2][App=ExactiveService][PID=2000][Inst=Q Exactive][Conn=TCP(IRS1:6019->Q Exactive:36584)][Type=logging]Reading C:\Xcalibur\methods\Qian\QT_auxin_400uLflow_101618.mstune: done
[Time=2019-05-28 12:33:29.931-05:00][Acc=25P7XG2\ExactiveUser][User=ExactiveUser][Comp=25P7XG2][App=ExactiveService][PID=2000][Inst=Q Exactive][Conn=TCP(IRS1:6019->Q Exactive:36584)][Type=logging]Reading C:\Xcalibur\methods\Qian\QT_auxin_400uLflow_101618.mstune: done
[Time=2019-05-28 12:33:30.043-05:00][Acc=25P7XG2\ExactiveUser][User=ExactiveUser][Comp=25P7XG2][App=ExactiveService][PID=2000][Inst=Q Exactive][Conn=TCP(IRS1:6019->Q Exactive:36584)][Type=logging]Reading C:\Xcalibur\methods\Qian\QT_auxin_400uLflow_101618.mstune: done
[Time=2019-05-28 12:33:30.149-05:00][Acc=25P7XG2\ExactiveUser][User=ExactiveUser][Comp=25P7XG2][App=ExactiveService][PID=2000][Inst=Q Exactive][Conn=TCP(IRS1:6019->Q Exactive:36584)][Type=logging]Reading C:\Xcalibur\methods\Qian\QT_auxin_400uLflow_101618.mstune: done
[Time=2019-05-28 12:33:30.257-05:00][Acc=25P7XG2\ExactiveUser][User=ExactiveUser][Comp=25P7XG2][App=ExactiveService][PID=2000][Inst=Q Exactive][Conn=TCP(IRS1:6019->Q Exactive:36584)][Type=logging]Reading C:\Xcalibur\methods\Qian\QT_auxin_400uLflow_101618.mstune: done
[Time=2019-05-28 12:33:30.364-05:00][Acc=25P7XG2\ExactiveUser][User=ExactiveUser][Comp=25P7XG2][App=ExactiveService][PID=2000][Inst=Q Exactive][Conn=TCP(IRS1:6019->Q Exactive:36584)][Type=logging]Reading C:\Xcalibur\methods\Qian\QT_auxin_400uLflow_101618.mstune: done
[Time=2019-05-28 12:33:30.476-05:00][Acc=25P7XG2\ExactiveUser][User=ExactiveUser][Comp=25P7XG2][App=ExactiveService][PID=2000][Inst=Q Exactive][Conn=TCP(IRS1:6019->Q Exactive:36584)][Type=logging]Reading C:\Xcalibur\methods\Qian\QT_auxin_400uLflow_101618.mstune: done
[Time=2019-05-28 12:33:30.582-05:00][Acc=25P7XG2\ExactiveUser][User=ExactiveUser][Comp=25P7XG2][App=ExactiveService][PID=2000][Inst=Q Exactive][Conn=TCP(IRS1:6019->Q Exactive:36584)][Type=logging]Reading C:\Xcalibur\methods\Qian\QT_auxin_400uLflow_101618.mstune: done
[Time=2019-05-28 12:33:30.686-05:00][Acc=25P7XG2\ExactiveUser][User=ExactiveUser][Comp=25P7XG2][App=ExactiveService][PID=2000][Inst=Q Exactive][Conn=TCP(IRS1:6019->Q Exactive:36584)][Type=logging]Reading C:\Xcalibur\methods\Qian\QT_auxin_400uLflow_101618.mstune: done
[Time=2019-05-28 12:33:30.801-05:00][Acc=25P7XG2\ExactiveUser][User=ExactiveUser][Comp=25P7XG2][App=ExactiveService][PID=2000][Inst=Q Exactive][Conn=TCP(IRS1:6019->Q Exactive:36584)][Type=logging]Reading C:\Xcalibur\methods\Qian\QT_auxin_400uLflow_101618.mstune: done
[Time=2019-05-28 12:33:30.905-05:00][Acc=25P7XG2\ExactiveUser][User=ExactiveUser][Comp=25P7XG2][App=ExactiveService][PID=2000][Inst=Q Exactive][Conn=TCP(IRS1:6019->Q Exactive:36584)][Type=logging]Reading C:\Xcalibur\methods\Qian\QT_auxin_400uLflow_101618.mstune: done
[Time=2019-05-28 12:33:31.007-05:00][Acc=25P7XG2\ExactiveUser][User=ExactiveUser][Comp=25P7XG2][App=ExactiveService][PID=2000][Inst=Q Exactive][Conn=TCP(IRS1:6019->Q Exactive:36584)][Type=logging]Reading C:\Xcalibur\methods\Qian\QT_auxin_400uLflow_101618.mstune: done
[Time=2019-05-28 12:33:31.114-05:00][Acc=25P7XG2\ExactiveUser][User=ExactiveUser][Comp=25P7XG2][App=ExactiveService][PID=2000][Inst=Q Exactive][Conn=TCP(IRS1:6019->Q Exactive:36584)][Type=logging]Reading C:\Xcalibur\methods\Qian\QT_auxin_400uLflow_101618.mstune: done
[Time=2019-05-28 12:33:31.218-05:00][Acc=25P7XG2\ExactiveUser][User=ExactiveUser][Comp=25P7XG2][App=ExactiveService][PID=2000][Inst=Q Exactive][Conn=TCP(IRS1:6019->Q Exactive:36584)][Type=logging]Reading C:\Xcalibur\methods\Qian\QT_auxin_400uLflow_101618.mstune: done
[Time=2019-05-28 12:33:31.323-05:00][Acc=25P7XG2\ExactiveUser][User=ExactiveUser][Comp=25P7XG2][App=ExactiveService][PID=2000][Inst=Q Exactive][Conn=TCP(IRS1:6019->Q Exactive:36584)][Type=logging]Reading C:\Xcalibur\methods\Qian\QT_auxin_400uLflow_101618.mstune: done
[Time=2019-05-28 12:33:31.431-05:00][Acc=25P7XG2\ExactiveUser][User=ExactiveUser][Comp=25P7XG2][App=ExactiveService][PID=2000][Inst=Q Exactive][Conn=TCP(IRS1:6019->Q Exactive:36584)][Type=logging]Reading C:\Xcalibur\methods\Qian\QT_auxin_400uLflow_101618.mstune: done
[Time=2019-05-28 12:33:31.536-05:00][Acc=25P7XG2\ExactiveUser][User=ExactiveUser][Comp=25P7XG2][App=ExactiveService][PID=2000][Inst=Q Exactive][Conn=TCP(IRS1:6019->Q Exactive:36584)][Type=logging]Reading C:\Xcalibur\methods\Qian\QT_auxin_400uLflow_101618.mstune: done
[Time=2019-05-28 12:33:31.642-05:00][Acc=25P7XG2\ExactiveUser][User=ExactiveUser][Comp=25P7XG2][App=ExactiveService][PID=2000][Inst=Q Exactive][Conn=TCP(IRS1:6019->Q Exactive:36584)][Type=logging]Reading C:\Xcalibur\methods\Qian\QT_auxin_400uLflow_101618.mstune: done
[Time=2019-05-28 12:33:31.756-05:00][Acc=25P7XG2\ExactiveUser][User=ExactiveUser][Comp=25P7XG2][App=ExactiveService][PID=2000][Inst=Q Exactive][Conn=TCP(IRS1:6019->Q Exactive:36584)][Type=logging]Reading C:\Xcalibur\methods\Qian\QT_auxin_400uLflow_101618.mstune: done
[Time=2019-05-28 12:33:31.862-05:00][Acc=25P7XG2\ExactiveUser][User=ExactiveUser][Comp=25P7XG2][App=ExactiveService][PID=2000][Inst=Q Exactive][Conn=TCP(IRS1:6019->Q Exactive:36584)][Type=logging]Reading C:\Xcalibur\methods\Qian\QT_auxin_400uLflow_101618.mstune: done
[Time=2019-05-28 12:33:31.967-05:00][Acc=25P7XG2\ExactiveUser][User=ExactiveUser][Comp=25P7XG2][App=ExactiveService][PID=2000][Inst=Q Exactive][Conn=TCP(IRS1:6019->Q Exactive:36584)][Type=logging]Reading C:\Xcalibur\methods\Qian\QT_auxin_400uLflow_101618.mstune: done
[Time=2019-05-28 12:33:32.074-05:00][Acc=25P7XG2\ExactiveUser][User=ExactiveUser][Comp=25P7XG2][App=ExactiveService][PID=2000][Inst=Q Exactive][Conn=TCP(IRS1:6019->Q Exactive:36584)][Type=logging]Reading C:\Xcalibur\methods\Qian\QT_auxin_400uLflow_101618.mstune: done
[Time=2019-05-28 12:33:32.178-05:00][Acc=25P7XG2\ExactiveUser][User=ExactiveUser][Comp=25P7XG2][App=ExactiveService][PID=2000][Inst=Q Exactive][Conn=TCP(IRS1:6019->Q Exactive:36584)][Type=logging]Reading C:\Xcalibur\methods\Qian\QT_auxin_400uLflow_101618.mstune: done
[Time=2019-05-28 12:33:32.282-05:00][Acc=25P7XG2\ExactiveUser][User=ExactiveUser][Comp=25P7XG2][App=ExactiveService][PID=2000][Inst=Q Exactive][Conn=TCP(IRS1:6019->Q Exactive:36584)][Type=logging]Reading C:\Xcalibur\methods\Qian\QT_auxin_400uLflow_101618.mstune: done
[Time=2019-05-28 12:33:32.398-05:00][Acc=25P7XG2\ExactiveUser][User=ExactiveUser][Comp=25P7XG2][App=ExactiveService][PID=2000][Inst=Q Exactive][Conn=TCP(IRS1:6019->Q Exactive:36584)][Type=logging]Reading C:\Xcalibur\methods\Qian\QT_auxin_400uLflow_101618.mstune: done
[Time=2019-05-28 12:33:32.584-05:00][Acc=25P7XG2\ExactiveUser][User=ExactiveUser][Comp=25P7XG2][App=ExactiveService][PID=2000][Inst=Q Exactive][Conn=TCP(IRS1:6019->Q Exactive:36584)][Type=logging]Reading C:\Xcalibur\methods\Qian\QT_auxin_400uLflow_101618.mstune: done
[Time=2019-05-28 12:33:32.691-05:00][Acc=25P7XG2\ExactiveUser][User=ExactiveUser][Comp=25P7XG2][App=ExactiveService][PID=2000][Inst=Q Exactive][Conn=TCP(IRS1:6019->Q Exactive:36584)][Type=logging]Reading C:\Xcalibur\methods\Qian\QT_auxin_400uLflow_101618.mstune: done
[Time=2019-05-28 12:33:32.802-05:00][Acc=25P7XG2\ExactiveUser][User=ExactiveUser][Comp=25P7XG2][App=ExactiveService][PID=2000][Inst=Q Exactive][Conn=TCP(IRS1:6019->Q Exactive:36584)][Type=logging]Reading C:\Xcalibur\methods\Qian\QT_auxin_400uLflow_101618.mstune: done
[Time=2019-05-28 12:33:32.910-05:00][Acc=25P7XG2\ExactiveUser][User=ExactiveUser][Comp=25P7XG2][App=ExactiveService][PID=2000][Inst=Q Exactive][Conn=TCP(IRS1:6019->Q Exactive:36584)][Type=logging]Reading C:\Xcalibur\methods\Qian\QT_auxin_400uLflow_101618.mstune: done
[Time=2019-05-28 12:33:33.020-05:00][Acc=25P7XG2\ExactiveUser][User=ExactiveUser][Comp=25P7XG2][App=ExactiveService][PID=2000][Inst=Q Exactive][Conn=TCP(IRS1:6019->Q Exactive:36584)][Type=logging]Reading C:\Xcalibur\methods\Qian\QT_auxin_400uLflow_101618.mstune: done
[Time=2019-05-28 12:33:33.132-05:00][Acc=25P7XG2\ExactiveUser][User=ExactiveUser][Comp=25P7XG2][App=ExactiveService][PID=2000][Inst=Q Exactive][Conn=TCP(IRS1:6019->Q Exactive:36584)][Type=logging]Reading C:\Xcalibur\methods\Qian\QT_auxin_400uLflow_101618.mstune: done
[Time=2019-05-28 12:33:33.242-05:00][Acc=25P7XG2\ExactiveUser][User=ExactiveUser][Comp=25P7XG2][App=ExactiveService][PID=2000][Inst=Q Exactive][Conn=TCP(IRS1:6019->Q Exactive:36584)][Type=logging]Reading C:\Xcalibur\methods\Qian\QT_auxin_400uLflow_101618.mstune: done
[Time=2019-05-28 12:33:33.349-05:00][Acc=25P7XG2\ExactiveUser][User=ExactiveUser][Comp=25P7XG2][App=ExactiveService][PID=2000][Inst=Q Exactive][Conn=TCP(IRS1:6019->Q Exactive:36584)][Type=logging]Reading C:\Xcalibur\methods\Qian\QT_auxin_400uLflow_101618.mstune: done
[Time=2019-05-28 12:33:33.461-05:00][Acc=25P7XG2\ExactiveUser][User=ExactiveUser][Comp=25P7XG2][App=ExactiveService][PID=2000][Inst=Q Exactive][Conn=TCP(IRS1:6019->Q Exactive:36584)][Type=logging]Reading C:\Xcalibur\methods\Qian\QT_auxin_400uLflow_101618.mstune: done
[Time=2019-05-28 12:33:33.570-05:00][Acc=25P7XG2\ExactiveUser][User=ExactiveUser][Comp=25P7XG2][App=ExactiveService][PID=2000][Inst=Q Exactive][Conn=TCP(IRS1:6019->Q Exactive:36584)][Type=logging]Reading C:\Xcalibur\methods\Qian\QT_auxin_400uLflow_101618.mstune: done
[Time=2019-05-28 12:33:33.678-05:00][Acc=25P7XG2\ExactiveUser][User=ExactiveUser][Comp=25P7XG2][App=ExactiveService][PID=2000][Inst=Q Exactive][Conn=TCP(IRS1:6019->Q Exactive:36584)][Type=logging]Reading C:\Xcalibur\methods\Qian\QT_auxin_400uLflow_101618.mstune: done
[Time=2019-05-28 12:33:33.789-05:00][Acc=25P7XG2\ExactiveUser][User=ExactiveUser][Comp=25P7XG2][App=ExactiveService][PID=2000][Inst=Q Exactive][Conn=TCP(IRS1:6019->Q Exactive:36584)][Type=logging]Reading C:\Xcalibur\methods\Qian\QT_auxin_400uLflow_101618.mstune: done
[Time=2019-05-28 12:33:33.899-05:00][Acc=25P7XG2\ExactiveUser][User=ExactiveUser][Comp=25P7XG2][App=ExactiveService][PID=2000][Inst=Q Exactive][Conn=TCP(IRS1:6019->Q Exactive:36584)][Type=logging]Reading C:\Xcalibur\methods\Qian\QT_auxin_400uLflow_101618.mstune: done
[Time=2019-05-28 12:33:34.047-05:00][Acc=25P7XG2\ExactiveUser][User=ExactiveUser][Comp=25P7XG2][App=ExactiveService][PID=2000][Inst=Q Exactive][Conn=TCP(IRS1:6019->Q Exactive:36584)][Type=logging]Reading C:\Xcalibur\methods\Qian\QT_auxin_400uLflow_101618.mstune: done
[Time=2019-05-28 12:33:34.172-05:00][Acc=25P7XG2\ExactiveUser][User=ExactiveUser][Comp=25P7XG2][App=ExactiveService][PID=2000][Inst=Q Exactive][Conn=TCP(IRS1:6019->Q Exactive:36584)][Type=logging]Reading C:\Xcalibur\methods\Qian\QT_auxin_400uLflow_101618.mstune: done
[Time=2019-05-28 12:33:34.294-05:00][Acc=25P7XG2\ExactiveUser][User=ExactiveUser][Comp=25P7XG2][App=ExactiveService][PID=2000][Inst=Q Exactive][Conn=TCP(IRS1:6019->Q Exactive:36584)][Type=logging]Reading C:\Xcalibur\methods\Qian\QT_auxin_400uLflow_101618.mstune: done
[Time=2019-05-28 12:33:34.406-05:00][Acc=25P7XG2\ExactiveUser][User=ExactiveUser][Comp=25P7XG2][App=ExactiveService][PID=2000][Inst=Q Exactive][Conn=TCP(IRS1:6019->Q Exactive:36584)][Type=logging]Reading C:\Xcalibur\methods\Qian\QT_auxin_400uLflow_101618.mstune: done
[Time=2019-05-28 12:33:34.518-05:00][Acc=25P7XG2\ExactiveUser][User=ExactiveUser][Comp=25P7XG2][App=ExactiveService][PID=2000][Inst=Q Exactive][Conn=TCP(IRS1:6019->Q Exactive:36584)][Type=logging]Reading C:\Xcalibur\methods\Qian\QT_auxin_400uLflow_101618.mstune: done
[Time=2019-05-28 12:33:34.627-05:00][Acc=25P7XG2\ExactiveUser][User=ExactiveUser][Comp=25P7XG2][App=ExactiveService][PID=2000][Inst=Q Exactive][Conn=TCP(IRS1:6019->Q Exactive:36584)][Type=logging]Reading C:\Xcalibur\methods\Qian\QT_auxin_400uLflow_101618.mstune: done
[Time=2019-05-28 12:33:34.739-05:00][Acc=25P7XG2\ExactiveUser][User=ExactiveUser][Comp=25P7XG2][App=ExactiveService][PID=2000][Inst=Q Exactive][Conn=TCP(IRS1:6019->Q Exactive:36584)][Type=logging]Reading C:\Xcalibur\methods\Qian\QT_auxin_400uLflow_101618.mstune: done
[Time=2019-05-28 12:33:34.847-05:00][Acc=25P7XG2\ExactiveUser][User=ExactiveUser][Comp=25P7XG2][App=ExactiveService][PID=2000][Inst=Q Exactive][Conn=TCP(IRS1:6019->Q Exactive:36584)][Type=logging]Reading C:\Xcalibur\methods\Qian\QT_auxin_400uLflow_101618.mstune: done
[Time=2019-05-28 12:33:34.961-05:00][Acc=25P7XG2\ExactiveUser][User=ExactiveUser][Comp=25P7XG2][App=ExactiveService][PID=2000][Inst=Q Exactive][Conn=TCP(IRS1:6019->Q Exactive:36584)][Type=logging]Reading C:\Xcalibur\methods\Shared\POSNEGtune_11212017_3.mstune: done
[Time=2019-05-28 12:33:35.081-05:00][Acc=25P7XG2\ExactiveUser][User=ExactiveUser][Comp=25P7XG2][App=ExactiveService][PID=2000][Inst=Q Exactive][Conn=TCP(IRS1:6019->Q Exactive:36584)][Type=logging]Reading C:\Xcalibur\methods\Qian\110116_spruce.mstune: done
[Time=2019-05-28 12:33:37.346-05:00][Acc=25P7XG2\Xcalibur_System][User=Xcalibur_System][Comp=25P7XG2][App=ThermoFisher.Foundation.AcquisitionService][PID=2652][Inst=Q Exactive][Conn=TCP(ICS1:6020->Q Exactive:48903)][Type=info]Preparing next acquisition with: <?xml version="1.0" encoding="iso-8859-15" standalone="yes"?> <InstrumentD ... ame>D:\Qian\method\Restek_forcecolumn_methods\IAA_quantification\9b85e3db-b03d-4f3a-91ee-7329f9c78594.meth</MethodFileName>     <SequenceFileName>D:\Qian\052619\Restart run 28 May 2019\f99c6fea-1411-47a9-8ef0-1b41e2fd976b.sld</SequenceFileName>     <SequenceRow>0</SequenceRow>     <StartMode>1</StartMode>     <Vial>BB2</Vial>     <InjVolume>5</InjVolume>     <Flags>0</Flags>   </RunSettings> </InstrumentData>
[Time=2019-05-28 12:33:37.802-05:00][Acc=25P7XG2\ExactiveUser][User=ExactiveUser][Comp=25P7XG2][App=ExactiveService][PID=2000][Inst=Q Exactive][Conn=TCP(IRS1:6019->Q Exactive:36584)][Type=logging]Reading C:\Xcalibur\methods\Qian\QT_auxin_400uLflow_101618.mstune: done
[Time=2019-05-28 12:33:50.669-05:00][Acc=25P7XG2\Xcalibur_System][User=Xcalibur_System][Comp=25P7XG2][App=ThermoFisher.Foundation.AcquisitionService][PID=2652][Inst=Q Exactive][Conn=TCP(ICS1:6020->Q Exactive:48903)][Type=info]Starting acquisition
[Time=2019-05-28 12:33:51.725-05:00][Acc=25P7XG2\Xcalibur_System][User=Xcalibur_System][Comp=25P7XG2][App=ThermoFisher.Foundation.AcquisitionService][PID=2652][Inst=Q Exactive][Conn=TCP(ICS1:6020->Q Exactive:48903)][Type=warning]Stopping acquisition
[Time=2019-05-28 12:33:56.817-05:00][Acc=25P7XG2\Xcalibur_System][User=Xcalibur_System][Comp=25P7XG2][App=ThermoFisher.Foundation.AcquisitionService][PID=2652][Inst=Q Exactive][Conn=TCP(ICS1:6020->Q Exactive:48903)][Type=info]Informing instrument about a stopped device of type 3
[Time=2019-05-28 12:33:56.824-05:00][Acc=25P7XG2\Xcalibur_System][User=Xcalibur_System][Comp=25P7XG2][App=ThermoFisher.Foundation.AcquisitionService][PID=2652][Inst=Q Exactive][Conn=TCP(ICS1:6020->Q Exactive:48903)][Type=info]Informing instrument about a stopped device of type 0
[Time=2019-05-28 12:38:38.789-05:00][Acc=25P7XG2\Thermo Scientific][User=][Comp=25P7XG2][App=ExactiveTune][PID=3204][Type=info]New application as 7e7a953c-06a5-4fb1-b8b2-f58ca91a8ead assigned id 2: 25P7XG2\Thermo Scientific() from 25P7XG2.ExactiveTune(3204)
[Time=2019-05-28 12:38:42.745-05:00][Acc=25P7XG2\Thermo Scientific][User=][Comp=25P7XG2][App=ExactiveTune][PID=3204][Inst=Q Exactive][Conn=TCP(ICS1:6020->Q Exactive:48903)][Type=info]Assuming mode Standby
[Time=2019-05-28 12:39:42.697-05:00][Acc=25P7XG2\ExactiveUser][User=ExactiveUser][Comp=25P7XG2][App=ExactiveService][PID=2000][Inst=Q Exactive][Conn=TCP(IRS1:6019->Q Exactive:36584)][Type=logging]Writing ..\log\InstrumentTemperature--2019-05-28.log: done
[Time=2019-05-28 12:54:42.688-05:00][Acc=25P7XG2\ExactiveUser][User=ExactiveUser][Comp=25P7XG2][App=ExactiveService][PID=2000][Inst=Q Exactive][Conn=TCP(IRS1:6019->Q Exactive:36584)][Type=logging]Writing ..\log\InstrumentTemperature--2019-05-28.log: done
[Time=2019-05-28 13:09:42.682-05:00][Acc=25P7XG2\ExactiveUser][User=ExactiveUser][Comp=25P7XG2][App=ExactiveService][PID=2000][Inst=Q Exactive][Conn=TCP(IRS1:6019->Q Exactive:36584)][Type=logging]Writing ..\log\InstrumentTemperature--2019-05-28.log: done
[Time=2019-05-28 13:10:14.750-05:00][Acc=25P7XG2\ExactiveUser][User=ExactiveUser][Comp=25P7XG2][App=ExactiveService][PID=2000][Type=info]Application connection lost to 7e7a953c-06a5-4fb1-b8b2-f58ca91a8ead assigned id 2: 25P7XG2\Thermo Scientific() from 25P7XG2.ExactiveTune(3204)
[Time=2019-05-28 13:10:23.184-05:00][Acc=25P7XG2\ExactiveUser][User=ExactiveUser][Comp=25P7XG2][App=ExactiveService][PID=2000][Inst=Q Exactive][Conn=TCP(ICS1:6020->Q Exactive:48903)][Type=info]lost instrument control connection
[Time=2019-05-28 13:10:23.192-05:00][Acc=25P7XG2\ExactiveUser][User=ExactiveUser][Comp=25P7XG2][App=ExactiveService][PID=2000][Inst=Q Exactive][Type=logging]new control connection
[Time=2019-05-28 13:10:23.187-05:00][Acc=25P7XG2\ExactiveUser][User=ExactiveUser][Comp=25P7XG2][App=ExactiveService][PID=2000][Inst=Q Exactive][Conn=TCP(IRS1:6019->Q Exactive:36584)][Type=info]lost instrument request connection
[Time=2019-05-28 13:10:23.187-05:00][Acc=25P7XG2\ExactiveUser][User=ExactiveUser][Comp=25P7XG2][App=ExactiveService][PID=2000][Inst=Q Exactive][Conn=TCP(IDS1:6021->Q Exactive:33275)][Type=info]lost instrument data connection
[Time=2019-05-28 13:10:23.187-05:00][Acc=25P7XG2\ExactiveUser][User=ExactiveUser][Comp=25P7XG2][App=ExactiveService][PID=2000][Inst=Q Exactive][Type=info]communication thread stopped
