[Time=2018-10-20 19:20:52.125-05:00][Acc=25P7XG2\ExactiveUser][User=ExactiveUser][Comp=25P7XG2][App=ExactiveService][PID=2004][Inst=Q Exactive][Type=logging]core server thread 22 started
[Time=2018-10-20 19:20:52.133-05:00][Acc=25P7XG2\ExactiveUser][User=ExactiveUser][Comp=25P7XG2][App=ExactiveService][PID=2004][Inst=Q Exactive][Type=logging]using {ExactiveService, Version=2.9.0.2926, Culture=neutral, PublicKeyToken=afdcd0a06562c881, "C:\Xcalibur\system\Exactive\bin\ExactiveService.exe"", Release"}; {ExactiveManager, Version=2.9.0.2926, Culture=neutral, PublicKeyToken=afdcd0a06562c881, "C:\Windows\assembly\GAC_MSIL\ExactiveManager\2.9.0.2926__afdcd0a06562c881\ExactiveManager.dll"", Release"}; {ThermoFisher.CommonCore.Data, Version=4.0.19.0, Culture=neutral, PublicKeyToken=1aef06afb5abd953, "C:\Program Files (x86)\Thermo\Foundation\ThermoFisher.CommonCore.Data.dll"", "}; {Exactive, Version=2.9.0.2926, Culture=neutral, PublicKeyToken=afdcd0a06562c881, "C:\Windows\assembly\GAC_MSIL\Exactive\2.9.0.2926__afdcd0a06562c881\Exactive.dll"", Release"}; {mscorlib, Version=4.0.0.0, Culture=neutral, PublicKeyToken=b77a5c561934e089, "C:\Windows\Microsoft.NET\Framework\v4.0.30319\mscorlib.dll"", "}
[Time=2018-10-20 19:20:51.887-05:00][Acc=25P7XG2\ExactiveUser][User=ExactiveUser][Comp=25P7XG2][App=ExactiveService][PID=2004][Inst=Q Exactive][Type=logging]IoNode for Q Exactive created
[Time=2018-10-20 19:20:51.893-05:00][Acc=25P7XG2\ExactiveUser][User=ExactiveUser][Comp=25P7XG2][App=ExactiveService][PID=2004][Inst=Q Exactive][Type=logging]communication thread 20 started
[Time=2018-10-20 19:20:52.150-05:00][Acc=25P7XG2\ExactiveUser][User=ExactiveUser][Comp=25P7XG2][App=ExactiveService][PID=2004][Inst=Q Exactive][Type=logging]instrument request server thread 25 started
[Time=2018-10-20 19:20:52.151-05:00][Acc=25P7XG2\ExactiveUser][User=ExactiveUser][Comp=25P7XG2][App=ExactiveService][PID=2004][Inst=Q Exactive][Type=logging]instrument control server thread 26 started
[Time=2018-10-20 19:20:52.159-05:00][Acc=25P7XG2\ExactiveUser][User=ExactiveUser][Comp=25P7XG2][App=ExactiveService][PID=2004][Inst=Q Exactive][Type=logging]instrument data server thread 27 started
[Time=2018-10-20 19:20:52.162-05:00][Acc=25P7XG2\ExactiveUser][User=ExactiveUser][Comp=25P7XG2][App=ExactiveService][PID=2004][Type=info]Boot service: using address range: 172.16.0.201
[Time=2018-10-20 19:20:52.164-05:00][Acc=25P7XG2\ExactiveUser][User=ExactiveUser][Comp=25P7XG2][App=ExactiveService][PID=2004][Type=logging]Client programs may access using ipc://Exactive_Service_2004/T2S
[Time=2018-10-20 19:20:52.165-05:00][Acc=25P7XG2\ExactiveUser][User=ExactiveUser][Comp=25P7XG2][App=ExactiveService][PID=2004][Inst=Q Exactive][Type=logging]new Urgent client connection[0.0.0.0:6018->255.255.255.255:0]
[Time=2018-10-20 19:20:52.169-05:00][Acc=25P7XG2\ExactiveUser][User=ExactiveUser][Comp=25P7XG2][App=ExactiveService][PID=2004][Inst=Q Exactive][Type=logging]new IRS1 server connection[0.0.0.0:6019->255.255.255.255:0]
[Time=2018-10-20 19:20:52.170-05:00][Acc=25P7XG2\ExactiveUser][User=ExactiveUser][Comp=25P7XG2][App=ExactiveService][PID=2004][Inst=Q Exactive][Type=logging]new ICS1 server connection[0.0.0.0:6020->255.255.255.255:0]
[Time=2018-10-20 19:20:52.170-05:00][Acc=25P7XG2\ExactiveUser][User=ExactiveUser][Comp=25P7XG2][App=ExactiveService][PID=2004][Inst=Q Exactive][Type=logging]new IDS1 server connection[0.0.0.0:6021->255.255.255.255:0]
[Time=2018-10-20 19:20:53.353-05:00][Acc=25P7XG2\ExactiveUser][User=ExactiveUser][Comp=25P7XG2][App=ExactiveService][PID=2004][Inst=Q Exactive][Type=logging]new ICS1 client connection[172.16.0.101:6020->172.16.0.201:54126]
[Time=2018-10-20 19:20:53.361-05:00][Acc=25P7XG2\ExactiveUser][User=ExactiveUser][Comp=25P7XG2][App=ExactiveService][PID=2004][Inst=Q Exactive][Conn=TCP(ICS1:6020->Q Exactive:54126)][Type=logging]new control connection
[Time=2018-10-20 19:20:53.370-05:00][Acc=(none)][User=(none)][Comp=(none)][App=(none)][PID=-1][Inst=Q Exactive][Type=warning]Get the following message for the 2nd time, will not display in future: - Warning: [Inspect/OpSys Items/OS-Sockets/TCP client Control]  OsTcpClient Send - No route to host
[Time=2018-10-20 19:20:53.551-05:00][Acc=(none)][User=(none)][Comp=(none)][App=(none)][PID=-1][Inst=Q Exactive][Type=warning] [Inspect/OpSys Items/OS-Sockets/TCP client Data handler]  OsTcpClient Send - Connection timed out
[Time=2018-10-20 19:20:55.380-05:00][Acc=25P7XG2\ExactiveUser][User=ExactiveUser][Comp=25P7XG2][App=ExactiveService][PID=2004][Inst=Q Exactive][Type=logging]new IDS1 client connection[172.16.0.101:6021->172.16.0.201:35289]
[Time=2018-10-20 19:20:55.386-05:00][Acc=(none)][User=(none)][Comp=(none)][App=(none)][PID=-1][Inst=Q Exactive][Type=warning] [Inspect/OpSys Items/OS-Sockets/TCP client Data handler]  OsTcpClient Send - Connection timed out
[Time=2018-10-20 19:21:54.938-05:00][Acc=25P7XG2\Xcalibur_System][User=Xcalibur_System][Comp=25P7XG2][App=ThermoFisher.Foundation.AcquisitionService][PID=1424][Type=info]New application as f2cb9098-1044-49d8-8a27-57a3877b0e8b assigned id 1: 25P7XG2\Xcalibur_System(Xcalibur_System) from 25P7XG2.ThermoFisher.Foundation.AcquisitionService(1424)
[Time=2018-10-20 19:21:54.947-05:00][Acc=25P7XG2\Xcalibur_System][User=Xcalibur_System][Comp=25P7XG2][App=ThermoFisher.Foundation.AcquisitionService][PID=1424][Inst=Q Exactive][Type=logging]Executing service command for Q Exactive: Thermo.Prometheus.Manager.Remoting.GetInstrumentProperties
[Time=2018-10-20 19:21:54.948-05:00][Acc=25P7XG2\Xcalibur_System][User=Xcalibur_System][Comp=25P7XG2][App=ThermoFisher.Foundation.AcquisitionService][PID=1424][Inst=Q Exactive][Type=logging]Executing service command for Q Exactive: Thermo.Prometheus.Manager.Remoting.GetInstrumentProperties
[Time=2018-10-20 19:22:00.391-05:00][Acc=25P7XG2\Xcalibur_System][User=Xcalibur_System][Comp=25P7XG2][App=ThermoFisher.Foundation.AcquisitionService][PID=1424][Inst=Q Exactive][Conn=TCP(ICS1:6020->Q Exactive:54126)][Type=info]Initializing instrument
[Time=2018-10-20 19:22:28.953-05:00][Acc=25P7XG2\Thermo Scientific][User=][Comp=25P7XG2][App=ExactiveTune][PID=6816][Type=info]New application as 763783fe-1ed7-4b3e-9991-fbfa898f62b3 assigned id 2: 25P7XG2\Thermo Scientific() from 25P7XG2.ExactiveTune(6816)
[Time=2018-10-20 19:24:08.984-05:00][Acc=(none)][User=(none)][Comp=(none)][App=(none)][PID=-1][Inst=Q Exactive][Type=warning] [Inspect/OpSys Items/OS-Sockets/TCP client NetInstRq]  OsTcpClient Send - Connection timed out
[Time=2018-10-20 19:24:09.184-05:00][Acc=25P7XG2\ExactiveUser][User=ExactiveUser][Comp=25P7XG2][App=ExactiveService][PID=2004][Inst=Q Exactive][Type=logging]new IRS1 client connection[172.16.0.101:6019->172.16.0.201:59520]
[Time=2018-10-20 19:24:09.190-05:00][Acc=(none)][User=(none)][Comp=(none)][App=(none)][PID=-1][Inst=Q Exactive][Type=warning] [Inspect/OpSys Items/OS-Sockets/TCP client NetInstRq]  OsTcpClient Send - Connection timed out
[Time=2018-10-20 19:24:09.219-05:00][Acc=25P7XG2\Thermo Scientific][User=][Comp=25P7XG2][App=ExactiveTune][PID=6816][Inst=Q Exactive][Conn=TCP(ICS1:6020->Q Exactive:54126)][Type=logging]Calling function of TuneSelectionHead: SetSelected(-1)
[Time=2018-10-20 19:24:09.220-05:00][Acc=25P7XG2\Thermo Scientific][User=][Comp=25P7XG2][App=ExactiveTune][PID=6816][Inst=Q Exactive][Conn=TCP(ICS1:6020->Q Exactive:54126)][Type=logging]Calling function of CalibrateSelectionHead: SetSelected(-1)
[Time=2018-10-20 19:24:09.220-05:00][Acc=25P7XG2\Thermo Scientific][User=][Comp=25P7XG2][App=ExactiveTune][PID=6816][Inst=Q Exactive][Conn=TCP(ICS1:6020->Q Exactive:54126)][Type=logging]Calling function of EvaluateSelectionHead: SetSelected(-1)
[Time=2018-10-20 19:24:09.387-05:00][Acc=25P7XG2\ExactiveUser][User=ExactiveUser][Comp=25P7XG2][App=ExactiveService][PID=2004][Inst=Q Exactive][Conn=TCP(IRS1:6019->Q Exactive:59520)][Type=logging]Reading C:\Xcalibur\methods\Shared\POSNEGtune_11212017_3.mstune: done
[Time=2018-10-20 19:24:09.506-05:00][Acc=25P7XG2\ExactiveUser][User=ExactiveUser][Comp=25P7XG2][App=ExactiveService][PID=2004][Inst=Q Exactive][Conn=TCP(IRS1:6019->Q Exactive:59520)][Type=logging]Reading C:\Xcalibur\methods\Qian\QT_auxin_400uLflow_101618.mstune: done
[Time=2018-10-20 19:24:09.537-05:00][Acc=25P7XG2\Thermo Scientific][User=][Comp=25P7XG2][App=ExactiveTune][PID=6816][Inst=Q Exactive][Conn=TCP(ICS1:6020->Q Exactive:54126)][Type=logging]Calling function of TuneSelectionHead: SetSelected(-1)
[Time=2018-10-20 19:24:09.537-05:00][Acc=25P7XG2\Thermo Scientific][User=][Comp=25P7XG2][App=ExactiveTune][PID=6816][Inst=Q Exactive][Conn=TCP(ICS1:6020->Q Exactive:54126)][Type=logging]Calling function of CalibrateSelectionHead: SetSelected(-1)
[Time=2018-10-20 19:24:09.538-05:00][Acc=25P7XG2\Thermo Scientific][User=][Comp=25P7XG2][App=ExactiveTune][PID=6816][Inst=Q Exactive][Conn=TCP(ICS1:6020->Q Exactive:54126)][Type=logging]Calling function of EvaluateSelectionHead: SetSelected(-1)
[Time=2018-10-20 19:24:09.620-05:00][Acc=25P7XG2\ExactiveUser][User=ExactiveUser][Comp=25P7XG2][App=ExactiveService][PID=2004][Inst=Q Exactive][Conn=TCP(IRS1:6019->Q Exactive:59520)][Type=logging]Reading C:\Xcalibur\methods\Qian\QT_auxin_400uLflow_101618.mstune: done
[Time=2018-10-20 19:24:09.751-05:00][Acc=25P7XG2\ExactiveUser][User=ExactiveUser][Comp=25P7XG2][App=ExactiveService][PID=2004][Inst=Q Exactive][Conn=TCP(IRS1:6019->Q Exactive:59520)][Type=logging]Reading C:\Xcalibur\methods\Qian\QT_auxin_400uLflow_101618.mstune: done
[Time=2018-10-20 19:24:09.873-05:00][Acc=25P7XG2\ExactiveUser][User=ExactiveUser][Comp=25P7XG2][App=ExactiveService][PID=2004][Inst=Q Exactive][Conn=TCP(IRS1:6019->Q Exactive:59520)][Type=logging]Reading C:\Xcalibur\methods\Qian\QT_auxin_400uLflow_101618.mstune: done
[Time=2018-10-20 19:24:09.988-05:00][Acc=25P7XG2\ExactiveUser][User=ExactiveUser][Comp=25P7XG2][App=ExactiveService][PID=2004][Inst=Q Exactive][Conn=TCP(IRS1:6019->Q Exactive:59520)][Type=logging]Reading C:\Xcalibur\methods\Qian\QT_auxin_400uLflow_101618.mstune: done
[Time=2018-10-20 19:24:10.101-05:00][Acc=25P7XG2\ExactiveUser][User=ExactiveUser][Comp=25P7XG2][App=ExactiveService][PID=2004][Inst=Q Exactive][Conn=TCP(IRS1:6019->Q Exactive:59520)][Type=logging]Reading C:\Xcalibur\methods\Qian\QT_auxin_400uLflow_101618.mstune: done
[Time=2018-10-20 19:24:10.208-05:00][Acc=25P7XG2\ExactiveUser][User=ExactiveUser][Comp=25P7XG2][App=ExactiveService][PID=2004][Inst=Q Exactive][Conn=TCP(IRS1:6019->Q Exactive:59520)][Type=logging]Reading C:\Xcalibur\methods\Qian\QT_auxin_400uLflow_101618.mstune: done
[Time=2018-10-20 19:24:10.316-05:00][Acc=25P7XG2\ExactiveUser][User=ExactiveUser][Comp=25P7XG2][App=ExactiveService][PID=2004][Inst=Q Exactive][Conn=TCP(IRS1:6019->Q Exactive:59520)][Type=logging]Reading C:\Xcalibur\methods\Qian\QT_auxin_400uLflow_101618.mstune: done
[Time=2018-10-20 19:24:10.425-05:00][Acc=25P7XG2\ExactiveUser][User=ExactiveUser][Comp=25P7XG2][App=ExactiveService][PID=2004][Inst=Q Exactive][Conn=TCP(IRS1:6019->Q Exactive:59520)][Type=logging]Reading C:\Xcalibur\methods\Qian\QT_auxin_400uLflow_101618.mstune: done
[Time=2018-10-20 19:24:10.539-05:00][Acc=25P7XG2\ExactiveUser][User=ExactiveUser][Comp=25P7XG2][App=ExactiveService][PID=2004][Inst=Q Exactive][Conn=TCP(IRS1:6019->Q Exactive:59520)][Type=logging]Reading C:\Xcalibur\methods\Qian\QT_auxin_400uLflow_101618.mstune: done
[Time=2018-10-20 19:24:10.653-05:00][Acc=25P7XG2\ExactiveUser][User=ExactiveUser][Comp=25P7XG2][App=ExactiveService][PID=2004][Inst=Q Exactive][Conn=TCP(IRS1:6019->Q Exactive:59520)][Type=logging]Reading C:\Xcalibur\methods\Qian\QT_auxin_400uLflow_101618.mstune: done
[Time=2018-10-20 19:24:10.763-05:00][Acc=25P7XG2\ExactiveUser][User=ExactiveUser][Comp=25P7XG2][App=ExactiveService][PID=2004][Inst=Q Exactive][Conn=TCP(IRS1:6019->Q Exactive:59520)][Type=logging]Reading C:\Xcalibur\methods\Qian\QT_auxin_400uLflow_101618.mstune: done
[Time=2018-10-20 19:24:10.874-05:00][Acc=25P7XG2\ExactiveUser][User=ExactiveUser][Comp=25P7XG2][App=ExactiveService][PID=2004][Inst=Q Exactive][Conn=TCP(IRS1:6019->Q Exactive:59520)][Type=logging]Reading C:\Xcalibur\methods\Shared\POSNEGtune_11212017_3.mstune: done
[Time=2018-10-20 19:24:13.431-05:00][Acc=25P7XG2\Xcalibur_System][User=Xcalibur_System][Comp=25P7XG2][App=ThermoFisher.Foundation.AcquisitionService][PID=1424][Inst=Q Exactive][Conn=TCP(ICS1:6020->Q Exactive:54126)][Type=info]Preparing next acquisition with: <?xml version="1.0" encoding="iso-8859-15" standalone="yes"?> <InstrumentD ... ank_Start_QT102018_20181020192413.raw</RawFileName>     <MethodFileName>D:\Qian\method\ede24932-0caf-49a3-9087-a922eaf276cb.meth</MethodFileName>     <SequenceFileName>D:\SharedBlanks\94701e92-02e8-49b6-b431-3aabf6b0b974.sld</SequenceFileName>     <SequenceRow>0</SequenceRow>     <StartMode>1</StartMode>     <Vial>GA1</Vial>     <InjVolume>1</InjVolume>     <Flags>0</Flags>   </RunSettings> </InstrumentData>
[Time=2018-10-20 19:24:13.904-05:00][Acc=25P7XG2\ExactiveUser][User=ExactiveUser][Comp=25P7XG2][App=ExactiveService][PID=2004][Inst=Q Exactive][Conn=TCP(IRS1:6019->Q Exactive:59520)][Type=logging]Reading C:\Xcalibur\methods\Shared\POSNEGtune_11212017_3.mstune: done
[Time=2018-10-20 19:24:24.257-05:00][Acc=25P7XG2\Xcalibur_System][User=Xcalibur_System][Comp=25P7XG2][App=ThermoFisher.Foundation.AcquisitionService][PID=1424][Inst=Q Exactive][Conn=TCP(ICS1:6020->Q Exactive:54126)][Type=info]Starting acquisition
[Time=2018-10-20 19:24:25.285-05:00][Acc=25P7XG2\Xcalibur_System][User=Xcalibur_System][Comp=25P7XG2][App=ThermoFisher.Foundation.AcquisitionService][PID=1424][Inst=Q Exactive][Conn=TCP(ICS1:6020->Q Exactive:54126)][Type=warning]Stopping acquisition
[Time=2018-10-20 19:24:30.375-05:00][Acc=25P7XG2\Xcalibur_System][User=Xcalibur_System][Comp=25P7XG2][App=ThermoFisher.Foundation.AcquisitionService][PID=1424][Inst=Q Exactive][Conn=TCP(ICS1:6020->Q Exactive:54126)][Type=info]Informing instrument about a stopped device of type 3
[Time=2018-10-20 19:24:30.386-05:00][Acc=25P7XG2\Xcalibur_System][User=Xcalibur_System][Comp=25P7XG2][App=ThermoFisher.Foundation.AcquisitionService][PID=1424][Inst=Q Exactive][Conn=TCP(ICS1:6020->Q Exactive:54126)][Type=info]Informing instrument about a stopped device of type 0
[Time=2018-10-20 19:28:22.875-05:00][Acc=25P7XG2\Thermo Scientific][User=][Comp=25P7XG2][App=ExactiveTune][PID=6816][Inst=Q Exactive][Conn=TCP(ICS1:6020->Q Exactive:54126)][Type=info]Assuming mode Standby
[Time=2018-10-20 19:30:02.600-05:00][Acc=25P7XG2\ExactiveUser][User=ExactiveUser][Comp=25P7XG2][App=ExactiveService][PID=2004][Inst=Q Exactive][Conn=TCP(IRS1:6019->Q Exactive:59520)][Type=logging]Reading C:\Xcalibur\methods\Shared\POSNEGtune_11212017_3.mstune: done
[Time=2018-10-20 19:30:02.691-05:00][Acc=25P7XG2\ExactiveUser][User=ExactiveUser][Comp=25P7XG2][App=ExactiveService][PID=2004][Inst=Q Exactive][Conn=TCP(IRS1:6019->Q Exactive:59520)][Type=logging]Reading C:\Xcalibur\methods\Qian\QT_auxin_400uLflow_101618.mstune: done
[Time=2018-10-20 19:30:02.800-05:00][Acc=25P7XG2\ExactiveUser][User=ExactiveUser][Comp=25P7XG2][App=ExactiveService][PID=2004][Inst=Q Exactive][Conn=TCP(IRS1:6019->Q Exactive:59520)][Type=logging]Reading C:\Xcalibur\methods\Qian\QT_auxin_400uLflow_101618.mstune: done
[Time=2018-10-20 19:30:02.912-05:00][Acc=25P7XG2\ExactiveUser][User=ExactiveUser][Comp=25P7XG2][App=ExactiveService][PID=2004][Inst=Q Exactive][Conn=TCP(IRS1:6019->Q Exactive:59520)][Type=logging]Reading C:\Xcalibur\methods\Qian\QT_auxin_400uLflow_101618.mstune: done
[Time=2018-10-20 19:30:03.020-05:00][Acc=25P7XG2\ExactiveUser][User=ExactiveUser][Comp=25P7XG2][App=ExactiveService][PID=2004][Inst=Q Exactive][Conn=TCP(IRS1:6019->Q Exactive:59520)][Type=logging]Reading C:\Xcalibur\methods\Qian\QT_auxin_400uLflow_101618.mstune: done
[Time=2018-10-20 19:30:03.132-05:00][Acc=25P7XG2\ExactiveUser][User=ExactiveUser][Comp=25P7XG2][App=ExactiveService][PID=2004][Inst=Q Exactive][Conn=TCP(IRS1:6019->Q Exactive:59520)][Type=logging]Reading C:\Xcalibur\methods\Qian\QT_auxin_400uLflow_101618.mstune: done
[Time=2018-10-20 19:30:03.243-05:00][Acc=25P7XG2\ExactiveUser][User=ExactiveUser][Comp=25P7XG2][App=ExactiveService][PID=2004][Inst=Q Exactive][Conn=TCP(IRS1:6019->Q Exactive:59520)][Type=logging]Reading C:\Xcalibur\methods\Qian\QT_auxin_400uLflow_101618.mstune: done
[Time=2018-10-20 19:30:03.349-05:00][Acc=25P7XG2\ExactiveUser][User=ExactiveUser][Comp=25P7XG2][App=ExactiveService][PID=2004][Inst=Q Exactive][Conn=TCP(IRS1:6019->Q Exactive:59520)][Type=logging]Reading C:\Xcalibur\methods\Qian\QT_auxin_400uLflow_101618.mstune: done
[Time=2018-10-20 19:30:03.460-05:00][Acc=25P7XG2\ExactiveUser][User=ExactiveUser][Comp=25P7XG2][App=ExactiveService][PID=2004][Inst=Q Exactive][Conn=TCP(IRS1:6019->Q Exactive:59520)][Type=logging]Reading C:\Xcalibur\methods\Qian\QT_auxin_400uLflow_101618.mstune: done
[Time=2018-10-20 19:30:03.568-05:00][Acc=25P7XG2\ExactiveUser][User=ExactiveUser][Comp=25P7XG2][App=ExactiveService][PID=2004][Inst=Q Exactive][Conn=TCP(IRS1:6019->Q Exactive:59520)][Type=logging]Reading C:\Xcalibur\methods\Qian\QT_auxin_400uLflow_101618.mstune: done
[Time=2018-10-20 19:30:03.679-05:00][Acc=25P7XG2\ExactiveUser][User=ExactiveUser][Comp=25P7XG2][App=ExactiveService][PID=2004][Inst=Q Exactive][Conn=TCP(IRS1:6019->Q Exactive:59520)][Type=logging]Reading C:\Xcalibur\methods\Qian\QT_auxin_400uLflow_101618.mstune: done
[Time=2018-10-20 19:30:03.793-05:00][Acc=25P7XG2\ExactiveUser][User=ExactiveUser][Comp=25P7XG2][App=ExactiveService][PID=2004][Inst=Q Exactive][Conn=TCP(IRS1:6019->Q Exactive:59520)][Type=logging]Reading C:\Xcalibur\methods\Qian\QT_auxin_400uLflow_101618.mstune: done
[Time=2018-10-20 19:30:03.914-05:00][Acc=25P7XG2\ExactiveUser][User=ExactiveUser][Comp=25P7XG2][App=ExactiveService][PID=2004][Inst=Q Exactive][Conn=TCP(IRS1:6019->Q Exactive:59520)][Type=logging]Reading C:\Xcalibur\methods\Qian\QT_auxin_400uLflow_101618.mstune: done
[Time=2018-10-20 19:30:04.016-05:00][Acc=25P7XG2\ExactiveUser][User=ExactiveUser][Comp=25P7XG2][App=ExactiveService][PID=2004][Inst=Q Exactive][Conn=TCP(IRS1:6019->Q Exactive:59520)][Type=logging]Reading C:\Xcalibur\methods\Shared\POSNEGtune_11212017_3.mstune: done
[Time=2018-10-20 19:31:16.644-05:00][Acc=25P7XG2\ExactiveUser][User=ExactiveUser][Comp=25P7XG2][App=ExactiveService][PID=2004][Inst=Q Exactive][Conn=TCP(IRS1:6019->Q Exactive:59520)][Type=logging]Writing ..\log\InstrumentTemperature--2018-10-20.log: done
[Time=2018-10-20 19:46:16.638-05:00][Acc=25P7XG2\ExactiveUser][User=ExactiveUser][Comp=25P7XG2][App=ExactiveService][PID=2004][Inst=Q Exactive][Conn=TCP(IRS1:6019->Q Exactive:59520)][Type=logging]Writing ..\log\InstrumentTemperature--2018-10-20.log: done
[Time=2018-10-20 20:01:16.634-05:00][Acc=25P7XG2\ExactiveUser][User=ExactiveUser][Comp=25P7XG2][App=ExactiveService][PID=2004][Inst=Q Exactive][Conn=TCP(IRS1:6019->Q Exactive:59520)][Type=logging]Writing ..\log\InstrumentTemperature--2018-10-20.log: done
[Time=2018-10-20 20:16:16.631-05:00][Acc=25P7XG2\ExactiveUser][User=ExactiveUser][Comp=25P7XG2][App=ExactiveService][PID=2004][Inst=Q Exactive][Conn=TCP(IRS1:6019->Q Exactive:59520)][Type=logging]Writing ..\log\InstrumentTemperature--2018-10-20.log: done
[Time=2018-10-20 20:31:16.627-05:00][Acc=25P7XG2\ExactiveUser][User=ExactiveUser][Comp=25P7XG2][App=ExactiveService][PID=2004][Inst=Q Exactive][Conn=TCP(IRS1:6019->Q Exactive:59520)][Type=logging]Writing ..\log\InstrumentTemperature--2018-10-20.log: done
[Time=2018-10-20 20:46:16.623-05:00][Acc=25P7XG2\ExactiveUser][User=ExactiveUser][Comp=25P7XG2][App=ExactiveService][PID=2004][Inst=Q Exactive][Conn=TCP(IRS1:6019->Q Exactive:59520)][Type=logging]Writing ..\log\InstrumentTemperature--2018-10-20.log: done
[Time=2018-10-20 21:01:16.620-05:00][Acc=25P7XG2\ExactiveUser][User=ExactiveUser][Comp=25P7XG2][App=ExactiveService][PID=2004][Inst=Q Exactive][Conn=TCP(IRS1:6019->Q Exactive:59520)][Type=logging]Writing ..\log\InstrumentTemperature--2018-10-20.log: done
[Time=2018-10-20 21:16:16.616-05:00][Acc=25P7XG2\ExactiveUser][User=ExactiveUser][Comp=25P7XG2][App=ExactiveService][PID=2004][Inst=Q Exactive][Conn=TCP(IRS1:6019->Q Exactive:59520)][Type=logging]Writing ..\log\InstrumentTemperature--2018-10-20.log: done
[Time=2018-10-20 21:31:16.613-05:00][Acc=25P7XG2\ExactiveUser][User=ExactiveUser][Comp=25P7XG2][App=ExactiveService][PID=2004][Inst=Q Exactive][Conn=TCP(IRS1:6019->Q Exactive:59520)][Type=logging]Writing ..\log\InstrumentTemperature--2018-10-20.log: done
[Time=2018-10-20 21:46:16.609-05:00][Acc=25P7XG2\ExactiveUser][User=ExactiveUser][Comp=25P7XG2][App=ExactiveService][PID=2004][Inst=Q Exactive][Conn=TCP(IRS1:6019->Q Exactive:59520)][Type=logging]Writing ..\log\InstrumentTemperature--2018-10-20.log: done
[Time=2018-10-20 22:01:16.605-05:00][Acc=25P7XG2\ExactiveUser][User=ExactiveUser][Comp=25P7XG2][App=ExactiveService][PID=2004][Inst=Q Exactive][Conn=TCP(IRS1:6019->Q Exactive:59520)][Type=logging]Writing ..\log\InstrumentTemperature--2018-10-20.log: done
[Time=2018-10-20 22:16:16.602-05:00][Acc=25P7XG2\ExactiveUser][User=ExactiveUser][Comp=25P7XG2][App=ExactiveService][PID=2004][Inst=Q Exactive][Conn=TCP(IRS1:6019->Q Exactive:59520)][Type=logging]Writing ..\log\InstrumentTemperature--2018-10-20.log: done
[Time=2018-10-20 22:31:16.598-05:00][Acc=25P7XG2\ExactiveUser][User=ExactiveUser][Comp=25P7XG2][App=ExactiveService][PID=2004][Inst=Q Exactive][Conn=TCP(IRS1:6019->Q Exactive:59520)][Type=logging]Writing ..\log\InstrumentTemperature--2018-10-20.log: done
[Time=2018-10-20 22:46:16.594-05:00][Acc=25P7XG2\ExactiveUser][User=ExactiveUser][Comp=25P7XG2][App=ExactiveService][PID=2004][Inst=Q Exactive][Conn=TCP(IRS1:6019->Q Exactive:59520)][Type=logging]Writing ..\log\InstrumentTemperature--2018-10-20.log: done
[Time=2018-10-20 23:01:16.590-05:00][Acc=25P7XG2\ExactiveUser][User=ExactiveUser][Comp=25P7XG2][App=ExactiveService][PID=2004][Inst=Q Exactive][Conn=TCP(IRS1:6019->Q Exactive:59520)][Type=logging]Writing ..\log\InstrumentTemperature--2018-10-20.log: done
[Time=2018-10-20 23:16:16.587-05:00][Acc=25P7XG2\ExactiveUser][User=ExactiveUser][Comp=25P7XG2][App=ExactiveService][PID=2004][Inst=Q Exactive][Conn=TCP(IRS1:6019->Q Exactive:59520)][Type=logging]Writing ..\log\InstrumentTemperature--2018-10-20.log: done
[Time=2018-10-20 23:31:16.583-05:00][Acc=25P7XG2\ExactiveUser][User=ExactiveUser][Comp=25P7XG2][App=ExactiveService][PID=2004][Inst=Q Exactive][Conn=TCP(IRS1:6019->Q Exactive:59520)][Type=logging]Writing ..\log\InstrumentTemperature--2018-10-20.log: done
[Time=2018-10-20 23:46:16.580-05:00][Acc=25P7XG2\ExactiveUser][User=ExactiveUser][Comp=25P7XG2][App=ExactiveService][PID=2004][Inst=Q Exactive][Conn=TCP(IRS1:6019->Q Exactive:59520)][Type=logging]Writing ..\log\InstrumentTemperature--2018-10-20.log: done
[Time=2018-10-21 00:01:16.575-05:00][Acc=25P7XG2\ExactiveUser][User=ExactiveUser][Comp=25P7XG2][App=ExactiveService][PID=2004][Inst=Q Exactive][Conn=TCP(IRS1:6019->Q Exactive:59520)][Type=logging]Writing ..\log\InstrumentTemperature--2018-10-21.log: done
[Time=2018-10-21 00:16:16.571-05:00][Acc=25P7XG2\ExactiveUser][User=ExactiveUser][Comp=25P7XG2][App=ExactiveService][PID=2004][Inst=Q Exactive][Conn=TCP(IRS1:6019->Q Exactive:59520)][Type=logging]Writing ..\log\InstrumentTemperature--2018-10-21.log: done
[Time=2018-10-21 00:31:16.568-05:00][Acc=25P7XG2\ExactiveUser][User=ExactiveUser][Comp=25P7XG2][App=ExactiveService][PID=2004][Inst=Q Exactive][Conn=TCP(IRS1:6019->Q Exactive:59520)][Type=logging]Writing ..\log\InstrumentTemperature--2018-10-21.log: done
[Time=2018-10-21 00:46:16.564-05:00][Acc=25P7XG2\ExactiveUser][User=ExactiveUser][Comp=25P7XG2][App=ExactiveService][PID=2004][Inst=Q Exactive][Conn=TCP(IRS1:6019->Q Exactive:59520)][Type=logging]Writing ..\log\InstrumentTemperature--2018-10-21.log: done
[Time=2018-10-21 01:01:16.561-05:00][Acc=25P7XG2\ExactiveUser][User=ExactiveUser][Comp=25P7XG2][App=ExactiveService][PID=2004][Inst=Q Exactive][Conn=TCP(IRS1:6019->Q Exactive:59520)][Type=logging]Writing ..\log\InstrumentTemperature--2018-10-21.log: done
[Time=2018-10-21 01:16:16.557-05:00][Acc=25P7XG2\ExactiveUser][User=ExactiveUser][Comp=25P7XG2][App=ExactiveService][PID=2004][Inst=Q Exactive][Conn=TCP(IRS1:6019->Q Exactive:59520)][Type=logging]Writing ..\log\InstrumentTemperature--2018-10-21.log: done
[Time=2018-10-21 01:31:16.554-05:00][Acc=25P7XG2\ExactiveUser][User=ExactiveUser][Comp=25P7XG2][App=ExactiveService][PID=2004][Inst=Q Exactive][Conn=TCP(IRS1:6019->Q Exactive:59520)][Type=logging]Writing ..\log\InstrumentTemperature--2018-10-21.log: done
[Time=2018-10-21 01:46:16.539-05:00][Acc=25P7XG2\ExactiveUser][User=ExactiveUser][Comp=25P7XG2][App=ExactiveService][PID=2004][Inst=Q Exactive][Conn=TCP(IRS1:6019->Q Exactive:59520)][Type=logging]Writing ..\log\InstrumentTemperature--2018-10-21.log: done
[Time=2018-10-21 02:01:16.533-05:00][Acc=25P7XG2\ExactiveUser][User=ExactiveUser][Comp=25P7XG2][App=ExactiveService][PID=2004][Inst=Q Exactive][Conn=TCP(IRS1:6019->Q Exactive:59520)][Type=logging]Writing ..\log\InstrumentTemperature--2018-10-21.log: done
[Time=2018-10-21 02:16:16.529-05:00][Acc=25P7XG2\ExactiveUser][User=ExactiveUser][Comp=25P7XG2][App=ExactiveService][PID=2004][Inst=Q Exactive][Conn=TCP(IRS1:6019->Q Exactive:59520)][Type=logging]Writing ..\log\InstrumentTemperature--2018-10-21.log: done
[Time=2018-10-21 02:31:16.526-05:00][Acc=25P7XG2\ExactiveUser][User=ExactiveUser][Comp=25P7XG2][App=ExactiveService][PID=2004][Inst=Q Exactive][Conn=TCP(IRS1:6019->Q Exactive:59520)][Type=logging]Writing ..\log\InstrumentTemperature--2018-10-21.log: done
[Time=2018-10-21 02:46:16.522-05:00][Acc=25P7XG2\ExactiveUser][User=ExactiveUser][Comp=25P7XG2][App=ExactiveService][PID=2004][Inst=Q Exactive][Conn=TCP(IRS1:6019->Q Exactive:59520)][Type=logging]Writing ..\log\InstrumentTemperature--2018-10-21.log: done
[Time=2018-10-21 03:01:16.518-05:00][Acc=25P7XG2\ExactiveUser][User=ExactiveUser][Comp=25P7XG2][App=ExactiveService][PID=2004][Inst=Q Exactive][Conn=TCP(IRS1:6019->Q Exactive:59520)][Type=logging]Writing ..\log\InstrumentTemperature--2018-10-21.log: done
[Time=2018-10-21 03:16:16.515-05:00][Acc=25P7XG2\ExactiveUser][User=ExactiveUser][Comp=25P7XG2][App=ExactiveService][PID=2004][Inst=Q Exactive][Conn=TCP(IRS1:6019->Q Exactive:59520)][Type=logging]Writing ..\log\InstrumentTemperature--2018-10-21.log: done
[Time=2018-10-21 03:31:16.511-05:00][Acc=25P7XG2\ExactiveUser][User=ExactiveUser][Comp=25P7XG2][App=ExactiveService][PID=2004][Inst=Q Exactive][Conn=TCP(IRS1:6019->Q Exactive:59520)][Type=logging]Writing ..\log\InstrumentTemperature--2018-10-21.log: done
[Time=2018-10-21 03:46:16.508-05:00][Acc=25P7XG2\ExactiveUser][User=ExactiveUser][Comp=25P7XG2][App=ExactiveService][PID=2004][Inst=Q Exactive][Conn=TCP(IRS1:6019->Q Exactive:59520)][Type=logging]Writing ..\log\InstrumentTemperature--2018-10-21.log: done
[Time=2018-10-21 04:01:16.504-05:00][Acc=25P7XG2\ExactiveUser][User=ExactiveUser][Comp=25P7XG2][App=ExactiveService][PID=2004][Inst=Q Exactive][Conn=TCP(IRS1:6019->Q Exactive:59520)][Type=logging]Writing ..\log\InstrumentTemperature--2018-10-21.log: done
[Time=2018-10-21 04:16:16.501-05:00][Acc=25P7XG2\ExactiveUser][User=ExactiveUser][Comp=25P7XG2][App=ExactiveService][PID=2004][Inst=Q Exactive][Conn=TCP(IRS1:6019->Q Exactive:59520)][Type=logging]Writing ..\log\InstrumentTemperature--2018-10-21.log: done
[Time=2018-10-21 04:31:16.497-05:00][Acc=25P7XG2\ExactiveUser][User=ExactiveUser][Comp=25P7XG2][App=ExactiveService][PID=2004][Inst=Q Exactive][Conn=TCP(IRS1:6019->Q Exactive:59520)][Type=logging]Writing ..\log\InstrumentTemperature--2018-10-21.log: done
[Time=2018-10-21 04:46:16.493-05:00][Acc=25P7XG2\ExactiveUser][User=ExactiveUser][Comp=25P7XG2][App=ExactiveService][PID=2004][Inst=Q Exactive][Conn=TCP(IRS1:6019->Q Exactive:59520)][Type=logging]Writing ..\log\InstrumentTemperature--2018-10-21.log: done
[Time=2018-10-21 05:01:16.490-05:00][Acc=25P7XG2\ExactiveUser][User=ExactiveUser][Comp=25P7XG2][App=ExactiveService][PID=2004][Inst=Q Exactive][Conn=TCP(IRS1:6019->Q Exactive:59520)][Type=logging]Writing ..\log\InstrumentTemperature--2018-10-21.log: done
[Time=2018-10-21 05:16:16.486-05:00][Acc=25P7XG2\ExactiveUser][User=ExactiveUser][Comp=25P7XG2][App=ExactiveService][PID=2004][Inst=Q Exactive][Conn=TCP(IRS1:6019->Q Exactive:59520)][Type=logging]Writing ..\log\InstrumentTemperature--2018-10-21.log: done
[Time=2018-10-21 05:31:16.483-05:00][Acc=25P7XG2\ExactiveUser][User=ExactiveUser][Comp=25P7XG2][App=ExactiveService][PID=2004][Inst=Q Exactive][Conn=TCP(IRS1:6019->Q Exactive:59520)][Type=logging]Writing ..\log\InstrumentTemperature--2018-10-21.log: done
[Time=2018-10-21 05:46:16.479-05:00][Acc=25P7XG2\ExactiveUser][User=ExactiveUser][Comp=25P7XG2][App=ExactiveService][PID=2004][Inst=Q Exactive][Conn=TCP(IRS1:6019->Q Exactive:59520)][Type=logging]Writing ..\log\InstrumentTemperature--2018-10-21.log: done
[Time=2018-10-21 06:01:16.475-05:00][Acc=25P7XG2\ExactiveUser][User=ExactiveUser][Comp=25P7XG2][App=ExactiveService][PID=2004][Inst=Q Exactive][Conn=TCP(IRS1:6019->Q Exactive:59520)][Type=logging]Writing ..\log\InstrumentTemperature--2018-10-21.log: done
[Time=2018-10-21 06:16:16.471-05:00][Acc=25P7XG2\ExactiveUser][User=ExactiveUser][Comp=25P7XG2][App=ExactiveService][PID=2004][Inst=Q Exactive][Conn=TCP(IRS1:6019->Q Exactive:59520)][Type=logging]Writing ..\log\InstrumentTemperature--2018-10-21.log: done
[Time=2018-10-21 06:31:16.468-05:00][Acc=25P7XG2\ExactiveUser][User=ExactiveUser][Comp=25P7XG2][App=ExactiveService][PID=2004][Inst=Q Exactive][Conn=TCP(IRS1:6019->Q Exactive:59520)][Type=logging]Writing ..\log\InstrumentTemperature--2018-10-21.log: done
[Time=2018-10-21 06:46:16.465-05:00][Acc=25P7XG2\ExactiveUser][User=ExactiveUser][Comp=25P7XG2][App=ExactiveService][PID=2004][Inst=Q Exactive][Conn=TCP(IRS1:6019->Q Exactive:59520)][Type=logging]Writing ..\log\InstrumentTemperature--2018-10-21.log: done
[Time=2018-10-21 07:01:16.461-05:00][Acc=25P7XG2\ExactiveUser][User=ExactiveUser][Comp=25P7XG2][App=ExactiveService][PID=2004][Inst=Q Exactive][Conn=TCP(IRS1:6019->Q Exactive:59520)][Type=logging]Writing ..\log\InstrumentTemperature--2018-10-21.log: done
[Time=2018-10-21 07:16:16.457-05:00][Acc=25P7XG2\ExactiveUser][User=ExactiveUser][Comp=25P7XG2][App=ExactiveService][PID=2004][Inst=Q Exactive][Conn=TCP(IRS1:6019->Q Exactive:59520)][Type=logging]Writing ..\log\InstrumentTemperature--2018-10-21.log: done
[Time=2018-10-21 07:31:16.454-05:00][Acc=25P7XG2\ExactiveUser][User=ExactiveUser][Comp=25P7XG2][App=ExactiveService][PID=2004][Inst=Q Exactive][Conn=TCP(IRS1:6019->Q Exactive:59520)][Type=logging]Writing ..\log\InstrumentTemperature--2018-10-21.log: done
[Time=2018-10-21 07:46:16.450-05:00][Acc=25P7XG2\ExactiveUser][User=ExactiveUser][Comp=25P7XG2][App=ExactiveService][PID=2004][Inst=Q Exactive][Conn=TCP(IRS1:6019->Q Exactive:59520)][Type=logging]Writing ..\log\InstrumentTemperature--2018-10-21.log: done
[Time=2018-10-21 08:01:16.446-05:00][Acc=25P7XG2\ExactiveUser][User=ExactiveUser][Comp=25P7XG2][App=ExactiveService][PID=2004][Inst=Q Exactive][Conn=TCP(IRS1:6019->Q Exactive:59520)][Type=logging]Writing ..\log\InstrumentTemperature--2018-10-21.log: done
[Time=2018-10-21 08:16:16.443-05:00][Acc=25P7XG2\ExactiveUser][User=ExactiveUser][Comp=25P7XG2][App=ExactiveService][PID=2004][Inst=Q Exactive][Conn=TCP(IRS1:6019->Q Exactive:59520)][Type=logging]Writing ..\log\InstrumentTemperature--2018-10-21.log: done
[Time=2018-10-21 08:31:16.439-05:00][Acc=25P7XG2\ExactiveUser][User=ExactiveUser][Comp=25P7XG2][App=ExactiveService][PID=2004][Inst=Q Exactive][Conn=TCP(IRS1:6019->Q Exactive:59520)][Type=logging]Writing ..\log\InstrumentTemperature--2018-10-21.log: done
[Time=2018-10-21 08:46:16.435-05:00][Acc=25P7XG2\ExactiveUser][User=ExactiveUser][Comp=25P7XG2][App=ExactiveService][PID=2004][Inst=Q Exactive][Conn=TCP(IRS1:6019->Q Exactive:59520)][Type=logging]Writing ..\log\InstrumentTemperature--2018-10-21.log: done
[Time=2018-10-21 09:01:16.432-05:00][Acc=25P7XG2\ExactiveUser][User=ExactiveUser][Comp=25P7XG2][App=ExactiveService][PID=2004][Inst=Q Exactive][Conn=TCP(IRS1:6019->Q Exactive:59520)][Type=logging]Writing ..\log\InstrumentTemperature--2018-10-21.log: done
[Time=2018-10-21 09:16:16.428-05:00][Acc=25P7XG2\ExactiveUser][User=ExactiveUser][Comp=25P7XG2][App=ExactiveService][PID=2004][Inst=Q Exactive][Conn=TCP(IRS1:6019->Q Exactive:59520)][Type=logging]Writing ..\log\InstrumentTemperature--2018-10-21.log: done
[Time=2018-10-21 09:31:16.424-05:00][Acc=25P7XG2\ExactiveUser][User=ExactiveUser][Comp=25P7XG2][App=ExactiveService][PID=2004][Inst=Q Exactive][Conn=TCP(IRS1:6019->Q Exactive:59520)][Type=logging]Writing ..\log\InstrumentTemperature--2018-10-21.log: done
[Time=2018-10-21 09:46:16.421-05:00][Acc=25P7XG2\ExactiveUser][User=ExactiveUser][Comp=25P7XG2][App=ExactiveService][PID=2004][Inst=Q Exactive][Conn=TCP(IRS1:6019->Q Exactive:59520)][Type=logging]Writing ..\log\InstrumentTemperature--2018-10-21.log: done
[Time=2018-10-21 10:01:16.418-05:00][Acc=25P7XG2\ExactiveUser][User=ExactiveUser][Comp=25P7XG2][App=ExactiveService][PID=2004][Inst=Q Exactive][Conn=TCP(IRS1:6019->Q Exactive:59520)][Type=logging]Writing ..\log\InstrumentTemperature--2018-10-21.log: done
[Time=2018-10-21 10:16:16.414-05:00][Acc=25P7XG2\ExactiveUser][User=ExactiveUser][Comp=25P7XG2][App=ExactiveService][PID=2004][Inst=Q Exactive][Conn=TCP(IRS1:6019->Q Exactive:59520)][Type=logging]Writing ..\log\InstrumentTemperature--2018-10-21.log: done
[Time=2018-10-21 10:31:16.411-05:00][Acc=25P7XG2\ExactiveUser][User=ExactiveUser][Comp=25P7XG2][App=ExactiveService][PID=2004][Inst=Q Exactive][Conn=TCP(IRS1:6019->Q Exactive:59520)][Type=logging]Writing ..\log\InstrumentTemperature--2018-10-21.log: done
[Time=2018-10-21 10:46:16.407-05:00][Acc=25P7XG2\ExactiveUser][User=ExactiveUser][Comp=25P7XG2][App=ExactiveService][PID=2004][Inst=Q Exactive][Conn=TCP(IRS1:6019->Q Exactive:59520)][Type=logging]Writing ..\log\InstrumentTemperature--2018-10-21.log: done
[Time=2018-10-21 11:01:16.403-05:00][Acc=25P7XG2\ExactiveUser][User=ExactiveUser][Comp=25P7XG2][App=ExactiveService][PID=2004][Inst=Q Exactive][Conn=TCP(IRS1:6019->Q Exactive:59520)][Type=logging]Writing ..\log\InstrumentTemperature--2018-10-21.log: done
[Time=2018-10-21 11:16:16.399-05:00][Acc=25P7XG2\ExactiveUser][User=ExactiveUser][Comp=25P7XG2][App=ExactiveService][PID=2004][Inst=Q Exactive][Conn=TCP(IRS1:6019->Q Exactive:59520)][Type=logging]Writing ..\log\InstrumentTemperature--2018-10-21.log: done
[Time=2018-10-21 11:31:16.396-05:00][Acc=25P7XG2\ExactiveUser][User=ExactiveUser][Comp=25P7XG2][App=ExactiveService][PID=2004][Inst=Q Exactive][Conn=TCP(IRS1:6019->Q Exactive:59520)][Type=logging]Writing ..\log\InstrumentTemperature--2018-10-21.log: done
[Time=2018-10-21 11:33:51.792-05:00][Acc=25P7XG2\ExactiveUser][User=ExactiveUser][Comp=25P7XG2][App=ExactiveService][PID=2004][Inst=Q Exactive][Conn=TCP(IRS1:6019->Q Exactive:59520)][Type=warning]reading data: A connection attempt failed because the connected party did not properly respond after a period of time, or established connection failed because connected host has failed to respond
[Time=2018-10-21 11:33:51.888-05:00][Acc=25P7XG2\Thermo Scientific][User=][Comp=25P7XG2][App=ExactiveTune][PID=6816][Inst=Q Exactive][Conn=TCP(ICS1:6020->Q Exactive:54126)][Type=logging]Calling function of TuneSelectionHead: SetSelected(-1)
[Time=2018-10-21 11:33:51.889-05:00][Acc=25P7XG2\Thermo Scientific][User=][Comp=25P7XG2][App=ExactiveTune][PID=6816][Inst=Q Exactive][Conn=TCP(ICS1:6020->Q Exactive:54126)][Type=logging]Calling function of CalibrateSelectionHead: SetSelected(-1)
[Time=2018-10-21 11:33:51.889-05:00][Acc=25P7XG2\Thermo Scientific][User=][Comp=25P7XG2][App=ExactiveTune][PID=6816][Inst=Q Exactive][Conn=TCP(ICS1:6020->Q Exactive:54126)][Type=logging]Calling function of EvaluateSelectionHead: SetSelected(-1)
[Time=2018-10-21 11:33:53.080-05:00][Acc=25P7XG2\ExactiveUser][User=ExactiveUser][Comp=25P7XG2][App=ExactiveService][PID=2004][Inst=Q Exactive][Conn=TCP(IDS1:6021->Q Exactive:35289)][Type=warning]reading data: A connection attempt failed because the connected party did not properly respond after a period of time, or established connection failed because connected host has failed to respond
[Time=2018-10-21 11:33:53.080-05:00][Acc=25P7XG2\ExactiveUser][User=ExactiveUser][Comp=25P7XG2][App=ExactiveService][PID=2004][Inst=Q Exactive][Conn=TCP(ICS1:6020->Q Exactive:54126)][Type=warning]reading data: A connection attempt failed because the connected party did not properly respond after a period of time, or established connection failed because connected host has failed to respond
[Time=2018-10-21 11:33:53.086-05:00][Acc=25P7XG2\ExactiveUser][User=ExactiveUser][Comp=25P7XG2][App=ExactiveService][PID=2004][Inst=Q Exactive][Type=logging]new control connection
[Time=2018-10-21 11:33:58.670-05:00][Acc=25P7XG2\ExactiveUser][User=ExactiveUser][Comp=25P7XG2][App=ExactiveService][PID=2004][Type=info]Application connection lost to 763783fe-1ed7-4b3e-9991-fbfa898f62b3 assigned id 2: 25P7XG2\Thermo Scientific() from 25P7XG2.ExactiveTune(6816)
