[Time=2018-04-19 14:07:08.553-05:00][Acc=25P7XG2\ExactiveUser][User=ExactiveUser][Comp=25P7XG2][App=ExactiveService][PID=1892][Inst=Q Exactive][Type=logging]core server thread 21 started
[Time=2018-04-19 14:07:08.564-05:00][Acc=25P7XG2\ExactiveUser][User=ExactiveUser][Comp=25P7XG2][App=ExactiveService][PID=1892][Inst=Q Exactive][Type=logging]using {ExactiveService, Version=2.9.0.2926, Culture=neutral, PublicKeyToken=afdcd0a06562c881, "C:\Xcalibur\system\Exactive\bin\ExactiveService.exe"", Release"}; {ExactiveManager, Version=2.9.0.2926, Culture=neutral, PublicKeyToken=afdcd0a06562c881, "C:\Windows\assembly\GAC_MSIL\ExactiveManager\2.9.0.2926__afdcd0a06562c881\ExactiveManager.dll"", Release"}; {ThermoFisher.CommonCore.Data, Version=4.0.19.0, Culture=neutral, PublicKeyToken=1aef06afb5abd953, "C:\Program Files (x86)\Thermo\Foundation\ThermoFisher.CommonCore.Data.dll"", "}; {Exactive, Version=2.9.0.2926, Culture=neutral, PublicKeyToken=afdcd0a06562c881, "C:\Windows\assembly\GAC_MSIL\Exactive\2.9.0.2926__afdcd0a06562c881\Exactive.dll"", Release"}; {mscorlib, Version=4.0.0.0, Culture=neutral, PublicKeyToken=b77a5c561934e089, "C:\Windows\Microsoft.NET\Framework\v4.0.30319\mscorlib.dll"", "}
[Time=2018-04-19 14:07:08.315-05:00][Acc=25P7XG2\ExactiveUser][User=ExactiveUser][Comp=25P7XG2][App=ExactiveService][PID=1892][Inst=Q Exactive][Type=logging]IoNode for Q Exactive created
[Time=2018-04-19 14:07:08.318-05:00][Acc=25P7XG2\ExactiveUser][User=ExactiveUser][Comp=25P7XG2][App=ExactiveService][PID=1892][Inst=Q Exactive][Type=logging]communication thread 19 started
[Time=2018-04-19 14:07:08.589-05:00][Acc=25P7XG2\ExactiveUser][User=ExactiveUser][Comp=25P7XG2][App=ExactiveService][PID=1892][Type=info]Boot service: using address range: 172.16.0.201
[Time=2018-04-19 14:07:08.591-05:00][Acc=25P7XG2\ExactiveUser][User=ExactiveUser][Comp=25P7XG2][App=ExactiveService][PID=1892][Type=logging]Client programs may access using ipc://Exactive_Service_1892/T2S
[Time=2018-04-19 14:07:08.649-05:00][Acc=25P7XG2\ExactiveUser][User=ExactiveUser][Comp=25P7XG2][App=ExactiveService][PID=1892][Inst=Q Exactive][Type=logging]instrument request server thread 24 started
[Time=2018-04-19 14:07:08.650-05:00][Acc=25P7XG2\ExactiveUser][User=ExactiveUser][Comp=25P7XG2][App=ExactiveService][PID=1892][Inst=Q Exactive][Type=logging]instrument control server thread 25 started
[Time=2018-04-19 14:07:08.658-05:00][Acc=25P7XG2\ExactiveUser][User=ExactiveUser][Comp=25P7XG2][App=ExactiveService][PID=1892][Inst=Q Exactive][Type=logging]instrument data server thread 26 started
[Time=2018-04-19 14:07:08.664-05:00][Acc=25P7XG2\ExactiveUser][User=ExactiveUser][Comp=25P7XG2][App=ExactiveService][PID=1892][Inst=Q Exactive][Type=logging]new Urgent client connection[0.0.0.0:6018->255.255.255.255:0]
[Time=2018-04-19 14:07:08.669-05:00][Acc=25P7XG2\ExactiveUser][User=ExactiveUser][Comp=25P7XG2][App=ExactiveService][PID=1892][Inst=Q Exactive][Type=logging]new IRS1 server connection[0.0.0.0:6019->255.255.255.255:0]
[Time=2018-04-19 14:07:08.670-05:00][Acc=25P7XG2\ExactiveUser][User=ExactiveUser][Comp=25P7XG2][App=ExactiveService][PID=1892][Inst=Q Exactive][Type=logging]new ICS1 server connection[0.0.0.0:6020->255.255.255.255:0]
[Time=2018-04-19 14:07:08.670-05:00][Acc=25P7XG2\ExactiveUser][User=ExactiveUser][Comp=25P7XG2][App=ExactiveService][PID=1892][Inst=Q Exactive][Type=logging]new IDS1 server connection[0.0.0.0:6021->255.255.255.255:0]
[Time=2018-04-19 14:07:08.775-05:00][Acc=25P7XG2\ExactiveUser][User=ExactiveUser][Comp=25P7XG2][App=ExactiveService][PID=1892][Inst=Q Exactive][Type=logging]new ICS1 client connection[172.16.0.101:6020->172.16.0.201:59143]
[Time=2018-04-19 14:07:08.792-05:00][Acc=25P7XG2\ExactiveUser][User=ExactiveUser][Comp=25P7XG2][App=ExactiveService][PID=1892][Inst=Q Exactive][Conn=TCP(ICS1:6020->Q Exactive:59143)][Type=logging]new control connection
[Time=2018-04-19 14:07:08.800-05:00][Acc=(none)][User=(none)][Comp=(none)][App=(none)][PID=-1][Inst=Q Exactive][Type=warning]Get the following message for the 2nd time, will not display in future: - Warning: [Inspect/OpSys Items/OS-Sockets/TCP client Control]  OsTcpClient Send - No route to host
[Time=2018-04-19 14:07:08.809-05:00][Acc=(none)][User=(none)][Comp=(none)][App=(none)][PID=-1][Inst=Q Exactive][Type=warning] [Inspect/OpSys Items/OS-Sockets/TCP client Data handler]  OsTcpClient Send - Connection timed out
[Time=2018-04-19 14:07:10.810-05:00][Acc=25P7XG2\ExactiveUser][User=ExactiveUser][Comp=25P7XG2][App=ExactiveService][PID=1892][Inst=Q Exactive][Type=logging]new IDS1 client connection[172.16.0.101:6021->172.16.0.201:45314]
[Time=2018-04-19 14:07:10.814-05:00][Acc=(none)][User=(none)][Comp=(none)][App=(none)][PID=-1][Inst=Q Exactive][Type=warning] [Inspect/OpSys Items/OS-Sockets/TCP client Data handler]  OsTcpClient Send - Connection timed out
[Time=2018-04-19 14:07:47.609-05:00][Acc=25P7XG2\Xcalibur_System][User=Xcalibur_System][Comp=25P7XG2][App=ThermoFisher.Foundation.AcquisitionService][PID=3164][Type=info]New application as d8e491e3-a022-413a-96f9-f2ce980f8e6b assigned id 1: 25P7XG2\Xcalibur_System(Xcalibur_System) from 25P7XG2.ThermoFisher.Foundation.AcquisitionService(3164)
[Time=2018-04-19 14:07:47.616-05:00][Acc=25P7XG2\Xcalibur_System][User=Xcalibur_System][Comp=25P7XG2][App=ThermoFisher.Foundation.AcquisitionService][PID=3164][Inst=Q Exactive][Type=logging]Executing service command for Q Exactive: Thermo.Prometheus.Manager.Remoting.GetInstrumentProperties
[Time=2018-04-19 14:07:47.617-05:00][Acc=25P7XG2\Xcalibur_System][User=Xcalibur_System][Comp=25P7XG2][App=ThermoFisher.Foundation.AcquisitionService][PID=3164][Inst=Q Exactive][Type=logging]Executing service command for Q Exactive: Thermo.Prometheus.Manager.Remoting.GetInstrumentProperties
[Time=2018-04-19 14:07:53.812-05:00][Acc=25P7XG2\Xcalibur_System][User=Xcalibur_System][Comp=25P7XG2][App=ThermoFisher.Foundation.AcquisitionService][PID=3164][Inst=Q Exactive][Conn=TCP(ICS1:6020->Q Exactive:59143)][Type=info]Initializing instrument
[Time=2018-04-19 14:10:18.233-05:00][Acc=(none)][User=(none)][Comp=(none)][App=(none)][PID=-1][Inst=Q Exactive][Type=warning] [Inspect/OpSys Items/OS-Sockets/TCP client NetInstRq]  OsTcpClient Send - Connection timed out
[Time=2018-04-19 14:10:18.250-05:00][Acc=(none)][User=(none)][Comp=(none)][App=(none)][PID=-1][Inst=Q Exactive][Type=warning] [Inspect/Networking/Inst request handler]  OsTcpClient Send - Connection timed out
[Time=2018-04-19 14:10:18.433-05:00][Acc=25P7XG2\ExactiveUser][User=ExactiveUser][Comp=25P7XG2][App=ExactiveService][PID=1892][Inst=Q Exactive][Type=logging]new IRS1 client connection[172.16.0.101:6019->172.16.0.201:45477]
[Time=2018-04-19 14:10:18.441-05:00][Acc=(none)][User=(none)][Comp=(none)][App=(none)][PID=-1][Inst=Q Exactive][Type=warning] [Inspect/Networking/Inst request handler]  OsTcpClient Send - Connection timed out
[Time=2018-04-19 14:10:18.642-05:00][Acc=25P7XG2\ExactiveUser][User=ExactiveUser][Comp=25P7XG2][App=ExactiveService][PID=1892][Inst=Q Exactive][Conn=TCP(IRS1:6019->Q Exactive:45477)][Type=logging]Writing ..\log\InstrumentTemperature--2018-04-19.log: done
[Time=2018-04-19 14:12:53.814-05:00][Acc=25P7XG2\Xcalibur_System][User=Xcalibur_System][Comp=25P7XG2][App=ThermoFisher.Foundation.AcquisitionService][PID=3164][Inst=Q Exactive][Type=logging]Executing service command for Q Exactive: Thermo.Prometheus.Manager.Remoting.ShowMessage
[Time=2018-04-19 14:12:53.847-05:00][Acc=25P7XG2\ExactiveUser][User=ExactiveUser][Comp=25P7XG2][App=ExactiveService][PID=1892][Inst=Q Exactive][Conn=TCP(IRS1:6019->Q Exactive:45477)][Type=logging]Reading C:\Xcalibur\methods\KateF\POSNEGtune_19April2018.mstune: done
[Time=2018-04-19 14:12:53.958-05:00][Acc=25P7XG2\ExactiveUser][User=ExactiveUser][Comp=25P7XG2][App=ExactiveService][PID=1892][Inst=Q Exactive][Conn=TCP(IRS1:6019->Q Exactive:45477)][Type=logging]Reading C:\Xcalibur\methods\KateF\POSNEGtune_19April2018.mstune: done
[Time=2018-04-19 14:12:54.129-05:00][Acc=25P7XG2\ExactiveUser][User=ExactiveUser][Comp=25P7XG2][App=ExactiveService][PID=1892][Inst=Q Exactive][Conn=TCP(IRS1:6019->Q Exactive:45477)][Type=logging]Reading C:\Xcalibur\methods\KateF\POSNEGtune_19April2018.mstune: done
[Time=2018-04-19 14:12:54.238-05:00][Acc=25P7XG2\ExactiveUser][User=ExactiveUser][Comp=25P7XG2][App=ExactiveService][PID=1892][Inst=Q Exactive][Conn=TCP(IRS1:6019->Q Exactive:45477)][Type=logging]Reading C:\Xcalibur\methods\KateF\POSNEGtune_19April2018.mstune: done
[Time=2018-04-19 14:12:54.339-05:00][Acc=25P7XG2\ExactiveUser][User=ExactiveUser][Comp=25P7XG2][App=ExactiveService][PID=1892][Inst=Q Exactive][Conn=TCP(IRS1:6019->Q Exactive:45477)][Type=logging]Reading C:\Xcalibur\methods\KateF\POSNEGtune_19April2018.mstune: done
[Time=2018-04-19 14:12:54.438-05:00][Acc=25P7XG2\ExactiveUser][User=ExactiveUser][Comp=25P7XG2][App=ExactiveService][PID=1892][Inst=Q Exactive][Conn=TCP(IRS1:6019->Q Exactive:45477)][Type=logging]Reading C:\Xcalibur\methods\KateF\POSNEGtune_19April2018.mstune: done
[Time=2018-04-19 14:12:54.554-05:00][Acc=25P7XG2\ExactiveUser][User=ExactiveUser][Comp=25P7XG2][App=ExactiveService][PID=1892][Inst=Q Exactive][Conn=TCP(IRS1:6019->Q Exactive:45477)][Type=logging]Reading C:\Xcalibur\methods\KateF\POSNEGtune_19April2018.mstune: done
[Time=2018-04-19 14:12:55.195-05:00][Acc=25P7XG2\Xcalibur_System][User=Xcalibur_System][Comp=25P7XG2][App=ThermoFisher.Foundation.AcquisitionService][PID=3164][Inst=Q Exactive][Conn=TCP(ICS1:6020->Q Exactive:59143)][Type=info]Preparing next acquisition with: <?xml version="1.0" encoding="iso-8859-15" standalone="yes"?> <InstrumentD ... raw</RawFileName>     <MethodFileName>C:\Xcalibur\methods\Shared\SharedBlank\90dbd4c7-5be4-4cf4-85c6-42ec693e0523.meth</MethodFileName>     <SequenceFileName>D:\SharedBlanks\April2018\6f7a9373-7ec6-4d84-a54f-30ff719667e3.sld</SequenceFileName>     <SequenceRow>0</SequenceRow>     <StartMode>1</StartMode>     <Vial>RA1</Vial>     <InjVolume>1</InjVolume>     <Flags>0</Flags>   </RunSettings> </InstrumentData>
[Time=2018-04-19 14:12:55.619-05:00][Acc=25P7XG2\ExactiveUser][User=ExactiveUser][Comp=25P7XG2][App=ExactiveService][PID=1892][Inst=Q Exactive][Conn=TCP(IRS1:6019->Q Exactive:45477)][Type=logging]Reading C:\Xcalibur\methods\KateF\POSNEGtune_19April2018.mstune: done
[Time=2018-04-19 14:13:11.082-05:00][Acc=25P7XG2\Xcalibur_System][User=Xcalibur_System][Comp=25P7XG2][App=ThermoFisher.Foundation.AcquisitionService][PID=3164][Inst=Q Exactive][Conn=TCP(ICS1:6020->Q Exactive:59143)][Type=info]Starting acquisition
[Time=2018-04-19 14:13:50.386-05:00][Acc=25P7XG2\Thermo Scientific][User=][Comp=25P7XG2][App=ExactiveTune][PID=3680][Type=info]New application as d4797862-f138-45d0-866f-91dc223b8be4 assigned id 2: 25P7XG2\Thermo Scientific() from 25P7XG2.ExactiveTune(3680)
[Time=2018-04-19 14:35:46.764-05:00][Acc=(none)][User=(none)][Comp=(none)][App=(none)][PID=-1][Inst=Q Exactive][Type=info]MS acquisition end. Accumulated MS size: 99843KB
[Time=2018-04-19 14:35:49.453-05:00][Acc=25P7XG2\Xcalibur_System][User=Xcalibur_System][Comp=25P7XG2][App=ThermoFisher.Foundation.AcquisitionService][PID=3164][Inst=Q Exactive][Conn=TCP(ICS1:6020->Q Exactive:59143)][Type=info]Informing instrument about a stopped device of type 3
[Time=2018-04-19 14:35:49.462-05:00][Acc=25P7XG2\Xcalibur_System][User=Xcalibur_System][Comp=25P7XG2][App=ThermoFisher.Foundation.AcquisitionService][PID=3164][Inst=Q Exactive][Conn=TCP(ICS1:6020->Q Exactive:59143)][Type=info]Informing instrument about a stopped device of type 0
[Time=2018-04-19 14:35:50.679-05:00][Acc=25P7XG2\Xcalibur_System][User=Xcalibur_System][Comp=25P7XG2][App=ThermoFisher.Foundation.AcquisitionService][PID=3164][Inst=Q Exactive][Conn=TCP(ICS1:6020->Q Exactive:59143)][Type=info]Preparing next acquisition with: <?xml version="1.0" encoding="iso-8859-15" standalone="yes"?> <InstrumentD ... weed\Blank1_20180419143550.raw</RawFileName>     <MethodFileName>D:\Kate F\dee7766f-725e-43e3-aac6-7fa590d0eff3.meth</MethodFileName>     <SequenceFileName>D:\SharedBlanks\April2018\6f7a9373-7ec6-4d84-a54f-30ff719667e3.sld</SequenceFileName>     <SequenceRow>1</SequenceRow>     <StartMode>1</StartMode>     <Vial>RA2</Vial>     <InjVolume>0.5</InjVolume>     <Flags>0</Flags>   </RunSettings> </InstrumentData>
[Time=2018-04-19 14:35:50.919-05:00][Acc=25P7XG2\ExactiveUser][User=ExactiveUser][Comp=25P7XG2][App=ExactiveService][PID=1892][Inst=Q Exactive][Conn=TCP(IRS1:6019->Q Exactive:45477)][Type=logging]Reading C:\Xcalibur\methods\KateF\POSNEGtune_19April2018.mstune: done
[Time=2018-04-19 14:35:52.324-05:00][Acc=25P7XG2\ExactiveUser][User=ExactiveUser][Comp=25P7XG2][App=ExactiveService][PID=1892][Inst=Q Exactive][Conn=TCP(IRS1:6019->Q Exactive:45477)][Type=logging]Reading C:\Xcalibur\methods\methods\Dana\leafspray\NANOswitchLS45.mstune: done
[Time=2018-04-19 14:37:58.244-05:00][Acc=25P7XG2\Xcalibur_System][User=Xcalibur_System][Comp=25P7XG2][App=ThermoFisher.Foundation.AcquisitionService][PID=3164][Inst=Q Exactive][Conn=TCP(ICS1:6020->Q Exactive:59143)][Type=info]Starting acquisition
[Time=2018-04-19 14:59:46.711-05:00][Acc=(none)][User=(none)][Comp=(none)][App=(none)][PID=-1][Inst=Q Exactive][Type=info]MS acquisition end. Accumulated MS size: 172935KB
[Time=2018-04-19 14:59:48.330-05:00][Acc=25P7XG2\Xcalibur_System][User=Xcalibur_System][Comp=25P7XG2][App=ThermoFisher.Foundation.AcquisitionService][PID=3164][Inst=Q Exactive][Conn=TCP(ICS1:6020->Q Exactive:59143)][Type=info]Informing instrument about a stopped device of type 3
[Time=2018-04-19 14:59:48.338-05:00][Acc=25P7XG2\Xcalibur_System][User=Xcalibur_System][Comp=25P7XG2][App=ThermoFisher.Foundation.AcquisitionService][PID=3164][Inst=Q Exactive][Conn=TCP(ICS1:6020->Q Exactive:59143)][Type=info]Informing instrument about a stopped device of type 0
[Time=2018-04-19 14:59:51.401-05:00][Acc=25P7XG2\Xcalibur_System][User=Xcalibur_System][Comp=25P7XG2][App=ThermoFisher.Foundation.AcquisitionService][PID=3164][Inst=Q Exactive][Conn=TCP(ICS1:6020->Q Exactive:59143)][Type=info]Preparing next acquisition with: <?xml version="1.0" encoding="iso-8859-15" standalone="yes"?> <InstrumentD ... eweed\Pool1_20180419145951.raw</RawFileName>     <MethodFileName>D:\Kate F\2d75a000-1846-4e86-bd54-3b86721fc5ba.meth</MethodFileName>     <SequenceFileName>D:\SharedBlanks\April2018\6f7a9373-7ec6-4d84-a54f-30ff719667e3.sld</SequenceFileName>     <SequenceRow>2</SequenceRow>     <StartMode>1</StartMode>     <Vial>RA3</Vial>     <InjVolume>0.5</InjVolume>     <Flags>0</Flags>   </RunSettings> </InstrumentData>
[Time=2018-04-19 14:59:51.657-05:00][Acc=25P7XG2\ExactiveUser][User=ExactiveUser][Comp=25P7XG2][App=ExactiveService][PID=1892][Inst=Q Exactive][Conn=TCP(IRS1:6019->Q Exactive:45477)][Type=logging]Reading C:\Xcalibur\methods\KateF\POSNEGtune_19April2018.mstune: done
[Time=2018-04-19 15:01:59.123-05:00][Acc=25P7XG2\Xcalibur_System][User=Xcalibur_System][Comp=25P7XG2][App=ThermoFisher.Foundation.AcquisitionService][PID=3164][Inst=Q Exactive][Conn=TCP(ICS1:6020->Q Exactive:59143)][Type=info]Starting acquisition
[Time=2018-04-19 15:27:49.152-05:00][Acc=(none)][User=(none)][Comp=(none)][App=(none)][PID=-1][Inst=Q Exactive][Type=info]MS acquisition end. Accumulated MS size: 195029KB
[Time=2018-04-19 15:27:50.707-05:00][Acc=25P7XG2\Xcalibur_System][User=Xcalibur_System][Comp=25P7XG2][App=ThermoFisher.Foundation.AcquisitionService][PID=3164][Inst=Q Exactive][Conn=TCP(ICS1:6020->Q Exactive:59143)][Type=info]Informing instrument about a stopped device of type 0
[Time=2018-04-19 15:39:51.154-05:00][Acc=25P7XG2\Xcalibur_System][User=Xcalibur_System][Comp=25P7XG2][App=ThermoFisher.Foundation.AcquisitionService][PID=3164][Inst=Q Exactive][Conn=TCP(ICS1:6020->Q Exactive:59143)][Type=info]Informing instrument about a stopped device of type 3
[Time=2018-04-19 15:39:51.313-05:00][Acc=25P7XG2\Xcalibur_System][User=Xcalibur_System][Comp=25P7XG2][App=ThermoFisher.Foundation.AcquisitionService][PID=3164][Inst=Q Exactive][Conn=TCP(ICS1:6020->Q Exactive:59143)][Type=info]Preparing next acquisition with: <?xml version="1.0" encoding="iso-8859-15" standalone="yes"?> <InstrumentD ... F\April2018\Fireweed\Pool3.raw</RawFileName>     <MethodFileName>D:\Kate F\199c3932-9a35-49a6-a26f-694a1ebc0357.meth</MethodFileName>     <SequenceFileName>D:\SharedBlanks\April2018\6f7a9373-7ec6-4d84-a54f-30ff719667e3.sld</SequenceFileName>     <SequenceRow>3</SequenceRow>     <StartMode>1</StartMode>     <Vial>RA3</Vial>     <InjVolume>0.5</InjVolume>     <Flags>0</Flags>   </RunSettings> </InstrumentData>
[Time=2018-04-19 15:39:51.582-05:00][Acc=25P7XG2\ExactiveUser][User=ExactiveUser][Comp=25P7XG2][App=ExactiveService][PID=1892][Inst=Q Exactive][Conn=TCP(IRS1:6019->Q Exactive:45477)][Type=logging]Reading C:\Xcalibur\methods\KateF\POSNEGtune_19April2018.mstune: done
[Time=2018-04-19 15:41:57.923-05:00][Acc=25P7XG2\Xcalibur_System][User=Xcalibur_System][Comp=25P7XG2][App=ThermoFisher.Foundation.AcquisitionService][PID=3164][Inst=Q Exactive][Conn=TCP(ICS1:6020->Q Exactive:59143)][Type=info]Starting acquisition
[Time=2018-04-19 16:01:09.407-05:00][Acc=25P7XG2\Xcalibur_System][User=Xcalibur_System][Comp=25P7XG2][App=ThermoFisher.Foundation.AcquisitionService][PID=3164][Inst=Q Exactive][Type=logging]Executing service command for Q Exactive: Thermo.Prometheus.Manager.Remoting.ShowMessage
[Time=2018-04-19 16:01:09.501-05:00][Acc=25P7XG2\ExactiveUser][User=ExactiveUser][Comp=25P7XG2][App=ExactiveService][PID=1892][Inst=Q Exactive][Conn=TCP(IRS1:6019->Q Exactive:45477)][Type=logging]Reading C:\Xcalibur\methods\KateF\POSNEGtune_19April2018.mstune: done
[Time=2018-04-19 16:01:09.692-05:00][Acc=25P7XG2\ExactiveUser][User=ExactiveUser][Comp=25P7XG2][App=ExactiveService][PID=1892][Inst=Q Exactive][Conn=TCP(IRS1:6019->Q Exactive:45477)][Type=logging]Reading C:\Xcalibur\methods\KateF\POSNEGtune_19April2018.mstune: done
[Time=2018-04-19 16:01:09.872-05:00][Acc=25P7XG2\ExactiveUser][User=ExactiveUser][Comp=25P7XG2][App=ExactiveService][PID=1892][Inst=Q Exactive][Conn=TCP(IRS1:6019->Q Exactive:45477)][Type=logging]Reading C:\Xcalibur\methods\KateF\POSNEGtune_19April2018.mstune: done
[Time=2018-04-19 16:01:10.060-05:00][Acc=25P7XG2\ExactiveUser][User=ExactiveUser][Comp=25P7XG2][App=ExactiveService][PID=1892][Inst=Q Exactive][Conn=TCP(IRS1:6019->Q Exactive:45477)][Type=logging]Reading C:\Xcalibur\methods\KateF\POSNEGtune_19April2018.mstune: done
[Time=2018-04-19 16:01:10.169-05:00][Acc=25P7XG2\ExactiveUser][User=ExactiveUser][Comp=25P7XG2][App=ExactiveService][PID=1892][Inst=Q Exactive][Conn=TCP(IRS1:6019->Q Exactive:45477)][Type=logging]Reading C:\Xcalibur\methods\KateF\POSNEGtune_19April2018.mstune: done
[Time=2018-04-19 16:03:46.044-05:00][Acc=(none)][User=(none)][Comp=(none)][App=(none)][PID=-1][Inst=Q Exactive][Type=info]MS acquisition end. Accumulated MS size: 170488KB
[Time=2018-04-19 16:03:48.007-05:00][Acc=25P7XG2\Xcalibur_System][User=Xcalibur_System][Comp=25P7XG2][App=ThermoFisher.Foundation.AcquisitionService][PID=3164][Inst=Q Exactive][Conn=TCP(ICS1:6020->Q Exactive:59143)][Type=info]Informing instrument about a stopped device of type 3
[Time=2018-04-19 16:03:48.017-05:00][Acc=25P7XG2\Xcalibur_System][User=Xcalibur_System][Comp=25P7XG2][App=ThermoFisher.Foundation.AcquisitionService][PID=3164][Inst=Q Exactive][Conn=TCP(ICS1:6020->Q Exactive:59143)][Type=info]Informing instrument about a stopped device of type 0
[Time=2018-04-19 16:03:48.179-05:00][Acc=25P7XG2\Xcalibur_System][User=Xcalibur_System][Comp=25P7XG2][App=ThermoFisher.Foundation.AcquisitionService][PID=3164][Inst=Q Exactive][Conn=TCP(ICS1:6020->Q Exactive:59143)][Type=info]Preparing next acquisition with: <?xml version="1.0" encoding="iso-8859-15" standalone="yes"?> <InstrumentD ... pril2018\Fireweed\Pool4.raw</RawFileName>     <MethodFileName>D:\Kate F\22898181-7315-4971-87eb-d6ed54a60540.meth</MethodFileName>     <SequenceFileName>D:\Kate F\April2018\Fireweed\acd0c8ef-a729-40af-b453-6643d05bb0d7.sld</SequenceFileName>     <SequenceRow>0</SequenceRow>     <StartMode>1</StartMode>     <Vial>RA3</Vial>     <InjVolume>0.5</InjVolume>     <Flags>0</Flags>   </RunSettings> </InstrumentData>
[Time=2018-04-19 16:03:48.548-05:00][Acc=25P7XG2\ExactiveUser][User=ExactiveUser][Comp=25P7XG2][App=ExactiveService][PID=1892][Inst=Q Exactive][Conn=TCP(IRS1:6019->Q Exactive:45477)][Type=logging]Reading C:\Xcalibur\methods\KateF\POSNEGtune_19April2018.mstune: done
[Time=2018-04-19 16:05:58.813-05:00][Acc=25P7XG2\Xcalibur_System][User=Xcalibur_System][Comp=25P7XG2][App=ThermoFisher.Foundation.AcquisitionService][PID=3164][Inst=Q Exactive][Conn=TCP(ICS1:6020->Q Exactive:59143)][Type=info]Starting acquisition
[Time=2018-04-19 16:31:46.406-05:00][Acc=(none)][User=(none)][Comp=(none)][App=(none)][PID=-1][Inst=Q Exactive][Type=info]MS acquisition end. Accumulated MS size: 199808KB
[Time=2018-04-19 16:31:48.372-05:00][Acc=25P7XG2\Xcalibur_System][User=Xcalibur_System][Comp=25P7XG2][App=ThermoFisher.Foundation.AcquisitionService][PID=3164][Inst=Q Exactive][Conn=TCP(ICS1:6020->Q Exactive:59143)][Type=info]Informing instrument about a stopped device of type 3
[Time=2018-04-19 16:31:48.381-05:00][Acc=25P7XG2\Xcalibur_System][User=Xcalibur_System][Comp=25P7XG2][App=ThermoFisher.Foundation.AcquisitionService][PID=3164][Inst=Q Exactive][Conn=TCP(ICS1:6020->Q Exactive:59143)][Type=info]Informing instrument about a stopped device of type 0
[Time=2018-04-19 16:31:50.449-05:00][Acc=25P7XG2\Xcalibur_System][User=Xcalibur_System][Comp=25P7XG2][App=ThermoFisher.Foundation.AcquisitionService][PID=3164][Inst=Q Exactive][Conn=TCP(ICS1:6020->Q Exactive:59143)][Type=info]Preparing next acquisition with: <?xml version="1.0" encoding="iso-8859-15" standalone="yes"?> <InstrumentD ... pril2018\Fireweed\Pool5.raw</RawFileName>     <MethodFileName>D:\Kate F\1de88038-b64a-4326-a2b2-dd5fad51dde0.meth</MethodFileName>     <SequenceFileName>D:\Kate F\April2018\Fireweed\acd0c8ef-a729-40af-b453-6643d05bb0d7.sld</SequenceFileName>     <SequenceRow>1</SequenceRow>     <StartMode>1</StartMode>     <Vial>RA3</Vial>     <InjVolume>0.5</InjVolume>     <Flags>0</Flags>   </RunSettings> </InstrumentData>
[Time=2018-04-19 16:31:50.741-05:00][Acc=25P7XG2\ExactiveUser][User=ExactiveUser][Comp=25P7XG2][App=ExactiveService][PID=1892][Inst=Q Exactive][Conn=TCP(IRS1:6019->Q Exactive:45477)][Type=logging]Reading C:\Xcalibur\methods\KateF\POSNEGtune_19April2018.mstune: done
[Time=2018-04-19 16:33:57.241-05:00][Acc=25P7XG2\Xcalibur_System][User=Xcalibur_System][Comp=25P7XG2][App=ThermoFisher.Foundation.AcquisitionService][PID=3164][Inst=Q Exactive][Conn=TCP(ICS1:6020->Q Exactive:59143)][Type=info]Starting acquisition
[Time=2018-04-19 16:59:47.236-05:00][Acc=(none)][User=(none)][Comp=(none)][App=(none)][PID=-1][Inst=Q Exactive][Type=info]MS acquisition end. Accumulated MS size: 205112KB
[Time=2018-04-19 16:59:48.741-05:00][Acc=25P7XG2\Xcalibur_System][User=Xcalibur_System][Comp=25P7XG2][App=ThermoFisher.Foundation.AcquisitionService][PID=3164][Inst=Q Exactive][Conn=TCP(ICS1:6020->Q Exactive:59143)][Type=info]Informing instrument about a stopped device of type 3
[Time=2018-04-19 16:59:48.749-05:00][Acc=25P7XG2\Xcalibur_System][User=Xcalibur_System][Comp=25P7XG2][App=ThermoFisher.Foundation.AcquisitionService][PID=3164][Inst=Q Exactive][Conn=TCP(ICS1:6020->Q Exactive:59143)][Type=info]Informing instrument about a stopped device of type 0
[Time=2018-04-19 16:59:50.848-05:00][Acc=25P7XG2\Xcalibur_System][User=Xcalibur_System][Comp=25P7XG2][App=ThermoFisher.Foundation.AcquisitionService][PID=3164][Inst=Q Exactive][Conn=TCP(ICS1:6020->Q Exactive:59143)][Type=info]Preparing next acquisition with: <?xml version="1.0" encoding="iso-8859-15" standalone="yes"?> <InstrumentD ... ril2018\Fireweed\Blank2.raw</RawFileName>     <MethodFileName>D:\Kate F\8ce2550c-c249-457d-8585-7789f6e705f1.meth</MethodFileName>     <SequenceFileName>D:\Kate F\April2018\Fireweed\acd0c8ef-a729-40af-b453-6643d05bb0d7.sld</SequenceFileName>     <SequenceRow>2</SequenceRow>     <StartMode>1</StartMode>     <Vial>RA2</Vial>     <InjVolume>0.5</InjVolume>     <Flags>0</Flags>   </RunSettings> </InstrumentData>
[Time=2018-04-19 16:59:51.151-05:00][Acc=25P7XG2\ExactiveUser][User=ExactiveUser][Comp=25P7XG2][App=ExactiveService][PID=1892][Inst=Q Exactive][Conn=TCP(IRS1:6019->Q Exactive:45477)][Type=logging]Reading C:\Xcalibur\methods\KateF\POSNEGtune_19April2018.mstune: done
[Time=2018-04-19 17:01:57.533-05:00][Acc=25P7XG2\Xcalibur_System][User=Xcalibur_System][Comp=25P7XG2][App=ThermoFisher.Foundation.AcquisitionService][PID=3164][Inst=Q Exactive][Conn=TCP(ICS1:6020->Q Exactive:59143)][Type=info]Starting acquisition
[Time=2018-04-19 17:23:45.850-05:00][Acc=(none)][User=(none)][Comp=(none)][App=(none)][PID=-1][Inst=Q Exactive][Type=info]MS acquisition end. Accumulated MS size: 165819KB
[Time=2018-04-19 17:23:47.619-05:00][Acc=25P7XG2\Xcalibur_System][User=Xcalibur_System][Comp=25P7XG2][App=ThermoFisher.Foundation.AcquisitionService][PID=3164][Inst=Q Exactive][Conn=TCP(ICS1:6020->Q Exactive:59143)][Type=info]Informing instrument about a stopped device of type 3
[Time=2018-04-19 17:23:47.626-05:00][Acc=25P7XG2\Xcalibur_System][User=Xcalibur_System][Comp=25P7XG2][App=ThermoFisher.Foundation.AcquisitionService][PID=3164][Inst=Q Exactive][Conn=TCP(ICS1:6020->Q Exactive:59143)][Type=info]Informing instrument about a stopped device of type 0
[Time=2018-04-19 17:23:50.699-05:00][Acc=25P7XG2\Xcalibur_System][User=Xcalibur_System][Comp=25P7XG2][App=ThermoFisher.Foundation.AcquisitionService][PID=3164][Inst=Q Exactive][Conn=TCP(ICS1:6020->Q Exactive:59143)][Type=info]Preparing next acquisition with: <?xml version="1.0" encoding="iso-8859-15" standalone="yes"?> <InstrumentD ... </RawFileName>     <MethodFileName>C:\Xcalibur\methods\Shared\SharedBlank\495f6876-91d3-412b-8123-23cb465138aa.meth</MethodFileName>     <SequenceFileName>D:\Kate F\April2018\Fireweed\acd0c8ef-a729-40af-b453-6643d05bb0d7.sld</SequenceFileName>     <SequenceRow>3</SequenceRow>     <StartMode>1</StartMode>     <Vial>RA1</Vial>     <InjVolume>1</InjVolume>     <Flags>0</Flags>   </RunSettings> </InstrumentData>
[Time=2018-04-19 17:23:50.877-05:00][Acc=25P7XG2\ExactiveUser][User=ExactiveUser][Comp=25P7XG2][App=ExactiveService][PID=1892][Inst=Q Exactive][Conn=TCP(IRS1:6019->Q Exactive:45477)][Type=logging]Reading C:\Xcalibur\methods\KateF\POSNEGtune_19April2018.mstune: done
[Time=2018-04-19 17:24:03.712-05:00][Acc=25P7XG2\Xcalibur_System][User=Xcalibur_System][Comp=25P7XG2][App=ThermoFisher.Foundation.AcquisitionService][PID=3164][Inst=Q Exactive][Conn=TCP(ICS1:6020->Q Exactive:59143)][Type=info]Starting acquisition
[Time=2018-04-19 17:46:37.036-05:00][Acc=(none)][User=(none)][Comp=(none)][App=(none)][PID=-1][Inst=Q Exactive][Type=info]MS acquisition end. Accumulated MS size: 97724KB
[Time=2018-04-19 17:46:38.070-05:00][Acc=25P7XG2\Xcalibur_System][User=Xcalibur_System][Comp=25P7XG2][App=ThermoFisher.Foundation.AcquisitionService][PID=3164][Inst=Q Exactive][Conn=TCP(ICS1:6020->Q Exactive:59143)][Type=info]Informing instrument about a stopped device of type 0
[Time=2018-04-19 17:46:40.085-05:00][Acc=25P7XG2\Xcalibur_System][User=Xcalibur_System][Comp=25P7XG2][App=ThermoFisher.Foundation.AcquisitionService][PID=3164][Inst=Q Exactive][Conn=TCP(ICS1:6020->Q Exactive:59143)][Type=info]Informing instrument about a stopped device of type 3
[Time=2018-04-19 17:46:41.214-05:00][Acc=25P7XG2\Xcalibur_System][User=Xcalibur_System][Comp=25P7XG2][App=ThermoFisher.Foundation.AcquisitionService][PID=3164][Inst=Q Exactive][Conn=TCP(ICS1:6020->Q Exactive:59143)][Type=info]Preparing next acquisition with: <?xml version="1.0" encoding="iso-8859-15" standalone="yes"?> <InstrumentD ... 17\Storage_20180419174641.raw</RawFileName>     <MethodFileName>D:\Kate F\46c7408e-f952-4f4e-82d5-5c94297812a4.meth</MethodFileName>     <SequenceFileName>D:\Kate F\April2018\Fireweed\acd0c8ef-a729-40af-b453-6643d05bb0d7.sld</SequenceFileName>     <SequenceRow>4</SequenceRow>     <StartMode>1</StartMode>     <Vial>RA2</Vial>     <InjVolume>1</InjVolume>     <Flags>0</Flags>   </RunSettings> </InstrumentData>
[Time=2018-04-19 17:46:41.397-05:00][Acc=25P7XG2\ExactiveUser][User=ExactiveUser][Comp=25P7XG2][App=ExactiveService][PID=1892][Inst=Q Exactive][Conn=TCP(IRS1:6019->Q Exactive:45477)][Type=logging]Reading C:\Xcalibur\methods\KateF\POSNEGtune_19April2018.mstune: done
[Time=2018-04-19 17:46:52.150-05:00][Acc=25P7XG2\Xcalibur_System][User=Xcalibur_System][Comp=25P7XG2][App=ThermoFisher.Foundation.AcquisitionService][PID=3164][Inst=Q Exactive][Conn=TCP(ICS1:6020->Q Exactive:59143)][Type=info]Starting acquisition
[Time=2018-04-19 17:57:38.135-05:00][Acc=25P7XG2\Xcalibur_System][User=Xcalibur_System][Comp=25P7XG2][App=ThermoFisher.Foundation.AcquisitionService][PID=3164][Inst=Q Exactive][Conn=TCP(ICS1:6020->Q Exactive:59143)][Type=info]Informing instrument about a stopped device of type 3
[Time=2018-04-19 18:17:30.935-05:00][Acc=(none)][User=(none)][Comp=(none)][App=(none)][PID=-1][Inst=Q Exactive][Type=info]MS acquisition end. Accumulated MS size: 718902KB
[Time=2018-04-19 18:17:33.517-05:00][Acc=25P7XG2\Xcalibur_System][User=Xcalibur_System][Comp=25P7XG2][App=ThermoFisher.Foundation.AcquisitionService][PID=3164][Inst=Q Exactive][Conn=TCP(ICS1:6020->Q Exactive:59143)][Type=info]Informing instrument about a stopped device of type 0
[Time=2018-04-19 18:17:34.048-05:00][Acc=25P7XG2\Xcalibur_System][User=Xcalibur_System][Comp=25P7XG2][App=ThermoFisher.Foundation.AcquisitionService][PID=3164][Inst=Q Exactive][Conn=TCP(ICS1:6020->Q Exactive:59143)][Type=info]Assuming new operating mode Standby
[Time=2018-04-19 18:25:18.160-05:00][Acc=25P7XG2\ExactiveUser][User=ExactiveUser][Comp=25P7XG2][App=ExactiveService][PID=1892][Inst=Q Exactive][Conn=TCP(IRS1:6019->Q Exactive:45477)][Type=logging]Writing ..\log\InstrumentTemperature--2018-04-19.log: done
[Time=2018-04-19 18:40:18.160-05:00][Acc=25P7XG2\ExactiveUser][User=ExactiveUser][Comp=25P7XG2][App=ExactiveService][PID=1892][Inst=Q Exactive][Conn=TCP(IRS1:6019->Q Exactive:45477)][Type=logging]Writing ..\log\InstrumentTemperature--2018-04-19.log: done
[Time=2018-04-19 18:55:18.159-05:00][Acc=25P7XG2\ExactiveUser][User=ExactiveUser][Comp=25P7XG2][App=ExactiveService][PID=1892][Inst=Q Exactive][Conn=TCP(IRS1:6019->Q Exactive:45477)][Type=logging]Writing ..\log\InstrumentTemperature--2018-04-19.log: done
[Time=2018-04-19 19:10:18.145-05:00][Acc=25P7XG2\ExactiveUser][User=ExactiveUser][Comp=25P7XG2][App=ExactiveService][PID=1892][Inst=Q Exactive][Conn=TCP(IRS1:6019->Q Exactive:45477)][Type=logging]Writing ..\log\InstrumentTemperature--2018-04-19.log: done
[Time=2018-04-19 19:25:18.145-05:00][Acc=25P7XG2\ExactiveUser][User=ExactiveUser][Comp=25P7XG2][App=ExactiveService][PID=1892][Inst=Q Exactive][Conn=TCP(IRS1:6019->Q Exactive:45477)][Type=logging]Writing ..\log\InstrumentTemperature--2018-04-19.log: done
[Time=2018-04-19 19:40:18.145-05:00][Acc=25P7XG2\ExactiveUser][User=ExactiveUser][Comp=25P7XG2][App=ExactiveService][PID=1892][Inst=Q Exactive][Conn=TCP(IRS1:6019->Q Exactive:45477)][Type=logging]Writing ..\log\InstrumentTemperature--2018-04-19.log: done
[Time=2018-04-19 19:55:18.145-05:00][Acc=25P7XG2\ExactiveUser][User=ExactiveUser][Comp=25P7XG2][App=ExactiveService][PID=1892][Inst=Q Exactive][Conn=TCP(IRS1:6019->Q Exactive:45477)][Type=logging]Writing ..\log\InstrumentTemperature--2018-04-19.log: done
[Time=2018-04-19 20:10:18.131-05:00][Acc=25P7XG2\ExactiveUser][User=ExactiveUser][Comp=25P7XG2][App=ExactiveService][PID=1892][Inst=Q Exactive][Conn=TCP(IRS1:6019->Q Exactive:45477)][Type=logging]Writing ..\log\InstrumentTemperature--2018-04-19.log: done
[Time=2018-04-19 20:25:18.131-05:00][Acc=25P7XG2\ExactiveUser][User=ExactiveUser][Comp=25P7XG2][App=ExactiveService][PID=1892][Inst=Q Exactive][Conn=TCP(IRS1:6019->Q Exactive:45477)][Type=logging]Writing ..\log\InstrumentTemperature--2018-04-19.log: done
[Time=2018-04-19 20:40:18.130-05:00][Acc=25P7XG2\ExactiveUser][User=ExactiveUser][Comp=25P7XG2][App=ExactiveService][PID=1892][Inst=Q Exactive][Conn=TCP(IRS1:6019->Q Exactive:45477)][Type=logging]Writing ..\log\InstrumentTemperature--2018-04-19.log: done
[Time=2018-04-19 20:55:18.130-05:00][Acc=25P7XG2\ExactiveUser][User=ExactiveUser][Comp=25P7XG2][App=ExactiveService][PID=1892][Inst=Q Exactive][Conn=TCP(IRS1:6019->Q Exactive:45477)][Type=logging]Writing ..\log\InstrumentTemperature--2018-04-19.log: done
[Time=2018-04-19 21:10:18.130-05:00][Acc=25P7XG2\ExactiveUser][User=ExactiveUser][Comp=25P7XG2][App=ExactiveService][PID=1892][Inst=Q Exactive][Conn=TCP(IRS1:6019->Q Exactive:45477)][Type=logging]Writing ..\log\InstrumentTemperature--2018-04-19.log: done
[Time=2018-04-19 21:25:18.116-05:00][Acc=25P7XG2\ExactiveUser][User=ExactiveUser][Comp=25P7XG2][App=ExactiveService][PID=1892][Inst=Q Exactive][Conn=TCP(IRS1:6019->Q Exactive:45477)][Type=logging]Writing ..\log\InstrumentTemperature--2018-04-19.log: done
[Time=2018-04-19 21:40:18.116-05:00][Acc=25P7XG2\ExactiveUser][User=ExactiveUser][Comp=25P7XG2][App=ExactiveService][PID=1892][Inst=Q Exactive][Conn=TCP(IRS1:6019->Q Exactive:45477)][Type=logging]Writing ..\log\InstrumentTemperature--2018-04-19.log: done
[Time=2018-04-19 21:55:18.116-05:00][Acc=25P7XG2\ExactiveUser][User=ExactiveUser][Comp=25P7XG2][App=ExactiveService][PID=1892][Inst=Q Exactive][Conn=TCP(IRS1:6019->Q Exactive:45477)][Type=logging]Writing ..\log\InstrumentTemperature--2018-04-19.log: done
[Time=2018-04-19 22:10:18.116-05:00][Acc=25P7XG2\ExactiveUser][User=ExactiveUser][Comp=25P7XG2][App=ExactiveService][PID=1892][Inst=Q Exactive][Conn=TCP(IRS1:6019->Q Exactive:45477)][Type=logging]Writing ..\log\InstrumentTemperature--2018-04-19.log: done
[Time=2018-04-19 22:25:18.102-05:00][Acc=25P7XG2\ExactiveUser][User=ExactiveUser][Comp=25P7XG2][App=ExactiveService][PID=1892][Inst=Q Exactive][Conn=TCP(IRS1:6019->Q Exactive:45477)][Type=logging]Writing ..\log\InstrumentTemperature--2018-04-19.log: done
[Time=2018-04-19 22:40:18.102-05:00][Acc=25P7XG2\ExactiveUser][User=ExactiveUser][Comp=25P7XG2][App=ExactiveService][PID=1892][Inst=Q Exactive][Conn=TCP(IRS1:6019->Q Exactive:45477)][Type=logging]Writing ..\log\InstrumentTemperature--2018-04-19.log: done
[Time=2018-04-19 22:55:18.102-05:00][Acc=25P7XG2\ExactiveUser][User=ExactiveUser][Comp=25P7XG2][App=ExactiveService][PID=1892][Inst=Q Exactive][Conn=TCP(IRS1:6019->Q Exactive:45477)][Type=logging]Writing ..\log\InstrumentTemperature--2018-04-19.log: done
[Time=2018-04-19 23:10:18.101-05:00][Acc=25P7XG2\ExactiveUser][User=ExactiveUser][Comp=25P7XG2][App=ExactiveService][PID=1892][Inst=Q Exactive][Conn=TCP(IRS1:6019->Q Exactive:45477)][Type=logging]Writing ..\log\InstrumentTemperature--2018-04-19.log: done
[Time=2018-04-19 23:25:18.088-05:00][Acc=25P7XG2\ExactiveUser][User=ExactiveUser][Comp=25P7XG2][App=ExactiveService][PID=1892][Inst=Q Exactive][Conn=TCP(IRS1:6019->Q Exactive:45477)][Type=logging]Writing ..\log\InstrumentTemperature--2018-04-19.log: done
[Time=2018-04-19 23:40:18.088-05:00][Acc=25P7XG2\ExactiveUser][User=ExactiveUser][Comp=25P7XG2][App=ExactiveService][PID=1892][Inst=Q Exactive][Conn=TCP(IRS1:6019->Q Exactive:45477)][Type=logging]Writing ..\log\InstrumentTemperature--2018-04-19.log: done
[Time=2018-04-19 23:55:18.087-05:00][Acc=25P7XG2\ExactiveUser][User=ExactiveUser][Comp=25P7XG2][App=ExactiveService][PID=1892][Inst=Q Exactive][Conn=TCP(IRS1:6019->Q Exactive:45477)][Type=logging]Writing ..\log\InstrumentTemperature--2018-04-19.log: done
[Time=2018-04-20 00:10:18.090-05:00][Acc=25P7XG2\ExactiveUser][User=ExactiveUser][Comp=25P7XG2][App=ExactiveService][PID=1892][Inst=Q Exactive][Conn=TCP(IRS1:6019->Q Exactive:45477)][Type=logging]Writing ..\log\InstrumentTemperature--2018-04-20.log: done
[Time=2018-04-20 00:25:18.074-05:00][Acc=25P7XG2\ExactiveUser][User=ExactiveUser][Comp=25P7XG2][App=ExactiveService][PID=1892][Inst=Q Exactive][Conn=TCP(IRS1:6019->Q Exactive:45477)][Type=logging]Writing ..\log\InstrumentTemperature--2018-04-20.log: done
[Time=2018-04-20 00:40:18.073-05:00][Acc=25P7XG2\ExactiveUser][User=ExactiveUser][Comp=25P7XG2][App=ExactiveService][PID=1892][Inst=Q Exactive][Conn=TCP(IRS1:6019->Q Exactive:45477)][Type=logging]Writing ..\log\InstrumentTemperature--2018-04-20.log: done
[Time=2018-04-20 00:55:18.073-05:00][Acc=25P7XG2\ExactiveUser][User=ExactiveUser][Comp=25P7XG2][App=ExactiveService][PID=1892][Inst=Q Exactive][Conn=TCP(IRS1:6019->Q Exactive:45477)][Type=logging]Writing ..\log\InstrumentTemperature--2018-04-20.log: done
[Time=2018-04-20 01:10:18.073-05:00][Acc=25P7XG2\ExactiveUser][User=ExactiveUser][Comp=25P7XG2][App=ExactiveService][PID=1892][Inst=Q Exactive][Conn=TCP(IRS1:6019->Q Exactive:45477)][Type=logging]Writing ..\log\InstrumentTemperature--2018-04-20.log: done
[Time=2018-04-20 01:25:18.072-05:00][Acc=25P7XG2\ExactiveUser][User=ExactiveUser][Comp=25P7XG2][App=ExactiveService][PID=1892][Inst=Q Exactive][Conn=TCP(IRS1:6019->Q Exactive:45477)][Type=logging]Writing ..\log\InstrumentTemperature--2018-04-20.log: done
[Time=2018-04-20 01:40:18.060-05:00][Acc=25P7XG2\ExactiveUser][User=ExactiveUser][Comp=25P7XG2][App=ExactiveService][PID=1892][Inst=Q Exactive][Conn=TCP(IRS1:6019->Q Exactive:45477)][Type=logging]Writing ..\log\InstrumentTemperature--2018-04-20.log: done
[Time=2018-04-20 01:55:18.059-05:00][Acc=25P7XG2\ExactiveUser][User=ExactiveUser][Comp=25P7XG2][App=ExactiveService][PID=1892][Inst=Q Exactive][Conn=TCP(IRS1:6019->Q Exactive:45477)][Type=logging]Writing ..\log\InstrumentTemperature--2018-04-20.log: done
[Time=2018-04-20 02:10:18.059-05:00][Acc=25P7XG2\ExactiveUser][User=ExactiveUser][Comp=25P7XG2][App=ExactiveService][PID=1892][Inst=Q Exactive][Conn=TCP(IRS1:6019->Q Exactive:45477)][Type=logging]Writing ..\log\InstrumentTemperature--2018-04-20.log: done
[Time=2018-04-20 02:25:18.059-05:00][Acc=25P7XG2\ExactiveUser][User=ExactiveUser][Comp=25P7XG2][App=ExactiveService][PID=1892][Inst=Q Exactive][Conn=TCP(IRS1:6019->Q Exactive:45477)][Type=logging]Writing ..\log\InstrumentTemperature--2018-04-20.log: done
[Time=2018-04-20 02:40:18.045-05:00][Acc=25P7XG2\ExactiveUser][User=ExactiveUser][Comp=25P7XG2][App=ExactiveService][PID=1892][Inst=Q Exactive][Conn=TCP(IRS1:6019->Q Exactive:45477)][Type=logging]Writing ..\log\InstrumentTemperature--2018-04-20.log: done
[Time=2018-04-20 02:55:18.045-05:00][Acc=25P7XG2\ExactiveUser][User=ExactiveUser][Comp=25P7XG2][App=ExactiveService][PID=1892][Inst=Q Exactive][Conn=TCP(IRS1:6019->Q Exactive:45477)][Type=logging]Writing ..\log\InstrumentTemperature--2018-04-20.log: done
[Time=2018-04-20 03:10:18.045-05:00][Acc=25P7XG2\ExactiveUser][User=ExactiveUser][Comp=25P7XG2][App=ExactiveService][PID=1892][Inst=Q Exactive][Conn=TCP(IRS1:6019->Q Exactive:45477)][Type=logging]Writing ..\log\InstrumentTemperature--2018-04-20.log: done
[Time=2018-04-20 03:25:18.045-05:00][Acc=25P7XG2\ExactiveUser][User=ExactiveUser][Comp=25P7XG2][App=ExactiveService][PID=1892][Inst=Q Exactive][Conn=TCP(IRS1:6019->Q Exactive:45477)][Type=logging]Writing ..\log\InstrumentTemperature--2018-04-20.log: done
[Time=2018-04-20 03:40:18.031-05:00][Acc=25P7XG2\ExactiveUser][User=ExactiveUser][Comp=25P7XG2][App=ExactiveService][PID=1892][Inst=Q Exactive][Conn=TCP(IRS1:6019->Q Exactive:45477)][Type=logging]Writing ..\log\InstrumentTemperature--2018-04-20.log: done
[Time=2018-04-20 03:55:18.031-05:00][Acc=25P7XG2\ExactiveUser][User=ExactiveUser][Comp=25P7XG2][App=ExactiveService][PID=1892][Inst=Q Exactive][Conn=TCP(IRS1:6019->Q Exactive:45477)][Type=logging]Writing ..\log\InstrumentTemperature--2018-04-20.log: done
[Time=2018-04-20 04:10:18.031-05:00][Acc=25P7XG2\ExactiveUser][User=ExactiveUser][Comp=25P7XG2][App=ExactiveService][PID=1892][Inst=Q Exactive][Conn=TCP(IRS1:6019->Q Exactive:45477)][Type=logging]Writing ..\log\InstrumentTemperature--2018-04-20.log: done
[Time=2018-04-20 04:25:18.031-05:00][Acc=25P7XG2\ExactiveUser][User=ExactiveUser][Comp=25P7XG2][App=ExactiveService][PID=1892][Inst=Q Exactive][Conn=TCP(IRS1:6019->Q Exactive:45477)][Type=logging]Writing ..\log\InstrumentTemperature--2018-04-20.log: done
[Time=2018-04-20 04:40:18.017-05:00][Acc=25P7XG2\ExactiveUser][User=ExactiveUser][Comp=25P7XG2][App=ExactiveService][PID=1892][Inst=Q Exactive][Conn=TCP(IRS1:6019->Q Exactive:45477)][Type=logging]Writing ..\log\InstrumentTemperature--2018-04-20.log: done
[Time=2018-04-20 04:55:18.017-05:00][Acc=25P7XG2\ExactiveUser][User=ExactiveUser][Comp=25P7XG2][App=ExactiveService][PID=1892][Inst=Q Exactive][Conn=TCP(IRS1:6019->Q Exactive:45477)][Type=logging]Writing ..\log\InstrumentTemperature--2018-04-20.log: done
[Time=2018-04-20 05:10:18.017-05:00][Acc=25P7XG2\ExactiveUser][User=ExactiveUser][Comp=25P7XG2][App=ExactiveService][PID=1892][Inst=Q Exactive][Conn=TCP(IRS1:6019->Q Exactive:45477)][Type=logging]Writing ..\log\InstrumentTemperature--2018-04-20.log: done
[Time=2018-04-20 05:25:18.016-05:00][Acc=25P7XG2\ExactiveUser][User=ExactiveUser][Comp=25P7XG2][App=ExactiveService][PID=1892][Inst=Q Exactive][Conn=TCP(IRS1:6019->Q Exactive:45477)][Type=logging]Writing ..\log\InstrumentTemperature--2018-04-20.log: done
[Time=2018-04-20 05:40:18.015-05:00][Acc=25P7XG2\ExactiveUser][User=ExactiveUser][Comp=25P7XG2][App=ExactiveService][PID=1892][Inst=Q Exactive][Conn=TCP(IRS1:6019->Q Exactive:45477)][Type=logging]Writing ..\log\InstrumentTemperature--2018-04-20.log: done
[Time=2018-04-20 05:55:18.002-05:00][Acc=25P7XG2\ExactiveUser][User=ExactiveUser][Comp=25P7XG2][App=ExactiveService][PID=1892][Inst=Q Exactive][Conn=TCP(IRS1:6019->Q Exactive:45477)][Type=logging]Writing ..\log\InstrumentTemperature--2018-04-20.log: done
[Time=2018-04-20 06:10:18.003-05:00][Acc=25P7XG2\ExactiveUser][User=ExactiveUser][Comp=25P7XG2][App=ExactiveService][PID=1892][Inst=Q Exactive][Conn=TCP(IRS1:6019->Q Exactive:45477)][Type=logging]Writing ..\log\InstrumentTemperature--2018-04-20.log: done
[Time=2018-04-20 06:25:18.002-05:00][Acc=25P7XG2\ExactiveUser][User=ExactiveUser][Comp=25P7XG2][App=ExactiveService][PID=1892][Inst=Q Exactive][Conn=TCP(IRS1:6019->Q Exactive:45477)][Type=logging]Writing ..\log\InstrumentTemperature--2018-04-20.log: done
[Time=2018-04-20 06:40:18.002-05:00][Acc=25P7XG2\ExactiveUser][User=ExactiveUser][Comp=25P7XG2][App=ExactiveService][PID=1892][Inst=Q Exactive][Conn=TCP(IRS1:6019->Q Exactive:45477)][Type=logging]Writing ..\log\InstrumentTemperature--2018-04-20.log: done
[Time=2018-04-20 06:55:17.988-05:00][Acc=25P7XG2\ExactiveUser][User=ExactiveUser][Comp=25P7XG2][App=ExactiveService][PID=1892][Inst=Q Exactive][Conn=TCP(IRS1:6019->Q Exactive:45477)][Type=logging]Writing ..\log\InstrumentTemperature--2018-04-20.log: done
[Time=2018-04-20 07:10:17.988-05:00][Acc=25P7XG2\ExactiveUser][User=ExactiveUser][Comp=25P7XG2][App=ExactiveService][PID=1892][Inst=Q Exactive][Conn=TCP(IRS1:6019->Q Exactive:45477)][Type=logging]Writing ..\log\InstrumentTemperature--2018-04-20.log: done
[Time=2018-04-20 07:25:17.988-05:00][Acc=25P7XG2\ExactiveUser][User=ExactiveUser][Comp=25P7XG2][App=ExactiveService][PID=1892][Inst=Q Exactive][Conn=TCP(IRS1:6019->Q Exactive:45477)][Type=logging]Writing ..\log\InstrumentTemperature--2018-04-20.log: done
[Time=2018-04-20 07:40:17.988-05:00][Acc=25P7XG2\ExactiveUser][User=ExactiveUser][Comp=25P7XG2][App=ExactiveService][PID=1892][Inst=Q Exactive][Conn=TCP(IRS1:6019->Q Exactive:45477)][Type=logging]Writing ..\log\InstrumentTemperature--2018-04-20.log: done
[Time=2018-04-20 07:55:17.974-05:00][Acc=25P7XG2\ExactiveUser][User=ExactiveUser][Comp=25P7XG2][App=ExactiveService][PID=1892][Inst=Q Exactive][Conn=TCP(IRS1:6019->Q Exactive:45477)][Type=logging]Writing ..\log\InstrumentTemperature--2018-04-20.log: done
[Time=2018-04-20 08:10:17.974-05:00][Acc=25P7XG2\ExactiveUser][User=ExactiveUser][Comp=25P7XG2][App=ExactiveService][PID=1892][Inst=Q Exactive][Conn=TCP(IRS1:6019->Q Exactive:45477)][Type=logging]Writing ..\log\InstrumentTemperature--2018-04-20.log: done
[Time=2018-04-20 08:25:17.974-05:00][Acc=25P7XG2\ExactiveUser][User=ExactiveUser][Comp=25P7XG2][App=ExactiveService][PID=1892][Inst=Q Exactive][Conn=TCP(IRS1:6019->Q Exactive:45477)][Type=logging]Writing ..\log\InstrumentTemperature--2018-04-20.log: done
[Time=2018-04-20 08:40:17.974-05:00][Acc=25P7XG2\ExactiveUser][User=ExactiveUser][Comp=25P7XG2][App=ExactiveService][PID=1892][Inst=Q Exactive][Conn=TCP(IRS1:6019->Q Exactive:45477)][Type=logging]Writing ..\log\InstrumentTemperature--2018-04-20.log: done
[Time=2018-04-20 08:55:17.960-05:00][Acc=25P7XG2\ExactiveUser][User=ExactiveUser][Comp=25P7XG2][App=ExactiveService][PID=1892][Inst=Q Exactive][Conn=TCP(IRS1:6019->Q Exactive:45477)][Type=logging]Writing ..\log\InstrumentTemperature--2018-04-20.log: done
[Time=2018-04-20 09:10:17.960-05:00][Acc=25P7XG2\ExactiveUser][User=ExactiveUser][Comp=25P7XG2][App=ExactiveService][PID=1892][Inst=Q Exactive][Conn=TCP(IRS1:6019->Q Exactive:45477)][Type=logging]Writing ..\log\InstrumentTemperature--2018-04-20.log: done
[Time=2018-04-20 09:25:17.959-05:00][Acc=25P7XG2\ExactiveUser][User=ExactiveUser][Comp=25P7XG2][App=ExactiveService][PID=1892][Inst=Q Exactive][Conn=TCP(IRS1:6019->Q Exactive:45477)][Type=logging]Writing ..\log\InstrumentTemperature--2018-04-20.log: done
[Time=2018-04-20 09:40:17.959-05:00][Acc=25P7XG2\ExactiveUser][User=ExactiveUser][Comp=25P7XG2][App=ExactiveService][PID=1892][Inst=Q Exactive][Conn=TCP(IRS1:6019->Q Exactive:45477)][Type=logging]Writing ..\log\InstrumentTemperature--2018-04-20.log: done
[Time=2018-04-20 09:55:17.956-05:00][Acc=25P7XG2\ExactiveUser][User=ExactiveUser][Comp=25P7XG2][App=ExactiveService][PID=1892][Inst=Q Exactive][Conn=TCP(IRS1:6019->Q Exactive:45477)][Type=logging]Writing ..\log\InstrumentTemperature--2018-04-20.log: done
[Time=2018-04-20 10:10:17.953-05:00][Acc=25P7XG2\ExactiveUser][User=ExactiveUser][Comp=25P7XG2][App=ExactiveService][PID=1892][Inst=Q Exactive][Conn=TCP(IRS1:6019->Q Exactive:45477)][Type=logging]Writing ..\log\InstrumentTemperature--2018-04-20.log: done
[Time=2018-04-20 10:25:17.949-05:00][Acc=25P7XG2\ExactiveUser][User=ExactiveUser][Comp=25P7XG2][App=ExactiveService][PID=1892][Inst=Q Exactive][Conn=TCP(IRS1:6019->Q Exactive:45477)][Type=logging]Writing ..\log\InstrumentTemperature--2018-04-20.log: done
[Time=2018-04-20 10:40:17.947-05:00][Acc=25P7XG2\ExactiveUser][User=ExactiveUser][Comp=25P7XG2][App=ExactiveService][PID=1892][Inst=Q Exactive][Conn=TCP(IRS1:6019->Q Exactive:45477)][Type=logging]Writing ..\log\InstrumentTemperature--2018-04-20.log: done
[Time=2018-04-20 10:55:17.943-05:00][Acc=25P7XG2\ExactiveUser][User=ExactiveUser][Comp=25P7XG2][App=ExactiveService][PID=1892][Inst=Q Exactive][Conn=TCP(IRS1:6019->Q Exactive:45477)][Type=logging]Writing ..\log\InstrumentTemperature--2018-04-20.log: done
[Time=2018-04-20 11:10:17.941-05:00][Acc=25P7XG2\ExactiveUser][User=ExactiveUser][Comp=25P7XG2][App=ExactiveService][PID=1892][Inst=Q Exactive][Conn=TCP(IRS1:6019->Q Exactive:45477)][Type=logging]Writing ..\log\InstrumentTemperature--2018-04-20.log: done
[Time=2018-04-20 11:25:17.938-05:00][Acc=25P7XG2\ExactiveUser][User=ExactiveUser][Comp=25P7XG2][App=ExactiveService][PID=1892][Inst=Q Exactive][Conn=TCP(IRS1:6019->Q Exactive:45477)][Type=logging]Writing ..\log\InstrumentTemperature--2018-04-20.log: done
[Time=2018-04-20 11:40:17.935-05:00][Acc=25P7XG2\ExactiveUser][User=ExactiveUser][Comp=25P7XG2][App=ExactiveService][PID=1892][Inst=Q Exactive][Conn=TCP(IRS1:6019->Q Exactive:45477)][Type=logging]Writing ..\log\InstrumentTemperature--2018-04-20.log: done
[Time=2018-04-20 11:55:17.931-05:00][Acc=25P7XG2\ExactiveUser][User=ExactiveUser][Comp=25P7XG2][App=ExactiveService][PID=1892][Inst=Q Exactive][Conn=TCP(IRS1:6019->Q Exactive:45477)][Type=logging]Writing ..\log\InstrumentTemperature--2018-04-20.log: done
[Time=2018-04-20 12:10:17.928-05:00][Acc=25P7XG2\ExactiveUser][User=ExactiveUser][Comp=25P7XG2][App=ExactiveService][PID=1892][Inst=Q Exactive][Conn=TCP(IRS1:6019->Q Exactive:45477)][Type=logging]Writing ..\log\InstrumentTemperature--2018-04-20.log: done
[Time=2018-04-20 12:25:17.925-05:00][Acc=25P7XG2\ExactiveUser][User=ExactiveUser][Comp=25P7XG2][App=ExactiveService][PID=1892][Inst=Q Exactive][Conn=TCP(IRS1:6019->Q Exactive:45477)][Type=logging]Writing ..\log\InstrumentTemperature--2018-04-20.log: done
[Time=2018-04-20 12:40:17.909-05:00][Acc=25P7XG2\ExactiveUser][User=ExactiveUser][Comp=25P7XG2][App=ExactiveService][PID=1892][Inst=Q Exactive][Conn=TCP(IRS1:6019->Q Exactive:45477)][Type=logging]Writing ..\log\InstrumentTemperature--2018-04-20.log: done
[Time=2018-04-20 12:46:48.043-05:00][Acc=25P7XG2\Xcalibur_System][User=Xcalibur_System][Comp=25P7XG2][App=ThermoFisher.Foundation.AcquisitionService][PID=3164][Inst=Q Exactive][Type=logging]Executing service command for Q Exactive: Thermo.Prometheus.Manager.Remoting.ShowMessage
[Time=2018-04-20 12:46:48.049-05:00][Acc=25P7XG2\ExactiveUser][User=ExactiveUser][Comp=25P7XG2][App=ExactiveService][PID=1892][Inst=Q Exactive][Conn=TCP(IRS1:6019->Q Exactive:45477)][Type=logging]Reading C:\Xcalibur\methods\KateF\POSNEGtune_19April2018.mstune: done
[Time=2018-04-20 12:46:48.160-05:00][Acc=25P7XG2\ExactiveUser][User=ExactiveUser][Comp=25P7XG2][App=ExactiveService][PID=1892][Inst=Q Exactive][Conn=TCP(IRS1:6019->Q Exactive:45477)][Type=logging]Reading C:\Xcalibur\methods\KateF\POSNEGtune_19April2018.mstune: done
[Time=2018-04-20 12:46:48.271-05:00][Acc=25P7XG2\ExactiveUser][User=ExactiveUser][Comp=25P7XG2][App=ExactiveService][PID=1892][Inst=Q Exactive][Conn=TCP(IRS1:6019->Q Exactive:45477)][Type=logging]Reading C:\Xcalibur\methods\KateF\POSNEGtune_19April2018.mstune: done
[Time=2018-04-20 12:49:35.012-05:00][Acc=25P7XG2\ExactiveUser][User=ExactiveUser][Comp=25P7XG2][App=ExactiveService][PID=1892][Type=info]Application connection lost to d4797862-f138-45d0-866f-91dc223b8be4 assigned id 2: 25P7XG2\Thermo Scientific() from 25P7XG2.ExactiveTune(3680)
[Time=2018-04-20 12:49:43.431-05:00][Acc=25P7XG2\ExactiveUser][User=ExactiveUser][Comp=25P7XG2][App=ExactiveService][PID=1892][Inst=Q Exactive][Conn=TCP(ICS1:6020->Q Exactive:59143)][Type=info]lost instrument control connection
[Time=2018-04-20 12:49:43.434-05:00][Acc=25P7XG2\ExactiveUser][User=ExactiveUser][Comp=25P7XG2][App=ExactiveService][PID=1892][Inst=Q Exactive][Type=logging]new control connection
[Time=2018-04-20 12:49:43.433-05:00][Acc=25P7XG2\ExactiveUser][User=ExactiveUser][Comp=25P7XG2][App=ExactiveService][PID=1892][Inst=Q Exactive][Conn=TCP(IDS1:6021->Q Exactive:45314)][Type=info]lost instrument data connection
[Time=2018-04-20 12:49:43.433-05:00][Acc=25P7XG2\ExactiveUser][User=ExactiveUser][Comp=25P7XG2][App=ExactiveService][PID=1892][Inst=Q Exactive][Conn=TCP(IRS1:6019->Q Exactive:45477)][Type=info]lost instrument request connection
[Time=2018-04-20 12:49:43.433-05:00][Acc=25P7XG2\ExactiveUser][User=ExactiveUser][Comp=25P7XG2][App=ExactiveService][PID=1892][Inst=Q Exactive][Type=info]communication thread stopped
